[2025-02-10T05:51:59.359+0000] {local_task_job_runner.py:123} INFO - ::group::Pre task execution logs
[2025-02-10T05:51:59.399+0000] {taskinstance.py:2613} INFO - Dependencies all met for dep_context=non-requeueable deps ti=<TaskInstance: 1.05.initial_PayingMode.1.05.initial_PayingMode manual__2025-02-10T05:51:57.956044+00:00 [queued]>
[2025-02-10T05:51:59.419+0000] {taskinstance.py:2613} INFO - Dependencies all met for dep_context=requeueable deps ti=<TaskInstance: 1.05.initial_PayingMode.1.05.initial_PayingMode manual__2025-02-10T05:51:57.956044+00:00 [queued]>
[2025-02-10T05:51:59.420+0000] {taskinstance.py:2866} INFO - Starting attempt 1 of 1
[2025-02-10T05:51:59.452+0000] {taskinstance.py:2889} INFO - Executing <Task(PythonOperator): 1.05.initial_PayingMode> on 2025-02-10 05:51:57.956044+00:00
[2025-02-10T05:51:59.466+0000] {warnings.py:112} WARNING - /home/***/.local/lib/python3.12/site-packages/***/task/task_runner/standard_task_runner.py:70: DeprecationWarning: This process (pid=1044) is multi-threaded, use of fork() may lead to deadlocks in the child.
  pid = os.fork()

[2025-02-10T05:51:59.469+0000] {standard_task_runner.py:72} INFO - Started process 1045 to run task
[2025-02-10T05:51:59.468+0000] {standard_task_runner.py:104} INFO - Running: ['***', 'tasks', 'run', '1.05.initial_PayingMode', '1.05.initial_PayingMode', 'manual__2025-02-10T05:51:57.956044+00:00', '--job-id', '21', '--raw', '--subdir', 'DAGS_FOLDER/TransactionService/1.5.initial_Transaction_PayingMode.py', '--cfg-path', '/tmp/tmp21jbetbb']
[2025-02-10T05:51:59.471+0000] {standard_task_runner.py:105} INFO - Job 21: Subtask 1.05.initial_PayingMode
[2025-02-10T05:51:59.584+0000] {task_command.py:467} INFO - Running <TaskInstance: 1.05.initial_PayingMode.1.05.initial_PayingMode manual__2025-02-10T05:51:57.956044+00:00 [running]> on host f8e600115ac1
[2025-02-10T05:51:59.784+0000] {taskinstance.py:3132} INFO - Exporting env vars: AIRFLOW_CTX_DAG_OWNER='***' AIRFLOW_CTX_DAG_ID='1.05.initial_PayingMode' AIRFLOW_CTX_TASK_ID='1.05.initial_PayingMode' AIRFLOW_CTX_EXECUTION_DATE='2025-02-10T05:51:57.956044+00:00' AIRFLOW_CTX_TRY_NUMBER='1' AIRFLOW_CTX_DAG_RUN_ID='manual__2025-02-10T05:51:57.956044+00:00'
[2025-02-10T05:51:59.785+0000] {taskinstance.py:731} INFO - ::endgroup::
[2025-02-10T05:51:59.849+0000] {base.py:84} INFO - Retrieving connection 'TransactionDB_MSSQL'
[2025-02-10T05:51:59.866+0000] {base.py:84} INFO - Retrieving connection 'ReportDB_Postgres'
[2025-02-10T05:52:02.685+0000] {1.5.initial_Transaction_PayingMode.py:60} INFO - Connected to source database.
[2025-02-10T05:52:04.218+0000] {1.5.initial_Transaction_PayingMode.py:64} INFO - Connected to destination database.
[2025-02-10T05:52:04.732+0000] {1.5.initial_Transaction_PayingMode.py:43} INFO - Destination columns: ['"Code"', '"Name"', '"IsDeleted"', '"Configuration"', '"CreatedAt"', '"UpdatedAt"', '"CreatedBy"', '"CreatedByName"', '"UpdatedBy"', '"UpdatedByName"', '"Id"']
[2025-02-10T05:52:04.942+0000] {1.5.initial_Transaction_PayingMode.py:73} INFO - Destination table truncated.
[2025-02-10T05:52:05.976+0000] {1.5.initial_Transaction_PayingMode.py:100} INFO - Batchs inserted into PayingMode table. Rows inserted: 30
[2025-02-10T05:52:06.985+0000] {1.5.initial_Transaction_PayingMode.py:112} INFO - Data transfer completed successfully and sync details updated.
[2025-02-10T05:52:07.192+0000] {python.py:240} INFO - Done. Returned value was: None
[2025-02-10T05:52:07.208+0000] {taskinstance.py:340} INFO - ::group::Post task execution logs
[2025-02-10T05:52:07.209+0000] {taskinstance.py:352} INFO - Marking task as SUCCESS. dag_id=1.05.initial_PayingMode, task_id=1.05.initial_PayingMode, run_id=manual__2025-02-10T05:51:57.956044+00:00, execution_date=20250210T055157, start_date=20250210T055159, end_date=20250210T055207
[2025-02-10T05:52:07.251+0000] {local_task_job_runner.py:266} INFO - Task exited with return code 0
[2025-02-10T05:52:07.269+0000] {taskinstance.py:3895} INFO - 0 downstream tasks scheduled from follow-on schedule check
[2025-02-10T05:52:07.272+0000] {local_task_job_runner.py:245} INFO - ::endgroup::
