[2025-01-08T05:42:17.265+0000] {local_task_job_runner.py:123} INFO - ::group::Pre task execution logs
[2025-01-08T05:42:17.287+0000] {taskinstance.py:2613} INFO - Dependencies all met for dep_context=non-requeueable deps ti=<TaskInstance: 1.10.0.trans_Partner.transfer_data_task manual__2025-01-08T05:42:15.610262+00:00 [queued]>
[2025-01-08T05:42:17.299+0000] {taskinstance.py:2613} INFO - Dependencies all met for dep_context=requeueable deps ti=<TaskInstance: 1.10.0.trans_Partner.transfer_data_task manual__2025-01-08T05:42:15.610262+00:00 [queued]>
[2025-01-08T05:42:17.300+0000] {taskinstance.py:2866} INFO - Starting attempt 1 of 2
[2025-01-08T05:42:17.316+0000] {taskinstance.py:2889} INFO - Executing <Task(PythonOperator): transfer_data_task> on 2025-01-08 05:42:15.610262+00:00
[2025-01-08T05:42:17.324+0000] {warnings.py:112} WARNING - /home/***/.local/lib/python3.12/site-packages/***/task/task_runner/standard_task_runner.py:70: DeprecationWarning: This process (pid=195) is multi-threaded, use of fork() may lead to deadlocks in the child.
  pid = os.fork()

[2025-01-08T05:42:17.326+0000] {standard_task_runner.py:72} INFO - Started process 196 to run task
[2025-01-08T05:42:17.326+0000] {standard_task_runner.py:104} INFO - Running: ['***', 'tasks', 'run', '1.10.0.trans_Partner', 'transfer_data_task', 'manual__2025-01-08T05:42:15.610262+00:00', '--job-id', '12', '--raw', '--subdir', 'DAGS_FOLDER/TransactionService/1.10.initial_Transaction_Partner.py', '--cfg-path', '/tmp/tmpow926f7t']
[2025-01-08T05:42:17.328+0000] {standard_task_runner.py:105} INFO - Job 12: Subtask transfer_data_task
[2025-01-08T05:42:17.374+0000] {task_command.py:467} INFO - Running <TaskInstance: 1.10.0.trans_Partner.transfer_data_task manual__2025-01-08T05:42:15.610262+00:00 [running]> on host 140af152fc10
[2025-01-08T05:42:17.444+0000] {taskinstance.py:3132} INFO - Exporting env vars: AIRFLOW_CTX_DAG_OWNER='***' AIRFLOW_CTX_DAG_ID='1.10.0.trans_Partner' AIRFLOW_CTX_TASK_ID='transfer_data_task' AIRFLOW_CTX_EXECUTION_DATE='2025-01-08T05:42:15.610262+00:00' AIRFLOW_CTX_TRY_NUMBER='1' AIRFLOW_CTX_DAG_RUN_ID='manual__2025-01-08T05:42:15.610262+00:00'
[2025-01-08T05:42:17.445+0000] {taskinstance.py:731} INFO - ::endgroup::
[2025-01-08T05:42:17.514+0000] {base.py:84} INFO - Retrieving connection 'Transaction_db_connection'
[2025-01-08T05:42:19.602+0000] {logging_mixin.py:190} INFO - source_conn: connected to source db
[2025-01-08T05:42:19.612+0000] {base.py:84} INFO - Retrieving connection 'Report_db_connection'
[2025-01-08T05:42:19.672+0000] {logging_mixin.py:190} INFO - dest_conn: connected to destination db
[2025-01-08T05:42:19.930+0000] {logging_mixin.py:190} INFO - "Code", "Configuration", "AdditionalInfo", "Collecting", "Name", "Paying", "CreatedAt", "CreatedBy", "CreatedByName", "IsDeleted", "UpdatedAt", "UpdatedBy", "UpdatedByName"
[2025-01-08T05:42:19.936+0000] {1.10.initial_Transaction_Partner.py:79} INFO - Deleting existing row for userid: MM0006
[2025-01-08T05:42:19.942+0000] {1.10.initial_Transaction_Partner.py:87} INFO - Executing INSERT query with values ('MM0006', '{"IsCollecting":"{\\"EnableCddEdd\\":false,\\"EnableTwoFa\\":false,\\"AllowIdUploadDocument\\":false}","IsPaying":"{\\"EnableExtraction\\":true,\\"EnableDirectPayment\\":true,\\"EnableMultiCorridor\\":false,\\"UsePartnerRemitNo\\":false}"}', '', False, 'LIGHTNET PTE LTD', True, datetime.datetime(2024, 12, 30, 16, 40, 28, 947000), None, None, False, datetime.datetime(2025, 1, 2, 13, 44, 36, 967000), '12ee8a95-234e-4e92-bf02-57bf162d7348', 'admin@vanillatech.ai')
[2025-01-08T05:42:19.960+0000] {1.10.initial_Transaction_Partner.py:101} INFO - Data transfer completed successfully and sync details updated.
[2025-01-08T05:42:19.963+0000] {1.10.initial_Transaction_Partner.py:79} INFO - Deleting existing row for userid: NP0001
[2025-01-08T05:42:19.965+0000] {1.10.initial_Transaction_Partner.py:87} INFO - Executing INSERT query with values ('NP0001', '{"IsCollecting":"{\\"EnableCddEdd\\":false,\\"EnableTwoFa\\":false,\\"AllowIdUploadDocument\\":false}","IsPaying":"{\\"EnableExtraction\\":true,\\"EnableDirectPayment\\":true,\\"EnableMultiCorridor\\":true,\\"UsePartnerRemitNo\\":true}"}', '', False, 'CG MONEY REMIT PVT. LTD.', True, datetime.datetime(2024, 12, 30, 16, 41, 53, 423000), None, None, False, datetime.datetime(2025, 1, 2, 13, 44, 21, 160000), '12ee8a95-234e-4e92-bf02-57bf162d7348', 'admin@vanillatech.ai')
[2025-01-08T05:42:19.973+0000] {1.10.initial_Transaction_Partner.py:101} INFO - Data transfer completed successfully and sync details updated.
[2025-01-08T05:42:19.975+0000] {1.10.initial_Transaction_Partner.py:79} INFO - Deleting existing row for userid: ID0001
[2025-01-08T05:42:19.976+0000] {1.10.initial_Transaction_Partner.py:87} INFO - Executing INSERT query with values ('ID0001', '{"IsCollecting":"{\\"EnableCddEdd\\":true,\\"EnableTwoFa\\":true,\\"AllowIdUploadDocument\\":true}","IsPaying":"{\\"EnableExtraction\\":true,\\"EnableDirectPayment\\":true,\\"EnableMultiCorridor\\":false,\\"UsePartnerRemitNo\\":false}"}', '', False, 'BANK RAKYAT INDONESIA', True, datetime.datetime(2024, 12, 30, 16, 49, 41, 63000), None, None, False, datetime.datetime(2025, 1, 2, 13, 46, 36, 660000), '12ee8a95-234e-4e92-bf02-57bf162d7348', 'admin@vanillatech.ai')
[2025-01-08T05:42:19.981+0000] {1.10.initial_Transaction_Partner.py:101} INFO - Data transfer completed successfully and sync details updated.
[2025-01-08T05:42:19.984+0000] {1.10.initial_Transaction_Partner.py:79} INFO - Deleting existing row for userid: BD0008
[2025-01-08T05:42:19.985+0000] {1.10.initial_Transaction_Partner.py:87} INFO - Executing INSERT query with values ('BD0008', '{"IsCollecting":"{\\"EnableCddEdd\\":false,\\"EnableTwoFa\\":false,\\"AllowIdUploadDocument\\":false}","IsPaying":"{\\"EnableExtraction\\":true,\\"EnableDirectPayment\\":true,\\"EnableMultiCorridor\\":true,\\"UsePartnerRemitNo\\":true}"}', '', False, 'BANGLADESH KRISHI BANK', False, datetime.datetime(2024, 12, 30, 17, 1, 26, 153000), None, None, False, datetime.datetime(2025, 1, 2, 13, 43, 31, 433000), '12ee8a95-234e-4e92-bf02-57bf162d7348', 'admin@vanillatech.ai')
[2025-01-08T05:42:19.989+0000] {1.10.initial_Transaction_Partner.py:101} INFO - Data transfer completed successfully and sync details updated.
[2025-01-08T05:42:19.991+0000] {1.10.initial_Transaction_Partner.py:79} INFO - Deleting existing row for userid: NP0003
[2025-01-08T05:42:19.992+0000] {1.10.initial_Transaction_Partner.py:87} INFO - Executing INSERT query with values ('NP0003', '{"IsCollecting":"{\\"EnableCddEdd\\":false,\\"EnableTwoFa\\":false,\\"AllowIdUploadDocument\\":false}","IsPaying":"{\\"EnableExtraction\\":true,\\"EnableDirectPayment\\":true,\\"EnableMultiCorridor\\":true,\\"UsePartnerRemitNo\\":true}"}', '', True, 'PRABHU BANK LIMITED', True, datetime.datetime(2024, 12, 30, 17, 1, 45, 720000), None, None, False, datetime.datetime(2025, 1, 6, 13, 48, 56, 513000), '237d1b51-240b-4bdf-9b55-2a97c6aa1c54', 'vtbinup')
[2025-01-08T05:42:19.997+0000] {1.10.initial_Transaction_Partner.py:101} INFO - Data transfer completed successfully and sync details updated.
[2025-01-08T05:42:19.998+0000] {1.10.initial_Transaction_Partner.py:79} INFO - Deleting existing row for userid: MY0001
[2025-01-08T05:42:20.001+0000] {1.10.initial_Transaction_Partner.py:87} INFO - Executing INSERT query with values ('MY0001', '{"IsCollecting":"{\\"EnableCddEdd\\":true,\\"EnableTwoFa\\":false,\\"AllowIdUploadDocument\\":true}","IsPaying":"{\\"EnableExtraction\\":true,\\"EnableDirectPayment\\":true,\\"EnableMultiCorridor\\":true,\\"UsePartnerRemitNo\\":false}"}', '', True, 'MERCHANTRADE ASIA SDN BHD', True, datetime.datetime(2024, 12, 30, 17, 19, 0, 130000), None, None, False, datetime.datetime(2025, 1, 2, 13, 43, 13, 470000), '12ee8a95-234e-4e92-bf02-57bf162d7348', 'admin@vanillatech.ai')
[2025-01-08T05:42:20.006+0000] {1.10.initial_Transaction_Partner.py:101} INFO - Data transfer completed successfully and sync details updated.
[2025-01-08T05:42:20.008+0000] {1.10.initial_Transaction_Partner.py:79} INFO - Deleting existing row for userid: IN0003
[2025-01-08T05:42:20.009+0000] {1.10.initial_Transaction_Partner.py:87} INFO - Executing INSERT query with values ('IN0003', '{"IsCollecting":"{\\"EnableCddEdd\\":true,\\"EnableTwoFa\\":false,\\"AllowIdUploadDocument\\":true}","IsPaying":"{\\"EnableExtraction\\":true,\\"EnableDirectPayment\\":true,\\"EnableMultiCorridor\\":false,\\"UsePartnerRemitNo\\":false}"}', '', False, 'ICICI BANK\t', True, datetime.datetime(2024, 12, 30, 17, 25, 38, 453000), 'a819497c-1fc7-4c8f-91ff-b9b798856361', 'bo_hariroka', False, datetime.datetime(2024, 12, 30, 23, 51, 22, 383000), '12ee8a95-234e-4e92-bf02-57bf162d7348', 'admin@vanillatech.ai')
[2025-01-08T05:42:20.013+0000] {1.10.initial_Transaction_Partner.py:101} INFO - Data transfer completed successfully and sync details updated.
[2025-01-08T05:42:20.014+0000] {1.10.initial_Transaction_Partner.py:79} INFO - Deleting existing row for userid: SG0002
[2025-01-08T05:42:20.015+0000] {1.10.initial_Transaction_Partner.py:87} INFO - Executing INSERT query with values ('SG0002', '{"IsCollecting":"{\\"EnableCddEdd\\":true,\\"EnableTwoFa\\":false,\\"AllowIdUploadDocument\\":true}","IsPaying":"{\\"EnableExtraction\\":true,\\"EnableDirectPayment\\":true,\\"EnableMultiCorridor\\":true,\\"UsePartnerRemitNo\\":false}"}', '', True, 'KLIQ PTE LTD', True, datetime.datetime(2024, 12, 31, 13, 32, 30, 783000), 'a819497c-1fc7-4c8f-91ff-b9b798856361', 'bo_hariroka', False, datetime.datetime(2025, 1, 2, 13, 45, 6, 183000), '12ee8a95-234e-4e92-bf02-57bf162d7348', 'admin@vanillatech.ai')
[2025-01-08T05:42:20.020+0000] {1.10.initial_Transaction_Partner.py:101} INFO - Data transfer completed successfully and sync details updated.
[2025-01-08T05:42:20.022+0000] {1.10.initial_Transaction_Partner.py:79} INFO - Deleting existing row for userid: NP0007
[2025-01-08T05:42:20.023+0000] {1.10.initial_Transaction_Partner.py:87} INFO - Executing INSERT query with values ('NP0007', '{"IsCollecting":"{\\"EnableCddEdd\\":false,\\"EnableTwoFa\\":false,\\"AllowIdUploadDocument\\":false}","IsPaying":"{\\"EnableExtraction\\":true,\\"EnableDirectPayment\\":true,\\"EnableMultiCorridor\\":true,\\"UsePartnerRemitNo\\":true}"}', '', False, 'CITY EXPRESS MONEY TRANSFER PVT. LTD.', True, datetime.datetime(2024, 12, 31, 13, 44, 58, 497000), '237d1b51-240b-4bdf-9b55-2a97c6aa1c54', 'vtbinup', False, datetime.datetime(2025, 1, 2, 13, 42, 47, 670000), '12ee8a95-234e-4e92-bf02-57bf162d7348', 'admin@vanillatech.ai')
[2025-01-08T05:42:20.026+0000] {1.10.initial_Transaction_Partner.py:101} INFO - Data transfer completed successfully and sync details updated.
[2025-01-08T05:42:20.027+0000] {1.10.initial_Transaction_Partner.py:79} INFO - Deleting existing row for userid: NP0000
[2025-01-08T05:42:20.028+0000] {1.10.initial_Transaction_Partner.py:87} INFO - Executing INSERT query with values ('NP0000', '{"IsCollecting":"{\\"EnableCddEdd\\":false,\\"EnableTwoFa\\":false,\\"AllowIdUploadDocument\\":false}","IsPaying":"{\\"EnableExtraction\\":false,\\"EnableDirectPayment\\":false,\\"EnableMultiCorridor\\":false,\\"UsePartnerRemitNo\\":false}"}', '', True, 'IME GLOBAL', False, datetime.datetime(2024, 12, 31, 17, 11, 50, 207000), '12ee8a95-234e-4e92-bf02-57bf162d7348', 'admin@vanillatech.ai', False, datetime.datetime(2025, 1, 6, 11, 33, 40, 270000), '12ee8a95-234e-4e92-bf02-57bf162d7348', 'admin@vanillatech.ai')
[2025-01-08T05:42:20.032+0000] {1.10.initial_Transaction_Partner.py:101} INFO - Data transfer completed successfully and sync details updated.
[2025-01-08T05:42:20.035+0000] {1.10.initial_Transaction_Partner.py:79} INFO - Deleting existing row for userid: NP9000
[2025-01-08T05:42:20.036+0000] {1.10.initial_Transaction_Partner.py:87} INFO - Executing INSERT query with values ('NP9000', '{"IsCollecting":"{\\"EnableCddEdd\\":false,\\"EnableTwoFa\\":false,\\"AllowIdUploadDocument\\":false}","IsPaying":"{\\"EnableExtraction\\":false,\\"EnableDirectPayment\\":false,\\"EnableMultiCorridor\\":false,\\"UsePartnerRemitNo\\":false}"}', '', False, 'uuu', True, datetime.datetime(2024, 12, 31, 17, 24, 43, 197000), '12ee8a95-234e-4e92-bf02-57bf162d7348', 'admin@vanillatech.ai', False, datetime.datetime(2024, 12, 31, 17, 24, 43, 197000), '12ee8a95-234e-4e92-bf02-57bf162d7348', 'admin@vanillatech.ai')
[2025-01-08T05:42:20.039+0000] {1.10.initial_Transaction_Partner.py:101} INFO - Data transfer completed successfully and sync details updated.
[2025-01-08T05:42:20.040+0000] {1.10.initial_Transaction_Partner.py:79} INFO - Deleting existing row for userid: SG0003
[2025-01-08T05:42:20.041+0000] {1.10.initial_Transaction_Partner.py:87} INFO - Executing INSERT query with values ('SG0003', '{"IsCollecting":"{\\"EnableCddEdd\\":false,\\"EnableTwoFa\\":false,\\"AllowIdUploadDocument\\":false}","IsPaying":"{\\"EnableExtraction\\":true,\\"EnableDirectPayment\\":true,\\"EnableMultiCorridor\\":true,\\"UsePartnerRemitNo\\":true}"}', '', False, 'SINGX SINGAPORE PTE.LTD', True, datetime.datetime(2024, 12, 31, 18, 27, 42, 853000), '237d1b51-240b-4bdf-9b55-2a97c6aa1c54', 'vtbinup', False, datetime.datetime(2025, 1, 2, 13, 44, 52, 603000), '12ee8a95-234e-4e92-bf02-57bf162d7348', 'admin@vanillatech.ai')
[2025-01-08T05:42:20.044+0000] {1.10.initial_Transaction_Partner.py:101} INFO - Data transfer completed successfully and sync details updated.
[2025-01-08T05:42:20.046+0000] {1.10.initial_Transaction_Partner.py:79} INFO - Deleting existing row for userid: MY0019
[2025-01-08T05:42:20.047+0000] {1.10.initial_Transaction_Partner.py:87} INFO - Executing INSERT query with values ('MY0019', '{"IsCollecting":"{\\"EnableCddEdd\\":false,\\"EnableTwoFa\\":false,\\"AllowIdUploadDocument\\":false}","IsPaying":"{\\"EnableExtraction\\":true,\\"EnableDirectPayment\\":true,\\"EnableMultiCorridor\\":false,\\"UsePartnerRemitNo\\":false}"}', '', True, 'VALYOU', False, datetime.datetime(2024, 12, 31, 19, 9, 23, 37000), '237d1b51-240b-4bdf-9b55-2a97c6aa1c54', 'vtbinup', False, datetime.datetime(2025, 1, 2, 13, 42, 24, 587000), '12ee8a95-234e-4e92-bf02-57bf162d7348', 'admin@vanillatech.ai')
[2025-01-08T05:42:20.053+0000] {1.10.initial_Transaction_Partner.py:101} INFO - Data transfer completed successfully and sync details updated.
[2025-01-08T05:42:20.054+0000] {1.10.initial_Transaction_Partner.py:79} INFO - Deleting existing row for userid: BD0001
[2025-01-08T05:42:20.055+0000] {1.10.initial_Transaction_Partner.py:87} INFO - Executing INSERT query with values ('BD0001', '{"IsCollecting":"{\\"EnableCddEdd\\":false,\\"EnableTwoFa\\":false,\\"AllowIdUploadDocument\\":false}","IsPaying":"{\\"EnableExtraction\\":true,\\"EnableDirectPayment\\":true,\\"EnableMultiCorridor\\":true,\\"UsePartnerRemitNo\\":false}"}', '', False, 'BRAC BANK LTD', True, datetime.datetime(2025, 1, 2, 17, 58, 40, 440000), 'a819497c-1fc7-4c8f-91ff-b9b798856361', 'bo_hariroka', False, datetime.datetime(2025, 1, 3, 16, 20, 37, 360000), None, None)
[2025-01-08T05:42:20.058+0000] {1.10.initial_Transaction_Partner.py:101} INFO - Data transfer completed successfully and sync details updated.
[2025-01-08T05:42:20.060+0000] {1.10.initial_Transaction_Partner.py:79} INFO - Deleting existing row for userid: LK0001
[2025-01-08T05:42:20.061+0000] {1.10.initial_Transaction_Partner.py:87} INFO - Executing INSERT query with values ('LK0001', '{"IsCollecting":"{\\"EnableCddEdd\\":false,\\"EnableTwoFa\\":false,\\"AllowIdUploadDocument\\":false}","IsPaying":"{\\"EnableExtraction\\":true,\\"EnableDirectPayment\\":true,\\"EnableMultiCorridor\\":false,\\"UsePartnerRemitNo\\":false}"}', '', False, 'BANK OF CEYLON', True, datetime.datetime(2025, 1, 3, 18, 48, 11, 403000), 'fdcf6b71-1c2e-44ef-97be-cd2430e5164d', 'Telleruser1', False, datetime.datetime(2025, 1, 3, 18, 48, 53, 837000), 'fdcf6b71-1c2e-44ef-97be-cd2430e5164d', 'Telleruser1')
[2025-01-08T05:42:20.064+0000] {1.10.initial_Transaction_Partner.py:101} INFO - Data transfer completed successfully and sync details updated.
[2025-01-08T05:42:20.066+0000] {1.10.initial_Transaction_Partner.py:79} INFO - Deleting existing row for userid: MM0003
[2025-01-08T05:42:20.068+0000] {1.10.initial_Transaction_Partner.py:87} INFO - Executing INSERT query with values ('MM0003', '{"IsCollecting":"{\\"EnableCddEdd\\":false,\\"EnableTwoFa\\":false,\\"AllowIdUploadDocument\\":false}","IsPaying":"{\\"EnableExtraction\\":true,\\"EnableDirectPayment\\":true,\\"EnableMultiCorridor\\":true,\\"UsePartnerRemitNo\\":false}"}', '', False, 'MYANMAR CITIZENS BANK', True, datetime.datetime(2025, 1, 3, 18, 53, 7, 640000), 'a819497c-1fc7-4c8f-91ff-b9b798856361', 'bo_hariroka', False, datetime.datetime(2025, 1, 5, 17, 22, 27, 207000), 'b70fb81c-1dbe-4686-b8e3-55391602d2b6', 'Uber')
[2025-01-08T05:42:20.071+0000] {1.10.initial_Transaction_Partner.py:101} INFO - Data transfer completed successfully and sync details updated.
[2025-01-08T05:42:20.073+0000] {1.10.initial_Transaction_Partner.py:79} INFO - Deleting existing row for userid: LK0003
[2025-01-08T05:42:20.074+0000] {1.10.initial_Transaction_Partner.py:87} INFO - Executing INSERT query with values ('LK0003', '{"IsCollecting":"{\\"EnableCddEdd\\":false,\\"EnableTwoFa\\":false,\\"AllowIdUploadDocument\\":false}","IsPaying":"{\\"EnableExtraction\\":false,\\"EnableDirectPayment\\":false,\\"EnableMultiCorridor\\":false,\\"UsePartnerRemitNo\\":false}"}', '', True, '\tBANK OF CEYLOI', True, datetime.datetime(2025, 1, 6, 11, 38, 12, 420000), '12ee8a95-234e-4e92-bf02-57bf162d7348', 'admin@vanillatech.ai', False, datetime.datetime(2025, 1, 6, 11, 38, 12, 420000), '12ee8a95-234e-4e92-bf02-57bf162d7348', 'admin@vanillatech.ai')
[2025-01-08T05:42:20.077+0000] {1.10.initial_Transaction_Partner.py:101} INFO - Data transfer completed successfully and sync details updated.
[2025-01-08T05:42:20.078+0000] {1.10.initial_Transaction_Partner.py:79} INFO - Deleting existing row for userid: PH0003
[2025-01-08T05:42:20.079+0000] {1.10.initial_Transaction_Partner.py:87} INFO - Executing INSERT query with values ('PH0003', '{"IsCollecting":"{\\"EnableCddEdd\\":false,\\"EnableTwoFa\\":false,\\"AllowIdUploadDocument\\":false}","IsPaying":"{\\"EnableExtraction\\":true,\\"EnableDirectPayment\\":true,\\"EnableMultiCorridor\\":false,\\"UsePartnerRemitNo\\":false}"}', '', False, 'METRO', True, datetime.datetime(2025, 1, 6, 11, 55, 58, 620000), 'fdcf6b71-1c2e-44ef-97be-cd2430e5164d', 'Telleruser1', False, datetime.datetime(2025, 1, 6, 11, 55, 58, 620000), 'fdcf6b71-1c2e-44ef-97be-cd2430e5164d', 'Telleruser1')
[2025-01-08T05:42:20.082+0000] {1.10.initial_Transaction_Partner.py:101} INFO - Data transfer completed successfully and sync details updated.
[2025-01-08T05:42:20.084+0000] {1.10.initial_Transaction_Partner.py:79} INFO - Deleting existing row for userid: AE0001
[2025-01-08T05:42:20.085+0000] {1.10.initial_Transaction_Partner.py:87} INFO - Executing INSERT query with values ('AE0001', '{"IsCollecting":"{\\"EnableCddEdd\\":true,\\"EnableTwoFa\\":false,\\"AllowIdUploadDocument\\":true}","IsPaying":"{\\"EnableExtraction\\":false,\\"EnableDirectPayment\\":true,\\"EnableMultiCorridor\\":true,\\"UsePartnerRemitNo\\":false}"}', '', True, 'LARI EXCHANGE UAE', True, datetime.datetime(2025, 1, 6, 14, 1, 32, 790000), 'a819497c-1fc7-4c8f-91ff-b9b798856361', 'bo_hariroka', False, datetime.datetime(2025, 1, 6, 19, 25, 21, 743000), 'a819497c-1fc7-4c8f-91ff-b9b798856361', 'bo_hariroka')
[2025-01-08T05:42:20.088+0000] {1.10.initial_Transaction_Partner.py:101} INFO - Data transfer completed successfully and sync details updated.
[2025-01-08T05:42:20.090+0000] {1.10.initial_Transaction_Partner.py:79} INFO - Deleting existing row for userid: MY0005
[2025-01-08T05:42:20.091+0000] {1.10.initial_Transaction_Partner.py:87} INFO - Executing INSERT query with values ('MY0005', '{"IsCollecting":"{\\"EnableCddEdd\\":false,\\"EnableTwoFa\\":false,\\"AllowIdUploadDocument\\":false}","IsPaying":"{\\"EnableExtraction\\":true,\\"EnableDirectPayment\\":true,\\"EnableMultiCorridor\\":false,\\"UsePartnerRemitNo\\":false}"}', '', True, 'MM REMIT', False, datetime.datetime(2025, 1, 6, 16, 48, 8, 37000), '237d1b51-240b-4bdf-9b55-2a97c6aa1c54', 'vtbinup', False, datetime.datetime(2025, 1, 6, 16, 48, 8, 37000), '237d1b51-240b-4bdf-9b55-2a97c6aa1c54', 'vtbinup')
[2025-01-08T05:42:20.094+0000] {1.10.initial_Transaction_Partner.py:101} INFO - Data transfer completed successfully and sync details updated.
[2025-01-08T05:42:20.318+0000] {python.py:240} INFO - Done. Returned value was: None
[2025-01-08T05:42:20.331+0000] {taskinstance.py:340} INFO - ::group::Post task execution logs
[2025-01-08T05:42:20.332+0000] {taskinstance.py:352} INFO - Marking task as SUCCESS. dag_id=1.10.0.trans_Partner, task_id=transfer_data_task, run_id=manual__2025-01-08T05:42:15.610262+00:00, execution_date=20250108T054215, start_date=20250108T054217, end_date=20250108T054220
[2025-01-08T05:42:20.358+0000] {local_task_job_runner.py:266} INFO - Task exited with return code 0
[2025-01-08T05:42:20.375+0000] {taskinstance.py:3895} INFO - 0 downstream tasks scheduled from follow-on schedule check
[2025-01-08T05:42:20.377+0000] {local_task_job_runner.py:245} INFO - ::endgroup::
