[2025-01-08T05:42:51.606+0000] {local_task_job_runner.py:123} INFO - ::group::Pre task execution logs
[2025-01-08T05:42:51.628+0000] {taskinstance.py:2613} INFO - Dependencies all met for dep_context=non-requeueable deps ti=<TaskInstance: 1.9.0.trans_PayingMode.transfer_data_task manual__2025-01-08T05:42:50.484218+00:00 [queued]>
[2025-01-08T05:42:51.640+0000] {taskinstance.py:2613} INFO - Dependencies all met for dep_context=requeueable deps ti=<TaskInstance: 1.9.0.trans_PayingMode.transfer_data_task manual__2025-01-08T05:42:50.484218+00:00 [queued]>
[2025-01-08T05:42:51.640+0000] {taskinstance.py:2866} INFO - Starting attempt 1 of 2
[2025-01-08T05:42:51.656+0000] {taskinstance.py:2889} INFO - Executing <Task(PythonOperator): transfer_data_task> on 2025-01-08 05:42:50.484218+00:00
[2025-01-08T05:42:51.661+0000] {warnings.py:112} WARNING - /home/***/.local/lib/python3.12/site-packages/***/task/task_runner/standard_task_runner.py:70: DeprecationWarning: This process (pid=229) is multi-threaded, use of fork() may lead to deadlocks in the child.
  pid = os.fork()

[2025-01-08T05:42:51.663+0000] {standard_task_runner.py:72} INFO - Started process 230 to run task
[2025-01-08T05:42:51.663+0000] {standard_task_runner.py:104} INFO - Running: ['***', 'tasks', 'run', '1.9.0.trans_PayingMode', 'transfer_data_task', 'manual__2025-01-08T05:42:50.484218+00:00', '--job-id', '21', '--raw', '--subdir', 'DAGS_FOLDER/TransactionService/1.9.initial_Transaction_PayingMode.py', '--cfg-path', '/tmp/tmpm566hf2w']
[2025-01-08T05:42:51.664+0000] {standard_task_runner.py:105} INFO - Job 21: Subtask transfer_data_task
[2025-01-08T05:42:51.713+0000] {task_command.py:467} INFO - Running <TaskInstance: 1.9.0.trans_PayingMode.transfer_data_task manual__2025-01-08T05:42:50.484218+00:00 [running]> on host 140af152fc10
[2025-01-08T05:42:51.799+0000] {taskinstance.py:3132} INFO - Exporting env vars: AIRFLOW_CTX_DAG_OWNER='***' AIRFLOW_CTX_DAG_ID='1.9.0.trans_PayingMode' AIRFLOW_CTX_TASK_ID='transfer_data_task' AIRFLOW_CTX_EXECUTION_DATE='2025-01-08T05:42:50.484218+00:00' AIRFLOW_CTX_TRY_NUMBER='1' AIRFLOW_CTX_DAG_RUN_ID='manual__2025-01-08T05:42:50.484218+00:00'
[2025-01-08T05:42:51.800+0000] {taskinstance.py:731} INFO - ::endgroup::
[2025-01-08T05:42:51.825+0000] {base.py:84} INFO - Retrieving connection 'Transaction_db_connection'
[2025-01-08T05:42:54.173+0000] {logging_mixin.py:190} INFO - source_conn: connected to source db
[2025-01-08T05:42:54.179+0000] {base.py:84} INFO - Retrieving connection 'Report_db_connection'
[2025-01-08T05:42:54.221+0000] {logging_mixin.py:190} INFO - dest_conn: connected to destination db
[2025-01-08T05:42:54.428+0000] {logging_mixin.py:190} INFO - "Code", "Name", "IsDeleted", "Configuration", "CreatedAt", "UpdatedAt", "CreatedBy", "CreatedByName", "UpdatedBy", "UpdatedByName", "Id"
[2025-01-08T05:42:54.431+0000] {1.9.initial_Transaction_PayingMode.py:79} INFO - Deleting existing row for userid: 2
[2025-01-08T05:42:54.433+0000] {1.9.initial_Transaction_PayingMode.py:87} INFO - Executing INSERT query with values ('2', 'Cash Pickup', False, '{"MultiCorridorMode":"false","BankRequired":"false","PayingGroupRequired":"true"}', datetime.datetime(2009, 3, 20, 15, 4, 17, 873000), datetime.datetime(2016, 1, 22, 20, 17, 33, 133000), 'bankadmin', 'bankadmin', '000000', '000000', '2A515329-AE11-4763-B322-0B15130D5532')
[2025-01-08T05:42:54.439+0000] {1.9.initial_Transaction_PayingMode.py:101} INFO - Data transfer completed successfully and sync details updated.
[2025-01-08T05:42:54.442+0000] {1.9.initial_Transaction_PayingMode.py:79} INFO - Deleting existing row for userid: 1
[2025-01-08T05:42:54.443+0000] {1.9.initial_Transaction_PayingMode.py:87} INFO - Executing INSERT query with values ('1', 'Account Credit', False, '{"MultiCorridorMode":"false","BankRequired":"true","PayingGroupRequired":"false"}', datetime.datetime(2009, 3, 20, 15, 4, 17, 873000), datetime.datetime(2016, 1, 22, 20, 17, 33, 133000), 'bankadmin', 'bankadmin', 'admin', 'admin', '777BA24C-974E-4AA2-8719-C8541FBBD7AE')
[2025-01-08T05:42:54.447+0000] {1.9.initial_Transaction_PayingMode.py:101} INFO - Data transfer completed successfully and sync details updated.
[2025-01-08T05:42:54.449+0000] {1.9.initial_Transaction_PayingMode.py:79} INFO - Deleting existing row for userid: 3
[2025-01-08T05:42:54.450+0000] {1.9.initial_Transaction_PayingMode.py:87} INFO - Executing INSERT query with values ('3', 'Home Delivery', False, '{"MultiCorridorMode":"false","BankRequired":"false","PayingGroupRequired":"true"}', datetime.datetime(2009, 3, 20, 15, 4, 17, 873000), datetime.datetime(2009, 5, 21, 0, 0), 'bankadmin', 'bankadmin', 'MLY000', 'MLY000', '34C55E5F-0BA5-4C06-B1C0-DA7239E59BA3')
[2025-01-08T05:42:54.454+0000] {1.9.initial_Transaction_PayingMode.py:101} INFO - Data transfer completed successfully and sync details updated.
[2025-01-08T05:42:54.457+0000] {1.9.initial_Transaction_PayingMode.py:79} INFO - Deleting existing row for userid: 4
[2025-01-08T05:42:54.458+0000] {1.9.initial_Transaction_PayingMode.py:87} INFO - Executing INSERT query with values ('4', 'Credit Card', False, '{"MultiCorridorMode":"false","BankRequired":"false","PayingGroupRequired":"true"}', datetime.datetime(2009, 5, 5, 0, 0), datetime.datetime(2009, 5, 5, 0, 0), 'admin', 'admin', 'admin', 'admin', '2D78AC87-D167-42AD-9082-76486D42AA16')
[2025-01-08T05:42:54.464+0000] {1.9.initial_Transaction_PayingMode.py:101} INFO - Data transfer completed successfully and sync details updated.
[2025-01-08T05:42:54.466+0000] {1.9.initial_Transaction_PayingMode.py:79} INFO - Deleting existing row for userid: 5
[2025-01-08T05:42:54.468+0000] {1.9.initial_Transaction_PayingMode.py:87} INFO - Executing INSERT query with values ('5', 'Aux Remit', False, '{"MultiCorridorMode":"false","BankRequired":"true","PayingGroupRequired":"false"}', datetime.datetime(2010, 3, 26, 10, 28, 35, 363000), datetime.datetime(2020, 8, 27, 15, 51, 28, 700000), 'superadmin1', 'superadmin1', 'bankadmin', 'bankadmin', '0536461A-A85D-460B-B193-449F48D4CECB')
[2025-01-08T05:42:54.473+0000] {1.9.initial_Transaction_PayingMode.py:101} INFO - Data transfer completed successfully and sync details updated.
[2025-01-08T05:42:54.476+0000] {1.9.initial_Transaction_PayingMode.py:79} INFO - Deleting existing row for userid: 12
[2025-01-08T05:42:54.478+0000] {1.9.initial_Transaction_PayingMode.py:87} INFO - Executing INSERT query with values ('12', 'Bank to Bank - Provincial', False, '{"MultiCorridorMode":"false","BankRequired":"true","PayingGroupRequired":"false"}', datetime.datetime(2010, 3, 26, 10, 28, 35, 363000), datetime.datetime(2010, 3, 26, 10, 28, 35, 363000), 'superadmin1', 'superadmin1', 'superadmin1', 'superadmin1', 'D5832F9D-0216-4FA3-A6F5-D9B3CE04A811')
[2025-01-08T05:42:54.483+0000] {1.9.initial_Transaction_PayingMode.py:101} INFO - Data transfer completed successfully and sync details updated.
[2025-01-08T05:42:54.484+0000] {1.9.initial_Transaction_PayingMode.py:79} INFO - Deleting existing row for userid: 13
[2025-01-08T05:42:54.486+0000] {1.9.initial_Transaction_PayingMode.py:87} INFO - Executing INSERT query with values ('13', 'Visa Card Reloading (Bank to Bank)', False, '{"MultiCorridorMode":"false","BankRequired":"true","PayingGroupRequired":"false"}', datetime.datetime(2010, 3, 26, 10, 28, 35, 363000), datetime.datetime(2010, 3, 26, 10, 28, 35, 363000), 'superadmin1', 'superadmin1', 'superadmin1', 'superadmin1', '50039344-B9B9-4F04-BD91-EF3049988FEC')
[2025-01-08T05:42:54.492+0000] {1.9.initial_Transaction_PayingMode.py:101} INFO - Data transfer completed successfully and sync details updated.
[2025-01-08T05:42:54.494+0000] {1.9.initial_Transaction_PayingMode.py:79} INFO - Deleting existing row for userid: 14
[2025-01-08T05:42:54.495+0000] {1.9.initial_Transaction_PayingMode.py:87} INFO - Executing INSERT query with values ('14', 'Bank to Bank - Manila', False, '{"MultiCorridorMode":"false","BankRequired":"true","PayingGroupRequired":"false"}', datetime.datetime(2010, 3, 26, 10, 28, 35, 363000), datetime.datetime(2010, 3, 26, 10, 28, 35, 363000), 'superadmin1', 'superadmin1', 'superadmin1', 'superadmin1', '968E3B3D-3877-4429-8A32-AD9C77757F88')
[2025-01-08T05:42:54.500+0000] {1.9.initial_Transaction_PayingMode.py:101} INFO - Data transfer completed successfully and sync details updated.
[2025-01-08T05:42:54.502+0000] {1.9.initial_Transaction_PayingMode.py:79} INFO - Deleting existing row for userid: 6
[2025-01-08T05:42:54.504+0000] {1.9.initial_Transaction_PayingMode.py:87} INFO - Executing INSERT query with values ('6', 'Door To Door - Manila', False, '{"MultiCorridorMode":"false","BankRequired":"false","PayingGroupRequired":"true"}', datetime.datetime(2010, 3, 26, 10, 28, 35, 363000), datetime.datetime(2010, 3, 26, 10, 28, 35, 363000), 'superadmin1', 'superadmin1', 'superadmin1', 'superadmin1', '7AF3142F-FC92-4E14-B32B-34CD84411229')
[2025-01-08T05:42:54.510+0000] {1.9.initial_Transaction_PayingMode.py:101} INFO - Data transfer completed successfully and sync details updated.
[2025-01-08T05:42:54.512+0000] {1.9.initial_Transaction_PayingMode.py:79} INFO - Deleting existing row for userid: 7
[2025-01-08T05:42:54.514+0000] {1.9.initial_Transaction_PayingMode.py:87} INFO - Executing INSERT query with values ('7', 'Door To Door - Provincial', False, '{"MultiCorridorMode":"false","BankRequired":"false","PayingGroupRequired":"true"}', datetime.datetime(2010, 3, 26, 10, 28, 35, 363000), datetime.datetime(2010, 3, 26, 10, 28, 35, 363000), 'superadmin1', 'superadmin1', 'superadmin1', 'superadmin1', '3DF143E2-87A7-457B-9F7A-CB9FF5383E18')
[2025-01-08T05:42:54.519+0000] {1.9.initial_Transaction_PayingMode.py:101} INFO - Data transfer completed successfully and sync details updated.
[2025-01-08T05:42:54.521+0000] {1.9.initial_Transaction_PayingMode.py:79} INFO - Deleting existing row for userid: 8
[2025-01-08T05:42:54.523+0000] {1.9.initial_Transaction_PayingMode.py:87} INFO - Executing INSERT query with values ('8', 'Door to Door - Ultraremote', False, '{"MultiCorridorMode":"false","BankRequired":"false","PayingGroupRequired":"true"}', datetime.datetime(2010, 3, 26, 10, 28, 35, 363000), datetime.datetime(2010, 3, 26, 10, 28, 35, 363000), 'superadmin1', 'superadmin1', 'superadmin1', 'superadmin1', 'B21AA2E8-706B-4E06-900B-2431C2D1836D')
[2025-01-08T05:42:54.527+0000] {1.9.initial_Transaction_PayingMode.py:101} INFO - Data transfer completed successfully and sync details updated.
[2025-01-08T05:42:54.529+0000] {1.9.initial_Transaction_PayingMode.py:79} INFO - Deleting existing row for userid: 30
[2025-01-08T05:42:54.530+0000] {1.9.initial_Transaction_PayingMode.py:87} INFO - Executing INSERT query with values ('30', '10 Minute Service', False, '{"MultiCorridorMode":"false","BankRequired":"false","PayingGroupRequired":"true"}', datetime.datetime(2013, 10, 7, 1, 15, 6, 400000), datetime.datetime(2013, 10, 7, 1, 15, 6, 400000), 'ADMIN07', 'ADMIN07', 'ADMIN07', 'ADMIN07', '5B306C5A-7682-41AD-BB80-44653D489274')
[2025-01-08T05:42:54.535+0000] {1.9.initial_Transaction_PayingMode.py:101} INFO - Data transfer completed successfully and sync details updated.
[2025-01-08T05:42:54.537+0000] {1.9.initial_Transaction_PayingMode.py:79} INFO - Deleting existing row for userid: 15
[2025-01-08T05:42:54.539+0000] {1.9.initial_Transaction_PayingMode.py:87} INFO - Executing INSERT query with values ('15', 'Swift', False, '{"MultiCorridorMode":"true","BankRequired":"true","PayingGroupRequired":"false"}', datetime.datetime(2017, 3, 29, 9, 17, 19, 307000), datetime.datetime(2017, 3, 29, 9, 17, 19, 307000), 'superadmin1', 'superadmin1', 'superadmin1', 'superadmin1', '3F11AC75-5982-4082-8E51-EB7B57E882F6')
[2025-01-08T05:42:54.545+0000] {1.9.initial_Transaction_PayingMode.py:101} INFO - Data transfer completed successfully and sync details updated.
[2025-01-08T05:42:54.547+0000] {1.9.initial_Transaction_PayingMode.py:79} INFO - Deleting existing row for userid: 16
[2025-01-08T05:42:54.549+0000] {1.9.initial_Transaction_PayingMode.py:87} INFO - Executing INSERT query with values ('16', 'Euro Payment', False, '{"MultiCorridorMode":"true","BankRequired":"false","PayingGroupRequired":"false"}', datetime.datetime(2017, 3, 29, 9, 17, 19, 307000), datetime.datetime(2017, 3, 29, 9, 17, 19, 307000), 'superadmin1', 'superadmin1', None, None, '78EDBC8B-D990-4E4B-95B5-34A0EB418556')
[2025-01-08T05:42:54.554+0000] {1.9.initial_Transaction_PayingMode.py:101} INFO - Data transfer completed successfully and sync details updated.
[2025-01-08T05:42:54.557+0000] {1.9.initial_Transaction_PayingMode.py:79} INFO - Deleting existing row for userid: 31
[2025-01-08T05:42:54.558+0000] {1.9.initial_Transaction_PayingMode.py:87} INFO - Executing INSERT query with values ('31', 'MG Account Deposit', False, '{"MultiCorridorMode":"false","BankRequired":"false","PayingGroupRequired":"true"}', datetime.datetime(2017, 5, 15, 23, 44, 49, 467000), datetime.datetime(2017, 5, 15, 23, 44, 49, 467000), 'ADMIN', 'ADMIN', 'ADMIN', 'ADMIN', '6AADB8DE-A448-4D90-8504-816D603B6E56')
[2025-01-08T05:42:54.563+0000] {1.9.initial_Transaction_PayingMode.py:101} INFO - Data transfer completed successfully and sync details updated.
[2025-01-08T05:42:54.565+0000] {1.9.initial_Transaction_PayingMode.py:79} INFO - Deleting existing row for userid: 21
[2025-01-08T05:42:54.567+0000] {1.9.initial_Transaction_PayingMode.py:87} INFO - Executing INSERT query with values ('21', 'Card Payment', False, '{"MultiCorridorMode":"false","BankRequired":"false","PayingGroupRequired":"true"}', datetime.datetime(2017, 11, 26, 11, 34, 28, 340000), datetime.datetime(2017, 11, 26, 11, 34, 28, 340000), None, None, None, None, '2D88697E-1E72-4AE6-BF73-51D9892A043B')
[2025-01-08T05:42:54.573+0000] {1.9.initial_Transaction_PayingMode.py:101} INFO - Data transfer completed successfully and sync details updated.
[2025-01-08T05:42:54.574+0000] {1.9.initial_Transaction_PayingMode.py:79} INFO - Deleting existing row for userid: 22
[2025-01-08T05:42:54.576+0000] {1.9.initial_Transaction_PayingMode.py:87} INFO - Executing INSERT query with values ('22', 'Mobile Wallet', False, '{"MultiCorridorMode":"false","BankRequired":"false","PayingGroupRequired":"true"}', datetime.datetime(2018, 3, 15, 0, 11, 28, 413000), datetime.datetime(2018, 3, 15, 0, 11, 28, 413000), None, None, None, None, 'E012EF50-0466-4406-8646-7BD1864514B5')
[2025-01-08T05:42:54.580+0000] {1.9.initial_Transaction_PayingMode.py:101} INFO - Data transfer completed successfully and sync details updated.
[2025-01-08T05:42:54.583+0000] {1.9.initial_Transaction_PayingMode.py:79} INFO - Deleting existing row for userid: 000
[2025-01-08T05:42:54.586+0000] {1.9.initial_Transaction_PayingMode.py:87} INFO - Executing INSERT query with values ('000', 'Money in Minutes', False, '{"MultiCorridorMode":"false","BankRequired":"false","PayingGroupRequired":"true"}', datetime.datetime(2018, 9, 18, 23, 27, 49, 7000), datetime.datetime(2018, 9, 18, 23, 27, 49, 7000), 'bankadmin', 'bankadmin', 'bankadmin', 'bankadmin', '6DA60D58-DE0D-4746-AC31-BD5662585AEC')
[2025-01-08T05:42:54.592+0000] {1.9.initial_Transaction_PayingMode.py:101} INFO - Data transfer completed successfully and sync details updated.
[2025-01-08T05:42:54.594+0000] {1.9.initial_Transaction_PayingMode.py:79} INFO - Deleting existing row for userid: 500
[2025-01-08T05:42:54.596+0000] {1.9.initial_Transaction_PayingMode.py:87} INFO - Executing INSERT query with values ('500', 'Direct To Bank', False, '{"MultiCorridorMode":"false","BankRequired":"false","PayingGroupRequired":"true"}', datetime.datetime(2018, 12, 5, 23, 1, 23, 977000), datetime.datetime(2018, 12, 5, 23, 1, 23, 977000), 'bankadmin', 'bankadmin', 'bankadmin', 'bankadmin', 'FCF9413A-53B8-4E6A-A702-D7FAC779B0B3')
[2025-01-08T05:42:54.601+0000] {1.9.initial_Transaction_PayingMode.py:101} INFO - Data transfer completed successfully and sync details updated.
[2025-01-08T05:42:54.604+0000] {1.9.initial_Transaction_PayingMode.py:79} INFO - Deleting existing row for userid: 23
[2025-01-08T05:42:54.606+0000] {1.9.initial_Transaction_PayingMode.py:87} INFO - Executing INSERT query with values ('23', 'Auxiliary Services', False, '{"MultiCorridorMode":"false","BankRequired":"false","PayingGroupRequired":"true"}', datetime.datetime(2020, 8, 27, 15, 51, 19, 153000), datetime.datetime(2020, 8, 27, 15, 51, 19, 153000), 'bankadmin', 'bankadmin', None, None, 'DFDCC9C3-6DA2-41A8-BABF-44691EB8AB2C')
[2025-01-08T05:42:54.612+0000] {1.9.initial_Transaction_PayingMode.py:101} INFO - Data transfer completed successfully and sync details updated.
[2025-01-08T05:42:54.614+0000] {1.9.initial_Transaction_PayingMode.py:79} INFO - Deleting existing row for userid: 24
[2025-01-08T05:42:54.615+0000] {1.9.initial_Transaction_PayingMode.py:87} INFO - Executing INSERT query with values ('24', 'GCASH WALLET', False, '{"MultiCorridorMode":"false","BankRequired":"true","PayingGroupRequired":"false"}', datetime.datetime(2021, 8, 30, 22, 13, 59, 843000), datetime.datetime(2021, 8, 30, 22, 13, 59, 843000), 'bankadmin', 'bankadmin', None, None, 'EFF1DE51-19C6-4F6D-A705-29DDE3563231')
[2025-01-08T05:42:54.619+0000] {1.9.initial_Transaction_PayingMode.py:101} INFO - Data transfer completed successfully and sync details updated.
[2025-01-08T05:42:54.621+0000] {1.9.initial_Transaction_PayingMode.py:79} INFO - Deleting existing row for userid: 25
[2025-01-08T05:42:54.622+0000] {1.9.initial_Transaction_PayingMode.py:87} INFO - Executing INSERT query with values ('25', 'Visa Card Payment', False, '{"MultiCorridorMode":"true","BankRequired":"false","PayingGroupRequired":"false"}', datetime.datetime(2022, 5, 5, 23, 23, 1, 233000), datetime.datetime(2022, 5, 5, 23, 23, 1, 233000), 'bankadmin', 'bankadmin', None, None, '80E36568-C842-4B1B-B388-5E1A60858AEE')
[2025-01-08T05:42:54.626+0000] {1.9.initial_Transaction_PayingMode.py:101} INFO - Data transfer completed successfully and sync details updated.
[2025-01-08T05:42:54.627+0000] {1.9.initial_Transaction_PayingMode.py:79} INFO - Deleting existing row for userid: 26
[2025-01-08T05:42:54.629+0000] {1.9.initial_Transaction_PayingMode.py:87} INFO - Executing INSERT query with values ('26', 'Fee Payment', False, '{"MultiCorridorMode":"true","BankRequired":"false","PayingGroupRequired":"false"}', datetime.datetime(2023, 1, 17, 22, 46, 24, 647000), datetime.datetime(2023, 1, 17, 22, 46, 24, 647000), 'bankadmin', 'bankadmin', None, None, '0BF43DCB-B8B7-4911-8F72-D6272B6B0ED7')
[2025-01-08T05:42:54.632+0000] {1.9.initial_Transaction_PayingMode.py:101} INFO - Data transfer completed successfully and sync details updated.
[2025-01-08T05:42:54.634+0000] {1.9.initial_Transaction_PayingMode.py:79} INFO - Deleting existing row for userid: 800
[2025-01-08T05:42:54.635+0000] {1.9.initial_Transaction_PayingMode.py:87} INFO - Executing INSERT query with values ('800', 'MOBILE MONEY TRANSFER', False, '{"MultiCorridorMode":"false","BankRequired":"false","PayingGroupRequired":"true"}', datetime.datetime(2024, 5, 14, 23, 43, 32, 873000), datetime.datetime(2024, 5, 14, 23, 43, 32, 873000), 'bankadmin', 'bankadmin', 'bankadmin', 'bankadmin', 'EEB24E00-2AB6-46A7-91F8-BA62736A753C')
[2025-01-08T05:42:54.639+0000] {1.9.initial_Transaction_PayingMode.py:101} INFO - Data transfer completed successfully and sync details updated.
[2025-01-08T05:42:54.641+0000] {1.9.initial_Transaction_PayingMode.py:79} INFO - Deleting existing row for userid: M00
[2025-01-08T05:42:54.642+0000] {1.9.initial_Transaction_PayingMode.py:87} INFO - Executing INSERT query with values ('M00', 'ISLAMI BANK IN MINUTES', False, '{"MultiCorridorMode":"false","BankRequired":"false","PayingGroupRequired":"true"}', datetime.datetime(2024, 5, 28, 23, 10, 38, 390000), datetime.datetime(2024, 5, 28, 23, 10, 38, 390000), 'bankadmin', 'bankadmin', 'bankadmin', 'bankadmin', '92A826C7-8662-4289-94DA-464BEE89180F')
[2025-01-08T05:42:54.646+0000] {1.9.initial_Transaction_PayingMode.py:101} INFO - Data transfer completed successfully and sync details updated.
[2025-01-08T05:42:54.647+0000] {1.9.initial_Transaction_PayingMode.py:79} INFO - Deleting existing row for userid: M02
[2025-01-08T05:42:54.648+0000] {1.9.initial_Transaction_PayingMode.py:87} INFO - Executing INSERT query with values ('M02', 'DUTCH BANGLA BANK IN MINUTES', False, '{"MultiCorridorMode":"false","BankRequired":"false","PayingGroupRequired":"true"}', datetime.datetime(2024, 5, 28, 23, 10, 38, 390000), datetime.datetime(2024, 5, 28, 23, 10, 38, 390000), 'bankadmin', 'bankadmin', 'bankadmin', 'bankadmin', '5AB47579-A116-4E3C-817E-615AAB4220DE')
[2025-01-08T05:42:54.652+0000] {1.9.initial_Transaction_PayingMode.py:101} INFO - Data transfer completed successfully and sync details updated.
[2025-01-08T05:42:54.653+0000] {1.9.initial_Transaction_PayingMode.py:79} INFO - Deleting existing row for userid: M03
[2025-01-08T05:42:54.655+0000] {1.9.initial_Transaction_PayingMode.py:87} INFO - Executing INSERT query with values ('M03', 'BANK ASIA LIMITED IN MINUTES', False, '{"MultiCorridorMode":"false","BankRequired":"false","PayingGroupRequired":"true"}', datetime.datetime(2024, 5, 28, 23, 10, 38, 390000), datetime.datetime(2024, 5, 28, 23, 10, 38, 390000), 'bankadmin', 'bankadmin', 'bankadmin', 'bankadmin', '22DF4D9C-B1E1-4A0A-BA25-133FBE560952')
[2025-01-08T05:42:54.658+0000] {1.9.initial_Transaction_PayingMode.py:101} INFO - Data transfer completed successfully and sync details updated.
[2025-01-08T05:42:54.660+0000] {1.9.initial_Transaction_PayingMode.py:79} INFO - Deleting existing row for userid: M07
[2025-01-08T05:42:54.661+0000] {1.9.initial_Transaction_PayingMode.py:87} INFO - Executing INSERT query with values ('M07', 'BD KRISHI BANK IN MINUTES', False, '{"MultiCorridorMode":"false","BankRequired":"false","PayingGroupRequired":"true"}', datetime.datetime(2024, 5, 28, 23, 10, 38, 390000), datetime.datetime(2024, 5, 28, 23, 10, 38, 390000), 'bankadmin', 'bankadmin', 'bankadmin', 'bankadmin', '93BB93D4-DB4D-40EE-83D7-9582DC9CFEE6')
[2025-01-08T05:42:54.665+0000] {1.9.initial_Transaction_PayingMode.py:101} INFO - Data transfer completed successfully and sync details updated.
[2025-01-08T05:42:54.667+0000] {1.9.initial_Transaction_PayingMode.py:79} INFO - Deleting existing row for userid: M08
[2025-01-08T05:42:54.668+0000] {1.9.initial_Transaction_PayingMode.py:87} INFO - Executing INSERT query with values ('M08', 'SOCIAL ISLAMI BANK IN MINUTES', False, '{"MultiCorridorMode":"false","BankRequired":"false","PayingGroupRequired":"true"}', datetime.datetime(2024, 5, 28, 23, 10, 38, 390000), datetime.datetime(2024, 5, 28, 23, 10, 38, 390000), 'bankadmin', 'bankadmin', 'bankadmin', 'bankadmin', 'D63051F3-7B6B-4D4A-9F28-1F1912AF2B94')
[2025-01-08T05:42:54.672+0000] {1.9.initial_Transaction_PayingMode.py:101} INFO - Data transfer completed successfully and sync details updated.
[2025-01-08T05:42:54.673+0000] {1.9.initial_Transaction_PayingMode.py:79} INFO - Deleting existing row for userid: 100
[2025-01-08T05:42:54.675+0000] {1.9.initial_Transaction_PayingMode.py:87} INFO - Executing INSERT query with values ('100', 'BKASH DIRECTED', False, '{"MultiCorridorMode":"false","BankRequired":"false","PayingGroupRequired":"true"}', datetime.datetime(2024, 5, 28, 23, 10, 38, 390000), datetime.datetime(2024, 5, 28, 23, 10, 38, 390000), 'bankadmin', 'bankadmin', 'bankadmin', 'bankadmin', '50B2B191-D0BE-4E58-9CB4-4FB00CCF9866')
[2025-01-08T05:42:54.678+0000] {1.9.initial_Transaction_PayingMode.py:101} INFO - Data transfer completed successfully and sync details updated.
[2025-01-08T05:42:54.875+0000] {python.py:240} INFO - Done. Returned value was: None
[2025-01-08T05:42:54.887+0000] {taskinstance.py:340} INFO - ::group::Post task execution logs
[2025-01-08T05:42:54.888+0000] {taskinstance.py:352} INFO - Marking task as SUCCESS. dag_id=1.9.0.trans_PayingMode, task_id=transfer_data_task, run_id=manual__2025-01-08T05:42:50.484218+00:00, execution_date=20250108T054250, start_date=20250108T054251, end_date=20250108T054254
[2025-01-08T05:42:54.932+0000] {local_task_job_runner.py:266} INFO - Task exited with return code 0
[2025-01-08T05:42:54.949+0000] {taskinstance.py:3895} INFO - 0 downstream tasks scheduled from follow-on schedule check
[2025-01-08T05:42:54.952+0000] {local_task_job_runner.py:245} INFO - ::endgroup::
