[2025-02-10T05:40:44.669+0000] {local_task_job_runner.py:123} INFO - ::group::Pre task execution logs
[2025-02-10T05:40:44.710+0000] {taskinstance.py:2613} INFO - Dependencies all met for dep_context=non-requeueable deps ti=<TaskInstance: 1.03.initial_BankBranch.1.03.initial_BankBranch manual__2025-02-10T05:40:42.823256+00:00 [queued]>
[2025-02-10T05:40:44.728+0000] {taskinstance.py:2613} INFO - Dependencies all met for dep_context=requeueable deps ti=<TaskInstance: 1.03.initial_BankBranch.1.03.initial_BankBranch manual__2025-02-10T05:40:42.823256+00:00 [queued]>
[2025-02-10T05:40:44.731+0000] {taskinstance.py:2866} INFO - Starting attempt 1 of 1
[2025-02-10T05:40:44.763+0000] {taskinstance.py:2889} INFO - Executing <Task(PythonOperator): 1.03.initial_BankBranch> on 2025-02-10 05:40:42.823256+00:00
[2025-02-10T05:40:44.775+0000] {warnings.py:112} WARNING - /home/***/.local/lib/python3.12/site-packages/***/task/task_runner/standard_task_runner.py:70: DeprecationWarning: This process (pid=894) is multi-threaded, use of fork() may lead to deadlocks in the child.
  pid = os.fork()

[2025-02-10T05:40:44.778+0000] {standard_task_runner.py:72} INFO - Started process 895 to run task
[2025-02-10T05:40:44.778+0000] {standard_task_runner.py:104} INFO - Running: ['***', 'tasks', 'run', '1.03.initial_BankBranch', '1.03.initial_BankBranch', 'manual__2025-02-10T05:40:42.823256+00:00', '--job-id', '19', '--raw', '--subdir', 'DAGS_FOLDER/TransactionService/1.3.initial_Transaction_BankBranch.py', '--cfg-path', '/tmp/tmpjboxpx62']
[2025-02-10T05:40:44.780+0000] {standard_task_runner.py:105} INFO - Job 19: Subtask 1.03.initial_BankBranch
[2025-02-10T05:40:44.875+0000] {task_command.py:467} INFO - Running <TaskInstance: 1.03.initial_BankBranch.1.03.initial_BankBranch manual__2025-02-10T05:40:42.823256+00:00 [running]> on host f8e600115ac1
[2025-02-10T05:40:45.026+0000] {taskinstance.py:3132} INFO - Exporting env vars: AIRFLOW_CTX_DAG_OWNER='***' AIRFLOW_CTX_DAG_ID='1.03.initial_BankBranch' AIRFLOW_CTX_TASK_ID='1.03.initial_BankBranch' AIRFLOW_CTX_EXECUTION_DATE='2025-02-10T05:40:42.823256+00:00' AIRFLOW_CTX_TRY_NUMBER='1' AIRFLOW_CTX_DAG_RUN_ID='manual__2025-02-10T05:40:42.823256+00:00'
[2025-02-10T05:40:45.028+0000] {taskinstance.py:731} INFO - ::endgroup::
[2025-02-10T05:40:45.076+0000] {base.py:84} INFO - Retrieving connection 'TransactionDB_MSSQL'
[2025-02-10T05:40:45.101+0000] {base.py:84} INFO - Retrieving connection 'ReportDB_Postgres'
[2025-02-10T05:40:47.834+0000] {1.3.initial_Transaction_BankBranch.py:60} INFO - Connected to source database.
[2025-02-10T05:40:49.271+0000] {1.3.initial_Transaction_BankBranch.py:64} INFO - Connected to destination database.
[2025-02-10T05:40:49.890+0000] {1.3.initial_Transaction_BankBranch.py:43} INFO - Destination columns: ['"Code"', '"Name"', '"BankCode"', '"SwiftCode"', '"AllowedPayingModeCodes"', '"IsDeleted"', '"CreatedAt"', '"UpdatedAt"', '"CreatedBy"', '"CreatedByName"', '"UpdatedBy"', '"UpdatedByName"']
[2025-02-10T05:40:50.190+0000] {1.3.initial_Transaction_BankBranch.py:73} INFO - Destination table truncated.
[2025-02-10T05:40:51.421+0000] {1.3.initial_Transaction_BankBranch.py:100} INFO - Batchs inserted into BankBranch table. Rows inserted: 1
[2025-02-10T05:40:52.545+0000] {1.3.initial_Transaction_BankBranch.py:112} INFO - Data transfer completed successfully and sync details updated.
[2025-02-10T05:40:52.853+0000] {python.py:240} INFO - Done. Returned value was: None
[2025-02-10T05:40:52.871+0000] {taskinstance.py:340} INFO - ::group::Post task execution logs
[2025-02-10T05:40:52.873+0000] {taskinstance.py:352} INFO - Marking task as SUCCESS. dag_id=1.03.initial_BankBranch, task_id=1.03.initial_BankBranch, run_id=manual__2025-02-10T05:40:42.823256+00:00, execution_date=20250210T054042, start_date=20250210T054044, end_date=20250210T054052
[2025-02-10T05:40:52.957+0000] {local_task_job_runner.py:266} INFO - Task exited with return code 0
[2025-02-10T05:40:52.983+0000] {taskinstance.py:3895} INFO - 0 downstream tasks scheduled from follow-on schedule check
[2025-02-10T05:40:52.987+0000] {local_task_job_runner.py:245} INFO - ::endgroup::
