[2025-02-10T06:04:28.964+0000] {local_task_job_runner.py:123} INFO - ::group::Pre task execution logs
[2025-02-10T06:04:29.001+0000] {taskinstance.py:2613} INFO - Dependencies all met for dep_context=non-requeueable deps ti=<TaskInstance: 1.08.initial_TransactionCollectingPartnerDetail.1.08.initial_TransactionCollectingPartnerDetail manual__2025-02-10T06:04:27.570329+00:00 [queued]>
[2025-02-10T06:04:29.021+0000] {taskinstance.py:2613} INFO - Dependencies all met for dep_context=requeueable deps ti=<TaskInstance: 1.08.initial_TransactionCollectingPartnerDetail.1.08.initial_TransactionCollectingPartnerDetail manual__2025-02-10T06:04:27.570329+00:00 [queued]>
[2025-02-10T06:04:29.023+0000] {taskinstance.py:2866} INFO - Starting attempt 1 of 1
[2025-02-10T06:04:29.054+0000] {taskinstance.py:2889} INFO - Executing <Task(PythonOperator): 1.08.initial_TransactionCollectingPartnerDetail> on 2025-02-10 06:04:27.570329+00:00
[2025-02-10T06:04:29.066+0000] {warnings.py:112} WARNING - /home/***/.local/lib/python3.12/site-packages/***/task/task_runner/standard_task_runner.py:70: DeprecationWarning: This process (pid=1214) is multi-threaded, use of fork() may lead to deadlocks in the child.
  pid = os.fork()

[2025-02-10T06:04:29.070+0000] {standard_task_runner.py:72} INFO - Started process 1215 to run task
[2025-02-10T06:04:29.071+0000] {standard_task_runner.py:104} INFO - Running: ['***', 'tasks', 'run', '1.08.initial_TransactionCollectingPartnerDetail', '1.08.initial_TransactionCollectingPartnerDetail', 'manual__2025-02-10T06:04:27.570329+00:00', '--job-id', '25', '--raw', '--subdir', 'DAGS_FOLDER/TransactionService/1.8.initial_Transaction_TransactionCollectingPartnerDetails.py', '--cfg-path', '/tmp/tmp3xcvof8k']
[2025-02-10T06:04:29.074+0000] {standard_task_runner.py:105} INFO - Job 25: Subtask 1.08.initial_TransactionCollectingPartnerDetail
[2025-02-10T06:04:29.199+0000] {task_command.py:467} INFO - Running <TaskInstance: 1.08.initial_TransactionCollectingPartnerDetail.1.08.initial_TransactionCollectingPartnerDetail manual__2025-02-10T06:04:27.570329+00:00 [running]> on host f8e600115ac1
[2025-02-10T06:04:29.372+0000] {taskinstance.py:3132} INFO - Exporting env vars: AIRFLOW_CTX_DAG_OWNER='***' AIRFLOW_CTX_DAG_ID='1.08.initial_TransactionCollectingPartnerDetail' AIRFLOW_CTX_TASK_ID='1.08.initial_TransactionCollectingPartnerDetail' AIRFLOW_CTX_EXECUTION_DATE='2025-02-10T06:04:27.570329+00:00' AIRFLOW_CTX_TRY_NUMBER='1' AIRFLOW_CTX_DAG_RUN_ID='manual__2025-02-10T06:04:27.570329+00:00'
[2025-02-10T06:04:29.375+0000] {taskinstance.py:731} INFO - ::endgroup::
[2025-02-10T06:04:29.424+0000] {base.py:84} INFO - Retrieving connection 'TransactionDB_MSSQL'
[2025-02-10T06:04:29.439+0000] {base.py:84} INFO - Retrieving connection 'ReportDB_Postgres'
[2025-02-10T06:04:32.393+0000] {1.8.initial_Transaction_TransactionCollectingPartnerDetails.py:60} INFO - Connected to source database.
[2025-02-10T06:04:33.823+0000] {1.8.initial_Transaction_TransactionCollectingPartnerDetails.py:64} INFO - Connected to destination database.
[2025-02-10T06:04:34.436+0000] {1.8.initial_Transaction_TransactionCollectingPartnerDetails.py:43} INFO - Destination columns: ['"TransactionId"', '"AdditionalInfo"', '"CollectionTransactionID"', '"PartnerCode"', '"CurrencyCode"', '"DepositAmount"', '"CreatedAt"', '"CreatedBy"', '"CreatedByName"', '"UpdatedAt"', '"UpdatedBy"', '"UpdatedByName"']
[2025-02-10T06:04:34.746+0000] {1.8.initial_Transaction_TransactionCollectingPartnerDetails.py:73} INFO - Destination table truncated.
[2025-02-10T06:04:35.963+0000] {1.8.initial_Transaction_TransactionCollectingPartnerDetails.py:100} INFO - Batchs inserted into TransactionCollectingPartnerDetail table. Rows inserted: 12
[2025-02-10T06:04:37.100+0000] {1.8.initial_Transaction_TransactionCollectingPartnerDetails.py:112} INFO - Data transfer completed successfully and sync details updated.
[2025-02-10T06:04:37.306+0000] {python.py:240} INFO - Done. Returned value was: None
[2025-02-10T06:04:37.325+0000] {taskinstance.py:340} INFO - ::group::Post task execution logs
[2025-02-10T06:04:37.326+0000] {taskinstance.py:352} INFO - Marking task as SUCCESS. dag_id=1.08.initial_TransactionCollectingPartnerDetail, task_id=1.08.initial_TransactionCollectingPartnerDetail, run_id=manual__2025-02-10T06:04:27.570329+00:00, execution_date=20250210T060427, start_date=20250210T060429, end_date=20250210T060437
[2025-02-10T06:04:37.408+0000] {local_task_job_runner.py:266} INFO - Task exited with return code 0
[2025-02-10T06:04:37.432+0000] {taskinstance.py:3895} INFO - 0 downstream tasks scheduled from follow-on schedule check
[2025-02-10T06:04:37.436+0000] {local_task_job_runner.py:245} INFO - ::endgroup::
