[2025-02-10T07:25:45.595+0000] {local_task_job_runner.py:123} INFO - ::group::Pre task execution logs
[2025-02-10T07:25:45.617+0000] {taskinstance.py:2613} INFO - Dependencies all met for dep_context=non-requeueable deps ti=<TaskInstance: 1.09.initial_TransactionGstDetail.1.09.initial_TransactionGstDetail manual__2025-02-10T07:25:44.384875+00:00 [queued]>
[2025-02-10T07:25:45.632+0000] {taskinstance.py:2613} INFO - Dependencies all met for dep_context=requeueable deps ti=<TaskInstance: 1.09.initial_TransactionGstDetail.1.09.initial_TransactionGstDetail manual__2025-02-10T07:25:44.384875+00:00 [queued]>
[2025-02-10T07:25:45.633+0000] {taskinstance.py:2866} INFO - Starting attempt 1 of 1
[2025-02-10T07:25:45.651+0000] {taskinstance.py:2889} INFO - Executing <Task(PythonOperator): 1.09.initial_TransactionGstDetail> on 2025-02-10 07:25:44.384875+00:00
[2025-02-10T07:25:45.663+0000] {warnings.py:112} WARNING - /home/***/.local/lib/python3.12/site-packages/***/task/task_runner/standard_task_runner.py:70: DeprecationWarning: This process (pid=1585) is multi-threaded, use of fork() may lead to deadlocks in the child.
  pid = os.fork()

[2025-02-10T07:25:45.665+0000] {standard_task_runner.py:72} INFO - Started process 1586 to run task
[2025-02-10T07:25:45.665+0000] {standard_task_runner.py:104} INFO - Running: ['***', 'tasks', 'run', '1.09.initial_TransactionGstDetail', '1.09.initial_TransactionGstDetail', 'manual__2025-02-10T07:25:44.384875+00:00', '--job-id', '31', '--raw', '--subdir', 'DAGS_FOLDER/TransactionService/1.9.initial_Transaction_TransactionGstDetails.py', '--cfg-path', '/tmp/tmp61p5gmhv']
[2025-02-10T07:25:45.666+0000] {standard_task_runner.py:105} INFO - Job 31: Subtask 1.09.initial_TransactionGstDetail
[2025-02-10T07:25:45.726+0000] {task_command.py:467} INFO - Running <TaskInstance: 1.09.initial_TransactionGstDetail.1.09.initial_TransactionGstDetail manual__2025-02-10T07:25:44.384875+00:00 [running]> on host f8e600115ac1
[2025-02-10T07:25:45.823+0000] {taskinstance.py:3132} INFO - Exporting env vars: AIRFLOW_CTX_DAG_OWNER='***' AIRFLOW_CTX_DAG_ID='1.09.initial_TransactionGstDetail' AIRFLOW_CTX_TASK_ID='1.09.initial_TransactionGstDetail' AIRFLOW_CTX_EXECUTION_DATE='2025-02-10T07:25:44.384875+00:00' AIRFLOW_CTX_TRY_NUMBER='1' AIRFLOW_CTX_DAG_RUN_ID='manual__2025-02-10T07:25:44.384875+00:00'
[2025-02-10T07:25:45.825+0000] {taskinstance.py:731} INFO - ::endgroup::
[2025-02-10T07:25:45.851+0000] {base.py:84} INFO - Retrieving connection 'TransactionDB_MSSQL'
[2025-02-10T07:25:45.861+0000] {base.py:84} INFO - Retrieving connection 'ReportDB_Postgres'
[2025-02-10T07:25:47.787+0000] {1.9.initial_Transaction_TransactionGstDetails.py:60} INFO - Connected to source database.
[2025-02-10T07:25:48.744+0000] {1.9.initial_Transaction_TransactionGstDetails.py:64} INFO - Connected to destination database.
[2025-02-10T07:25:49.127+0000] {1.9.initial_Transaction_TransactionGstDetails.py:43} INFO - Destination columns: ['"Id"', '"TransactionId"', '"GstCode"', '"ServiceCharge"', '"Gstrate"', '"GstAmount"', '"NetworkServiceCharge"', '"NetworkGstAmount"', '"AgentServiceCharge"', '"AgentGstAmount"', '"IsAgent"', '"IsRegistered"', '"IsDiscounted"', '"DiscountAmount"', '"CreatedAt"', '"UpdatedAt"', '"CreatedBy"', '"CreatedByName"', '"UpdatedBy"', '"UpdatedByName"']
[2025-02-10T07:25:49.322+0000] {1.9.initial_Transaction_TransactionGstDetails.py:73} INFO - Destination table truncated.
[2025-02-10T07:25:49.912+0000] {1.9.initial_Transaction_TransactionGstDetails.py:112} INFO - Data transfer completed successfully and sync details updated.
[2025-02-10T07:25:50.103+0000] {python.py:240} INFO - Done. Returned value was: None
[2025-02-10T07:25:50.118+0000] {taskinstance.py:340} INFO - ::group::Post task execution logs
[2025-02-10T07:25:50.119+0000] {taskinstance.py:352} INFO - Marking task as SUCCESS. dag_id=1.09.initial_TransactionGstDetail, task_id=1.09.initial_TransactionGstDetail, run_id=manual__2025-02-10T07:25:44.384875+00:00, execution_date=20250210T072544, start_date=20250210T072545, end_date=20250210T072550
[2025-02-10T07:25:50.183+0000] {local_task_job_runner.py:266} INFO - Task exited with return code 0
[2025-02-10T07:25:50.207+0000] {taskinstance.py:3895} INFO - 0 downstream tasks scheduled from follow-on schedule check
[2025-02-10T07:25:50.212+0000] {local_task_job_runner.py:245} INFO - ::endgroup::
