[2025-01-08T05:42:42.769+0000] {local_task_job_runner.py:123} INFO - ::group::Pre task execution logs
[2025-01-08T05:42:42.789+0000] {taskinstance.py:2613} INFO - Dependencies all met for dep_context=non-requeueable deps ti=<TaskInstance: 1.6.0.trans_TransactionStatusHistorysdata.transfer_data_task manual__2025-01-08T05:42:40.996599+00:00 [queued]>
[2025-01-08T05:42:42.797+0000] {taskinstance.py:2613} INFO - Dependencies all met for dep_context=requeueable deps ti=<TaskInstance: 1.6.0.trans_TransactionStatusHistorysdata.transfer_data_task manual__2025-01-08T05:42:40.996599+00:00 [queued]>
[2025-01-08T05:42:42.798+0000] {taskinstance.py:2866} INFO - Starting attempt 1 of 2
[2025-01-08T05:42:42.813+0000] {taskinstance.py:2889} INFO - Executing <Task(PythonOperator): transfer_data_task> on 2025-01-08 05:42:40.996599+00:00
[2025-01-08T05:42:42.819+0000] {warnings.py:112} WARNING - /home/***/.local/lib/python3.12/site-packages/***/task/task_runner/standard_task_runner.py:70: DeprecationWarning: This process (pid=220) is multi-threaded, use of fork() may lead to deadlocks in the child.
  pid = os.fork()

[2025-01-08T05:42:42.820+0000] {standard_task_runner.py:72} INFO - Started process 221 to run task
[2025-01-08T05:42:42.821+0000] {standard_task_runner.py:104} INFO - Running: ['***', 'tasks', 'run', '1.6.0.trans_TransactionStatusHistorysdata', 'transfer_data_task', 'manual__2025-01-08T05:42:40.996599+00:00', '--job-id', '18', '--raw', '--subdir', 'DAGS_FOLDER/TransactionService/1.6.initial_Transaction_TransactionHistory.py', '--cfg-path', '/tmp/tmpkramcd99']
[2025-01-08T05:42:42.822+0000] {standard_task_runner.py:105} INFO - Job 18: Subtask transfer_data_task
[2025-01-08T05:42:42.876+0000] {task_command.py:467} INFO - Running <TaskInstance: 1.6.0.trans_TransactionStatusHistorysdata.transfer_data_task manual__2025-01-08T05:42:40.996599+00:00 [running]> on host 140af152fc10
[2025-01-08T05:42:42.956+0000] {taskinstance.py:3132} INFO - Exporting env vars: AIRFLOW_CTX_DAG_OWNER='***' AIRFLOW_CTX_DAG_ID='1.6.0.trans_TransactionStatusHistorysdata' AIRFLOW_CTX_TASK_ID='transfer_data_task' AIRFLOW_CTX_EXECUTION_DATE='2025-01-08T05:42:40.996599+00:00' AIRFLOW_CTX_TRY_NUMBER='1' AIRFLOW_CTX_DAG_RUN_ID='manual__2025-01-08T05:42:40.996599+00:00'
[2025-01-08T05:42:42.957+0000] {taskinstance.py:731} INFO - ::endgroup::
[2025-01-08T05:42:42.999+0000] {base.py:84} INFO - Retrieving connection 'Transaction_db_connection'
[2025-01-08T05:42:45.088+0000] {logging_mixin.py:190} INFO - source_conn: connected to source db
[2025-01-08T05:42:45.099+0000] {base.py:84} INFO - Retrieving connection 'Report_db_connection'
[2025-01-08T05:42:45.158+0000] {logging_mixin.py:190} INFO - dest_conn: connected to destination db
[2025-01-08T05:42:45.375+0000] {logging_mixin.py:190} INFO - "Id", "Status", "Remarks", "TransactionId", "CreatedAt", "CreatedBy", "CreatedByName", "UpdatedAt", "UpdatedBy", "UpdatedByName"
[2025-01-08T05:42:45.380+0000] {1.6.initial_Transaction_TransactionHistory.py:79} INFO - Deleting existing row for userid: 5E99AC58-9245-45C2-8705-A5256EACFA22
[2025-01-08T05:42:45.382+0000] {1.6.initial_Transaction_TransactionHistory.py:87} INFO - Executing INSERT query with values ('5E99AC58-9245-45C2-8705-A5256EACFA22', 1, 'Transaction Collection', '0133BDC2-E69B-493F-A90C-8E6F2085A827', datetime.datetime(2025, 1, 2, 18, 4, 17, 153000), '46072126-5a01-49e3-8a01-9b82c322764a', 'MANOJ_P', datetime.datetime(2025, 1, 2, 18, 4, 17, 153000), None, None)
[2025-01-08T05:42:45.392+0000] {1.6.initial_Transaction_TransactionHistory.py:101} INFO - Data transfer completed successfully and sync details updated.
[2025-01-08T05:42:45.394+0000] {1.6.initial_Transaction_TransactionHistory.py:79} INFO - Deleting existing row for userid: DD25F3BE-D81B-4998-BF00-8EC10479FA90
[2025-01-08T05:42:45.397+0000] {1.6.initial_Transaction_TransactionHistory.py:87} INFO - Executing INSERT query with values ('DD25F3BE-D81B-4998-BF00-8EC10479FA90', 1, 'Transaction Collection', '31DB0130-6A51-49D8-A0F1-72F1955D4BC6', datetime.datetime(2025, 1, 2, 19, 30, 26, 823000), 'f9b6b412-868c-4354-bc49-6e833d9ab7a2', 'branchuser100', datetime.datetime(2025, 1, 2, 19, 30, 26, 823000), None, None)
[2025-01-08T05:42:45.405+0000] {1.6.initial_Transaction_TransactionHistory.py:101} INFO - Data transfer completed successfully and sync details updated.
[2025-01-08T05:42:45.409+0000] {1.6.initial_Transaction_TransactionHistory.py:79} INFO - Deleting existing row for userid: D9044DD6-64B6-441B-8634-9EC4C1DAB23A
[2025-01-08T05:42:45.411+0000] {1.6.initial_Transaction_TransactionHistory.py:87} INFO - Executing INSERT query with values ('D9044DD6-64B6-441B-8634-9EC4C1DAB23A', 1, 'Transaction Collection', '22E7049E-C379-49D5-ADFB-7A569452A2D1', datetime.datetime(2025, 1, 2, 23, 41, 13, 750000), '46072126-5a01-49e3-8a01-9b82c322764a', 'MANOJ_P', datetime.datetime(2025, 1, 2, 23, 41, 13, 750000), None, None)
[2025-01-08T05:42:45.419+0000] {1.6.initial_Transaction_TransactionHistory.py:101} INFO - Data transfer completed successfully and sync details updated.
[2025-01-08T05:42:45.422+0000] {1.6.initial_Transaction_TransactionHistory.py:79} INFO - Deleting existing row for userid: 3029D872-4F64-44AA-A0DB-9178586A64BD
[2025-01-08T05:42:45.424+0000] {1.6.initial_Transaction_TransactionHistory.py:87} INFO - Executing INSERT query with values ('3029D872-4F64-44AA-A0DB-9178586A64BD', 2, 'Transaction Approved', '0133BDC2-E69B-493F-A90C-8E6F2085A827', datetime.datetime(2025, 1, 3, 3, 7, 9, 847000), None, 'branchuser100', datetime.datetime(2025, 1, 3, 3, 7, 9, 847000), None, None)
[2025-01-08T05:42:45.430+0000] {1.6.initial_Transaction_TransactionHistory.py:101} INFO - Data transfer completed successfully and sync details updated.
[2025-01-08T05:42:45.432+0000] {1.6.initial_Transaction_TransactionHistory.py:79} INFO - Deleting existing row for userid: F00C8154-C10E-46DC-9EC4-C4F85FFCC2FC
[2025-01-08T05:42:45.434+0000] {1.6.initial_Transaction_TransactionHistory.py:87} INFO - Executing INSERT query with values ('F00C8154-C10E-46DC-9EC4-C4F85FFCC2FC', 2, 'Transaction Approved', '0133BDC2-E69B-493F-A90C-8E6F2085A827', datetime.datetime(2025, 1, 3, 13, 45, 35, 117000), None, '', datetime.datetime(2025, 1, 3, 13, 45, 35, 117000), None, None)
[2025-01-08T05:42:45.439+0000] {1.6.initial_Transaction_TransactionHistory.py:101} INFO - Data transfer completed successfully and sync details updated.
[2025-01-08T05:42:45.441+0000] {1.6.initial_Transaction_TransactionHistory.py:79} INFO - Deleting existing row for userid: FC8A737C-9B39-4F71-A784-11F5AC3322AA
[2025-01-08T05:42:45.443+0000] {1.6.initial_Transaction_TransactionHistory.py:87} INFO - Executing INSERT query with values ('FC8A737C-9B39-4F71-A784-11F5AC3322AA', 3, 'Not registered', '0133BDC2-E69B-493F-A90C-8E6F2085A827', datetime.datetime(2025, 1, 3, 13, 47, 5, 60000), None, '12ee8a95-234e-4e92-bf02-57bf162d7348', datetime.datetime(2025, 1, 3, 13, 47, 5, 60000), None, None)
[2025-01-08T05:42:45.448+0000] {1.6.initial_Transaction_TransactionHistory.py:101} INFO - Data transfer completed successfully and sync details updated.
[2025-01-08T05:42:45.451+0000] {1.6.initial_Transaction_TransactionHistory.py:79} INFO - Deleting existing row for userid: A3EEF7F0-5BF3-41D5-8427-4B44F608DE28
[2025-01-08T05:42:45.454+0000] {1.6.initial_Transaction_TransactionHistory.py:87} INFO - Executing INSERT query with values ('A3EEF7F0-5BF3-41D5-8427-4B44F608DE28', 1, 'Transaction Collection', '03145536-885B-4D00-88DC-5E22E36745A5', datetime.datetime(2025, 1, 3, 13, 55, 25, 517000), 'ec39ef6c-ea9d-41a7-b2f8-5c8fe559cb4b', 'hariroka', datetime.datetime(2025, 1, 3, 13, 55, 25, 517000), None, None)
[2025-01-08T05:42:45.463+0000] {1.6.initial_Transaction_TransactionHistory.py:101} INFO - Data transfer completed successfully and sync details updated.
[2025-01-08T05:42:45.465+0000] {1.6.initial_Transaction_TransactionHistory.py:79} INFO - Deleting existing row for userid: 69B2A57A-7E9B-4249-BA83-5868EC5D2D4F
[2025-01-08T05:42:45.467+0000] {1.6.initial_Transaction_TransactionHistory.py:87} INFO - Executing INSERT query with values ('69B2A57A-7E9B-4249-BA83-5868EC5D2D4F', 1, 'Transaction Collection', '5670BDC2-8A8C-4377-BF11-82995486329E', datetime.datetime(2025, 1, 3, 14, 2, 40, 690000), '46072126-5a01-49e3-8a01-9b82c322764a', 'MANOJ_P', datetime.datetime(2025, 1, 3, 14, 2, 40, 690000), None, None)
[2025-01-08T05:42:45.475+0000] {1.6.initial_Transaction_TransactionHistory.py:101} INFO - Data transfer completed successfully and sync details updated.
[2025-01-08T05:42:45.477+0000] {1.6.initial_Transaction_TransactionHistory.py:79} INFO - Deleting existing row for userid: 681FA912-92D0-40A7-A780-6E190BE3E49D
[2025-01-08T05:42:45.481+0000] {1.6.initial_Transaction_TransactionHistory.py:87} INFO - Executing INSERT query with values ('681FA912-92D0-40A7-A780-6E190BE3E49D', 2, 'Transaction Approved', '0133BDC2-E69B-493F-A90C-8E6F2085A827', datetime.datetime(2025, 1, 3, 14, 5, 53, 283000), None, '', datetime.datetime(2025, 1, 3, 14, 5, 53, 283000), None, None)
[2025-01-08T05:42:45.490+0000] {1.6.initial_Transaction_TransactionHistory.py:101} INFO - Data transfer completed successfully and sync details updated.
[2025-01-08T05:42:45.494+0000] {1.6.initial_Transaction_TransactionHistory.py:79} INFO - Deleting existing row for userid: 5DAFCE93-E8C2-4347-9CDD-C2BD4D8C16C1
[2025-01-08T05:42:45.496+0000] {1.6.initial_Transaction_TransactionHistory.py:87} INFO - Executing INSERT query with values ('5DAFCE93-E8C2-4347-9CDD-C2BD4D8C16C1', 2, 'Transaction Approved', '0133BDC2-E69B-493F-A90C-8E6F2085A827', datetime.datetime(2025, 1, 3, 14, 6, 18, 860000), None, '', datetime.datetime(2025, 1, 3, 14, 6, 18, 860000), None, None)
[2025-01-08T05:42:45.504+0000] {1.6.initial_Transaction_TransactionHistory.py:101} INFO - Data transfer completed successfully and sync details updated.
[2025-01-08T05:42:45.507+0000] {1.6.initial_Transaction_TransactionHistory.py:79} INFO - Deleting existing row for userid: 0512829B-3603-4941-8E2E-FE38C153A6A3
[2025-01-08T05:42:45.508+0000] {1.6.initial_Transaction_TransactionHistory.py:87} INFO - Executing INSERT query with values ('0512829B-3603-4941-8E2E-FE38C153A6A3', 2, 'Transaction Approved', '31DB0130-6A51-49D8-A0F1-72F1955D4BC6', datetime.datetime(2025, 1, 3, 14, 14, 22, 450000), None, '12ee8a95-234e-4e92-bf02-57bf162d7348', datetime.datetime(2025, 1, 3, 14, 14, 22, 450000), None, None)
[2025-01-08T05:42:45.514+0000] {1.6.initial_Transaction_TransactionHistory.py:101} INFO - Data transfer completed successfully and sync details updated.
[2025-01-08T05:42:45.517+0000] {1.6.initial_Transaction_TransactionHistory.py:79} INFO - Deleting existing row for userid: 7DA97E53-EE3C-4B90-BEC0-EF29F64DA683
[2025-01-08T05:42:45.520+0000] {1.6.initial_Transaction_TransactionHistory.py:87} INFO - Executing INSERT query with values ('7DA97E53-EE3C-4B90-BEC0-EF29F64DA683', 2, 'Transaction Approved', '31DB0130-6A51-49D8-A0F1-72F1955D4BC6', datetime.datetime(2025, 1, 3, 15, 42, 47, 280000), None, '12ee8a95-234e-4e92-bf02-57bf162d7348', datetime.datetime(2025, 1, 3, 15, 42, 47, 280000), None, None)
[2025-01-08T05:42:45.526+0000] {1.6.initial_Transaction_TransactionHistory.py:101} INFO - Data transfer completed successfully and sync details updated.
[2025-01-08T05:42:45.528+0000] {1.6.initial_Transaction_TransactionHistory.py:79} INFO - Deleting existing row for userid: B6C72233-6931-4F64-81F0-51BA7508C104
[2025-01-08T05:42:45.530+0000] {1.6.initial_Transaction_TransactionHistory.py:87} INFO - Executing INSERT query with values ('B6C72233-6931-4F64-81F0-51BA7508C104', 1, 'Transaction Collection', 'D2F76A58-74EF-4D46-919B-A7D2BB0A1599', datetime.datetime(2025, 1, 3, 15, 44, 23, 283000), 'ec39ef6c-ea9d-41a7-b2f8-5c8fe559cb4b', 'hariroka', datetime.datetime(2025, 1, 3, 15, 44, 23, 283000), None, None)
[2025-01-08T05:42:45.536+0000] {1.6.initial_Transaction_TransactionHistory.py:101} INFO - Data transfer completed successfully and sync details updated.
[2025-01-08T05:42:45.539+0000] {1.6.initial_Transaction_TransactionHistory.py:79} INFO - Deleting existing row for userid: 6A67C533-5037-4A0A-BD6A-F9FEC10B959B
[2025-01-08T05:42:45.541+0000] {1.6.initial_Transaction_TransactionHistory.py:87} INFO - Executing INSERT query with values ('6A67C533-5037-4A0A-BD6A-F9FEC10B959B', 3, 'Registered Check ', '31DB0130-6A51-49D8-A0F1-72F1955D4BC6', datetime.datetime(2025, 1, 3, 15, 45, 13, 210000), None, '12ee8a95-234e-4e92-bf02-57bf162d7348', datetime.datetime(2025, 1, 3, 15, 45, 13, 210000), None, None)
[2025-01-08T05:42:45.549+0000] {1.6.initial_Transaction_TransactionHistory.py:101} INFO - Data transfer completed successfully and sync details updated.
[2025-01-08T05:42:45.552+0000] {1.6.initial_Transaction_TransactionHistory.py:79} INFO - Deleting existing row for userid: B33C28A3-C3EB-4D86-A4D5-9EE0E8993ED1
[2025-01-08T05:42:45.555+0000] {1.6.initial_Transaction_TransactionHistory.py:87} INFO - Executing INSERT query with values ('B33C28A3-C3EB-4D86-A4D5-9EE0E8993ED1', 2, 'Transaction Approved', '03145536-885B-4D00-88DC-5E22E36745A5', datetime.datetime(2025, 1, 3, 15, 46, 49, 197000), None, '', datetime.datetime(2025, 1, 3, 15, 46, 49, 197000), None, None)
[2025-01-08T05:42:45.565+0000] {1.6.initial_Transaction_TransactionHistory.py:101} INFO - Data transfer completed successfully and sync details updated.
[2025-01-08T05:42:45.568+0000] {1.6.initial_Transaction_TransactionHistory.py:79} INFO - Deleting existing row for userid: CCC5594E-0171-41AB-BBCD-00349E4EAB62
[2025-01-08T05:42:45.572+0000] {1.6.initial_Transaction_TransactionHistory.py:87} INFO - Executing INSERT query with values ('CCC5594E-0171-41AB-BBCD-00349E4EAB62', 2, 'Transaction Approved', '03145536-885B-4D00-88DC-5E22E36745A5', datetime.datetime(2025, 1, 3, 15, 50, 47, 160000), None, '', datetime.datetime(2025, 1, 3, 15, 50, 47, 160000), None, None)
[2025-01-08T05:42:45.579+0000] {1.6.initial_Transaction_TransactionHistory.py:101} INFO - Data transfer completed successfully and sync details updated.
[2025-01-08T05:42:45.581+0000] {1.6.initial_Transaction_TransactionHistory.py:79} INFO - Deleting existing row for userid: A52AA92C-1EEB-4D32-B79C-F4CAF0E3CD55
[2025-01-08T05:42:45.582+0000] {1.6.initial_Transaction_TransactionHistory.py:87} INFO - Executing INSERT query with values ('A52AA92C-1EEB-4D32-B79C-F4CAF0E3CD55', 2, 'Transaction Approved', '03145536-885B-4D00-88DC-5E22E36745A5', datetime.datetime(2025, 1, 3, 16, 4, 18, 357000), None, '', datetime.datetime(2025, 1, 3, 16, 4, 18, 357000), None, None)
[2025-01-08T05:42:45.590+0000] {1.6.initial_Transaction_TransactionHistory.py:101} INFO - Data transfer completed successfully and sync details updated.
[2025-01-08T05:42:45.592+0000] {1.6.initial_Transaction_TransactionHistory.py:79} INFO - Deleting existing row for userid: 216A7C91-AF80-4CD8-89C5-1C684C7554F5
[2025-01-08T05:42:45.594+0000] {1.6.initial_Transaction_TransactionHistory.py:87} INFO - Executing INSERT query with values ('216A7C91-AF80-4CD8-89C5-1C684C7554F5', 2, 'Transaction Approved', '03145536-885B-4D00-88DC-5E22E36745A5', datetime.datetime(2025, 1, 3, 16, 6, 26, 957000), None, '', datetime.datetime(2025, 1, 3, 16, 6, 26, 957000), None, None)
[2025-01-08T05:42:45.600+0000] {1.6.initial_Transaction_TransactionHistory.py:101} INFO - Data transfer completed successfully and sync details updated.
[2025-01-08T05:42:45.602+0000] {1.6.initial_Transaction_TransactionHistory.py:79} INFO - Deleting existing row for userid: 91023966-0748-46D0-BC61-5BD7F8923FEC
[2025-01-08T05:42:45.604+0000] {1.6.initial_Transaction_TransactionHistory.py:87} INFO - Executing INSERT query with values ('91023966-0748-46D0-BC61-5BD7F8923FEC', 2, 'Transaction Approved', '03145536-885B-4D00-88DC-5E22E36745A5', datetime.datetime(2025, 1, 3, 16, 8, 15, 100000), None, '', datetime.datetime(2025, 1, 3, 16, 8, 15, 100000), None, None)
[2025-01-08T05:42:45.610+0000] {1.6.initial_Transaction_TransactionHistory.py:101} INFO - Data transfer completed successfully and sync details updated.
[2025-01-08T05:42:45.612+0000] {1.6.initial_Transaction_TransactionHistory.py:79} INFO - Deleting existing row for userid: 18339CAB-D476-45F9-98A6-B9D75ED1E8B9
[2025-01-08T05:42:45.614+0000] {1.6.initial_Transaction_TransactionHistory.py:87} INFO - Executing INSERT query with values ('18339CAB-D476-45F9-98A6-B9D75ED1E8B9', 2, 'Transaction Approved', '03145536-885B-4D00-88DC-5E22E36745A5', datetime.datetime(2025, 1, 3, 16, 10, 51, 623000), None, '', datetime.datetime(2025, 1, 3, 16, 10, 51, 623000), None, None)
[2025-01-08T05:42:45.626+0000] {1.6.initial_Transaction_TransactionHistory.py:101} INFO - Data transfer completed successfully and sync details updated.
[2025-01-08T05:42:45.629+0000] {1.6.initial_Transaction_TransactionHistory.py:79} INFO - Deleting existing row for userid: 434AD5E2-87BF-4DC4-9166-C9FA55CD9D45
[2025-01-08T05:42:45.631+0000] {1.6.initial_Transaction_TransactionHistory.py:87} INFO - Executing INSERT query with values ('434AD5E2-87BF-4DC4-9166-C9FA55CD9D45', 1, 'Transaction Collection', 'ADE061E7-8700-4DBF-820F-628D3EF7113B', datetime.datetime(2025, 1, 3, 16, 14, 5, 647000), 'ec39ef6c-ea9d-41a7-b2f8-5c8fe559cb4b', 'hariroka', datetime.datetime(2025, 1, 3, 16, 14, 5, 647000), None, None)
[2025-01-08T05:42:45.639+0000] {1.6.initial_Transaction_TransactionHistory.py:101} INFO - Data transfer completed successfully and sync details updated.
[2025-01-08T05:42:45.642+0000] {1.6.initial_Transaction_TransactionHistory.py:79} INFO - Deleting existing row for userid: 326DF125-AEFB-4CBB-96A1-7E411E83AA08
[2025-01-08T05:42:45.644+0000] {1.6.initial_Transaction_TransactionHistory.py:87} INFO - Executing INSERT query with values ('326DF125-AEFB-4CBB-96A1-7E411E83AA08', 2, 'Transaction Approved', '03145536-885B-4D00-88DC-5E22E36745A5', datetime.datetime(2025, 1, 3, 16, 21, 41, 767000), None, '', datetime.datetime(2025, 1, 3, 16, 21, 41, 767000), None, None)
[2025-01-08T05:42:45.652+0000] {1.6.initial_Transaction_TransactionHistory.py:101} INFO - Data transfer completed successfully and sync details updated.
[2025-01-08T05:42:45.660+0000] {1.6.initial_Transaction_TransactionHistory.py:79} INFO - Deleting existing row for userid: 80F1FD46-917D-4F6E-ACD2-8C4E5DF8D4FF
[2025-01-08T05:42:45.663+0000] {1.6.initial_Transaction_TransactionHistory.py:87} INFO - Executing INSERT query with values ('80F1FD46-917D-4F6E-ACD2-8C4E5DF8D4FF', 2, 'Transaction Approved', '03145536-885B-4D00-88DC-5E22E36745A5', datetime.datetime(2025, 1, 3, 16, 24, 4, 310000), None, '', datetime.datetime(2025, 1, 3, 16, 24, 4, 310000), None, None)
[2025-01-08T05:42:45.671+0000] {1.6.initial_Transaction_TransactionHistory.py:101} INFO - Data transfer completed successfully and sync details updated.
[2025-01-08T05:42:45.677+0000] {1.6.initial_Transaction_TransactionHistory.py:79} INFO - Deleting existing row for userid: FEC70AD4-82C0-4F35-8768-9296DCBA72AF
[2025-01-08T05:42:45.680+0000] {1.6.initial_Transaction_TransactionHistory.py:87} INFO - Executing INSERT query with values ('FEC70AD4-82C0-4F35-8768-9296DCBA72AF', 2, 'Transaction Approved', '03145536-885B-4D00-88DC-5E22E36745A5', datetime.datetime(2025, 1, 3, 16, 55, 40, 880000), None, '', datetime.datetime(2025, 1, 3, 16, 55, 40, 880000), None, None)
[2025-01-08T05:42:45.688+0000] {1.6.initial_Transaction_TransactionHistory.py:101} INFO - Data transfer completed successfully and sync details updated.
[2025-01-08T05:42:45.692+0000] {1.6.initial_Transaction_TransactionHistory.py:79} INFO - Deleting existing row for userid: 41285931-3D4C-448D-9B41-9C76661191F9
[2025-01-08T05:42:45.695+0000] {1.6.initial_Transaction_TransactionHistory.py:87} INFO - Executing INSERT query with values ('41285931-3D4C-448D-9B41-9C76661191F9', 2, 'Transaction Approved', '03145536-885B-4D00-88DC-5E22E36745A5', datetime.datetime(2025, 1, 3, 16, 58, 27, 410000), None, '', datetime.datetime(2025, 1, 3, 16, 58, 27, 410000), None, None)
[2025-01-08T05:42:45.708+0000] {1.6.initial_Transaction_TransactionHistory.py:101} INFO - Data transfer completed successfully and sync details updated.
[2025-01-08T05:42:45.712+0000] {1.6.initial_Transaction_TransactionHistory.py:79} INFO - Deleting existing row for userid: 70188FD3-00E4-48C8-AE41-69EE50F7201E
[2025-01-08T05:42:45.715+0000] {1.6.initial_Transaction_TransactionHistory.py:87} INFO - Executing INSERT query with values ('70188FD3-00E4-48C8-AE41-69EE50F7201E', 1, 'Transaction Collection', '4968D832-28A0-4FC7-87CB-A77F0313BC1B', datetime.datetime(2025, 1, 3, 17, 4, 16, 847000), 'ec39ef6c-ea9d-41a7-b2f8-5c8fe559cb4b', 'hariroka', datetime.datetime(2025, 1, 3, 17, 4, 16, 847000), None, None)
[2025-01-08T05:42:45.727+0000] {1.6.initial_Transaction_TransactionHistory.py:101} INFO - Data transfer completed successfully and sync details updated.
[2025-01-08T05:42:45.731+0000] {1.6.initial_Transaction_TransactionHistory.py:79} INFO - Deleting existing row for userid: 3E8BBFBF-C95B-4EDF-BFCC-6C7C13E4DC9F
[2025-01-08T05:42:45.734+0000] {1.6.initial_Transaction_TransactionHistory.py:87} INFO - Executing INSERT query with values ('3E8BBFBF-C95B-4EDF-BFCC-6C7C13E4DC9F', 1, 'Transaction Collection', '776CE83E-7CB4-4D62-94C7-4391D3D717C2', datetime.datetime(2025, 1, 3, 17, 11, 53, 970000), 'ec39ef6c-ea9d-41a7-b2f8-5c8fe559cb4b', 'hariroka', datetime.datetime(2025, 1, 3, 17, 11, 53, 970000), None, None)
[2025-01-08T05:42:45.749+0000] {1.6.initial_Transaction_TransactionHistory.py:101} INFO - Data transfer completed successfully and sync details updated.
[2025-01-08T05:42:45.759+0000] {1.6.initial_Transaction_TransactionHistory.py:79} INFO - Deleting existing row for userid: 49E07F90-75E4-4BD0-AFA2-1B5F3C7D6BFB
[2025-01-08T05:42:45.761+0000] {1.6.initial_Transaction_TransactionHistory.py:87} INFO - Executing INSERT query with values ('49E07F90-75E4-4BD0-AFA2-1B5F3C7D6BFB', 2, 'Transaction Approved', '03145536-885B-4D00-88DC-5E22E36745A5', datetime.datetime(2025, 1, 3, 17, 16, 55, 203000), None, '', datetime.datetime(2025, 1, 3, 17, 16, 55, 203000), None, None)
[2025-01-08T05:42:45.775+0000] {1.6.initial_Transaction_TransactionHistory.py:101} INFO - Data transfer completed successfully and sync details updated.
[2025-01-08T05:42:45.780+0000] {1.6.initial_Transaction_TransactionHistory.py:79} INFO - Deleting existing row for userid: B79D77DA-5C5E-4B31-935C-2778C90655CB
[2025-01-08T05:42:45.783+0000] {1.6.initial_Transaction_TransactionHistory.py:87} INFO - Executing INSERT query with values ('B79D77DA-5C5E-4B31-935C-2778C90655CB', 2, 'Transaction Approved', '03145536-885B-4D00-88DC-5E22E36745A5', datetime.datetime(2025, 1, 3, 17, 18, 46, 723000), None, '', datetime.datetime(2025, 1, 3, 17, 18, 46, 723000), None, None)
[2025-01-08T05:42:45.796+0000] {1.6.initial_Transaction_TransactionHistory.py:101} INFO - Data transfer completed successfully and sync details updated.
[2025-01-08T05:42:45.800+0000] {1.6.initial_Transaction_TransactionHistory.py:79} INFO - Deleting existing row for userid: DB51D108-55FA-438F-B9A5-77F8CF0B6F4C
[2025-01-08T05:42:45.807+0000] {1.6.initial_Transaction_TransactionHistory.py:87} INFO - Executing INSERT query with values ('DB51D108-55FA-438F-B9A5-77F8CF0B6F4C', 2, 'Transaction Approved', '03145536-885B-4D00-88DC-5E22E36745A5', datetime.datetime(2025, 1, 3, 17, 21, 47, 33000), None, '', datetime.datetime(2025, 1, 3, 17, 21, 47, 33000), None, None)
[2025-01-08T05:42:45.829+0000] {1.6.initial_Transaction_TransactionHistory.py:101} INFO - Data transfer completed successfully and sync details updated.
[2025-01-08T05:42:45.847+0000] {1.6.initial_Transaction_TransactionHistory.py:79} INFO - Deleting existing row for userid: 117DEA01-43CD-41C9-98AE-4F0653134038
[2025-01-08T05:42:45.850+0000] {1.6.initial_Transaction_TransactionHistory.py:87} INFO - Executing INSERT query with values ('117DEA01-43CD-41C9-98AE-4F0653134038', 1, 'Transaction Collection', 'F5590F05-DEF0-4DD0-ABE0-1016C7A2E377', datetime.datetime(2025, 1, 3, 17, 22, 28, 77000), 'ec39ef6c-ea9d-41a7-b2f8-5c8fe559cb4b', 'hariroka', datetime.datetime(2025, 1, 3, 17, 22, 28, 77000), None, None)
[2025-01-08T05:42:45.874+0000] {1.6.initial_Transaction_TransactionHistory.py:101} INFO - Data transfer completed successfully and sync details updated.
[2025-01-08T05:42:45.878+0000] {1.6.initial_Transaction_TransactionHistory.py:79} INFO - Deleting existing row for userid: 0E3514E8-03DC-432E-9085-77014FD04EBC
[2025-01-08T05:42:45.881+0000] {1.6.initial_Transaction_TransactionHistory.py:87} INFO - Executing INSERT query with values ('0E3514E8-03DC-432E-9085-77014FD04EBC', 2, 'Transaction Approved', '03145536-885B-4D00-88DC-5E22E36745A5', datetime.datetime(2025, 1, 3, 17, 24, 27, 650000), None, '', datetime.datetime(2025, 1, 3, 17, 24, 27, 650000), None, None)
[2025-01-08T05:42:45.893+0000] {1.6.initial_Transaction_TransactionHistory.py:101} INFO - Data transfer completed successfully and sync details updated.
[2025-01-08T05:42:45.899+0000] {1.6.initial_Transaction_TransactionHistory.py:79} INFO - Deleting existing row for userid: A09AD235-68F5-4C33-8EEB-BC0D994E7AF6
[2025-01-08T05:42:45.904+0000] {1.6.initial_Transaction_TransactionHistory.py:87} INFO - Executing INSERT query with values ('A09AD235-68F5-4C33-8EEB-BC0D994E7AF6', 1, 'Transaction Collection', '1245BDD6-3DFA-46DA-BD4F-C52A3CC12E57', datetime.datetime(2025, 1, 3, 17, 24, 44, 207000), 'ec39ef6c-ea9d-41a7-b2f8-5c8fe559cb4b', 'hariroka', datetime.datetime(2025, 1, 3, 17, 24, 44, 207000), None, None)
[2025-01-08T05:42:45.925+0000] {1.6.initial_Transaction_TransactionHistory.py:101} INFO - Data transfer completed successfully and sync details updated.
[2025-01-08T05:42:45.931+0000] {1.6.initial_Transaction_TransactionHistory.py:79} INFO - Deleting existing row for userid: 61921295-961F-4E8A-B62B-3D7C0C7600EF
[2025-01-08T05:42:45.937+0000] {1.6.initial_Transaction_TransactionHistory.py:87} INFO - Executing INSERT query with values ('61921295-961F-4E8A-B62B-3D7C0C7600EF', 1, 'Transaction Collection', 'D55A2F01-ADB4-4E6A-9CEF-85EC3D6F913A', datetime.datetime(2025, 1, 3, 17, 27, 11, 957000), 'ec39ef6c-ea9d-41a7-b2f8-5c8fe559cb4b', 'hariroka', datetime.datetime(2025, 1, 3, 17, 27, 11, 957000), None, None)
[2025-01-08T05:42:45.953+0000] {1.6.initial_Transaction_TransactionHistory.py:101} INFO - Data transfer completed successfully and sync details updated.
[2025-01-08T05:42:45.958+0000] {1.6.initial_Transaction_TransactionHistory.py:79} INFO - Deleting existing row for userid: 3CF95EB5-D0CA-4AB6-8B53-C07557A26EDD
[2025-01-08T05:42:45.961+0000] {1.6.initial_Transaction_TransactionHistory.py:87} INFO - Executing INSERT query with values ('3CF95EB5-D0CA-4AB6-8B53-C07557A26EDD', 1, 'Transaction Collection', '8D4ACAD8-5973-4B40-B7ED-7B6874722681', datetime.datetime(2025, 1, 3, 17, 29, 58, 120000), 'ec39ef6c-ea9d-41a7-b2f8-5c8fe559cb4b', 'hariroka', datetime.datetime(2025, 1, 3, 17, 29, 58, 120000), None, None)
[2025-01-08T05:42:45.970+0000] {1.6.initial_Transaction_TransactionHistory.py:101} INFO - Data transfer completed successfully and sync details updated.
[2025-01-08T05:42:45.976+0000] {1.6.initial_Transaction_TransactionHistory.py:79} INFO - Deleting existing row for userid: 70A3CD31-F700-4DD4-B816-DCEACA796042
[2025-01-08T05:42:45.978+0000] {1.6.initial_Transaction_TransactionHistory.py:87} INFO - Executing INSERT query with values ('70A3CD31-F700-4DD4-B816-DCEACA796042', 2, 'Transaction Approved', '03145536-885B-4D00-88DC-5E22E36745A5', datetime.datetime(2025, 1, 3, 17, 32, 14, 590000), None, '', datetime.datetime(2025, 1, 3, 17, 32, 14, 590000), None, None)
[2025-01-08T05:42:45.990+0000] {1.6.initial_Transaction_TransactionHistory.py:101} INFO - Data transfer completed successfully and sync details updated.
[2025-01-08T05:42:45.993+0000] {1.6.initial_Transaction_TransactionHistory.py:79} INFO - Deleting existing row for userid: 322808A8-C811-4B8B-9E5A-115EF4A756C1
[2025-01-08T05:42:45.996+0000] {1.6.initial_Transaction_TransactionHistory.py:87} INFO - Executing INSERT query with values ('322808A8-C811-4B8B-9E5A-115EF4A756C1', 2, 'Transaction Approved', '03145536-885B-4D00-88DC-5E22E36745A5', datetime.datetime(2025, 1, 3, 17, 32, 36, 853000), None, '', datetime.datetime(2025, 1, 3, 17, 32, 36, 853000), None, None)
[2025-01-08T05:42:46.011+0000] {1.6.initial_Transaction_TransactionHistory.py:101} INFO - Data transfer completed successfully and sync details updated.
[2025-01-08T05:42:46.015+0000] {1.6.initial_Transaction_TransactionHistory.py:79} INFO - Deleting existing row for userid: F5879BC8-14FA-4C90-91BC-BF42F8158911
[2025-01-08T05:42:46.018+0000] {1.6.initial_Transaction_TransactionHistory.py:87} INFO - Executing INSERT query with values ('F5879BC8-14FA-4C90-91BC-BF42F8158911', 2, 'Transaction Approved', '03145536-885B-4D00-88DC-5E22E36745A5', datetime.datetime(2025, 1, 3, 17, 35, 25, 533000), None, '', datetime.datetime(2025, 1, 3, 17, 35, 25, 533000), None, None)
[2025-01-08T05:42:46.031+0000] {1.6.initial_Transaction_TransactionHistory.py:101} INFO - Data transfer completed successfully and sync details updated.
[2025-01-08T05:42:46.035+0000] {1.6.initial_Transaction_TransactionHistory.py:79} INFO - Deleting existing row for userid: 19D7612A-699E-4CF8-943E-4862BB0BECCE
[2025-01-08T05:42:46.037+0000] {1.6.initial_Transaction_TransactionHistory.py:87} INFO - Executing INSERT query with values ('19D7612A-699E-4CF8-943E-4862BB0BECCE', 1, 'Transaction Collection', '75F14CD6-8DD9-4F4B-A72A-4D890B0FCF3C', datetime.datetime(2025, 1, 3, 17, 43, 47, 967000), 'ec39ef6c-ea9d-41a7-b2f8-5c8fe559cb4b', 'hariroka', datetime.datetime(2025, 1, 3, 17, 43, 47, 967000), None, None)
[2025-01-08T05:42:46.048+0000] {1.6.initial_Transaction_TransactionHistory.py:101} INFO - Data transfer completed successfully and sync details updated.
[2025-01-08T05:42:46.051+0000] {1.6.initial_Transaction_TransactionHistory.py:79} INFO - Deleting existing row for userid: 10DA541D-5614-4531-A796-3AD531DD843D
[2025-01-08T05:42:46.054+0000] {1.6.initial_Transaction_TransactionHistory.py:87} INFO - Executing INSERT query with values ('10DA541D-5614-4531-A796-3AD531DD843D', 2, 'Transaction Approved', '03145536-885B-4D00-88DC-5E22E36745A5', datetime.datetime(2025, 1, 3, 17, 58, 3, 340000), None, '', datetime.datetime(2025, 1, 3, 17, 58, 3, 340000), None, None)
[2025-01-08T05:42:46.068+0000] {1.6.initial_Transaction_TransactionHistory.py:101} INFO - Data transfer completed successfully and sync details updated.
[2025-01-08T05:42:46.073+0000] {1.6.initial_Transaction_TransactionHistory.py:79} INFO - Deleting existing row for userid: C0ADA84C-D5AE-4A02-B3FD-3AC1600D0FEA
[2025-01-08T05:42:46.077+0000] {1.6.initial_Transaction_TransactionHistory.py:87} INFO - Executing INSERT query with values ('C0ADA84C-D5AE-4A02-B3FD-3AC1600D0FEA', 2, 'Transaction Approved', '03145536-885B-4D00-88DC-5E22E36745A5', datetime.datetime(2025, 1, 3, 17, 58, 24, 103000), None, '', datetime.datetime(2025, 1, 3, 17, 58, 24, 103000), None, None)
[2025-01-08T05:42:46.090+0000] {1.6.initial_Transaction_TransactionHistory.py:101} INFO - Data transfer completed successfully and sync details updated.
[2025-01-08T05:42:46.093+0000] {1.6.initial_Transaction_TransactionHistory.py:79} INFO - Deleting existing row for userid: 0736719F-4600-45D9-9122-1B26D18F84C1
[2025-01-08T05:42:46.097+0000] {1.6.initial_Transaction_TransactionHistory.py:87} INFO - Executing INSERT query with values ('0736719F-4600-45D9-9122-1B26D18F84C1', 2, 'Transaction Approved', '75F14CD6-8DD9-4F4B-A72A-4D890B0FCF3C', datetime.datetime(2025, 1, 3, 18, 0, 28, 647000), None, '', datetime.datetime(2025, 1, 3, 18, 0, 28, 647000), None, None)
[2025-01-08T05:42:46.108+0000] {1.6.initial_Transaction_TransactionHistory.py:101} INFO - Data transfer completed successfully and sync details updated.
[2025-01-08T05:42:46.114+0000] {1.6.initial_Transaction_TransactionHistory.py:79} INFO - Deleting existing row for userid: 5C11B0BD-3014-4541-98FF-B17729BA85DB
[2025-01-08T05:42:46.117+0000] {1.6.initial_Transaction_TransactionHistory.py:87} INFO - Executing INSERT query with values ('5C11B0BD-3014-4541-98FF-B17729BA85DB', 2, 'Transaction Approved', '75F14CD6-8DD9-4F4B-A72A-4D890B0FCF3C', datetime.datetime(2025, 1, 3, 18, 0, 47, 397000), None, '', datetime.datetime(2025, 1, 3, 18, 0, 47, 397000), None, None)
[2025-01-08T05:42:46.132+0000] {1.6.initial_Transaction_TransactionHistory.py:101} INFO - Data transfer completed successfully and sync details updated.
[2025-01-08T05:42:46.136+0000] {1.6.initial_Transaction_TransactionHistory.py:79} INFO - Deleting existing row for userid: A8C01A8B-2A12-4FAB-B89C-BCDEC46B03B4
[2025-01-08T05:42:46.143+0000] {1.6.initial_Transaction_TransactionHistory.py:87} INFO - Executing INSERT query with values ('A8C01A8B-2A12-4FAB-B89C-BCDEC46B03B4', 2, 'Transaction Approved', '75F14CD6-8DD9-4F4B-A72A-4D890B0FCF3C', datetime.datetime(2025, 1, 3, 18, 1, 22, 973000), None, '', datetime.datetime(2025, 1, 3, 18, 1, 22, 973000), None, None)
[2025-01-08T05:42:46.153+0000] {1.6.initial_Transaction_TransactionHistory.py:101} INFO - Data transfer completed successfully and sync details updated.
[2025-01-08T05:42:46.158+0000] {1.6.initial_Transaction_TransactionHistory.py:79} INFO - Deleting existing row for userid: 4F01F850-B876-4262-A4BB-F73BFAD7E58A
[2025-01-08T05:42:46.161+0000] {1.6.initial_Transaction_TransactionHistory.py:87} INFO - Executing INSERT query with values ('4F01F850-B876-4262-A4BB-F73BFAD7E58A', 1, 'Transaction Collection', '86BD9740-2779-407F-982A-14DAD38D63B0', datetime.datetime(2025, 1, 3, 19, 21, 38, 607000), '46072126-5a01-49e3-8a01-9b82c322764a', 'MANOJ_P', datetime.datetime(2025, 1, 3, 19, 21, 38, 607000), None, None)
[2025-01-08T05:42:46.173+0000] {1.6.initial_Transaction_TransactionHistory.py:101} INFO - Data transfer completed successfully and sync details updated.
[2025-01-08T05:42:46.176+0000] {1.6.initial_Transaction_TransactionHistory.py:79} INFO - Deleting existing row for userid: 72672DC2-4F64-4E93-83F5-641CCF0C9BC1
[2025-01-08T05:42:46.178+0000] {1.6.initial_Transaction_TransactionHistory.py:87} INFO - Executing INSERT query with values ('72672DC2-4F64-4E93-83F5-641CCF0C9BC1', 1, 'Transaction Collection', '3953C220-212D-4999-9D6E-245A533D61D2', datetime.datetime(2025, 1, 3, 19, 22, 25, 290000), '46072126-5a01-49e3-8a01-9b82c322764a', 'MANOJ_P', datetime.datetime(2025, 1, 3, 19, 22, 25, 290000), None, None)
[2025-01-08T05:42:46.187+0000] {1.6.initial_Transaction_TransactionHistory.py:101} INFO - Data transfer completed successfully and sync details updated.
[2025-01-08T05:42:46.191+0000] {1.6.initial_Transaction_TransactionHistory.py:79} INFO - Deleting existing row for userid: 1298017F-446B-4A6B-9BD1-BF0C26C7957D
[2025-01-08T05:42:46.194+0000] {1.6.initial_Transaction_TransactionHistory.py:87} INFO - Executing INSERT query with values ('1298017F-446B-4A6B-9BD1-BF0C26C7957D', 1, 'Transaction Collection', 'FF7B8030-CE88-4AEE-98A1-48447D3FBF63', datetime.datetime(2025, 1, 3, 19, 38, 4, 160000), 'ec39ef6c-ea9d-41a7-b2f8-5c8fe559cb4b', 'hariroka', datetime.datetime(2025, 1, 3, 19, 38, 4, 160000), None, None)
[2025-01-08T05:42:46.201+0000] {1.6.initial_Transaction_TransactionHistory.py:101} INFO - Data transfer completed successfully and sync details updated.
[2025-01-08T05:42:46.206+0000] {1.6.initial_Transaction_TransactionHistory.py:79} INFO - Deleting existing row for userid: 3FD01D32-3641-46DE-B7F6-379132066715
[2025-01-08T05:42:46.208+0000] {1.6.initial_Transaction_TransactionHistory.py:87} INFO - Executing INSERT query with values ('3FD01D32-3641-46DE-B7F6-379132066715', 1, 'Transaction Collection', '8104BBB3-2AEB-4C12-BAC8-BAC7DE800F5B', datetime.datetime(2025, 1, 3, 19, 58, 35, 83000), 'ec39ef6c-ea9d-41a7-b2f8-5c8fe559cb4b', 'hariroka', datetime.datetime(2025, 1, 3, 19, 58, 35, 83000), None, None)
[2025-01-08T05:42:46.217+0000] {1.6.initial_Transaction_TransactionHistory.py:101} INFO - Data transfer completed successfully and sync details updated.
[2025-01-08T05:42:46.220+0000] {1.6.initial_Transaction_TransactionHistory.py:79} INFO - Deleting existing row for userid: 1C3E4E29-FD40-48FE-B4AE-8D867178FDC6
[2025-01-08T05:42:46.222+0000] {1.6.initial_Transaction_TransactionHistory.py:87} INFO - Executing INSERT query with values ('1C3E4E29-FD40-48FE-B4AE-8D867178FDC6', 1, 'Transaction Collection', '6AE5C678-2548-42D5-BA6D-CA6B3D7EE4A1', datetime.datetime(2025, 1, 3, 20, 29, 44, 390000), 'ec39ef6c-ea9d-41a7-b2f8-5c8fe559cb4b', 'hariroka', datetime.datetime(2025, 1, 3, 20, 29, 44, 390000), None, None)
[2025-01-08T05:42:46.228+0000] {1.6.initial_Transaction_TransactionHistory.py:101} INFO - Data transfer completed successfully and sync details updated.
[2025-01-08T05:42:46.231+0000] {1.6.initial_Transaction_TransactionHistory.py:79} INFO - Deleting existing row for userid: 14850136-478D-4A85-93F0-54B4E1BE43B4
[2025-01-08T05:42:46.233+0000] {1.6.initial_Transaction_TransactionHistory.py:87} INFO - Executing INSERT query with values ('14850136-478D-4A85-93F0-54B4E1BE43B4', 1, 'Transaction Collection', '608235C1-B332-4F37-B585-EF3E1A72FB67', datetime.datetime(2025, 1, 4, 1, 0, 23, 417000), 'ec39ef6c-ea9d-41a7-b2f8-5c8fe559cb4b', 'hariroka', datetime.datetime(2025, 1, 4, 1, 0, 23, 417000), None, None)
[2025-01-08T05:42:46.241+0000] {1.6.initial_Transaction_TransactionHistory.py:101} INFO - Data transfer completed successfully and sync details updated.
[2025-01-08T05:42:46.244+0000] {1.6.initial_Transaction_TransactionHistory.py:79} INFO - Deleting existing row for userid: 29B63E97-EAFC-41AF-9B7D-F5232B934C3C
[2025-01-08T05:42:46.246+0000] {1.6.initial_Transaction_TransactionHistory.py:87} INFO - Executing INSERT query with values ('29B63E97-EAFC-41AF-9B7D-F5232B934C3C', 1, 'Transaction Collection', 'E0787590-97C2-4277-BE16-1FC812595F79', datetime.datetime(2025, 1, 4, 1, 2, 28, 160000), 'ec39ef6c-ea9d-41a7-b2f8-5c8fe559cb4b', 'hariroka', datetime.datetime(2025, 1, 4, 1, 2, 28, 160000), None, None)
[2025-01-08T05:42:46.252+0000] {1.6.initial_Transaction_TransactionHistory.py:101} INFO - Data transfer completed successfully and sync details updated.
[2025-01-08T05:42:46.254+0000] {1.6.initial_Transaction_TransactionHistory.py:79} INFO - Deleting existing row for userid: 9C764867-4A51-4AF9-A44B-558FB15BDC10
[2025-01-08T05:42:46.255+0000] {1.6.initial_Transaction_TransactionHistory.py:87} INFO - Executing INSERT query with values ('9C764867-4A51-4AF9-A44B-558FB15BDC10', 1, 'Transaction Collection', '295ACAD0-E9D7-451F-8244-63FF3F52BC81', datetime.datetime(2025, 1, 4, 1, 4, 15, 720000), 'ec39ef6c-ea9d-41a7-b2f8-5c8fe559cb4b', 'hariroka', datetime.datetime(2025, 1, 4, 1, 4, 15, 720000), None, None)
[2025-01-08T05:42:46.262+0000] {1.6.initial_Transaction_TransactionHistory.py:101} INFO - Data transfer completed successfully and sync details updated.
[2025-01-08T05:42:46.266+0000] {1.6.initial_Transaction_TransactionHistory.py:79} INFO - Deleting existing row for userid: 386974A1-7F72-4379-BC3C-36A3D1624FEA
[2025-01-08T05:42:46.270+0000] {1.6.initial_Transaction_TransactionHistory.py:87} INFO - Executing INSERT query with values ('386974A1-7F72-4379-BC3C-36A3D1624FEA', 1, 'Transaction Collection', '8F99E8ED-0EFA-42B5-81BA-EC05FE17FC18', datetime.datetime(2025, 1, 4, 1, 7, 14, 810000), 'ec39ef6c-ea9d-41a7-b2f8-5c8fe559cb4b', 'hariroka', datetime.datetime(2025, 1, 4, 1, 7, 14, 810000), None, None)
[2025-01-08T05:42:46.278+0000] {1.6.initial_Transaction_TransactionHistory.py:101} INFO - Data transfer completed successfully and sync details updated.
[2025-01-08T05:42:46.281+0000] {1.6.initial_Transaction_TransactionHistory.py:79} INFO - Deleting existing row for userid: B52555EA-9B77-4903-A70D-F30BA3FD1E06
[2025-01-08T05:42:46.284+0000] {1.6.initial_Transaction_TransactionHistory.py:87} INFO - Executing INSERT query with values ('B52555EA-9B77-4903-A70D-F30BA3FD1E06', 1, 'Transaction Collection', 'D016A142-01BC-44B1-8BA6-687D227846DE', datetime.datetime(2025, 1, 5, 14, 55, 9, 203000), 'f9b6b412-868c-4354-bc49-6e833d9ab7a2', 'branchuser100', datetime.datetime(2025, 1, 5, 14, 55, 9, 203000), None, None)
[2025-01-08T05:42:46.292+0000] {1.6.initial_Transaction_TransactionHistory.py:101} INFO - Data transfer completed successfully and sync details updated.
[2025-01-08T05:42:46.295+0000] {1.6.initial_Transaction_TransactionHistory.py:79} INFO - Deleting existing row for userid: 77EE5BE9-97FF-402A-A2CE-A7FBCF6181F7
[2025-01-08T05:42:46.297+0000] {1.6.initial_Transaction_TransactionHistory.py:87} INFO - Executing INSERT query with values ('77EE5BE9-97FF-402A-A2CE-A7FBCF6181F7', 1, 'Transaction Collection', 'B21759B6-5729-4C94-B45C-71FE6067E8D7', datetime.datetime(2025, 1, 5, 16, 26, 30, 463000), 'f9b6b412-868c-4354-bc49-6e833d9ab7a2', 'branchuser100', datetime.datetime(2025, 1, 5, 16, 26, 30, 463000), None, None)
[2025-01-08T05:42:46.305+0000] {1.6.initial_Transaction_TransactionHistory.py:101} INFO - Data transfer completed successfully and sync details updated.
[2025-01-08T05:42:46.308+0000] {1.6.initial_Transaction_TransactionHistory.py:79} INFO - Deleting existing row for userid: FE426306-E3F0-4FE4-9B64-A54D11B99716
[2025-01-08T05:42:46.310+0000] {1.6.initial_Transaction_TransactionHistory.py:87} INFO - Executing INSERT query with values ('FE426306-E3F0-4FE4-9B64-A54D11B99716', 1, 'Transaction Collection', 'B5B60ACB-46EE-4A0C-8FFC-A2ED7CFE5A7A', datetime.datetime(2025, 1, 5, 16, 58, 20, 290000), 'f9b6b412-868c-4354-bc49-6e833d9ab7a2', 'branchuser100', datetime.datetime(2025, 1, 5, 16, 58, 20, 290000), None, None)
[2025-01-08T05:42:46.316+0000] {1.6.initial_Transaction_TransactionHistory.py:101} INFO - Data transfer completed successfully and sync details updated.
[2025-01-08T05:42:46.318+0000] {1.6.initial_Transaction_TransactionHistory.py:79} INFO - Deleting existing row for userid: B6321C17-EC3A-4492-AFA8-26D11F767988
[2025-01-08T05:42:46.320+0000] {1.6.initial_Transaction_TransactionHistory.py:87} INFO - Executing INSERT query with values ('B6321C17-EC3A-4492-AFA8-26D11F767988', 2, 'Transaction Approved', 'B5B60ACB-46EE-4A0C-8FFC-A2ED7CFE5A7A', datetime.datetime(2025, 1, 5, 17, 0, 24, 510000), None, '753d7f8f-30f3-4dc9-bbad-40e48d0f2671', datetime.datetime(2025, 1, 5, 17, 0, 24, 510000), None, None)
[2025-01-08T05:42:46.326+0000] {1.6.initial_Transaction_TransactionHistory.py:101} INFO - Data transfer completed successfully and sync details updated.
[2025-01-08T05:42:46.329+0000] {1.6.initial_Transaction_TransactionHistory.py:79} INFO - Deleting existing row for userid: C5BBAF56-5E17-43D9-A3E0-E2FCC8B56994
[2025-01-08T05:42:46.340+0000] {1.6.initial_Transaction_TransactionHistory.py:87} INFO - Executing INSERT query with values ('C5BBAF56-5E17-43D9-A3E0-E2FCC8B56994', 1, 'Transaction Collection', '744EB07A-DD51-474A-8007-2F9383C64BBF', datetime.datetime(2025, 1, 5, 17, 6, 12, 140000), 'f9b6b412-868c-4354-bc49-6e833d9ab7a2', 'branchuser100', datetime.datetime(2025, 1, 5, 17, 6, 12, 140000), None, None)
[2025-01-08T05:42:46.387+0000] {1.6.initial_Transaction_TransactionHistory.py:101} INFO - Data transfer completed successfully and sync details updated.
[2025-01-08T05:42:46.393+0000] {1.6.initial_Transaction_TransactionHistory.py:79} INFO - Deleting existing row for userid: 3E375E9C-AFCA-4623-92C6-B908A3D33439
[2025-01-08T05:42:46.396+0000] {1.6.initial_Transaction_TransactionHistory.py:87} INFO - Executing INSERT query with values ('3E375E9C-AFCA-4623-92C6-B908A3D33439', 1, 'Transaction Collection', '876F69D2-FF1E-4A42-9C3A-47BDA10DF7CA', datetime.datetime(2025, 1, 5, 17, 36, 46, 70000), '46072126-5a01-49e3-8a01-9b82c322764a', 'MANOJ_P', datetime.datetime(2025, 1, 5, 17, 36, 46, 70000), None, None)
[2025-01-08T05:42:46.409+0000] {1.6.initial_Transaction_TransactionHistory.py:101} INFO - Data transfer completed successfully and sync details updated.
[2025-01-08T05:42:46.415+0000] {1.6.initial_Transaction_TransactionHistory.py:79} INFO - Deleting existing row for userid: 4BE041C3-356D-45AD-8A62-96ACA7B45BD8
[2025-01-08T05:42:46.424+0000] {1.6.initial_Transaction_TransactionHistory.py:87} INFO - Executing INSERT query with values ('4BE041C3-356D-45AD-8A62-96ACA7B45BD8', 1, 'Transaction Collection', '74A6CD4B-F121-4315-B7A9-43DA28930DB7', datetime.datetime(2025, 1, 5, 19, 30, 58, 93000), 'f9b6b412-868c-4354-bc49-6e833d9ab7a2', 'branchuser100', datetime.datetime(2025, 1, 5, 19, 30, 58, 93000), None, None)
[2025-01-08T05:42:46.433+0000] {1.6.initial_Transaction_TransactionHistory.py:101} INFO - Data transfer completed successfully and sync details updated.
[2025-01-08T05:42:46.437+0000] {1.6.initial_Transaction_TransactionHistory.py:79} INFO - Deleting existing row for userid: CC782812-2C07-4921-8078-DD3C844A9AB5
[2025-01-08T05:42:46.440+0000] {1.6.initial_Transaction_TransactionHistory.py:87} INFO - Executing INSERT query with values ('CC782812-2C07-4921-8078-DD3C844A9AB5', 2, 'Transaction Approved', '74A6CD4B-F121-4315-B7A9-43DA28930DB7', datetime.datetime(2025, 1, 5, 19, 45, 29, 270000), None, '46072126-5a01-49e3-8a01-9b82c322764a', datetime.datetime(2025, 1, 5, 19, 45, 29, 270000), None, None)
[2025-01-08T05:42:46.450+0000] {1.6.initial_Transaction_TransactionHistory.py:101} INFO - Data transfer completed successfully and sync details updated.
[2025-01-08T05:42:46.454+0000] {1.6.initial_Transaction_TransactionHistory.py:79} INFO - Deleting existing row for userid: B0DCBAE6-73BB-4F5D-9AF9-D87E344C4D8A
[2025-01-08T05:42:46.457+0000] {1.6.initial_Transaction_TransactionHistory.py:87} INFO - Executing INSERT query with values ('B0DCBAE6-73BB-4F5D-9AF9-D87E344C4D8A', 2, 'Transaction Approved', 'D016A142-01BC-44B1-8BA6-687D227846DE', datetime.datetime(2025, 1, 5, 19, 53, 9, 447000), None, 'ec39ef6c-ea9d-41a7-b2f8-5c8fe559cb4b', datetime.datetime(2025, 1, 5, 19, 53, 9, 447000), None, None)
[2025-01-08T05:42:46.464+0000] {1.6.initial_Transaction_TransactionHistory.py:101} INFO - Data transfer completed successfully and sync details updated.
[2025-01-08T05:42:46.467+0000] {1.6.initial_Transaction_TransactionHistory.py:79} INFO - Deleting existing row for userid: 25C6DC81-8193-42F9-BDF1-3B394857CCDA
[2025-01-08T05:42:46.470+0000] {1.6.initial_Transaction_TransactionHistory.py:87} INFO - Executing INSERT query with values ('25C6DC81-8193-42F9-BDF1-3B394857CCDA', 1, 'Transaction Collection', '500B2151-5EDF-443B-9F90-C1B79E4445D9', datetime.datetime(2025, 1, 5, 20, 58, 41, 153000), 'f9b6b412-868c-4354-bc49-6e833d9ab7a2', 'branchuser100', datetime.datetime(2025, 1, 5, 20, 58, 41, 153000), None, None)
[2025-01-08T05:42:46.479+0000] {1.6.initial_Transaction_TransactionHistory.py:101} INFO - Data transfer completed successfully and sync details updated.
[2025-01-08T05:42:46.482+0000] {1.6.initial_Transaction_TransactionHistory.py:79} INFO - Deleting existing row for userid: 33659449-A7D4-4B50-8FFC-A0B8B6BAADEB
[2025-01-08T05:42:46.484+0000] {1.6.initial_Transaction_TransactionHistory.py:87} INFO - Executing INSERT query with values ('33659449-A7D4-4B50-8FFC-A0B8B6BAADEB', 1, 'Transaction Collection', 'C48D9807-E1B9-4DEC-BD44-58FE4872B404', datetime.datetime(2025, 1, 5, 20, 59, 32, 53000), 'f9b6b412-868c-4354-bc49-6e833d9ab7a2', 'branchuser100', datetime.datetime(2025, 1, 5, 20, 59, 32, 53000), None, None)
[2025-01-08T05:42:46.493+0000] {1.6.initial_Transaction_TransactionHistory.py:101} INFO - Data transfer completed successfully and sync details updated.
[2025-01-08T05:42:46.496+0000] {1.6.initial_Transaction_TransactionHistory.py:79} INFO - Deleting existing row for userid: 9FE76682-DC33-4E52-8CA1-ED38B56ECE13
[2025-01-08T05:42:46.498+0000] {1.6.initial_Transaction_TransactionHistory.py:87} INFO - Executing INSERT query with values ('9FE76682-DC33-4E52-8CA1-ED38B56ECE13', 1, 'Transaction Collection', 'D9D05F66-AC2A-4A8D-A684-B2F1208D31B1', datetime.datetime(2025, 1, 6, 1, 18, 24, 350000), 'f9b6b412-868c-4354-bc49-6e833d9ab7a2', 'branchuser100', datetime.datetime(2025, 1, 6, 1, 18, 24, 350000), None, None)
[2025-01-08T05:42:46.505+0000] {1.6.initial_Transaction_TransactionHistory.py:101} INFO - Data transfer completed successfully and sync details updated.
[2025-01-08T05:42:46.509+0000] {1.6.initial_Transaction_TransactionHistory.py:79} INFO - Deleting existing row for userid: EAAC6B71-C78C-49F1-A1D7-11E4C7C4B54F
[2025-01-08T05:42:46.510+0000] {1.6.initial_Transaction_TransactionHistory.py:87} INFO - Executing INSERT query with values ('EAAC6B71-C78C-49F1-A1D7-11E4C7C4B54F', 1, 'Transaction Collection', '1E3147DB-6F0F-4131-ADF6-810699168A62', datetime.datetime(2025, 1, 6, 1, 24, 35, 153000), '46072126-5a01-49e3-8a01-9b82c322764a', 'MANOJ_P', datetime.datetime(2025, 1, 6, 1, 24, 35, 153000), None, None)
[2025-01-08T05:42:46.515+0000] {1.6.initial_Transaction_TransactionHistory.py:101} INFO - Data transfer completed successfully and sync details updated.
[2025-01-08T05:42:46.517+0000] {1.6.initial_Transaction_TransactionHistory.py:79} INFO - Deleting existing row for userid: D0C3A4B0-4F71-4685-8838-26C8BBFF220F
[2025-01-08T05:42:46.519+0000] {1.6.initial_Transaction_TransactionHistory.py:87} INFO - Executing INSERT query with values ('D0C3A4B0-4F71-4685-8838-26C8BBFF220F', 1, 'Transaction Collection', 'A74CE486-78F2-490C-9FEF-87033DD41F15', datetime.datetime(2025, 1, 6, 1, 50, 57, 60000), '46072126-5a01-49e3-8a01-9b82c322764a', 'MANOJ_P', datetime.datetime(2025, 1, 6, 1, 50, 57, 60000), None, None)
[2025-01-08T05:42:46.525+0000] {1.6.initial_Transaction_TransactionHistory.py:101} INFO - Data transfer completed successfully and sync details updated.
[2025-01-08T05:42:46.527+0000] {1.6.initial_Transaction_TransactionHistory.py:79} INFO - Deleting existing row for userid: B1BE2BDA-5B07-44A4-A247-7F1912295C80
[2025-01-08T05:42:46.528+0000] {1.6.initial_Transaction_TransactionHistory.py:87} INFO - Executing INSERT query with values ('B1BE2BDA-5B07-44A4-A247-7F1912295C80', 1, 'Transaction Collection', 'E2BECFAC-CE97-4808-86CD-45DD159631C1', datetime.datetime(2025, 1, 6, 4, 13, 11, 250000), '46072126-5a01-49e3-8a01-9b82c322764a', 'MANOJ_P', datetime.datetime(2025, 1, 6, 4, 13, 11, 250000), None, None)
[2025-01-08T05:42:46.531+0000] {1.6.initial_Transaction_TransactionHistory.py:101} INFO - Data transfer completed successfully and sync details updated.
[2025-01-08T05:42:46.533+0000] {1.6.initial_Transaction_TransactionHistory.py:79} INFO - Deleting existing row for userid: B56FB9F3-6A31-40B2-9CE9-962D06ABFAA9
[2025-01-08T05:42:46.534+0000] {1.6.initial_Transaction_TransactionHistory.py:87} INFO - Executing INSERT query with values ('B56FB9F3-6A31-40B2-9CE9-962D06ABFAA9', 1, 'Transaction Collection', '8BFD95E2-0B6E-445B-A959-C2F129BCB491', datetime.datetime(2025, 1, 6, 10, 51, 40, 387000), 'ec39ef6c-ea9d-41a7-b2f8-5c8fe559cb4b', 'hariroka', datetime.datetime(2025, 1, 6, 10, 51, 40, 387000), None, None)
[2025-01-08T05:42:46.539+0000] {1.6.initial_Transaction_TransactionHistory.py:101} INFO - Data transfer completed successfully and sync details updated.
[2025-01-08T05:42:46.542+0000] {1.6.initial_Transaction_TransactionHistory.py:79} INFO - Deleting existing row for userid: 2433328A-355B-4A9E-900B-B452C23C9233
[2025-01-08T05:42:46.544+0000] {1.6.initial_Transaction_TransactionHistory.py:87} INFO - Executing INSERT query with values ('2433328A-355B-4A9E-900B-B452C23C9233', 1, 'Transaction Collection', '2F4F6462-2DF5-44A9-A30F-0143E7287747', datetime.datetime(2025, 1, 6, 10, 52, 38, 417000), 'ec39ef6c-ea9d-41a7-b2f8-5c8fe559cb4b', 'hariroka', datetime.datetime(2025, 1, 6, 10, 52, 38, 417000), None, None)
[2025-01-08T05:42:46.549+0000] {1.6.initial_Transaction_TransactionHistory.py:101} INFO - Data transfer completed successfully and sync details updated.
[2025-01-08T05:42:46.551+0000] {1.6.initial_Transaction_TransactionHistory.py:79} INFO - Deleting existing row for userid: E4A62944-BA2A-4B45-9632-A4FB633CB3BC
[2025-01-08T05:42:46.554+0000] {1.6.initial_Transaction_TransactionHistory.py:87} INFO - Executing INSERT query with values ('E4A62944-BA2A-4B45-9632-A4FB633CB3BC', 1, 'Transaction Collection', '2402EF69-8DF9-4278-ACE3-DD44AD03258F', datetime.datetime(2025, 1, 6, 11, 19, 58, 983000), 'ec39ef6c-ea9d-41a7-b2f8-5c8fe559cb4b', 'hariroka', datetime.datetime(2025, 1, 6, 11, 19, 58, 983000), None, None)
[2025-01-08T05:42:46.559+0000] {1.6.initial_Transaction_TransactionHistory.py:101} INFO - Data transfer completed successfully and sync details updated.
[2025-01-08T05:42:46.561+0000] {1.6.initial_Transaction_TransactionHistory.py:79} INFO - Deleting existing row for userid: 38B1D23E-1274-4994-8A3E-66035467C5FA
[2025-01-08T05:42:46.563+0000] {1.6.initial_Transaction_TransactionHistory.py:87} INFO - Executing INSERT query with values ('38B1D23E-1274-4994-8A3E-66035467C5FA', 1, 'Transaction Collection', '4FEBE48A-E86D-4E2B-B161-D330FFD988BB', datetime.datetime(2025, 1, 6, 11, 20, 59, 787000), 'ec39ef6c-ea9d-41a7-b2f8-5c8fe559cb4b', 'hariroka', datetime.datetime(2025, 1, 6, 11, 20, 59, 787000), None, None)
[2025-01-08T05:42:46.568+0000] {1.6.initial_Transaction_TransactionHistory.py:101} INFO - Data transfer completed successfully and sync details updated.
[2025-01-08T05:42:46.571+0000] {1.6.initial_Transaction_TransactionHistory.py:79} INFO - Deleting existing row for userid: 18D4B0FE-2F86-4010-BD82-D0556FF1AE07
[2025-01-08T05:42:46.572+0000] {1.6.initial_Transaction_TransactionHistory.py:87} INFO - Executing INSERT query with values ('18D4B0FE-2F86-4010-BD82-D0556FF1AE07', 1, 'Transaction Collection', 'CC016705-F00C-4F79-85CC-56532AB96A6F', datetime.datetime(2025, 1, 6, 11, 23, 21, 373000), '46072126-5a01-49e3-8a01-9b82c322764a', 'MANOJ_P', datetime.datetime(2025, 1, 6, 11, 23, 21, 373000), None, None)
[2025-01-08T05:42:46.578+0000] {1.6.initial_Transaction_TransactionHistory.py:101} INFO - Data transfer completed successfully and sync details updated.
[2025-01-08T05:42:46.580+0000] {1.6.initial_Transaction_TransactionHistory.py:79} INFO - Deleting existing row for userid: A19AB63B-86FC-491D-8B72-DCF3B40FADF8
[2025-01-08T05:42:46.581+0000] {1.6.initial_Transaction_TransactionHistory.py:87} INFO - Executing INSERT query with values ('A19AB63B-86FC-491D-8B72-DCF3B40FADF8', 1, 'Transaction Collection', '7EAF9956-EFC0-4BE3-AF9A-70F4FBA57E4C', datetime.datetime(2025, 1, 6, 11, 38, 2, 890000), '46072126-5a01-49e3-8a01-9b82c322764a', 'MANOJ_P', datetime.datetime(2025, 1, 6, 11, 38, 2, 890000), None, None)
[2025-01-08T05:42:46.587+0000] {1.6.initial_Transaction_TransactionHistory.py:101} INFO - Data transfer completed successfully and sync details updated.
[2025-01-08T05:42:46.589+0000] {1.6.initial_Transaction_TransactionHistory.py:79} INFO - Deleting existing row for userid: 9ADADF23-C978-4210-A3DF-78712983A6DF
[2025-01-08T05:42:46.591+0000] {1.6.initial_Transaction_TransactionHistory.py:87} INFO - Executing INSERT query with values ('9ADADF23-C978-4210-A3DF-78712983A6DF', 1, 'Transaction Collection', '70D14BC1-F56A-4E0F-84AF-A622C51F8520', datetime.datetime(2025, 1, 6, 11, 39, 4, 953000), '46072126-5a01-49e3-8a01-9b82c322764a', 'MANOJ_P', datetime.datetime(2025, 1, 6, 11, 39, 4, 953000), None, None)
[2025-01-08T05:42:46.595+0000] {1.6.initial_Transaction_TransactionHistory.py:101} INFO - Data transfer completed successfully and sync details updated.
[2025-01-08T05:42:46.597+0000] {1.6.initial_Transaction_TransactionHistory.py:79} INFO - Deleting existing row for userid: 17CD5D97-C800-48F2-B5EA-B311982D468E
[2025-01-08T05:42:46.599+0000] {1.6.initial_Transaction_TransactionHistory.py:87} INFO - Executing INSERT query with values ('17CD5D97-C800-48F2-B5EA-B311982D468E', 1, 'Transaction Collection', 'EF53D5B5-97F3-4351-A219-B0F176D9837D', datetime.datetime(2025, 1, 6, 12, 7, 55, 977000), '46072126-5a01-49e3-8a01-9b82c322764a', 'MANOJ_P', datetime.datetime(2025, 1, 6, 12, 7, 55, 977000), None, None)
[2025-01-08T05:42:46.604+0000] {1.6.initial_Transaction_TransactionHistory.py:101} INFO - Data transfer completed successfully and sync details updated.
[2025-01-08T05:42:46.606+0000] {1.6.initial_Transaction_TransactionHistory.py:79} INFO - Deleting existing row for userid: D8A9162B-D999-4A82-AF22-8B31F93E95D6
[2025-01-08T05:42:46.607+0000] {1.6.initial_Transaction_TransactionHistory.py:87} INFO - Executing INSERT query with values ('D8A9162B-D999-4A82-AF22-8B31F93E95D6', 1, 'Transaction Collection', '711FB8C0-C4AC-4227-84E7-7C8EFBC27D3E', datetime.datetime(2025, 1, 6, 12, 30, 50, 177000), '46072126-5a01-49e3-8a01-9b82c322764a', 'MANOJ_P', datetime.datetime(2025, 1, 6, 12, 30, 50, 177000), None, None)
[2025-01-08T05:42:46.611+0000] {1.6.initial_Transaction_TransactionHistory.py:101} INFO - Data transfer completed successfully and sync details updated.
[2025-01-08T05:42:46.613+0000] {1.6.initial_Transaction_TransactionHistory.py:79} INFO - Deleting existing row for userid: D0A06FCC-67B1-4130-8809-C8D6BFE8C014
[2025-01-08T05:42:46.615+0000] {1.6.initial_Transaction_TransactionHistory.py:87} INFO - Executing INSERT query with values ('D0A06FCC-67B1-4130-8809-C8D6BFE8C014', 1, 'Transaction Collection', '1E9AEFCB-679B-4B8B-B899-E7D2B12ABB73', datetime.datetime(2025, 1, 6, 12, 31, 59, 707000), '46072126-5a01-49e3-8a01-9b82c322764a', 'MANOJ_P', datetime.datetime(2025, 1, 6, 12, 31, 59, 707000), None, None)
[2025-01-08T05:42:46.621+0000] {1.6.initial_Transaction_TransactionHistory.py:101} INFO - Data transfer completed successfully and sync details updated.
[2025-01-08T05:42:46.623+0000] {1.6.initial_Transaction_TransactionHistory.py:79} INFO - Deleting existing row for userid: A766DD54-8217-411F-B0F4-32E13A6F5D4A
[2025-01-08T05:42:46.624+0000] {1.6.initial_Transaction_TransactionHistory.py:87} INFO - Executing INSERT query with values ('A766DD54-8217-411F-B0F4-32E13A6F5D4A', 1, 'Transaction Collection', 'BDD75D18-A262-4FB6-8FD4-5FD11FC469C4', datetime.datetime(2025, 1, 6, 12, 34, 17, 267000), '46072126-5a01-49e3-8a01-9b82c322764a', 'MANOJ_P', datetime.datetime(2025, 1, 6, 12, 34, 17, 267000), None, None)
[2025-01-08T05:42:46.629+0000] {1.6.initial_Transaction_TransactionHistory.py:101} INFO - Data transfer completed successfully and sync details updated.
[2025-01-08T05:42:46.632+0000] {1.6.initial_Transaction_TransactionHistory.py:79} INFO - Deleting existing row for userid: 65925C03-2683-4A93-AEE6-B8E8A1EF7C97
[2025-01-08T05:42:46.633+0000] {1.6.initial_Transaction_TransactionHistory.py:87} INFO - Executing INSERT query with values ('65925C03-2683-4A93-AEE6-B8E8A1EF7C97', 1, 'Transaction Collection', 'A350245B-B82C-4479-ADF0-DA18C993F7C4', datetime.datetime(2025, 1, 6, 12, 45, 40, 280000), '46072126-5a01-49e3-8a01-9b82c322764a', 'MANOJ_P', datetime.datetime(2025, 1, 6, 12, 45, 40, 280000), None, None)
[2025-01-08T05:42:46.639+0000] {1.6.initial_Transaction_TransactionHistory.py:101} INFO - Data transfer completed successfully and sync details updated.
[2025-01-08T05:42:46.641+0000] {1.6.initial_Transaction_TransactionHistory.py:79} INFO - Deleting existing row for userid: 023C0F47-3000-43C4-AA72-DB2579E5AE9E
[2025-01-08T05:42:46.643+0000] {1.6.initial_Transaction_TransactionHistory.py:87} INFO - Executing INSERT query with values ('023C0F47-3000-43C4-AA72-DB2579E5AE9E', 1, 'Transaction Collection', '6643B2E6-2E1A-4CAD-8DCE-2F0E915B6DC6', datetime.datetime(2025, 1, 6, 13, 20, 50, 870000), 'ec39ef6c-ea9d-41a7-b2f8-5c8fe559cb4b', 'hariroka', datetime.datetime(2025, 1, 6, 13, 20, 50, 870000), None, None)
[2025-01-08T05:42:46.648+0000] {1.6.initial_Transaction_TransactionHistory.py:101} INFO - Data transfer completed successfully and sync details updated.
[2025-01-08T05:42:46.650+0000] {1.6.initial_Transaction_TransactionHistory.py:79} INFO - Deleting existing row for userid: 320251AE-DA49-4E3F-8294-2E69BE747626
[2025-01-08T05:42:46.652+0000] {1.6.initial_Transaction_TransactionHistory.py:87} INFO - Executing INSERT query with values ('320251AE-DA49-4E3F-8294-2E69BE747626', 1, 'Transaction Collection', '15CBE0AC-318B-4F8E-BC1F-C69370480C4A', datetime.datetime(2025, 1, 6, 13, 25, 28, 80000), '46072126-5a01-49e3-8a01-9b82c322764a', 'MANOJ_P', datetime.datetime(2025, 1, 6, 13, 25, 28, 80000), None, None)
[2025-01-08T05:42:46.657+0000] {1.6.initial_Transaction_TransactionHistory.py:101} INFO - Data transfer completed successfully and sync details updated.
[2025-01-08T05:42:46.659+0000] {1.6.initial_Transaction_TransactionHistory.py:79} INFO - Deleting existing row for userid: 7CE25253-FDF4-4305-A034-AB72A2331FAC
[2025-01-08T05:42:46.660+0000] {1.6.initial_Transaction_TransactionHistory.py:87} INFO - Executing INSERT query with values ('7CE25253-FDF4-4305-A034-AB72A2331FAC', 2, 'Transaction Approved', 'A350245B-B82C-4479-ADF0-DA18C993F7C4', datetime.datetime(2025, 1, 6, 16, 13, 12, 923000), None, 'f9b6b412-868c-4354-bc49-6e833d9ab7a2', datetime.datetime(2025, 1, 6, 16, 13, 12, 923000), None, None)
[2025-01-08T05:42:46.666+0000] {1.6.initial_Transaction_TransactionHistory.py:101} INFO - Data transfer completed successfully and sync details updated.
[2025-01-08T05:42:46.668+0000] {1.6.initial_Transaction_TransactionHistory.py:79} INFO - Deleting existing row for userid: 48976AE9-A0FC-4E2D-9F45-E722C6B28D1E
[2025-01-08T05:42:46.671+0000] {1.6.initial_Transaction_TransactionHistory.py:87} INFO - Executing INSERT query with values ('48976AE9-A0FC-4E2D-9F45-E722C6B28D1E', 2, 'Transaction Approved', '6643B2E6-2E1A-4CAD-8DCE-2F0E915B6DC6', datetime.datetime(2025, 1, 6, 16, 23, 51, 197000), None, '', datetime.datetime(2025, 1, 6, 16, 23, 51, 197000), None, None)
[2025-01-08T05:42:46.675+0000] {1.6.initial_Transaction_TransactionHistory.py:101} INFO - Data transfer completed successfully and sync details updated.
[2025-01-08T05:42:46.678+0000] {1.6.initial_Transaction_TransactionHistory.py:79} INFO - Deleting existing row for userid: E91F7D62-5A33-426B-8CCB-43529F129668
[2025-01-08T05:42:46.680+0000] {1.6.initial_Transaction_TransactionHistory.py:87} INFO - Executing INSERT query with values ('E91F7D62-5A33-426B-8CCB-43529F129668', 2, 'Transaction Approved', '6643B2E6-2E1A-4CAD-8DCE-2F0E915B6DC6', datetime.datetime(2025, 1, 6, 16, 24, 21, 350000), None, '', datetime.datetime(2025, 1, 6, 16, 24, 21, 350000), None, None)
[2025-01-08T05:42:46.685+0000] {1.6.initial_Transaction_TransactionHistory.py:101} INFO - Data transfer completed successfully and sync details updated.
[2025-01-08T05:42:46.687+0000] {1.6.initial_Transaction_TransactionHistory.py:79} INFO - Deleting existing row for userid: 164F98E9-D043-46EB-BDD6-7BA3E44D2586
[2025-01-08T05:42:46.689+0000] {1.6.initial_Transaction_TransactionHistory.py:87} INFO - Executing INSERT query with values ('164F98E9-D043-46EB-BDD6-7BA3E44D2586', 2, 'Transaction Approved', '6643B2E6-2E1A-4CAD-8DCE-2F0E915B6DC6', datetime.datetime(2025, 1, 6, 16, 24, 50, 270000), None, '', datetime.datetime(2025, 1, 6, 16, 24, 50, 270000), None, None)
[2025-01-08T05:42:46.694+0000] {1.6.initial_Transaction_TransactionHistory.py:101} INFO - Data transfer completed successfully and sync details updated.
[2025-01-08T05:42:46.695+0000] {1.6.initial_Transaction_TransactionHistory.py:79} INFO - Deleting existing row for userid: 374DA819-8738-4630-A335-303C979E6B5D
[2025-01-08T05:42:46.697+0000] {1.6.initial_Transaction_TransactionHistory.py:87} INFO - Executing INSERT query with values ('374DA819-8738-4630-A335-303C979E6B5D', 2, 'Transaction Approved', '6643B2E6-2E1A-4CAD-8DCE-2F0E915B6DC6', datetime.datetime(2025, 1, 6, 16, 25, 40, 767000), None, '', datetime.datetime(2025, 1, 6, 16, 25, 40, 767000), None, None)
[2025-01-08T05:42:46.701+0000] {1.6.initial_Transaction_TransactionHistory.py:101} INFO - Data transfer completed successfully and sync details updated.
[2025-01-08T05:42:46.703+0000] {1.6.initial_Transaction_TransactionHistory.py:79} INFO - Deleting existing row for userid: F0B37D25-A2B7-4B94-88AD-7B07983A9581
[2025-01-08T05:42:46.704+0000] {1.6.initial_Transaction_TransactionHistory.py:87} INFO - Executing INSERT query with values ('F0B37D25-A2B7-4B94-88AD-7B07983A9581', 2, 'Transaction Approved', '6643B2E6-2E1A-4CAD-8DCE-2F0E915B6DC6', datetime.datetime(2025, 1, 6, 16, 26, 37, 337000), None, '', datetime.datetime(2025, 1, 6, 16, 26, 37, 337000), None, None)
[2025-01-08T05:42:46.709+0000] {1.6.initial_Transaction_TransactionHistory.py:101} INFO - Data transfer completed successfully and sync details updated.
[2025-01-08T05:42:46.711+0000] {1.6.initial_Transaction_TransactionHistory.py:79} INFO - Deleting existing row for userid: DBEC8E9D-1F6D-4D2F-93B9-38D1245289B8
[2025-01-08T05:42:46.712+0000] {1.6.initial_Transaction_TransactionHistory.py:87} INFO - Executing INSERT query with values ('DBEC8E9D-1F6D-4D2F-93B9-38D1245289B8', 2, 'Transaction Approved', '6643B2E6-2E1A-4CAD-8DCE-2F0E915B6DC6', datetime.datetime(2025, 1, 6, 16, 27, 5, 280000), None, '', datetime.datetime(2025, 1, 6, 16, 27, 5, 280000), None, None)
[2025-01-08T05:42:46.716+0000] {1.6.initial_Transaction_TransactionHistory.py:101} INFO - Data transfer completed successfully and sync details updated.
[2025-01-08T05:42:46.718+0000] {1.6.initial_Transaction_TransactionHistory.py:79} INFO - Deleting existing row for userid: 9879536E-E16B-4E63-82A2-2B6201033F19
[2025-01-08T05:42:46.720+0000] {1.6.initial_Transaction_TransactionHistory.py:87} INFO - Executing INSERT query with values ('9879536E-E16B-4E63-82A2-2B6201033F19', 2, 'Transaction Approved', '6643B2E6-2E1A-4CAD-8DCE-2F0E915B6DC6', datetime.datetime(2025, 1, 6, 16, 38, 32, 920000), None, '', datetime.datetime(2025, 1, 6, 16, 38, 32, 920000), None, None)
[2025-01-08T05:42:46.724+0000] {1.6.initial_Transaction_TransactionHistory.py:101} INFO - Data transfer completed successfully and sync details updated.
[2025-01-08T05:42:46.726+0000] {1.6.initial_Transaction_TransactionHistory.py:79} INFO - Deleting existing row for userid: 98B09DB9-E08F-4883-8FDD-18B5D29FC9D5
[2025-01-08T05:42:46.728+0000] {1.6.initial_Transaction_TransactionHistory.py:87} INFO - Executing INSERT query with values ('98B09DB9-E08F-4883-8FDD-18B5D29FC9D5', 2, 'Transaction Approved', '6643B2E6-2E1A-4CAD-8DCE-2F0E915B6DC6', datetime.datetime(2025, 1, 6, 16, 40, 34, 103000), None, '', datetime.datetime(2025, 1, 6, 16, 40, 34, 103000), None, None)
[2025-01-08T05:42:46.732+0000] {1.6.initial_Transaction_TransactionHistory.py:101} INFO - Data transfer completed successfully and sync details updated.
[2025-01-08T05:42:46.733+0000] {1.6.initial_Transaction_TransactionHistory.py:79} INFO - Deleting existing row for userid: F8F1C71D-D29F-4A56-BFFA-31CB27D9A540
[2025-01-08T05:42:46.735+0000] {1.6.initial_Transaction_TransactionHistory.py:87} INFO - Executing INSERT query with values ('F8F1C71D-D29F-4A56-BFFA-31CB27D9A540', 2, 'Transaction Approved', 'BDD75D18-A262-4FB6-8FD4-5FD11FC469C4', datetime.datetime(2025, 1, 6, 17, 30, 44, 113000), None, '', datetime.datetime(2025, 1, 6, 17, 30, 44, 113000), None, None)
[2025-01-08T05:42:46.740+0000] {1.6.initial_Transaction_TransactionHistory.py:101} INFO - Data transfer completed successfully and sync details updated.
[2025-01-08T05:42:46.742+0000] {1.6.initial_Transaction_TransactionHistory.py:79} INFO - Deleting existing row for userid: BC5299AC-7FE0-4666-9ABA-9385719536C3
[2025-01-08T05:42:46.743+0000] {1.6.initial_Transaction_TransactionHistory.py:87} INFO - Executing INSERT query with values ('BC5299AC-7FE0-4666-9ABA-9385719536C3', 1, 'Transaction Collection', '890988AB-5F3A-4289-9A1A-1DA7EE227963', datetime.datetime(2025, 1, 6, 18, 53, 54, 290000), 'f9b6b412-868c-4354-bc49-6e833d9ab7a2', 'branchuser100', datetime.datetime(2025, 1, 6, 18, 53, 54, 290000), None, None)
[2025-01-08T05:42:46.747+0000] {1.6.initial_Transaction_TransactionHistory.py:101} INFO - Data transfer completed successfully and sync details updated.
[2025-01-08T05:42:46.749+0000] {1.6.initial_Transaction_TransactionHistory.py:79} INFO - Deleting existing row for userid: ABA5F4D0-CD19-4EAB-8120-7EBA33BA1CA4
[2025-01-08T05:42:46.750+0000] {1.6.initial_Transaction_TransactionHistory.py:87} INFO - Executing INSERT query with values ('ABA5F4D0-CD19-4EAB-8120-7EBA33BA1CA4', 1, 'Transaction Collection', '2AB1C749-4247-4756-9CCC-899F949AF611', datetime.datetime(2025, 1, 7, 11, 39, 8, 760000), 'f9b6b412-868c-4354-bc49-6e833d9ab7a2', 'branchuser100', datetime.datetime(2025, 1, 7, 11, 39, 8, 760000), None, None)
[2025-01-08T05:42:46.756+0000] {1.6.initial_Transaction_TransactionHistory.py:101} INFO - Data transfer completed successfully and sync details updated.
[2025-01-08T05:42:46.758+0000] {1.6.initial_Transaction_TransactionHistory.py:79} INFO - Deleting existing row for userid: 35383ECB-39C9-47DB-B59A-080D0A07C985
[2025-01-08T05:42:46.760+0000] {1.6.initial_Transaction_TransactionHistory.py:87} INFO - Executing INSERT query with values ('35383ECB-39C9-47DB-B59A-080D0A07C985', 1, 'Transaction Collection', '2B9327AA-54C6-45C4-BEBB-37E0C587737D', datetime.datetime(2025, 1, 7, 11, 41, 54, 147000), 'ec39ef6c-ea9d-41a7-b2f8-5c8fe559cb4b', 'hariroka', datetime.datetime(2025, 1, 7, 11, 41, 54, 147000), None, None)
[2025-01-08T05:42:46.765+0000] {1.6.initial_Transaction_TransactionHistory.py:101} INFO - Data transfer completed successfully and sync details updated.
[2025-01-08T05:42:46.767+0000] {1.6.initial_Transaction_TransactionHistory.py:79} INFO - Deleting existing row for userid: 471FFB10-D464-48D8-9AFD-FE07BB4EE7F0
[2025-01-08T05:42:46.769+0000] {1.6.initial_Transaction_TransactionHistory.py:87} INFO - Executing INSERT query with values ('471FFB10-D464-48D8-9AFD-FE07BB4EE7F0', 1, 'Transaction Collection', 'E03A4B1D-3A8C-4DC5-ADD7-94F87CF4FB2B', datetime.datetime(2025, 1, 7, 11, 44, 9, 870000), '867a328e-08b0-444a-8055-f232aac7744a', 'KLBRANCHTELLER1', datetime.datetime(2025, 1, 7, 11, 44, 9, 870000), None, None)
[2025-01-08T05:42:46.774+0000] {1.6.initial_Transaction_TransactionHistory.py:101} INFO - Data transfer completed successfully and sync details updated.
[2025-01-08T05:42:46.776+0000] {1.6.initial_Transaction_TransactionHistory.py:79} INFO - Deleting existing row for userid: 84DCD081-C084-4CCB-B38A-F61B4E068368
[2025-01-08T05:42:46.777+0000] {1.6.initial_Transaction_TransactionHistory.py:87} INFO - Executing INSERT query with values ('84DCD081-C084-4CCB-B38A-F61B4E068368', 1, 'Transaction Collection', '01314266-7D35-466D-9D2E-9D69A47FB87D', datetime.datetime(2025, 1, 7, 12, 54, 37, 630000), '46072126-5a01-49e3-8a01-9b82c322764a', 'MANOJ_P', datetime.datetime(2025, 1, 7, 12, 54, 37, 630000), None, None)
[2025-01-08T05:42:46.781+0000] {1.6.initial_Transaction_TransactionHistory.py:101} INFO - Data transfer completed successfully and sync details updated.
[2025-01-08T05:42:46.783+0000] {1.6.initial_Transaction_TransactionHistory.py:79} INFO - Deleting existing row for userid: 0067A7C3-85F7-4226-9F14-51D86674ADCB
[2025-01-08T05:42:46.785+0000] {1.6.initial_Transaction_TransactionHistory.py:87} INFO - Executing INSERT query with values ('0067A7C3-85F7-4226-9F14-51D86674ADCB', 1, 'TEST', '4482362F-B622-4ADA-9723-6113BF4F7C54', datetime.datetime(2025, 1, 7, 12, 54, 39, 877000), '867a328e-08b0-444a-8055-f232aac7744a', 'KLBRANCHTELLER1', datetime.datetime(2025, 1, 7, 12, 54, 39, 877000), None, None)
[2025-01-08T05:42:46.790+0000] {1.6.initial_Transaction_TransactionHistory.py:101} INFO - Data transfer completed successfully and sync details updated.
[2025-01-08T05:42:46.992+0000] {python.py:240} INFO - Done. Returned value was: None
[2025-01-08T05:42:47.004+0000] {taskinstance.py:340} INFO - ::group::Post task execution logs
[2025-01-08T05:42:47.005+0000] {taskinstance.py:352} INFO - Marking task as SUCCESS. dag_id=1.6.0.trans_TransactionStatusHistorysdata, task_id=transfer_data_task, run_id=manual__2025-01-08T05:42:40.996599+00:00, execution_date=20250108T054240, start_date=20250108T054242, end_date=20250108T054247
[2025-01-08T05:42:47.058+0000] {local_task_job_runner.py:266} INFO - Task exited with return code 0
[2025-01-08T05:42:47.075+0000] {taskinstance.py:3895} INFO - 0 downstream tasks scheduled from follow-on schedule check
[2025-01-08T05:42:47.077+0000] {local_task_job_runner.py:245} INFO - ::endgroup::
