[2025-01-08T05:42:29.137+0000] {local_task_job_runner.py:123} INFO - ::group::Pre task execution logs
[2025-01-08T05:42:29.157+0000] {taskinstance.py:2613} INFO - Dependencies all met for dep_context=non-requeueable deps ti=<TaskInstance: 1.11.0.trans_Bank.transfer_data_task manual__2025-01-08T05:42:27.678602+00:00 [queued]>
[2025-01-08T05:42:29.168+0000] {taskinstance.py:2613} INFO - Dependencies all met for dep_context=requeueable deps ti=<TaskInstance: 1.11.0.trans_Bank.transfer_data_task manual__2025-01-08T05:42:27.678602+00:00 [queued]>
[2025-01-08T05:42:29.169+0000] {taskinstance.py:2866} INFO - Starting attempt 1 of 2
[2025-01-08T05:42:29.187+0000] {taskinstance.py:2889} INFO - Executing <Task(PythonOperator): transfer_data_task> on 2025-01-08 05:42:27.678602+00:00
[2025-01-08T05:42:29.193+0000] {warnings.py:112} WARNING - /home/***/.local/lib/python3.12/site-packages/***/task/task_runner/standard_task_runner.py:70: DeprecationWarning: This process (pid=205) is multi-threaded, use of fork() may lead to deadlocks in the child.
  pid = os.fork()

[2025-01-08T05:42:29.195+0000] {standard_task_runner.py:72} INFO - Started process 206 to run task
[2025-01-08T05:42:29.196+0000] {standard_task_runner.py:104} INFO - Running: ['***', 'tasks', 'run', '1.11.0.trans_Bank', 'transfer_data_task', 'manual__2025-01-08T05:42:27.678602+00:00', '--job-id', '13', '--raw', '--subdir', 'DAGS_FOLDER/TransactionService/1.11.initial_Transaction_Bank.py', '--cfg-path', '/tmp/tmp5nzvqvxi']
[2025-01-08T05:42:29.198+0000] {standard_task_runner.py:105} INFO - Job 13: Subtask transfer_data_task
[2025-01-08T05:42:29.266+0000] {task_command.py:467} INFO - Running <TaskInstance: 1.11.0.trans_Bank.transfer_data_task manual__2025-01-08T05:42:27.678602+00:00 [running]> on host 140af152fc10
[2025-01-08T05:42:29.384+0000] {taskinstance.py:3132} INFO - Exporting env vars: AIRFLOW_CTX_DAG_OWNER='***' AIRFLOW_CTX_DAG_ID='1.11.0.trans_Bank' AIRFLOW_CTX_TASK_ID='transfer_data_task' AIRFLOW_CTX_EXECUTION_DATE='2025-01-08T05:42:27.678602+00:00' AIRFLOW_CTX_TRY_NUMBER='1' AIRFLOW_CTX_DAG_RUN_ID='manual__2025-01-08T05:42:27.678602+00:00'
[2025-01-08T05:42:29.386+0000] {taskinstance.py:731} INFO - ::endgroup::
[2025-01-08T05:42:29.423+0000] {base.py:84} INFO - Retrieving connection 'Transaction_db_connection'
[2025-01-08T05:42:31.465+0000] {logging_mixin.py:190} INFO - source_conn: connected to source db
[2025-01-08T05:42:31.478+0000] {base.py:84} INFO - Retrieving connection 'Report_db_connection'
[2025-01-08T05:42:31.538+0000] {logging_mixin.py:190} INFO - dest_conn: connected to destination db
[2025-01-08T05:42:31.745+0000] {logging_mixin.py:190} INFO - "Code", "Name", "CountryCode", "PayingPartnerCode", "IsDeleted", "CollectingPartnerCodes", "ReceiverTypes", "AllowedPayingModeCodes", "CreatedAt", "UpdatedAt", "CreatedBy", "CreatedByName", "UpdatedBy", "UpdatedByName"
[2025-01-08T05:42:31.751+0000] {1.11.initial_Transaction_Bank.py:79} INFO - Deleting existing row for userid: BD36
[2025-01-08T05:42:31.754+0000] {1.11.initial_Transaction_Bank.py:87} INFO - Executing INSERT query with values ('BD36', 'AB BANK LTD BANGLADESH', '29', 'BD0001', False, '["MY0001"]', '["1"]', '[1,24]', datetime.datetime(2024, 12, 30, 17, 28, 16, 257000), datetime.datetime(2024, 12, 30, 17, 28, 16, 257000), '237d1b51-240b-4bdf-9b55-2a97c6aa1c54', 'vtbinup', '237d1b51-240b-4bdf-9b55-2a97c6aa1c54', 'vtbinup')
[2025-01-08T05:42:31.764+0000] {1.11.initial_Transaction_Bank.py:101} INFO - Data transfer completed successfully and sync details updated.
[2025-01-08T05:42:31.767+0000] {1.11.initial_Transaction_Bank.py:79} INFO - Deleting existing row for userid: ID056
[2025-01-08T05:42:31.769+0000] {1.11.initial_Transaction_Bank.py:87} INFO - Executing INSERT query with values ('ID056', 'BRI', 'ID', 'ID0001', False, '["MY0001","NP0000","NP0007"]', '["1","1","1"]', '[1,24]', datetime.datetime(2024, 12, 30, 17, 41, 5, 827000), datetime.datetime(2024, 12, 30, 17, 41, 5, 827000), '12ee8a95-234e-4e92-bf02-57bf162d7348', 'admin@vanillatech.ai', '12ee8a95-234e-4e92-bf02-57bf162d7348', 'admin@vanillatech.ai')
[2025-01-08T05:42:31.776+0000] {1.11.initial_Transaction_Bank.py:101} INFO - Data transfer completed successfully and sync details updated.
[2025-01-08T05:42:31.779+0000] {1.11.initial_Transaction_Bank.py:87} INFO - Executing INSERT query with values ('1000000015', 'AMBANK BERHAD', 'MY', 'MY0001', False, '["MY0001"]', '["1"]', '[1,24]', datetime.datetime(2024, 12, 30, 18, 19, 47, 630000), datetime.datetime(2024, 12, 30, 18, 19, 47, 630000), '12ee8a95-234e-4e92-bf02-57bf162d7348', 'admin@vanillatech.ai', '12ee8a95-234e-4e92-bf02-57bf162d7348', 'admin@vanillatech.ai')
[2025-01-08T05:42:31.784+0000] {1.11.initial_Transaction_Bank.py:101} INFO - Data transfer completed successfully and sync details updated.
[2025-01-08T05:42:31.788+0000] {1.11.initial_Transaction_Bank.py:79} INFO - Deleting existing row for userid: NP101
[2025-01-08T05:42:31.791+0000] {1.11.initial_Transaction_Bank.py:87} INFO - Executing INSERT query with values ('NP101', 'PRABHU BANK LTD', 'NP', 'NP0003', False, '["MY0001","MY0001"]', '["2","1"]', '[1,24]', datetime.datetime(2024, 12, 31, 12, 19, 53, 853000), datetime.datetime(2025, 1, 2, 13, 15, 57, 757000), '12ee8a95-234e-4e92-bf02-57bf162d7348', 'admin@vanillatech.ai', '237d1b51-240b-4bdf-9b55-2a97c6aa1c54', 'vtbinup')
[2025-01-08T05:42:31.797+0000] {1.11.initial_Transaction_Bank.py:101} INFO - Data transfer completed successfully and sync details updated.
[2025-01-08T05:42:31.799+0000] {1.11.initial_Transaction_Bank.py:79} INFO - Deleting existing row for userid: NP192
[2025-01-08T05:42:31.801+0000] {1.11.initial_Transaction_Bank.py:87} INFO - Executing INSERT query with values ('NP192', 'NEPAL RASTRA BANK', 'NP', 'NP0007', False, '["MY0019","MY0001","MY0001"]', '["1","2","1"]', '[1,24]', datetime.datetime(2024, 12, 31, 18, 6, 20, 517000), datetime.datetime(2024, 12, 31, 18, 6, 20, 517000), '237d1b51-240b-4bdf-9b55-2a97c6aa1c54', 'vtbinup', '237d1b51-240b-4bdf-9b55-2a97c6aa1c54', 'vtbinup')
[2025-01-08T05:42:31.809+0000] {1.11.initial_Transaction_Bank.py:101} INFO - Data transfer completed successfully and sync details updated.
[2025-01-08T05:42:31.812+0000] {1.11.initial_Transaction_Bank.py:79} INFO - Deleting existing row for userid: BD011
[2025-01-08T05:42:31.813+0000] {1.11.initial_Transaction_Bank.py:87} INFO - Executing INSERT query with values ('BD011', 'BD Bank', '29', 'BD0001', False, '["MY0001","MY0001"]', '["2","1"]', '[1,24]', datetime.datetime(2025, 1, 2, 18, 23, 58, 707000), datetime.datetime(2025, 1, 2, 18, 23, 58, 707000), 'a819497c-1fc7-4c8f-91ff-b9b798856361', 'bo_hariroka', 'a819497c-1fc7-4c8f-91ff-b9b798856361', 'bo_hariroka')
[2025-01-08T05:42:31.821+0000] {1.11.initial_Transaction_Bank.py:101} INFO - Data transfer completed successfully and sync details updated.
[2025-01-08T05:42:31.824+0000] {1.11.initial_Transaction_Bank.py:87} INFO - Executing INSERT query with values ('UAE001', 'UAE BANK', 'AE', 'AE0001', False, '["MY0001"]', '["1"]', '[1,24]', datetime.datetime(2025, 1, 6, 16, 47, 57, 510000), datetime.datetime(2025, 1, 6, 16, 52, 13, 560000), 'a819497c-1fc7-4c8f-91ff-b9b798856361', 'bo_hariroka', 'a819497c-1fc7-4c8f-91ff-b9b798856361', 'bo_hariroka')
[2025-01-08T05:42:31.830+0000] {1.11.initial_Transaction_Bank.py:101} INFO - Data transfer completed successfully and sync details updated.
[2025-01-08T05:42:32.026+0000] {python.py:240} INFO - Done. Returned value was: None
[2025-01-08T05:42:32.039+0000] {taskinstance.py:340} INFO - ::group::Post task execution logs
[2025-01-08T05:42:32.040+0000] {taskinstance.py:352} INFO - Marking task as SUCCESS. dag_id=1.11.0.trans_Bank, task_id=transfer_data_task, run_id=manual__2025-01-08T05:42:27.678602+00:00, execution_date=20250108T054227, start_date=20250108T054229, end_date=20250108T054232
[2025-01-08T05:42:32.063+0000] {local_task_job_runner.py:266} INFO - Task exited with return code 0
[2025-01-08T05:42:32.080+0000] {taskinstance.py:3895} INFO - 0 downstream tasks scheduled from follow-on schedule check
[2025-01-08T05:42:32.082+0000] {local_task_job_runner.py:245} INFO - ::endgroup::
