[2025-01-08T05:47:05.771+0000] {local_task_job_runner.py:123} INFO - ::group::Pre task execution logs
[2025-01-08T05:47:05.796+0000] {taskinstance.py:2613} INFO - Dependencies all met for dep_context=non-requeueable deps ti=<TaskInstance: 1.5.0.trans_Referencesdata.transfer_data_task manual__2025-01-08T05:47:04.710844+00:00 [queued]>
[2025-01-08T05:47:05.810+0000] {taskinstance.py:2613} INFO - Dependencies all met for dep_context=requeueable deps ti=<TaskInstance: 1.5.0.trans_Referencesdata.transfer_data_task manual__2025-01-08T05:47:04.710844+00:00 [queued]>
[2025-01-08T05:47:05.811+0000] {taskinstance.py:2866} INFO - Starting attempt 1 of 2
[2025-01-08T05:47:05.834+0000] {taskinstance.py:2889} INFO - Executing <Task(PythonOperator): transfer_data_task> on 2025-01-08 05:47:04.710844+00:00
[2025-01-08T05:47:05.843+0000] {warnings.py:112} WARNING - /home/***/.local/lib/python3.12/site-packages/***/task/task_runner/standard_task_runner.py:70: DeprecationWarning: This process (pid=288) is multi-threaded, use of fork() may lead to deadlocks in the child.
  pid = os.fork()

[2025-01-08T05:47:05.845+0000] {standard_task_runner.py:72} INFO - Started process 289 to run task
[2025-01-08T05:47:05.845+0000] {standard_task_runner.py:104} INFO - Running: ['***', 'tasks', 'run', '1.5.0.trans_Referencesdata', 'transfer_data_task', 'manual__2025-01-08T05:47:04.710844+00:00', '--job-id', '22', '--raw', '--subdir', 'DAGS_FOLDER/TransactionService/1.5.initial_Transaction_Reference.py', '--cfg-path', '/tmp/tmp8ruk755k']
[2025-01-08T05:47:05.848+0000] {standard_task_runner.py:105} INFO - Job 22: Subtask transfer_data_task
[2025-01-08T05:47:05.925+0000] {task_command.py:467} INFO - Running <TaskInstance: 1.5.0.trans_Referencesdata.transfer_data_task manual__2025-01-08T05:47:04.710844+00:00 [running]> on host 140af152fc10
[2025-01-08T05:47:06.046+0000] {taskinstance.py:3132} INFO - Exporting env vars: AIRFLOW_CTX_DAG_OWNER='***' AIRFLOW_CTX_DAG_ID='1.5.0.trans_Referencesdata' AIRFLOW_CTX_TASK_ID='transfer_data_task' AIRFLOW_CTX_EXECUTION_DATE='2025-01-08T05:47:04.710844+00:00' AIRFLOW_CTX_TRY_NUMBER='1' AIRFLOW_CTX_DAG_RUN_ID='manual__2025-01-08T05:47:04.710844+00:00'
[2025-01-08T05:47:06.048+0000] {taskinstance.py:731} INFO - ::endgroup::
[2025-01-08T05:47:06.080+0000] {base.py:84} INFO - Retrieving connection 'Transaction_db_connection'
[2025-01-08T05:47:08.149+0000] {logging_mixin.py:190} INFO - source_conn: connected to source db
[2025-01-08T05:47:08.155+0000] {base.py:84} INFO - Retrieving connection 'Report_db_connection'
[2025-01-08T05:47:08.200+0000] {logging_mixin.py:190} INFO - dest_conn: connected to destination db
[2025-01-08T05:47:08.403+0000] {logging_mixin.py:190} INFO - "Code", "Category", "Name", "IsDeleted", "Configuration"
[2025-01-08T05:47:08.405+0000] {1.5.initial_Transaction_Reference.py:87} INFO - Executing INSERT query with values ('1', 'COLLECTION_MODE', 'Cash', False, '{"DenoRequired":true}')
[2025-01-08T05:47:08.411+0000] {1.5.initial_Transaction_Reference.py:101} INFO - Data transfer completed successfully and sync details updated.
[2025-01-08T05:47:08.413+0000] {1.5.initial_Transaction_Reference.py:79} INFO - Deleting existing row for userid: 1
[2025-01-08T05:47:08.415+0000] {1.5.initial_Transaction_Reference.py:87} INFO - Executing INSERT query with values ('1', 'CollectionMode', 'Cash', False, None)
[2025-01-08T05:47:08.418+0000] {1.5.initial_Transaction_Reference.py:101} INFO - Data transfer completed successfully and sync details updated.
[2025-01-08T05:47:08.419+0000] {1.5.initial_Transaction_Reference.py:79} INFO - Deleting existing row for userid: 1
[2025-01-08T05:47:08.420+0000] {1.5.initial_Transaction_Reference.py:87} INFO - Executing INSERT query with values ('1', 'DOCUMENT_TYPE', 'INVOICE / PURCHASE ORDER / PROFORMA INVOICE', False, None)
[2025-01-08T05:47:08.424+0000] {1.5.initial_Transaction_Reference.py:101} INFO - Data transfer completed successfully and sync details updated.
[2025-01-08T05:47:08.425+0000] {1.5.initial_Transaction_Reference.py:79} INFO - Deleting existing row for userid: 1
[2025-01-08T05:47:08.426+0000] {1.5.initial_Transaction_Reference.py:87} INFO - Executing INSERT query with values ('1', 'REMITTANCE_REASON', 'Family Maintenance', False, None)
[2025-01-08T05:47:08.429+0000] {1.5.initial_Transaction_Reference.py:101} INFO - Data transfer completed successfully and sync details updated.
[2025-01-08T05:47:08.431+0000] {1.5.initial_Transaction_Reference.py:79} INFO - Deleting existing row for userid: 1
[2025-01-08T05:47:08.432+0000] {1.5.initial_Transaction_Reference.py:87} INFO - Executing INSERT query with values ('1', 'SOURCE_OF_FUND', 'Business Income', False, None)
[2025-01-08T05:47:08.436+0000] {1.5.initial_Transaction_Reference.py:101} INFO - Data transfer completed successfully and sync details updated.
[2025-01-08T05:47:08.437+0000] {1.5.initial_Transaction_Reference.py:87} INFO - Executing INSERT query with values ('10', 'REMITTANCE_REASON', 'Education', False, None)
[2025-01-08T05:47:08.440+0000] {1.5.initial_Transaction_Reference.py:101} INFO - Data transfer completed successfully and sync details updated.
[2025-01-08T05:47:08.442+0000] {1.5.initial_Transaction_Reference.py:79} INFO - Deleting existing row for userid: 10
[2025-01-08T05:47:08.443+0000] {1.5.initial_Transaction_Reference.py:87} INFO - Executing INSERT query with values ('10', 'SOURCE_OF_FUND', 'Business Cash flow', False, None)
[2025-01-08T05:47:08.446+0000] {1.5.initial_Transaction_Reference.py:101} INFO - Data transfer completed successfully and sync details updated.
[2025-01-08T05:47:08.448+0000] {1.5.initial_Transaction_Reference.py:87} INFO - Executing INSERT query with values ('11', 'REMITTANCE_REASON', 'Savings', False, None)
[2025-01-08T05:47:08.451+0000] {1.5.initial_Transaction_Reference.py:101} INFO - Data transfer completed successfully and sync details updated.
[2025-01-08T05:47:08.453+0000] {1.5.initial_Transaction_Reference.py:79} INFO - Deleting existing row for userid: 11
[2025-01-08T05:47:08.454+0000] {1.5.initial_Transaction_Reference.py:87} INFO - Executing INSERT query with values ('11', 'SOURCE_OF_FUND', 'Spouse Income', False, None)
[2025-01-08T05:47:08.457+0000] {1.5.initial_Transaction_Reference.py:101} INFO - Data transfer completed successfully and sync details updated.
[2025-01-08T05:47:08.458+0000] {1.5.initial_Transaction_Reference.py:87} INFO - Executing INSERT query with values ('12', 'REMITTANCE_REASON', 'Employee Colleague or Family maintenance', False, None)
[2025-01-08T05:47:08.462+0000] {1.5.initial_Transaction_Reference.py:101} INFO - Data transfer completed successfully and sync details updated.
[2025-01-08T05:47:08.463+0000] {1.5.initial_Transaction_Reference.py:79} INFO - Deleting existing row for userid: 12
[2025-01-08T05:47:08.465+0000] {1.5.initial_Transaction_Reference.py:87} INFO - Executing INSERT query with values ('12', 'SOURCE_OF_FUND', 'Others', False, None)
[2025-01-08T05:47:08.469+0000] {1.5.initial_Transaction_Reference.py:101} INFO - Data transfer completed successfully and sync details updated.
[2025-01-08T05:47:08.471+0000] {1.5.initial_Transaction_Reference.py:87} INFO - Executing INSERT query with values ('13', 'REMITTANCE_REASON', 'Business/Investment', False, None)
[2025-01-08T05:47:08.475+0000] {1.5.initial_Transaction_Reference.py:101} INFO - Data transfer completed successfully and sync details updated.
[2025-01-08T05:47:08.477+0000] {1.5.initial_Transaction_Reference.py:87} INFO - Executing INSERT query with values ('15', 'REMITTANCE_REASON', 'Salary', False, None)
[2025-01-08T05:47:08.482+0000] {1.5.initial_Transaction_Reference.py:101} INFO - Data transfer completed successfully and sync details updated.
[2025-01-08T05:47:08.484+0000] {1.5.initial_Transaction_Reference.py:87} INFO - Executing INSERT query with values ('16', 'REMITTANCE_REASON', 'Payment of goods and services', False, None)
[2025-01-08T05:47:08.489+0000] {1.5.initial_Transaction_Reference.py:101} INFO - Data transfer completed successfully and sync details updated.
[2025-01-08T05:47:08.490+0000] {1.5.initial_Transaction_Reference.py:87} INFO - Executing INSERT query with values ('17', 'REMITTANCE_REASON', 'Others', False, None)
[2025-01-08T05:47:08.495+0000] {1.5.initial_Transaction_Reference.py:101} INFO - Data transfer completed successfully and sync details updated.
[2025-01-08T05:47:08.497+0000] {1.5.initial_Transaction_Reference.py:87} INFO - Executing INSERT query with values ('18', 'REMITTANCE_REASON', 'Personal Expenses', False, None)
[2025-01-08T05:47:08.504+0000] {1.5.initial_Transaction_Reference.py:101} INFO - Data transfer completed successfully and sync details updated.
[2025-01-08T05:47:08.506+0000] {1.5.initial_Transaction_Reference.py:87} INFO - Executing INSERT query with values ('19', 'REMITTANCE_REASON', 'Payment of Goods', False, None)
[2025-01-08T05:47:08.510+0000] {1.5.initial_Transaction_Reference.py:101} INFO - Data transfer completed successfully and sync details updated.
[2025-01-08T05:47:08.512+0000] {1.5.initial_Transaction_Reference.py:87} INFO - Executing INSERT query with values ('2', 'COLLECTION_MODE', 'Bank Deposit Slip', False, '{"DenoRequired":false}')
[2025-01-08T05:47:08.516+0000] {1.5.initial_Transaction_Reference.py:101} INFO - Data transfer completed successfully and sync details updated.
[2025-01-08T05:47:08.519+0000] {1.5.initial_Transaction_Reference.py:79} INFO - Deleting existing row for userid: 2
[2025-01-08T05:47:08.520+0000] {1.5.initial_Transaction_Reference.py:87} INFO - Executing INSERT query with values ('2', 'CollectionMode', 'Bank Deposit Slip', False, None)
[2025-01-08T05:47:08.525+0000] {1.5.initial_Transaction_Reference.py:101} INFO - Data transfer completed successfully and sync details updated.
[2025-01-08T05:47:08.526+0000] {1.5.initial_Transaction_Reference.py:79} INFO - Deleting existing row for userid: 2
[2025-01-08T05:47:08.527+0000] {1.5.initial_Transaction_Reference.py:87} INFO - Executing INSERT query with values ('2', 'DOCUMENT_TYPE', 'OTHERS', False, None)
[2025-01-08T05:47:08.532+0000] {1.5.initial_Transaction_Reference.py:101} INFO - Data transfer completed successfully and sync details updated.
[2025-01-08T05:47:08.534+0000] {1.5.initial_Transaction_Reference.py:79} INFO - Deleting existing row for userid: 2
[2025-01-08T05:47:08.536+0000] {1.5.initial_Transaction_Reference.py:87} INFO - Executing INSERT query with values ('2', 'REMITTANCE_REASON', 'Household Maintenance', False, None)
[2025-01-08T05:47:08.540+0000] {1.5.initial_Transaction_Reference.py:101} INFO - Data transfer completed successfully and sync details updated.
[2025-01-08T05:47:08.541+0000] {1.5.initial_Transaction_Reference.py:79} INFO - Deleting existing row for userid: 2
[2025-01-08T05:47:08.542+0000] {1.5.initial_Transaction_Reference.py:87} INFO - Executing INSERT query with values ('2', 'SOURCE_OF_FUND', 'Monthly Income', False, None)
[2025-01-08T05:47:08.546+0000] {1.5.initial_Transaction_Reference.py:101} INFO - Data transfer completed successfully and sync details updated.
[2025-01-08T05:47:08.548+0000] {1.5.initial_Transaction_Reference.py:87} INFO - Executing INSERT query with values ('20', 'REMITTANCE_REASON', 'Payment of Services', False, None)
[2025-01-08T05:47:08.555+0000] {1.5.initial_Transaction_Reference.py:101} INFO - Data transfer completed successfully and sync details updated.
[2025-01-08T05:47:08.557+0000] {1.5.initial_Transaction_Reference.py:87} INFO - Executing INSERT query with values ('3', 'COLLECTION_MODE', 'MMCard', False, '{"DenoRequired":false}')
[2025-01-08T05:47:08.561+0000] {1.5.initial_Transaction_Reference.py:101} INFO - Data transfer completed successfully and sync details updated.
[2025-01-08T05:47:08.562+0000] {1.5.initial_Transaction_Reference.py:79} INFO - Deleting existing row for userid: 3
[2025-01-08T05:47:08.564+0000] {1.5.initial_Transaction_Reference.py:87} INFO - Executing INSERT query with values ('3', 'CollectionMode', 'MMCard', False, None)
[2025-01-08T05:47:08.569+0000] {1.5.initial_Transaction_Reference.py:101} INFO - Data transfer completed successfully and sync details updated.
[2025-01-08T05:47:08.571+0000] {1.5.initial_Transaction_Reference.py:79} INFO - Deleting existing row for userid: 3
[2025-01-08T05:47:08.572+0000] {1.5.initial_Transaction_Reference.py:87} INFO - Executing INSERT query with values ('3', 'REMITTANCE_REASON', 'Donation or Gifts', False, None)
[2025-01-08T05:47:08.575+0000] {1.5.initial_Transaction_Reference.py:101} INFO - Data transfer completed successfully and sync details updated.
[2025-01-08T05:47:08.577+0000] {1.5.initial_Transaction_Reference.py:79} INFO - Deleting existing row for userid: 3
[2025-01-08T05:47:08.578+0000] {1.5.initial_Transaction_Reference.py:87} INFO - Executing INSERT query with values ('3', 'SOURCE_OF_FUND', 'Additional Part time Income or Commission', False, None)
[2025-01-08T05:47:08.582+0000] {1.5.initial_Transaction_Reference.py:101} INFO - Data transfer completed successfully and sync details updated.
[2025-01-08T05:47:08.584+0000] {1.5.initial_Transaction_Reference.py:87} INFO - Executing INSERT query with values ('4', 'REMITTANCE_REASON', 'Payment of Loan', False, None)
[2025-01-08T05:47:08.588+0000] {1.5.initial_Transaction_Reference.py:101} INFO - Data transfer completed successfully and sync details updated.
[2025-01-08T05:47:08.589+0000] {1.5.initial_Transaction_Reference.py:79} INFO - Deleting existing row for userid: 4
[2025-01-08T05:47:08.590+0000] {1.5.initial_Transaction_Reference.py:87} INFO - Executing INSERT query with values ('4', 'SOURCE_OF_FUND', 'Savings', False, None)
[2025-01-08T05:47:08.594+0000] {1.5.initial_Transaction_Reference.py:101} INFO - Data transfer completed successfully and sync details updated.
[2025-01-08T05:47:08.595+0000] {1.5.initial_Transaction_Reference.py:87} INFO - Executing INSERT query with values ('5', 'REMITTANCE_REASON', 'Purchase of Property', False, None)
[2025-01-08T05:47:08.599+0000] {1.5.initial_Transaction_Reference.py:101} INFO - Data transfer completed successfully and sync details updated.
[2025-01-08T05:47:08.601+0000] {1.5.initial_Transaction_Reference.py:79} INFO - Deleting existing row for userid: 5
[2025-01-08T05:47:08.602+0000] {1.5.initial_Transaction_Reference.py:87} INFO - Executing INSERT query with values ('5', 'SOURCE_OF_FUND', 'Loan from friends', False, None)
[2025-01-08T05:47:08.605+0000] {1.5.initial_Transaction_Reference.py:101} INFO - Data transfer completed successfully and sync details updated.
[2025-01-08T05:47:08.607+0000] {1.5.initial_Transaction_Reference.py:87} INFO - Executing INSERT query with values ('6', 'REMITTANCE_REASON', 'Funeral Expenses', False, None)
[2025-01-08T05:47:08.610+0000] {1.5.initial_Transaction_Reference.py:101} INFO - Data transfer completed successfully and sync details updated.
[2025-01-08T05:47:08.612+0000] {1.5.initial_Transaction_Reference.py:79} INFO - Deleting existing row for userid: 6
[2025-01-08T05:47:08.612+0000] {1.5.initial_Transaction_Reference.py:87} INFO - Executing INSERT query with values ('6', 'SOURCE_OF_FUND', 'Friends Salary', False, None)
[2025-01-08T05:47:08.616+0000] {1.5.initial_Transaction_Reference.py:101} INFO - Data transfer completed successfully and sync details updated.
[2025-01-08T05:47:08.618+0000] {1.5.initial_Transaction_Reference.py:87} INFO - Executing INSERT query with values ('7', 'REMITTANCE_REASON', 'Medical Expenses', False, None)
[2025-01-08T05:47:08.621+0000] {1.5.initial_Transaction_Reference.py:101} INFO - Data transfer completed successfully and sync details updated.
[2025-01-08T05:47:08.622+0000] {1.5.initial_Transaction_Reference.py:79} INFO - Deleting existing row for userid: 7
[2025-01-08T05:47:08.623+0000] {1.5.initial_Transaction_Reference.py:87} INFO - Executing INSERT query with values ('7', 'SOURCE_OF_FUND', 'Employee Salary', False, None)
[2025-01-08T05:47:08.626+0000] {1.5.initial_Transaction_Reference.py:101} INFO - Data transfer completed successfully and sync details updated.
[2025-01-08T05:47:08.628+0000] {1.5.initial_Transaction_Reference.py:87} INFO - Executing INSERT query with values ('8', 'REMITTANCE_REASON', 'Wedding Expenses', False, None)
[2025-01-08T05:47:08.631+0000] {1.5.initial_Transaction_Reference.py:101} INFO - Data transfer completed successfully and sync details updated.
[2025-01-08T05:47:08.633+0000] {1.5.initial_Transaction_Reference.py:79} INFO - Deleting existing row for userid: 8
[2025-01-08T05:47:08.634+0000] {1.5.initial_Transaction_Reference.py:87} INFO - Executing INSERT query with values ('8', 'SOURCE_OF_FUND', 'Family Income', False, None)
[2025-01-08T05:47:08.637+0000] {1.5.initial_Transaction_Reference.py:101} INFO - Data transfer completed successfully and sync details updated.
[2025-01-08T05:47:08.639+0000] {1.5.initial_Transaction_Reference.py:87} INFO - Executing INSERT query with values ('9', 'REMITTANCE_REASON', 'Payment of bills', False, None)
[2025-01-08T05:47:08.642+0000] {1.5.initial_Transaction_Reference.py:101} INFO - Data transfer completed successfully and sync details updated.
[2025-01-08T05:47:08.643+0000] {1.5.initial_Transaction_Reference.py:79} INFO - Deleting existing row for userid: 9
[2025-01-08T05:47:08.645+0000] {1.5.initial_Transaction_Reference.py:87} INFO - Executing INSERT query with values ('9', 'SOURCE_OF_FUND', 'Prizes or Winnings', False, None)
[2025-01-08T05:47:08.649+0000] {1.5.initial_Transaction_Reference.py:101} INFO - Data transfer completed successfully and sync details updated.
[2025-01-08T05:47:08.859+0000] {python.py:240} INFO - Done. Returned value was: None
[2025-01-08T05:47:08.870+0000] {taskinstance.py:340} INFO - ::group::Post task execution logs
[2025-01-08T05:47:08.871+0000] {taskinstance.py:352} INFO - Marking task as SUCCESS. dag_id=1.5.0.trans_Referencesdata, task_id=transfer_data_task, run_id=manual__2025-01-08T05:47:04.710844+00:00, execution_date=20250108T054704, start_date=20250108T054705, end_date=20250108T054708
[2025-01-08T05:47:08.922+0000] {local_task_job_runner.py:266} INFO - Task exited with return code 0
[2025-01-08T05:47:08.947+0000] {taskinstance.py:3895} INFO - 0 downstream tasks scheduled from follow-on schedule check
[2025-01-08T05:47:08.951+0000] {local_task_job_runner.py:245} INFO - ::endgroup::
