[2025-02-10T06:11:59.482+0000] {local_task_job_runner.py:123} INFO - ::group::Pre task execution logs
[2025-02-10T06:11:59.508+0000] {taskinstance.py:2613} INFO - Dependencies all met for dep_context=non-requeueable deps ti=<TaskInstance: 1.07.initial_Transaction.1.07.initial_Transaction manual__2025-02-10T06:11:58.255185+00:00 [queued]>
[2025-02-10T06:11:59.522+0000] {taskinstance.py:2613} INFO - Dependencies all met for dep_context=requeueable deps ti=<TaskInstance: 1.07.initial_Transaction.1.07.initial_Transaction manual__2025-02-10T06:11:58.255185+00:00 [queued]>
[2025-02-10T06:11:59.523+0000] {taskinstance.py:2866} INFO - Starting attempt 1 of 1
[2025-02-10T06:11:59.544+0000] {taskinstance.py:2889} INFO - Executing <Task(PythonOperator): 1.07.initial_Transaction> on 2025-02-10 06:11:58.255185+00:00
[2025-02-10T06:11:59.553+0000] {warnings.py:112} WARNING - /home/***/.local/lib/python3.12/site-packages/***/task/task_runner/standard_task_runner.py:70: DeprecationWarning: This process (pid=1328) is multi-threaded, use of fork() may lead to deadlocks in the child.
  pid = os.fork()

[2025-02-10T06:11:59.555+0000] {standard_task_runner.py:72} INFO - Started process 1329 to run task
[2025-02-10T06:11:59.555+0000] {standard_task_runner.py:104} INFO - Running: ['***', 'tasks', 'run', '1.07.initial_Transaction', '1.07.initial_Transaction', 'manual__2025-02-10T06:11:58.255185+00:00', '--job-id', '30', '--raw', '--subdir', 'DAGS_FOLDER/TransactionService/1.7.initial_Transaction_Transaction.py', '--cfg-path', '/tmp/tmpx2h8vvxl']
[2025-02-10T06:11:59.557+0000] {standard_task_runner.py:105} INFO - Job 30: Subtask 1.07.initial_Transaction
[2025-02-10T06:11:59.625+0000] {task_command.py:467} INFO - Running <TaskInstance: 1.07.initial_Transaction.1.07.initial_Transaction manual__2025-02-10T06:11:58.255185+00:00 [running]> on host f8e600115ac1
[2025-02-10T06:11:59.745+0000] {taskinstance.py:3132} INFO - Exporting env vars: AIRFLOW_CTX_DAG_OWNER='***' AIRFLOW_CTX_DAG_ID='1.07.initial_Transaction' AIRFLOW_CTX_TASK_ID='1.07.initial_Transaction' AIRFLOW_CTX_EXECUTION_DATE='2025-02-10T06:11:58.255185+00:00' AIRFLOW_CTX_TRY_NUMBER='1' AIRFLOW_CTX_DAG_RUN_ID='manual__2025-02-10T06:11:58.255185+00:00'
[2025-02-10T06:11:59.746+0000] {taskinstance.py:731} INFO - ::endgroup::
[2025-02-10T06:11:59.771+0000] {base.py:84} INFO - Retrieving connection 'TransactionDB_MSSQL'
[2025-02-10T06:11:59.782+0000] {base.py:84} INFO - Retrieving connection 'ReportDB_Postgres'
[2025-02-10T06:12:01.879+0000] {1.7.initial_Transaction_Transaction.py:60} INFO - Connected to source database.
[2025-02-10T06:12:02.914+0000] {1.7.initial_Transaction_Transaction.py:64} INFO - Connected to destination database.
[2025-02-10T06:12:03.327+0000] {1.7.initial_Transaction_Transaction.py:43} INFO - Destination columns: ['"Id"', '"Date"', '"ReferenceNo"', '"RemitNo"', '"AdditionalInfo"', '"Status"', '"ServiceFee"', '"PayMode"', '"ExchangeRate"', '"ReasonOfRemittanceCode"', '"RemitType"', '"RefundType"', '"CollectionModeDetail"', '"DenoDetails"', '"CreatedAt"', '"UpdatedAt"', '"CreatedBy"', '"CreatedByName"', '"UpdatedBy"', '"UpdatedByName"', '"StrReason"', '"BalanceInfo"', '"PrefundDetails"', '"CreatedByFullName"', '"WUDetail"']
[2025-02-10T06:12:03.535+0000] {1.7.initial_Transaction_Transaction.py:73} INFO - Destination table truncated.
[2025-02-10T06:12:04.392+0000] {1.7.initial_Transaction_Transaction.py:100} INFO - Batchs inserted into Transaction table. Rows inserted: 12
[2025-02-10T06:12:05.223+0000] {1.7.initial_Transaction_Transaction.py:112} INFO - Data transfer completed successfully and sync details updated.
[2025-02-10T06:12:05.430+0000] {python.py:240} INFO - Done. Returned value was: None
[2025-02-10T06:12:05.442+0000] {taskinstance.py:340} INFO - ::group::Post task execution logs
[2025-02-10T06:12:05.443+0000] {taskinstance.py:352} INFO - Marking task as SUCCESS. dag_id=1.07.initial_Transaction, task_id=1.07.initial_Transaction, run_id=manual__2025-02-10T06:11:58.255185+00:00, execution_date=20250210T061158, start_date=20250210T061159, end_date=20250210T061205
[2025-02-10T06:12:05.497+0000] {local_task_job_runner.py:266} INFO - Task exited with return code 0
[2025-02-10T06:12:05.515+0000] {taskinstance.py:3895} INFO - 0 downstream tasks scheduled from follow-on schedule check
[2025-02-10T06:12:05.519+0000] {local_task_job_runner.py:245} INFO - ::endgroup::
