[2025-02-10T05:44:12.043+0000] {local_task_job_runner.py:123} INFO - ::group::Pre task execution logs
[2025-02-10T05:44:12.073+0000] {taskinstance.py:2613} INFO - Dependencies all met for dep_context=non-requeueable deps ti=<TaskInstance: 1.04.initial_Partner.1.04.initial_Partner manual__2025-02-10T05:44:08.997152+00:00 [queued]>
[2025-02-10T05:44:12.091+0000] {taskinstance.py:2613} INFO - Dependencies all met for dep_context=requeueable deps ti=<TaskInstance: 1.04.initial_Partner.1.04.initial_Partner manual__2025-02-10T05:44:08.997152+00:00 [queued]>
[2025-02-10T05:44:12.092+0000] {taskinstance.py:2866} INFO - Starting attempt 1 of 1
[2025-02-10T05:44:12.120+0000] {taskinstance.py:2889} INFO - Executing <Task(PythonOperator): 1.04.initial_Partner> on 2025-02-10 05:44:08.997152+00:00
[2025-02-10T05:44:12.132+0000] {warnings.py:112} WARNING - /home/***/.local/lib/python3.12/site-packages/***/task/task_runner/standard_task_runner.py:70: DeprecationWarning: This process (pid=941) is multi-threaded, use of fork() may lead to deadlocks in the child.
  pid = os.fork()

[2025-02-10T05:44:12.134+0000] {standard_task_runner.py:72} INFO - Started process 949 to run task
[2025-02-10T05:44:12.135+0000] {standard_task_runner.py:104} INFO - Running: ['***', 'tasks', 'run', '1.04.initial_Partner', '1.04.initial_Partner', 'manual__2025-02-10T05:44:08.997152+00:00', '--job-id', '20', '--raw', '--subdir', 'DAGS_FOLDER/TransactionService/1.4.initial_Transaction_Partner.py', '--cfg-path', '/tmp/tmp9yvc87np']
[2025-02-10T05:44:12.137+0000] {standard_task_runner.py:105} INFO - Job 20: Subtask 1.04.initial_Partner
[2025-02-10T05:44:12.237+0000] {task_command.py:467} INFO - Running <TaskInstance: 1.04.initial_Partner.1.04.initial_Partner manual__2025-02-10T05:44:08.997152+00:00 [running]> on host f8e600115ac1
[2025-02-10T05:44:12.419+0000] {taskinstance.py:3132} INFO - Exporting env vars: AIRFLOW_CTX_DAG_OWNER='***' AIRFLOW_CTX_DAG_ID='1.04.initial_Partner' AIRFLOW_CTX_TASK_ID='1.04.initial_Partner' AIRFLOW_CTX_EXECUTION_DATE='2025-02-10T05:44:08.997152+00:00' AIRFLOW_CTX_TRY_NUMBER='1' AIRFLOW_CTX_DAG_RUN_ID='manual__2025-02-10T05:44:08.997152+00:00'
[2025-02-10T05:44:12.422+0000] {taskinstance.py:731} INFO - ::endgroup::
[2025-02-10T05:44:12.477+0000] {base.py:84} INFO - Retrieving connection 'TransactionDB_MSSQL'
[2025-02-10T05:44:12.494+0000] {base.py:84} INFO - Retrieving connection 'ReportDB_Postgres'
[2025-02-10T05:44:15.516+0000] {1.4.initial_Transaction_Partner.py:60} INFO - Connected to source database.
[2025-02-10T05:44:16.952+0000] {1.4.initial_Transaction_Partner.py:64} INFO - Connected to destination database.
[2025-02-10T05:44:17.562+0000] {1.4.initial_Transaction_Partner.py:43} INFO - Destination columns: ['"Code"', '"Configuration"', '"AdditionalInfo"', '"Collecting"', '"Name"', '"Paying"', '"CreatedAt"', '"CreatedBy"', '"CreatedByName"', '"IsDeleted"', '"UpdatedAt"', '"UpdatedBy"', '"UpdatedByName"']
[2025-02-10T05:44:17.886+0000] {1.4.initial_Transaction_Partner.py:73} INFO - Destination table truncated.
[2025-02-10T05:44:19.104+0000] {1.4.initial_Transaction_Partner.py:100} INFO - Batchs inserted into Partner table. Rows inserted: 7
[2025-02-10T05:44:20.200+0000] {1.4.initial_Transaction_Partner.py:112} INFO - Data transfer completed successfully and sync details updated.
[2025-02-10T05:44:20.416+0000] {python.py:240} INFO - Done. Returned value was: None
[2025-02-10T05:44:20.437+0000] {taskinstance.py:340} INFO - ::group::Post task execution logs
[2025-02-10T05:44:20.438+0000] {taskinstance.py:352} INFO - Marking task as SUCCESS. dag_id=1.04.initial_Partner, task_id=1.04.initial_Partner, run_id=manual__2025-02-10T05:44:08.997152+00:00, execution_date=20250210T054408, start_date=20250210T054412, end_date=20250210T054420
[2025-02-10T05:44:20.494+0000] {local_task_job_runner.py:266} INFO - Task exited with return code 0
[2025-02-10T05:44:20.521+0000] {taskinstance.py:3895} INFO - 0 downstream tasks scheduled from follow-on schedule check
[2025-02-10T05:44:20.526+0000] {local_task_job_runner.py:245} INFO - ::endgroup::
