[2025-02-10T07:25:49.063+0000] {local_task_job_runner.py:123} INFO - ::group::Pre task execution logs
[2025-02-10T07:25:49.098+0000] {taskinstance.py:2613} INFO - Dependencies all met for dep_context=non-requeueable deps ti=<TaskInstance: 1.10.initial_TransactionPayingPartnerDetail.1.10.initial_TransactionPayingPartnerDetail manual__2025-02-10T07:25:46.832352+00:00 [queued]>
[2025-02-10T07:25:49.114+0000] {taskinstance.py:2613} INFO - Dependencies all met for dep_context=requeueable deps ti=<TaskInstance: 1.10.initial_TransactionPayingPartnerDetail.1.10.initial_TransactionPayingPartnerDetail manual__2025-02-10T07:25:46.832352+00:00 [queued]>
[2025-02-10T07:25:49.115+0000] {taskinstance.py:2866} INFO - Starting attempt 1 of 1
[2025-02-10T07:25:49.139+0000] {taskinstance.py:2889} INFO - Executing <Task(PythonOperator): 1.10.initial_TransactionPayingPartnerDetail> on 2025-02-10 07:25:46.832352+00:00
[2025-02-10T07:25:49.154+0000] {standard_task_runner.py:104} INFO - Running: ['***', 'tasks', 'run', '1.10.initial_TransactionPayingPartnerDetail', '1.10.initial_TransactionPayingPartnerDetail', 'manual__2025-02-10T07:25:46.832352+00:00', '--job-id', '32', '--raw', '--subdir', 'DAGS_FOLDER/TransactionService/1.10.initial_Transaction_TransactionPayingPartnerDetail.py', '--cfg-path', '/tmp/tmp7ghow55x']
[2025-02-10T07:25:49.151+0000] {warnings.py:112} WARNING - /home/***/.local/lib/python3.12/site-packages/***/task/task_runner/standard_task_runner.py:70: DeprecationWarning: This process (pid=1588) is multi-threaded, use of fork() may lead to deadlocks in the child.
  pid = os.fork()

[2025-02-10T07:25:49.157+0000] {standard_task_runner.py:72} INFO - Started process 1589 to run task
[2025-02-10T07:25:49.157+0000] {standard_task_runner.py:105} INFO - Job 32: Subtask 1.10.initial_TransactionPayingPartnerDetail
[2025-02-10T07:25:49.238+0000] {task_command.py:467} INFO - Running <TaskInstance: 1.10.initial_TransactionPayingPartnerDetail.1.10.initial_TransactionPayingPartnerDetail manual__2025-02-10T07:25:46.832352+00:00 [running]> on host f8e600115ac1
[2025-02-10T07:25:49.388+0000] {taskinstance.py:3132} INFO - Exporting env vars: AIRFLOW_CTX_DAG_OWNER='***' AIRFLOW_CTX_DAG_ID='1.10.initial_TransactionPayingPartnerDetail' AIRFLOW_CTX_TASK_ID='1.10.initial_TransactionPayingPartnerDetail' AIRFLOW_CTX_EXECUTION_DATE='2025-02-10T07:25:46.832352+00:00' AIRFLOW_CTX_TRY_NUMBER='1' AIRFLOW_CTX_DAG_RUN_ID='manual__2025-02-10T07:25:46.832352+00:00'
[2025-02-10T07:25:49.390+0000] {taskinstance.py:731} INFO - ::endgroup::
[2025-02-10T07:25:49.438+0000] {base.py:84} INFO - Retrieving connection 'TransactionDB_MSSQL'
[2025-02-10T07:25:49.450+0000] {base.py:84} INFO - Retrieving connection 'ReportDB_Postgres'
[2025-02-10T07:25:51.410+0000] {1.10.initial_Transaction_TransactionPayingPartnerDetail.py:60} INFO - Connected to source database.
[2025-02-10T07:25:52.363+0000] {1.10.initial_Transaction_TransactionPayingPartnerDetail.py:64} INFO - Connected to destination database.
[2025-02-10T07:25:52.751+0000] {1.10.initial_Transaction_TransactionPayingPartnerDetail.py:43} INFO - Destination columns: ['"TransactionId"', '"AdditionalInfo"', '"Amount"', '"CurrencyCode"', '"PartnerBranchCode"', '"PartnerCode"', '"CreatedAt"', '"CreatedBy"', '"CreatedByName"', '"UpdatedAt"', '"UpdatedBy"', '"UpdatedByName"']
[2025-02-10T07:25:52.947+0000] {1.10.initial_Transaction_TransactionPayingPartnerDetail.py:73} INFO - Destination table truncated.
[2025-02-10T07:25:54.160+0000] {1.10.initial_Transaction_TransactionPayingPartnerDetail.py:100} INFO - Batchs inserted into TransactionPayingPartnerDetail table. Rows inserted: 12
[2025-02-10T07:25:54.931+0000] {1.10.initial_Transaction_TransactionPayingPartnerDetail.py:112} INFO - Data transfer completed successfully and sync details updated.
[2025-02-10T07:25:55.123+0000] {python.py:240} INFO - Done. Returned value was: None
[2025-02-10T07:25:55.143+0000] {taskinstance.py:340} INFO - ::group::Post task execution logs
[2025-02-10T07:25:55.144+0000] {taskinstance.py:352} INFO - Marking task as SUCCESS. dag_id=1.10.initial_TransactionPayingPartnerDetail, task_id=1.10.initial_TransactionPayingPartnerDetail, run_id=manual__2025-02-10T07:25:46.832352+00:00, execution_date=20250210T072546, start_date=20250210T072549, end_date=20250210T072555
[2025-02-10T07:25:55.196+0000] {local_task_job_runner.py:266} INFO - Task exited with return code 0
[2025-02-10T07:25:55.215+0000] {taskinstance.py:3895} INFO - 0 downstream tasks scheduled from follow-on schedule check
[2025-02-10T07:25:55.218+0000] {local_task_job_runner.py:245} INFO - ::endgroup::
