[2025-02-10T07:25:52.188+0000] {local_task_job_runner.py:123} INFO - ::group::Pre task execution logs
[2025-02-10T07:25:52.224+0000] {taskinstance.py:2613} INFO - Dependencies all met for dep_context=non-requeueable deps ti=<TaskInstance: 1.13.initial_TransactionStatusHistory.1.13.initial_TransactionStatusHistory manual__2025-02-10T07:25:48.996307+00:00 [queued]>
[2025-02-10T07:25:52.247+0000] {taskinstance.py:2613} INFO - Dependencies all met for dep_context=requeueable deps ti=<TaskInstance: 1.13.initial_TransactionStatusHistory.1.13.initial_TransactionStatusHistory manual__2025-02-10T07:25:48.996307+00:00 [queued]>
[2025-02-10T07:25:52.248+0000] {taskinstance.py:2866} INFO - Starting attempt 1 of 1
[2025-02-10T07:25:52.281+0000] {taskinstance.py:2889} INFO - Executing <Task(PythonOperator): 1.13.initial_TransactionStatusHistory> on 2025-02-10 07:25:48.996307+00:00
[2025-02-10T07:25:52.292+0000] {warnings.py:112} WARNING - /home/***/.local/lib/python3.12/site-packages/***/task/task_runner/standard_task_runner.py:70: DeprecationWarning: This process (pid=1592) is multi-threaded, use of fork() may lead to deadlocks in the child.
  pid = os.fork()

[2025-02-10T07:25:52.294+0000] {standard_task_runner.py:104} INFO - Running: ['***', 'tasks', 'run', '1.13.initial_TransactionStatusHistory', '1.13.initial_TransactionStatusHistory', 'manual__2025-02-10T07:25:48.996307+00:00', '--job-id', '34', '--raw', '--subdir', 'DAGS_FOLDER/TransactionService/1.13.initial_Transaction_TransactionHistory.py', '--cfg-path', '/tmp/tmp81vskxn_']
[2025-02-10T07:25:52.296+0000] {standard_task_runner.py:72} INFO - Started process 1595 to run task
[2025-02-10T07:25:52.296+0000] {standard_task_runner.py:105} INFO - Job 34: Subtask 1.13.initial_TransactionStatusHistory
[2025-02-10T07:25:52.373+0000] {task_command.py:467} INFO - Running <TaskInstance: 1.13.initial_TransactionStatusHistory.1.13.initial_TransactionStatusHistory manual__2025-02-10T07:25:48.996307+00:00 [running]> on host f8e600115ac1
[2025-02-10T07:25:52.494+0000] {taskinstance.py:3132} INFO - Exporting env vars: AIRFLOW_CTX_DAG_OWNER='***' AIRFLOW_CTX_DAG_ID='1.13.initial_TransactionStatusHistory' AIRFLOW_CTX_TASK_ID='1.13.initial_TransactionStatusHistory' AIRFLOW_CTX_EXECUTION_DATE='2025-02-10T07:25:48.996307+00:00' AIRFLOW_CTX_TRY_NUMBER='1' AIRFLOW_CTX_DAG_RUN_ID='manual__2025-02-10T07:25:48.996307+00:00'
[2025-02-10T07:25:52.495+0000] {taskinstance.py:731} INFO - ::endgroup::
[2025-02-10T07:25:52.544+0000] {base.py:84} INFO - Retrieving connection 'TransactionDB_MSSQL'
[2025-02-10T07:25:52.555+0000] {base.py:84} INFO - Retrieving connection 'ReportDB_Postgres'
[2025-02-10T07:25:54.530+0000] {1.13.initial_Transaction_TransactionHistory.py:60} INFO - Connected to source database.
[2025-02-10T07:25:55.497+0000] {1.13.initial_Transaction_TransactionHistory.py:64} INFO - Connected to destination database.
[2025-02-10T07:25:55.878+0000] {1.13.initial_Transaction_TransactionHistory.py:43} INFO - Destination columns: ['"Id"', '"Status"', '"Remarks"', '"TransactionId"', '"CreatedAt"', '"CreatedBy"', '"CreatedByName"', '"UpdatedAt"', '"UpdatedBy"', '"UpdatedByName"']
[2025-02-10T07:25:56.071+0000] {1.13.initial_Transaction_TransactionHistory.py:73} INFO - Destination table truncated.
[2025-02-10T07:25:56.916+0000] {1.13.initial_Transaction_TransactionHistory.py:100} INFO - Batchs inserted into TransactionStatusHistory table. Rows inserted: 13
[2025-02-10T07:25:57.678+0000] {1.13.initial_Transaction_TransactionHistory.py:112} INFO - Data transfer completed successfully and sync details updated.
[2025-02-10T07:25:57.877+0000] {python.py:240} INFO - Done. Returned value was: None
[2025-02-10T07:25:57.891+0000] {taskinstance.py:340} INFO - ::group::Post task execution logs
[2025-02-10T07:25:57.892+0000] {taskinstance.py:352} INFO - Marking task as SUCCESS. dag_id=1.13.initial_TransactionStatusHistory, task_id=1.13.initial_TransactionStatusHistory, run_id=manual__2025-02-10T07:25:48.996307+00:00, execution_date=20250210T072548, start_date=20250210T072552, end_date=20250210T072557
[2025-02-10T07:25:57.956+0000] {local_task_job_runner.py:266} INFO - Task exited with return code 0
[2025-02-10T07:25:57.973+0000] {taskinstance.py:3895} INFO - 0 downstream tasks scheduled from follow-on schedule check
[2025-02-10T07:25:57.976+0000] {local_task_job_runner.py:245} INFO - ::endgroup::
