[2025-02-10T07:25:51.696+0000] {local_task_job_runner.py:123} INFO - ::group::Pre task execution logs
[2025-02-10T07:25:51.722+0000] {taskinstance.py:2613} INFO - Dependencies all met for dep_context=non-requeueable deps ti=<TaskInstance: 1.06.initial_Reference.1.06.initial_Reference manual__2025-02-10T07:25:49.675499+00:00 [queued]>
[2025-02-10T07:25:51.735+0000] {taskinstance.py:2613} INFO - Dependencies all met for dep_context=requeueable deps ti=<TaskInstance: 1.06.initial_Reference.1.06.initial_Reference manual__2025-02-10T07:25:49.675499+00:00 [queued]>
[2025-02-10T07:25:51.736+0000] {taskinstance.py:2866} INFO - Starting attempt 1 of 1
[2025-02-10T07:25:51.755+0000] {taskinstance.py:2889} INFO - Executing <Task(PythonOperator): 1.06.initial_Reference> on 2025-02-10 07:25:49.675499+00:00
[2025-02-10T07:25:51.764+0000] {warnings.py:112} WARNING - /home/***/.local/lib/python3.12/site-packages/***/task/task_runner/standard_task_runner.py:70: DeprecationWarning: This process (pid=1591) is multi-threaded, use of fork() may lead to deadlocks in the child.
  pid = os.fork()

[2025-02-10T07:25:51.768+0000] {standard_task_runner.py:72} INFO - Started process 1593 to run task
[2025-02-10T07:25:51.769+0000] {standard_task_runner.py:104} INFO - Running: ['***', 'tasks', 'run', '1.06.initial_Reference', '1.06.initial_Reference', 'manual__2025-02-10T07:25:49.675499+00:00', '--job-id', '33', '--raw', '--subdir', 'DAGS_FOLDER/TransactionService/1.6.initial_Transaction_Reference.py', '--cfg-path', '/tmp/tmpbmqpk3p4']
[2025-02-10T07:25:51.770+0000] {standard_task_runner.py:105} INFO - Job 33: Subtask 1.06.initial_Reference
[2025-02-10T07:25:51.833+0000] {task_command.py:467} INFO - Running <TaskInstance: 1.06.initial_Reference.1.06.initial_Reference manual__2025-02-10T07:25:49.675499+00:00 [running]> on host f8e600115ac1
[2025-02-10T07:25:51.950+0000] {taskinstance.py:3132} INFO - Exporting env vars: AIRFLOW_CTX_DAG_OWNER='***' AIRFLOW_CTX_DAG_ID='1.06.initial_Reference' AIRFLOW_CTX_TASK_ID='1.06.initial_Reference' AIRFLOW_CTX_EXECUTION_DATE='2025-02-10T07:25:49.675499+00:00' AIRFLOW_CTX_TRY_NUMBER='1' AIRFLOW_CTX_DAG_RUN_ID='manual__2025-02-10T07:25:49.675499+00:00'
[2025-02-10T07:25:51.951+0000] {taskinstance.py:731} INFO - ::endgroup::
[2025-02-10T07:25:51.995+0000] {base.py:84} INFO - Retrieving connection 'TransactionDB_MSSQL'
[2025-02-10T07:25:52.005+0000] {base.py:84} INFO - Retrieving connection 'ReportDB_Postgres'
[2025-02-10T07:25:53.965+0000] {1.6.initial_Transaction_Reference.py:60} INFO - Connected to source database.
[2025-02-10T07:25:54.932+0000] {1.6.initial_Transaction_Reference.py:64} INFO - Connected to destination database.
[2025-02-10T07:25:55.313+0000] {1.6.initial_Transaction_Reference.py:43} INFO - Destination columns: ['"Code"', '"Category"', '"Name"', '"IsDeleted"', '"Configuration"', '"CreatedAt"', '"CreatedBy"', '"CreatedByName"', '"UpdatedAt"', '"UpdatedBy"', '"UpdatedByName"']
[2025-02-10T07:25:55.507+0000] {1.6.initial_Transaction_Reference.py:73} INFO - Destination table truncated.
[2025-02-10T07:25:56.286+0000] {1.6.initial_Transaction_Reference.py:100} INFO - Batchs inserted into Reference table. Rows inserted: 39
[2025-02-10T07:25:57.098+0000] {1.6.initial_Transaction_Reference.py:112} INFO - Data transfer completed successfully and sync details updated.
[2025-02-10T07:25:57.293+0000] {python.py:240} INFO - Done. Returned value was: None
[2025-02-10T07:25:57.307+0000] {taskinstance.py:340} INFO - ::group::Post task execution logs
[2025-02-10T07:25:57.309+0000] {taskinstance.py:352} INFO - Marking task as SUCCESS. dag_id=1.06.initial_Reference, task_id=1.06.initial_Reference, run_id=manual__2025-02-10T07:25:49.675499+00:00, execution_date=20250210T072549, start_date=20250210T072551, end_date=20250210T072557
[2025-02-10T07:25:57.363+0000] {local_task_job_runner.py:266} INFO - Task exited with return code 0
[2025-02-10T07:25:57.381+0000] {taskinstance.py:3895} INFO - 0 downstream tasks scheduled from follow-on schedule check
[2025-02-10T07:25:57.385+0000] {local_task_job_runner.py:245} INFO - ::endgroup::
