[2025-02-10T07:25:54.455+0000] {local_task_job_runner.py:123} INFO - ::group::Pre task execution logs
[2025-02-10T07:25:54.481+0000] {taskinstance.py:2613} INFO - Dependencies all met for dep_context=non-requeueable deps ti=<TaskInstance: 1.12.initial_TransactionSenderDetail.1.12.initial_TransactionSenderDetail manual__2025-02-10T07:25:53.209033+00:00 [queued]>
[2025-02-10T07:25:54.496+0000] {taskinstance.py:2613} INFO - Dependencies all met for dep_context=requeueable deps ti=<TaskInstance: 1.12.initial_TransactionSenderDetail.1.12.initial_TransactionSenderDetail manual__2025-02-10T07:25:53.209033+00:00 [queued]>
[2025-02-10T07:25:54.497+0000] {taskinstance.py:2866} INFO - Starting attempt 1 of 1
[2025-02-10T07:25:54.518+0000] {taskinstance.py:2889} INFO - Executing <Task(PythonOperator): 1.12.initial_TransactionSenderDetail> on 2025-02-10 07:25:53.209033+00:00
[2025-02-10T07:25:54.530+0000] {standard_task_runner.py:104} INFO - Running: ['***', 'tasks', 'run', '1.12.initial_TransactionSenderDetail', '1.12.initial_TransactionSenderDetail', 'manual__2025-02-10T07:25:53.209033+00:00', '--job-id', '35', '--raw', '--subdir', 'DAGS_FOLDER/TransactionService/1.12.initial_Transaction_TransactionSenderDetail.py', '--cfg-path', '/tmp/tmpcjv97lrr']
[2025-02-10T07:25:54.529+0000] {warnings.py:112} WARNING - /home/***/.local/lib/python3.12/site-packages/***/task/task_runner/standard_task_runner.py:70: DeprecationWarning: This process (pid=1597) is multi-threaded, use of fork() may lead to deadlocks in the child.
  pid = os.fork()

[2025-02-10T07:25:54.532+0000] {standard_task_runner.py:105} INFO - Job 35: Subtask 1.12.initial_TransactionSenderDetail
[2025-02-10T07:25:54.532+0000] {standard_task_runner.py:72} INFO - Started process 1598 to run task
[2025-02-10T07:25:54.613+0000] {task_command.py:467} INFO - Running <TaskInstance: 1.12.initial_TransactionSenderDetail.1.12.initial_TransactionSenderDetail manual__2025-02-10T07:25:53.209033+00:00 [running]> on host f8e600115ac1
[2025-02-10T07:25:54.751+0000] {taskinstance.py:3132} INFO - Exporting env vars: AIRFLOW_CTX_DAG_OWNER='***' AIRFLOW_CTX_DAG_ID='1.12.initial_TransactionSenderDetail' AIRFLOW_CTX_TASK_ID='1.12.initial_TransactionSenderDetail' AIRFLOW_CTX_EXECUTION_DATE='2025-02-10T07:25:53.209033+00:00' AIRFLOW_CTX_TRY_NUMBER='1' AIRFLOW_CTX_DAG_RUN_ID='manual__2025-02-10T07:25:53.209033+00:00'
[2025-02-10T07:25:54.752+0000] {taskinstance.py:731} INFO - ::endgroup::
[2025-02-10T07:25:54.799+0000] {base.py:84} INFO - Retrieving connection 'TransactionDB_MSSQL'
[2025-02-10T07:25:54.821+0000] {base.py:84} INFO - Retrieving connection 'ReportDB_Postgres'
[2025-02-10T07:25:56.788+0000] {1.12.initial_Transaction_TransactionSenderDetail.py:60} INFO - Connected to source database.
[2025-02-10T07:25:57.735+0000] {1.12.initial_Transaction_TransactionSenderDetail.py:64} INFO - Connected to destination database.
[2025-02-10T07:25:58.114+0000] {1.12.initial_Transaction_TransactionSenderDetail.py:43} INFO - Destination columns: ['"TransactionId"', '"MembershipNumber"', '"AdditionalInfo"', '"CompanyCountryCode"', '"CompanyName"', '"CompanyRegistrationNumber"', '"IdCardTypeCode"', '"IdCardTypeNumber"', '"NationalityCode"', '"SenderId"', '"SenderType"', '"CreatedAt"', '"CreatedBy"', '"CreatedByName"', '"UpdatedAt"', '"UpdatedBy"', '"UpdatedByName"']
[2025-02-10T07:25:58.307+0000] {1.12.initial_Transaction_TransactionSenderDetail.py:73} INFO - Destination table truncated.
[2025-02-10T07:25:59.470+0000] {1.12.initial_Transaction_TransactionSenderDetail.py:100} INFO - Batchs inserted into TransactionSenderDetail table. Rows inserted: 12
[2025-02-10T07:26:00.235+0000] {1.12.initial_Transaction_TransactionSenderDetail.py:112} INFO - Data transfer completed successfully and sync details updated.
[2025-02-10T07:26:00.432+0000] {python.py:240} INFO - Done. Returned value was: None
[2025-02-10T07:26:00.451+0000] {taskinstance.py:340} INFO - ::group::Post task execution logs
[2025-02-10T07:26:00.452+0000] {taskinstance.py:352} INFO - Marking task as SUCCESS. dag_id=1.12.initial_TransactionSenderDetail, task_id=1.12.initial_TransactionSenderDetail, run_id=manual__2025-02-10T07:25:53.209033+00:00, execution_date=20250210T072553, start_date=20250210T072554, end_date=20250210T072600
[2025-02-10T07:26:00.501+0000] {local_task_job_runner.py:266} INFO - Task exited with return code 0
[2025-02-10T07:26:00.523+0000] {taskinstance.py:3895} INFO - 0 downstream tasks scheduled from follow-on schedule check
[2025-02-10T07:26:00.527+0000] {local_task_job_runner.py:245} INFO - ::endgroup::
