[2025-02-10T05:30:30.420+0000] {processor.py:186} INFO - Started process (PID=1876) to work on /opt/airflow/dags/TransactionService/1.01.initial_Transaction_Bank.py
[2025-02-10T05:30:30.422+0000] {processor.py:914} INFO - Processing file /opt/airflow/dags/TransactionService/1.01.initial_Transaction_Bank.py for tasks to queue
[2025-02-10T05:30:30.425+0000] {logging_mixin.py:190} INFO - [2025-02-10T05:30:30.424+0000] {dagbag.py:588} INFO - Filling up the DagBag from /opt/airflow/dags/TransactionService/1.01.initial_Transaction_Bank.py
[2025-02-10T05:30:30.491+0000] {processor.py:925} INFO - DAG(s) '1.01.initial_bank' retrieved from /opt/airflow/dags/TransactionService/1.01.initial_Transaction_Bank.py
[2025-02-10T05:30:30.710+0000] {logging_mixin.py:190} INFO - [2025-02-10T05:30:30.710+0000] {dag.py:3239} INFO - Sync 1 DAGs
[2025-02-10T05:30:30.732+0000] {logging_mixin.py:190} INFO - [2025-02-10T05:30:30.732+0000] {dag.py:4180} INFO - Setting next_dagrun for 1.01.initial_bank to None, run_after=None
[2025-02-10T05:30:30.790+0000] {processor.py:208} INFO - Processing /opt/airflow/dags/TransactionService/1.01.initial_Transaction_Bank.py took 0.380 seconds
[2025-02-10T05:31:01.550+0000] {processor.py:186} INFO - Started process (PID=1894) to work on /opt/airflow/dags/TransactionService/1.01.initial_Transaction_Bank.py
[2025-02-10T05:31:01.554+0000] {processor.py:914} INFO - Processing file /opt/airflow/dags/TransactionService/1.01.initial_Transaction_Bank.py for tasks to queue
[2025-02-10T05:31:01.559+0000] {logging_mixin.py:190} INFO - [2025-02-10T05:31:01.558+0000] {dagbag.py:588} INFO - Filling up the DagBag from /opt/airflow/dags/TransactionService/1.01.initial_Transaction_Bank.py
[2025-02-10T05:31:01.640+0000] {processor.py:925} INFO - DAG(s) '1.01.initial_bank' retrieved from /opt/airflow/dags/TransactionService/1.01.initial_Transaction_Bank.py
[2025-02-10T05:31:01.725+0000] {logging_mixin.py:190} INFO - [2025-02-10T05:31:01.725+0000] {dag.py:3239} INFO - Sync 1 DAGs
[2025-02-10T05:31:01.754+0000] {logging_mixin.py:190} INFO - [2025-02-10T05:31:01.754+0000] {dag.py:4180} INFO - Setting next_dagrun for 1.01.initial_bank to None, run_after=None
[2025-02-10T05:31:01.807+0000] {processor.py:208} INFO - Processing /opt/airflow/dags/TransactionService/1.01.initial_Transaction_Bank.py took 0.277 seconds
[2025-02-10T05:31:32.058+0000] {processor.py:186} INFO - Started process (PID=1917) to work on /opt/airflow/dags/TransactionService/1.01.initial_Transaction_Bank.py
[2025-02-10T05:31:32.060+0000] {processor.py:914} INFO - Processing file /opt/airflow/dags/TransactionService/1.01.initial_Transaction_Bank.py for tasks to queue
[2025-02-10T05:31:32.062+0000] {logging_mixin.py:190} INFO - [2025-02-10T05:31:32.062+0000] {dagbag.py:588} INFO - Filling up the DagBag from /opt/airflow/dags/TransactionService/1.01.initial_Transaction_Bank.py
[2025-02-10T05:31:32.116+0000] {processor.py:925} INFO - DAG(s) '1.01.initial_bank' retrieved from /opt/airflow/dags/TransactionService/1.01.initial_Transaction_Bank.py
[2025-02-10T05:31:32.170+0000] {logging_mixin.py:190} INFO - [2025-02-10T05:31:32.169+0000] {dag.py:3239} INFO - Sync 1 DAGs
[2025-02-10T05:31:32.198+0000] {logging_mixin.py:190} INFO - [2025-02-10T05:31:32.198+0000] {dag.py:4180} INFO - Setting next_dagrun for 1.01.initial_bank to None, run_after=None
[2025-02-10T05:31:32.242+0000] {processor.py:208} INFO - Processing /opt/airflow/dags/TransactionService/1.01.initial_Transaction_Bank.py took 0.193 seconds
[2025-02-10T05:32:02.558+0000] {processor.py:186} INFO - Started process (PID=1935) to work on /opt/airflow/dags/TransactionService/1.01.initial_Transaction_Bank.py
[2025-02-10T05:32:02.561+0000] {processor.py:914} INFO - Processing file /opt/airflow/dags/TransactionService/1.01.initial_Transaction_Bank.py for tasks to queue
[2025-02-10T05:32:02.564+0000] {logging_mixin.py:190} INFO - [2025-02-10T05:32:02.563+0000] {dagbag.py:588} INFO - Filling up the DagBag from /opt/airflow/dags/TransactionService/1.01.initial_Transaction_Bank.py
[2025-02-10T05:32:02.631+0000] {processor.py:925} INFO - DAG(s) '1.01.initial_bank' retrieved from /opt/airflow/dags/TransactionService/1.01.initial_Transaction_Bank.py
[2025-02-10T05:32:02.709+0000] {logging_mixin.py:190} INFO - [2025-02-10T05:32:02.708+0000] {dag.py:3239} INFO - Sync 1 DAGs
[2025-02-10T05:32:02.748+0000] {logging_mixin.py:190} INFO - [2025-02-10T05:32:02.748+0000] {dag.py:4180} INFO - Setting next_dagrun for 1.01.initial_bank to None, run_after=None
[2025-02-10T05:32:02.798+0000] {processor.py:208} INFO - Processing /opt/airflow/dags/TransactionService/1.01.initial_Transaction_Bank.py took 0.254 seconds
[2025-02-10T05:32:33.182+0000] {processor.py:186} INFO - Started process (PID=1959) to work on /opt/airflow/dags/TransactionService/1.01.initial_Transaction_Bank.py
[2025-02-10T05:32:33.184+0000] {processor.py:914} INFO - Processing file /opt/airflow/dags/TransactionService/1.01.initial_Transaction_Bank.py for tasks to queue
[2025-02-10T05:32:33.187+0000] {logging_mixin.py:190} INFO - [2025-02-10T05:32:33.186+0000] {dagbag.py:588} INFO - Filling up the DagBag from /opt/airflow/dags/TransactionService/1.01.initial_Transaction_Bank.py
[2025-02-10T05:32:33.231+0000] {processor.py:925} INFO - DAG(s) '1.01.initial_bank' retrieved from /opt/airflow/dags/TransactionService/1.01.initial_Transaction_Bank.py
[2025-02-10T05:32:33.291+0000] {logging_mixin.py:190} INFO - [2025-02-10T05:32:33.290+0000] {dag.py:3239} INFO - Sync 1 DAGs
[2025-02-10T05:32:33.320+0000] {logging_mixin.py:190} INFO - [2025-02-10T05:32:33.320+0000] {dag.py:4180} INFO - Setting next_dagrun for 1.01.initial_bank to None, run_after=None
[2025-02-10T05:32:33.368+0000] {processor.py:208} INFO - Processing /opt/airflow/dags/TransactionService/1.01.initial_Transaction_Bank.py took 0.200 seconds
[2025-02-10T05:33:03.642+0000] {processor.py:186} INFO - Started process (PID=1977) to work on /opt/airflow/dags/TransactionService/1.01.initial_Transaction_Bank.py
[2025-02-10T05:33:03.643+0000] {processor.py:914} INFO - Processing file /opt/airflow/dags/TransactionService/1.01.initial_Transaction_Bank.py for tasks to queue
[2025-02-10T05:33:03.646+0000] {logging_mixin.py:190} INFO - [2025-02-10T05:33:03.645+0000] {dagbag.py:588} INFO - Filling up the DagBag from /opt/airflow/dags/TransactionService/1.01.initial_Transaction_Bank.py
[2025-02-10T05:33:03.690+0000] {processor.py:925} INFO - DAG(s) '1.01.initial_bank' retrieved from /opt/airflow/dags/TransactionService/1.01.initial_Transaction_Bank.py
[2025-02-10T05:33:03.730+0000] {logging_mixin.py:190} INFO - [2025-02-10T05:33:03.730+0000] {dag.py:3239} INFO - Sync 1 DAGs
[2025-02-10T05:33:03.754+0000] {logging_mixin.py:190} INFO - [2025-02-10T05:33:03.754+0000] {dag.py:4180} INFO - Setting next_dagrun for 1.01.initial_bank to None, run_after=None
[2025-02-10T05:33:03.789+0000] {processor.py:208} INFO - Processing /opt/airflow/dags/TransactionService/1.01.initial_Transaction_Bank.py took 0.156 seconds
[2025-02-10T05:33:34.027+0000] {processor.py:186} INFO - Started process (PID=1995) to work on /opt/airflow/dags/TransactionService/1.01.initial_Transaction_Bank.py
[2025-02-10T05:33:34.028+0000] {processor.py:914} INFO - Processing file /opt/airflow/dags/TransactionService/1.01.initial_Transaction_Bank.py for tasks to queue
[2025-02-10T05:33:34.030+0000] {logging_mixin.py:190} INFO - [2025-02-10T05:33:34.030+0000] {dagbag.py:588} INFO - Filling up the DagBag from /opt/airflow/dags/TransactionService/1.01.initial_Transaction_Bank.py
[2025-02-10T05:33:34.070+0000] {processor.py:925} INFO - DAG(s) '1.01.initial_bank' retrieved from /opt/airflow/dags/TransactionService/1.01.initial_Transaction_Bank.py
[2025-02-10T05:33:34.109+0000] {logging_mixin.py:190} INFO - [2025-02-10T05:33:34.109+0000] {dag.py:3239} INFO - Sync 1 DAGs
[2025-02-10T05:33:34.133+0000] {logging_mixin.py:190} INFO - [2025-02-10T05:33:34.133+0000] {dag.py:4180} INFO - Setting next_dagrun for 1.01.initial_bank to None, run_after=None
[2025-02-10T05:33:34.176+0000] {processor.py:208} INFO - Processing /opt/airflow/dags/TransactionService/1.01.initial_Transaction_Bank.py took 0.159 seconds
[2025-02-10T05:34:04.369+0000] {processor.py:186} INFO - Started process (PID=2013) to work on /opt/airflow/dags/TransactionService/1.01.initial_Transaction_Bank.py
[2025-02-10T05:34:04.371+0000] {processor.py:914} INFO - Processing file /opt/airflow/dags/TransactionService/1.01.initial_Transaction_Bank.py for tasks to queue
[2025-02-10T05:34:04.374+0000] {logging_mixin.py:190} INFO - [2025-02-10T05:34:04.373+0000] {dagbag.py:588} INFO - Filling up the DagBag from /opt/airflow/dags/TransactionService/1.01.initial_Transaction_Bank.py
[2025-02-10T05:34:04.423+0000] {processor.py:925} INFO - DAG(s) '1.01.initial_bank' retrieved from /opt/airflow/dags/TransactionService/1.01.initial_Transaction_Bank.py
[2025-02-10T05:34:04.464+0000] {logging_mixin.py:190} INFO - [2025-02-10T05:34:04.464+0000] {dag.py:3239} INFO - Sync 1 DAGs
[2025-02-10T05:34:04.490+0000] {logging_mixin.py:190} INFO - [2025-02-10T05:34:04.490+0000] {dag.py:4180} INFO - Setting next_dagrun for 1.01.initial_bank to None, run_after=None
[2025-02-10T05:34:04.535+0000] {processor.py:208} INFO - Processing /opt/airflow/dags/TransactionService/1.01.initial_Transaction_Bank.py took 0.181 seconds
[2025-02-10T05:34:35.005+0000] {processor.py:186} INFO - Started process (PID=2030) to work on /opt/airflow/dags/TransactionService/1.01.initial_Transaction_Bank.py
[2025-02-10T05:34:35.008+0000] {processor.py:914} INFO - Processing file /opt/airflow/dags/TransactionService/1.01.initial_Transaction_Bank.py for tasks to queue
[2025-02-10T05:34:35.012+0000] {logging_mixin.py:190} INFO - [2025-02-10T05:34:35.011+0000] {dagbag.py:588} INFO - Filling up the DagBag from /opt/airflow/dags/TransactionService/1.01.initial_Transaction_Bank.py
[2025-02-10T05:34:35.100+0000] {processor.py:925} INFO - DAG(s) '1.01.initial_bank' retrieved from /opt/airflow/dags/TransactionService/1.01.initial_Transaction_Bank.py
[2025-02-10T05:34:35.171+0000] {logging_mixin.py:190} INFO - [2025-02-10T05:34:35.170+0000] {dag.py:3239} INFO - Sync 1 DAGs
[2025-02-10T05:34:35.219+0000] {logging_mixin.py:190} INFO - [2025-02-10T05:34:35.218+0000] {dag.py:4180} INFO - Setting next_dagrun for 1.01.initial_bank to None, run_after=None
[2025-02-10T05:34:35.284+0000] {processor.py:208} INFO - Processing /opt/airflow/dags/TransactionService/1.01.initial_Transaction_Bank.py took 0.305 seconds
[2025-02-10T05:35:06.023+0000] {processor.py:186} INFO - Started process (PID=2049) to work on /opt/airflow/dags/TransactionService/1.01.initial_Transaction_Bank.py
[2025-02-10T05:35:06.026+0000] {processor.py:914} INFO - Processing file /opt/airflow/dags/TransactionService/1.01.initial_Transaction_Bank.py for tasks to queue
[2025-02-10T05:35:06.028+0000] {logging_mixin.py:190} INFO - [2025-02-10T05:35:06.028+0000] {dagbag.py:588} INFO - Filling up the DagBag from /opt/airflow/dags/TransactionService/1.01.initial_Transaction_Bank.py
[2025-02-10T05:35:06.074+0000] {processor.py:925} INFO - DAG(s) '1.01.initial_bank' retrieved from /opt/airflow/dags/TransactionService/1.01.initial_Transaction_Bank.py
[2025-02-10T05:35:06.119+0000] {logging_mixin.py:190} INFO - [2025-02-10T05:35:06.119+0000] {dag.py:3239} INFO - Sync 1 DAGs
[2025-02-10T05:35:06.146+0000] {logging_mixin.py:190} INFO - [2025-02-10T05:35:06.146+0000] {dag.py:4180} INFO - Setting next_dagrun for 1.01.initial_bank to None, run_after=None
[2025-02-10T05:35:06.194+0000] {processor.py:208} INFO - Processing /opt/airflow/dags/TransactionService/1.01.initial_Transaction_Bank.py took 0.180 seconds
[2025-02-10T05:35:36.651+0000] {processor.py:186} INFO - Started process (PID=2068) to work on /opt/airflow/dags/TransactionService/1.01.initial_Transaction_Bank.py
[2025-02-10T05:35:36.653+0000] {processor.py:914} INFO - Processing file /opt/airflow/dags/TransactionService/1.01.initial_Transaction_Bank.py for tasks to queue
[2025-02-10T05:35:36.656+0000] {logging_mixin.py:190} INFO - [2025-02-10T05:35:36.655+0000] {dagbag.py:588} INFO - Filling up the DagBag from /opt/airflow/dags/TransactionService/1.01.initial_Transaction_Bank.py
[2025-02-10T05:35:36.698+0000] {processor.py:925} INFO - DAG(s) '1.01.initial_bank' retrieved from /opt/airflow/dags/TransactionService/1.01.initial_Transaction_Bank.py
[2025-02-10T05:35:36.740+0000] {logging_mixin.py:190} INFO - [2025-02-10T05:35:36.739+0000] {dag.py:3239} INFO - Sync 1 DAGs
[2025-02-10T05:35:36.765+0000] {logging_mixin.py:190} INFO - [2025-02-10T05:35:36.765+0000] {dag.py:4180} INFO - Setting next_dagrun for 1.01.initial_bank to None, run_after=None
[2025-02-10T05:35:36.809+0000] {processor.py:208} INFO - Processing /opt/airflow/dags/TransactionService/1.01.initial_Transaction_Bank.py took 0.166 seconds
[2025-02-10T05:36:06.997+0000] {processor.py:186} INFO - Started process (PID=2084) to work on /opt/airflow/dags/TransactionService/1.01.initial_Transaction_Bank.py
[2025-02-10T05:36:06.999+0000] {processor.py:914} INFO - Processing file /opt/airflow/dags/TransactionService/1.01.initial_Transaction_Bank.py for tasks to queue
[2025-02-10T05:36:07.003+0000] {logging_mixin.py:190} INFO - [2025-02-10T05:36:07.002+0000] {dagbag.py:588} INFO - Filling up the DagBag from /opt/airflow/dags/TransactionService/1.01.initial_Transaction_Bank.py
[2025-02-10T05:36:07.055+0000] {processor.py:925} INFO - DAG(s) '1.01.initial_bank' retrieved from /opt/airflow/dags/TransactionService/1.01.initial_Transaction_Bank.py
[2025-02-10T05:36:07.101+0000] {logging_mixin.py:190} INFO - [2025-02-10T05:36:07.101+0000] {dag.py:3239} INFO - Sync 1 DAGs
[2025-02-10T05:36:07.130+0000] {logging_mixin.py:190} INFO - [2025-02-10T05:36:07.129+0000] {dag.py:4180} INFO - Setting next_dagrun for 1.01.initial_bank to None, run_after=None
[2025-02-10T05:36:07.180+0000] {processor.py:208} INFO - Processing /opt/airflow/dags/TransactionService/1.01.initial_Transaction_Bank.py took 0.194 seconds
[2025-02-10T05:36:37.841+0000] {processor.py:186} INFO - Started process (PID=2102) to work on /opt/airflow/dags/TransactionService/1.01.initial_Transaction_Bank.py
[2025-02-10T05:36:37.843+0000] {processor.py:914} INFO - Processing file /opt/airflow/dags/TransactionService/1.01.initial_Transaction_Bank.py for tasks to queue
[2025-02-10T05:36:37.846+0000] {logging_mixin.py:190} INFO - [2025-02-10T05:36:37.845+0000] {dagbag.py:588} INFO - Filling up the DagBag from /opt/airflow/dags/TransactionService/1.01.initial_Transaction_Bank.py
[2025-02-10T05:36:37.897+0000] {processor.py:925} INFO - DAG(s) '1.01.initial_bank' retrieved from /opt/airflow/dags/TransactionService/1.01.initial_Transaction_Bank.py
[2025-02-10T05:36:37.972+0000] {logging_mixin.py:190} INFO - [2025-02-10T05:36:37.972+0000] {dag.py:3239} INFO - Sync 1 DAGs
[2025-02-10T05:36:38.024+0000] {logging_mixin.py:190} INFO - [2025-02-10T05:36:38.023+0000] {dag.py:4180} INFO - Setting next_dagrun for 1.01.initial_bank to None, run_after=None
[2025-02-10T05:36:38.080+0000] {processor.py:208} INFO - Processing /opt/airflow/dags/TransactionService/1.01.initial_Transaction_Bank.py took 0.249 seconds
[2025-02-10T05:37:08.910+0000] {processor.py:186} INFO - Started process (PID=2120) to work on /opt/airflow/dags/TransactionService/1.01.initial_Transaction_Bank.py
[2025-02-10T05:37:08.927+0000] {processor.py:914} INFO - Processing file /opt/airflow/dags/TransactionService/1.01.initial_Transaction_Bank.py for tasks to queue
[2025-02-10T05:37:08.949+0000] {logging_mixin.py:190} INFO - [2025-02-10T05:37:08.948+0000] {dagbag.py:588} INFO - Filling up the DagBag from /opt/airflow/dags/TransactionService/1.01.initial_Transaction_Bank.py
[2025-02-10T05:37:09.103+0000] {processor.py:925} INFO - DAG(s) '1.01.initial_bank' retrieved from /opt/airflow/dags/TransactionService/1.01.initial_Transaction_Bank.py
[2025-02-10T05:37:09.148+0000] {logging_mixin.py:190} INFO - [2025-02-10T05:37:09.148+0000] {dag.py:3239} INFO - Sync 1 DAGs
[2025-02-10T05:37:09.177+0000] {logging_mixin.py:190} INFO - [2025-02-10T05:37:09.176+0000] {dag.py:4180} INFO - Setting next_dagrun for 1.01.initial_bank to None, run_after=None
[2025-02-10T05:37:09.214+0000] {processor.py:208} INFO - Processing /opt/airflow/dags/TransactionService/1.01.initial_Transaction_Bank.py took 0.320 seconds
[2025-02-10T05:37:39.504+0000] {processor.py:186} INFO - Started process (PID=2138) to work on /opt/airflow/dags/TransactionService/1.01.initial_Transaction_Bank.py
[2025-02-10T05:37:39.506+0000] {processor.py:914} INFO - Processing file /opt/airflow/dags/TransactionService/1.01.initial_Transaction_Bank.py for tasks to queue
[2025-02-10T05:37:39.509+0000] {logging_mixin.py:190} INFO - [2025-02-10T05:37:39.509+0000] {dagbag.py:588} INFO - Filling up the DagBag from /opt/airflow/dags/TransactionService/1.01.initial_Transaction_Bank.py
[2025-02-10T05:37:39.559+0000] {processor.py:925} INFO - DAG(s) '1.01.initial_bank' retrieved from /opt/airflow/dags/TransactionService/1.01.initial_Transaction_Bank.py
[2025-02-10T05:37:39.600+0000] {logging_mixin.py:190} INFO - [2025-02-10T05:37:39.600+0000] {dag.py:3239} INFO - Sync 1 DAGs
[2025-02-10T05:37:39.630+0000] {logging_mixin.py:190} INFO - [2025-02-10T05:37:39.630+0000] {dag.py:4180} INFO - Setting next_dagrun for 1.01.initial_bank to None, run_after=None
[2025-02-10T05:37:39.672+0000] {processor.py:208} INFO - Processing /opt/airflow/dags/TransactionService/1.01.initial_Transaction_Bank.py took 0.180 seconds
[2025-02-10T05:38:10.146+0000] {processor.py:186} INFO - Started process (PID=2156) to work on /opt/airflow/dags/TransactionService/1.01.initial_Transaction_Bank.py
[2025-02-10T05:38:10.147+0000] {processor.py:914} INFO - Processing file /opt/airflow/dags/TransactionService/1.01.initial_Transaction_Bank.py for tasks to queue
[2025-02-10T05:38:10.150+0000] {logging_mixin.py:190} INFO - [2025-02-10T05:38:10.149+0000] {dagbag.py:588} INFO - Filling up the DagBag from /opt/airflow/dags/TransactionService/1.01.initial_Transaction_Bank.py
[2025-02-10T05:38:10.204+0000] {processor.py:925} INFO - DAG(s) '1.01.initial_bank' retrieved from /opt/airflow/dags/TransactionService/1.01.initial_Transaction_Bank.py
[2025-02-10T05:38:10.266+0000] {logging_mixin.py:190} INFO - [2025-02-10T05:38:10.265+0000] {dag.py:3239} INFO - Sync 1 DAGs
[2025-02-10T05:38:10.306+0000] {logging_mixin.py:190} INFO - [2025-02-10T05:38:10.306+0000] {dag.py:4180} INFO - Setting next_dagrun for 1.01.initial_bank to None, run_after=None
[2025-02-10T05:38:10.367+0000] {processor.py:208} INFO - Processing /opt/airflow/dags/TransactionService/1.01.initial_Transaction_Bank.py took 0.232 seconds
[2025-02-10T05:38:40.470+0000] {processor.py:186} INFO - Started process (PID=2177) to work on /opt/airflow/dags/TransactionService/1.01.initial_Transaction_Bank.py
[2025-02-10T05:38:40.472+0000] {processor.py:914} INFO - Processing file /opt/airflow/dags/TransactionService/1.01.initial_Transaction_Bank.py for tasks to queue
[2025-02-10T05:38:40.475+0000] {logging_mixin.py:190} INFO - [2025-02-10T05:38:40.475+0000] {dagbag.py:588} INFO - Filling up the DagBag from /opt/airflow/dags/TransactionService/1.01.initial_Transaction_Bank.py
[2025-02-10T05:38:40.531+0000] {processor.py:925} INFO - DAG(s) '1.01.initial_bank' retrieved from /opt/airflow/dags/TransactionService/1.01.initial_Transaction_Bank.py
[2025-02-10T05:38:40.580+0000] {logging_mixin.py:190} INFO - [2025-02-10T05:38:40.579+0000] {dag.py:3239} INFO - Sync 1 DAGs
[2025-02-10T05:38:40.605+0000] {logging_mixin.py:190} INFO - [2025-02-10T05:38:40.605+0000] {dag.py:4180} INFO - Setting next_dagrun for 1.01.initial_bank to None, run_after=None
[2025-02-10T05:38:40.647+0000] {processor.py:208} INFO - Processing /opt/airflow/dags/TransactionService/1.01.initial_Transaction_Bank.py took 0.188 seconds
