[2025-02-10T05:45:31.648+0000] {processor.py:186} INFO - Started process (PID=2407) to work on /opt/airflow/dags/TransactionService/1.21.initial_Transaction_TransactionReceiverDetail.py
[2025-02-10T05:45:31.650+0000] {processor.py:914} INFO - Processing file /opt/airflow/dags/TransactionService/1.21.initial_Transaction_TransactionReceiverDetail.py for tasks to queue
[2025-02-10T05:45:31.653+0000] {logging_mixin.py:190} INFO - [2025-02-10T05:45:31.652+0000] {dagbag.py:588} INFO - Filling up the DagBag from /opt/airflow/dags/TransactionService/1.21.initial_Transaction_TransactionReceiverDetail.py
[2025-02-10T05:45:31.727+0000] {processor.py:925} INFO - DAG(s) '1.2.0.trans_TransactionReceiverDetailsdata' retrieved from /opt/airflow/dags/TransactionService/1.21.initial_Transaction_TransactionReceiverDetail.py
[2025-02-10T05:45:31.987+0000] {logging_mixin.py:190} INFO - [2025-02-10T05:45:31.987+0000] {dag.py:3239} INFO - Sync 1 DAGs
[2025-02-10T05:45:32.015+0000] {logging_mixin.py:190} INFO - [2025-02-10T05:45:32.014+0000] {dag.py:4180} INFO - Setting next_dagrun for 1.2.0.trans_TransactionReceiverDetailsdata to None, run_after=None
[2025-02-10T05:45:32.077+0000] {processor.py:208} INFO - Processing /opt/airflow/dags/TransactionService/1.21.initial_Transaction_TransactionReceiverDetail.py took 0.439 seconds
[2025-02-10T05:46:02.749+0000] {processor.py:186} INFO - Started process (PID=2426) to work on /opt/airflow/dags/TransactionService/1.21.initial_Transaction_TransactionReceiverDetail.py
[2025-02-10T05:46:02.751+0000] {processor.py:914} INFO - Processing file /opt/airflow/dags/TransactionService/1.21.initial_Transaction_TransactionReceiverDetail.py for tasks to queue
[2025-02-10T05:46:02.754+0000] {logging_mixin.py:190} INFO - [2025-02-10T05:46:02.753+0000] {dagbag.py:588} INFO - Filling up the DagBag from /opt/airflow/dags/TransactionService/1.21.initial_Transaction_TransactionReceiverDetail.py
[2025-02-10T05:46:02.828+0000] {processor.py:925} INFO - DAG(s) '1.2.0.trans_TransactionReceiverDetailsdata' retrieved from /opt/airflow/dags/TransactionService/1.21.initial_Transaction_TransactionReceiverDetail.py
[2025-02-10T05:46:02.865+0000] {logging_mixin.py:190} INFO - [2025-02-10T05:46:02.865+0000] {dag.py:3239} INFO - Sync 1 DAGs
[2025-02-10T05:46:02.889+0000] {logging_mixin.py:190} INFO - [2025-02-10T05:46:02.889+0000] {dag.py:4180} INFO - Setting next_dagrun for 1.2.0.trans_TransactionReceiverDetailsdata to None, run_after=None
[2025-02-10T05:46:02.931+0000] {processor.py:208} INFO - Processing /opt/airflow/dags/TransactionService/1.21.initial_Transaction_TransactionReceiverDetail.py took 0.192 seconds
[2025-02-10T05:46:33.293+0000] {processor.py:186} INFO - Started process (PID=2446) to work on /opt/airflow/dags/TransactionService/1.21.initial_Transaction_TransactionReceiverDetail.py
[2025-02-10T05:46:33.296+0000] {processor.py:914} INFO - Processing file /opt/airflow/dags/TransactionService/1.21.initial_Transaction_TransactionReceiverDetail.py for tasks to queue
[2025-02-10T05:46:33.299+0000] {logging_mixin.py:190} INFO - [2025-02-10T05:46:33.298+0000] {dagbag.py:588} INFO - Filling up the DagBag from /opt/airflow/dags/TransactionService/1.21.initial_Transaction_TransactionReceiverDetail.py
[2025-02-10T05:46:33.374+0000] {processor.py:925} INFO - DAG(s) '1.2.0.trans_TransactionReceiverDetailsdata' retrieved from /opt/airflow/dags/TransactionService/1.21.initial_Transaction_TransactionReceiverDetail.py
[2025-02-10T05:46:33.427+0000] {logging_mixin.py:190} INFO - [2025-02-10T05:46:33.427+0000] {dag.py:3239} INFO - Sync 1 DAGs
[2025-02-10T05:46:33.460+0000] {logging_mixin.py:190} INFO - [2025-02-10T05:46:33.459+0000] {dag.py:4180} INFO - Setting next_dagrun for 1.2.0.trans_TransactionReceiverDetailsdata to None, run_after=None
[2025-02-10T05:46:33.497+0000] {processor.py:208} INFO - Processing /opt/airflow/dags/TransactionService/1.21.initial_Transaction_TransactionReceiverDetail.py took 0.216 seconds
[2025-02-10T05:47:03.773+0000] {processor.py:186} INFO - Started process (PID=2465) to work on /opt/airflow/dags/TransactionService/1.21.initial_Transaction_TransactionReceiverDetail.py
[2025-02-10T05:47:03.775+0000] {processor.py:914} INFO - Processing file /opt/airflow/dags/TransactionService/1.21.initial_Transaction_TransactionReceiverDetail.py for tasks to queue
[2025-02-10T05:47:03.778+0000] {logging_mixin.py:190} INFO - [2025-02-10T05:47:03.777+0000] {dagbag.py:588} INFO - Filling up the DagBag from /opt/airflow/dags/TransactionService/1.21.initial_Transaction_TransactionReceiverDetail.py
[2025-02-10T05:47:03.855+0000] {processor.py:925} INFO - DAG(s) '1.2.0.trans_TransactionReceiverDetailsdata' retrieved from /opt/airflow/dags/TransactionService/1.21.initial_Transaction_TransactionReceiverDetail.py
[2025-02-10T05:47:03.908+0000] {logging_mixin.py:190} INFO - [2025-02-10T05:47:03.908+0000] {dag.py:3239} INFO - Sync 1 DAGs
[2025-02-10T05:47:03.934+0000] {logging_mixin.py:190} INFO - [2025-02-10T05:47:03.934+0000] {dag.py:4180} INFO - Setting next_dagrun for 1.2.0.trans_TransactionReceiverDetailsdata to None, run_after=None
[2025-02-10T05:47:03.972+0000] {processor.py:208} INFO - Processing /opt/airflow/dags/TransactionService/1.21.initial_Transaction_TransactionReceiverDetail.py took 0.208 seconds
[2025-02-10T05:47:34.107+0000] {processor.py:186} INFO - Started process (PID=2484) to work on /opt/airflow/dags/TransactionService/1.21.initial_Transaction_TransactionReceiverDetail.py
[2025-02-10T05:47:34.109+0000] {processor.py:914} INFO - Processing file /opt/airflow/dags/TransactionService/1.21.initial_Transaction_TransactionReceiverDetail.py for tasks to queue
[2025-02-10T05:47:34.112+0000] {logging_mixin.py:190} INFO - [2025-02-10T05:47:34.111+0000] {dagbag.py:588} INFO - Filling up the DagBag from /opt/airflow/dags/TransactionService/1.21.initial_Transaction_TransactionReceiverDetail.py
[2025-02-10T05:47:34.184+0000] {processor.py:925} INFO - DAG(s) '1.2.0.trans_TransactionReceiverDetailsdata' retrieved from /opt/airflow/dags/TransactionService/1.21.initial_Transaction_TransactionReceiverDetail.py
[2025-02-10T05:47:34.227+0000] {logging_mixin.py:190} INFO - [2025-02-10T05:47:34.226+0000] {dag.py:3239} INFO - Sync 1 DAGs
[2025-02-10T05:47:34.251+0000] {logging_mixin.py:190} INFO - [2025-02-10T05:47:34.251+0000] {dag.py:4180} INFO - Setting next_dagrun for 1.2.0.trans_TransactionReceiverDetailsdata to None, run_after=None
[2025-02-10T05:47:34.294+0000] {processor.py:208} INFO - Processing /opt/airflow/dags/TransactionService/1.21.initial_Transaction_TransactionReceiverDetail.py took 0.197 seconds
[2025-02-10T05:48:04.723+0000] {processor.py:186} INFO - Started process (PID=2500) to work on /opt/airflow/dags/TransactionService/1.21.initial_Transaction_TransactionReceiverDetail.py
[2025-02-10T05:48:04.725+0000] {processor.py:914} INFO - Processing file /opt/airflow/dags/TransactionService/1.21.initial_Transaction_TransactionReceiverDetail.py for tasks to queue
[2025-02-10T05:48:04.728+0000] {logging_mixin.py:190} INFO - [2025-02-10T05:48:04.728+0000] {dagbag.py:588} INFO - Filling up the DagBag from /opt/airflow/dags/TransactionService/1.21.initial_Transaction_TransactionReceiverDetail.py
[2025-02-10T05:48:04.792+0000] {processor.py:925} INFO - DAG(s) '1.2.0.trans_TransactionReceiverDetailsdata' retrieved from /opt/airflow/dags/TransactionService/1.21.initial_Transaction_TransactionReceiverDetail.py
[2025-02-10T05:48:04.830+0000] {logging_mixin.py:190} INFO - [2025-02-10T05:48:04.830+0000] {dag.py:3239} INFO - Sync 1 DAGs
[2025-02-10T05:48:04.860+0000] {logging_mixin.py:190} INFO - [2025-02-10T05:48:04.860+0000] {dag.py:4180} INFO - Setting next_dagrun for 1.2.0.trans_TransactionReceiverDetailsdata to None, run_after=None
[2025-02-10T05:48:04.904+0000] {processor.py:208} INFO - Processing /opt/airflow/dags/TransactionService/1.21.initial_Transaction_TransactionReceiverDetail.py took 0.194 seconds
[2025-02-10T05:48:35.593+0000] {processor.py:186} INFO - Started process (PID=2519) to work on /opt/airflow/dags/TransactionService/1.21.initial_Transaction_TransactionReceiverDetail.py
[2025-02-10T05:48:35.596+0000] {processor.py:914} INFO - Processing file /opt/airflow/dags/TransactionService/1.21.initial_Transaction_TransactionReceiverDetail.py for tasks to queue
[2025-02-10T05:48:35.599+0000] {logging_mixin.py:190} INFO - [2025-02-10T05:48:35.599+0000] {dagbag.py:588} INFO - Filling up the DagBag from /opt/airflow/dags/TransactionService/1.21.initial_Transaction_TransactionReceiverDetail.py
[2025-02-10T05:48:35.723+0000] {processor.py:925} INFO - DAG(s) '1.2.0.trans_TransactionReceiverDetailsdata' retrieved from /opt/airflow/dags/TransactionService/1.21.initial_Transaction_TransactionReceiverDetail.py
[2025-02-10T05:48:35.795+0000] {logging_mixin.py:190} INFO - [2025-02-10T05:48:35.794+0000] {dag.py:3239} INFO - Sync 1 DAGs
[2025-02-10T05:48:35.835+0000] {logging_mixin.py:190} INFO - [2025-02-10T05:48:35.835+0000] {dag.py:4180} INFO - Setting next_dagrun for 1.2.0.trans_TransactionReceiverDetailsdata to None, run_after=None
[2025-02-10T05:48:35.887+0000] {processor.py:208} INFO - Processing /opt/airflow/dags/TransactionService/1.21.initial_Transaction_TransactionReceiverDetail.py took 0.311 seconds
[2025-02-10T05:49:06.120+0000] {processor.py:186} INFO - Started process (PID=2532) to work on /opt/airflow/dags/TransactionService/1.21.initial_Transaction_TransactionReceiverDetail.py
[2025-02-10T05:49:06.123+0000] {processor.py:914} INFO - Processing file /opt/airflow/dags/TransactionService/1.21.initial_Transaction_TransactionReceiverDetail.py for tasks to queue
[2025-02-10T05:49:06.127+0000] {logging_mixin.py:190} INFO - [2025-02-10T05:49:06.126+0000] {dagbag.py:588} INFO - Filling up the DagBag from /opt/airflow/dags/TransactionService/1.21.initial_Transaction_TransactionReceiverDetail.py
[2025-02-10T05:49:06.203+0000] {processor.py:925} INFO - DAG(s) '1.2.0.trans_TransactionReceiverDetailsdata' retrieved from /opt/airflow/dags/TransactionService/1.21.initial_Transaction_TransactionReceiverDetail.py
[2025-02-10T05:49:06.245+0000] {logging_mixin.py:190} INFO - [2025-02-10T05:49:06.244+0000] {dag.py:3239} INFO - Sync 1 DAGs
[2025-02-10T05:49:06.273+0000] {logging_mixin.py:190} INFO - [2025-02-10T05:49:06.273+0000] {dag.py:4180} INFO - Setting next_dagrun for 1.2.0.trans_TransactionReceiverDetailsdata to None, run_after=None
[2025-02-10T05:49:06.319+0000] {processor.py:208} INFO - Processing /opt/airflow/dags/TransactionService/1.21.initial_Transaction_TransactionReceiverDetail.py took 0.209 seconds
[2025-02-10T05:49:36.975+0000] {processor.py:186} INFO - Started process (PID=2545) to work on /opt/airflow/dags/TransactionService/1.21.initial_Transaction_TransactionReceiverDetail.py
[2025-02-10T05:49:36.977+0000] {processor.py:914} INFO - Processing file /opt/airflow/dags/TransactionService/1.21.initial_Transaction_TransactionReceiverDetail.py for tasks to queue
[2025-02-10T05:49:36.981+0000] {logging_mixin.py:190} INFO - [2025-02-10T05:49:36.980+0000] {dagbag.py:588} INFO - Filling up the DagBag from /opt/airflow/dags/TransactionService/1.21.initial_Transaction_TransactionReceiverDetail.py
[2025-02-10T05:49:37.050+0000] {processor.py:925} INFO - DAG(s) '1.2.0.trans_TransactionReceiverDetailsdata' retrieved from /opt/airflow/dags/TransactionService/1.21.initial_Transaction_TransactionReceiverDetail.py
[2025-02-10T05:49:37.093+0000] {logging_mixin.py:190} INFO - [2025-02-10T05:49:37.092+0000] {dag.py:3239} INFO - Sync 1 DAGs
[2025-02-10T05:49:37.123+0000] {logging_mixin.py:190} INFO - [2025-02-10T05:49:37.122+0000] {dag.py:4180} INFO - Setting next_dagrun for 1.2.0.trans_TransactionReceiverDetailsdata to None, run_after=None
[2025-02-10T05:49:37.157+0000] {processor.py:208} INFO - Processing /opt/airflow/dags/TransactionService/1.21.initial_Transaction_TransactionReceiverDetail.py took 0.199 seconds
[2025-02-10T05:50:07.696+0000] {processor.py:186} INFO - Started process (PID=2558) to work on /opt/airflow/dags/TransactionService/1.21.initial_Transaction_TransactionReceiverDetail.py
[2025-02-10T05:50:07.698+0000] {processor.py:914} INFO - Processing file /opt/airflow/dags/TransactionService/1.21.initial_Transaction_TransactionReceiverDetail.py for tasks to queue
[2025-02-10T05:50:07.701+0000] {logging_mixin.py:190} INFO - [2025-02-10T05:50:07.700+0000] {dagbag.py:588} INFO - Filling up the DagBag from /opt/airflow/dags/TransactionService/1.21.initial_Transaction_TransactionReceiverDetail.py
[2025-02-10T05:50:07.797+0000] {processor.py:925} INFO - DAG(s) '1.2.0.trans_TransactionReceiverDetailsdata' retrieved from /opt/airflow/dags/TransactionService/1.21.initial_Transaction_TransactionReceiverDetail.py
[2025-02-10T05:50:07.850+0000] {logging_mixin.py:190} INFO - [2025-02-10T05:50:07.849+0000] {dag.py:3239} INFO - Sync 1 DAGs
[2025-02-10T05:50:07.898+0000] {logging_mixin.py:190} INFO - [2025-02-10T05:50:07.897+0000] {dag.py:4180} INFO - Setting next_dagrun for 1.2.0.trans_TransactionReceiverDetailsdata to None, run_after=None
[2025-02-10T05:50:07.941+0000] {processor.py:208} INFO - Processing /opt/airflow/dags/TransactionService/1.21.initial_Transaction_TransactionReceiverDetail.py took 0.260 seconds
[2025-02-10T05:50:38.259+0000] {processor.py:186} INFO - Started process (PID=2577) to work on /opt/airflow/dags/TransactionService/1.21.initial_Transaction_TransactionReceiverDetail.py
[2025-02-10T05:50:38.261+0000] {processor.py:914} INFO - Processing file /opt/airflow/dags/TransactionService/1.21.initial_Transaction_TransactionReceiverDetail.py for tasks to queue
[2025-02-10T05:50:38.263+0000] {logging_mixin.py:190} INFO - [2025-02-10T05:50:38.262+0000] {dagbag.py:588} INFO - Filling up the DagBag from /opt/airflow/dags/TransactionService/1.21.initial_Transaction_TransactionReceiverDetail.py
[2025-02-10T05:50:38.333+0000] {processor.py:925} INFO - DAG(s) '1.2.0.trans_TransactionReceiverDetailsdata' retrieved from /opt/airflow/dags/TransactionService/1.21.initial_Transaction_TransactionReceiverDetail.py
[2025-02-10T05:50:38.372+0000] {logging_mixin.py:190} INFO - [2025-02-10T05:50:38.372+0000] {dag.py:3239} INFO - Sync 1 DAGs
[2025-02-10T05:50:38.397+0000] {logging_mixin.py:190} INFO - [2025-02-10T05:50:38.397+0000] {dag.py:4180} INFO - Setting next_dagrun for 1.2.0.trans_TransactionReceiverDetailsdata to None, run_after=None
[2025-02-10T05:50:38.430+0000] {processor.py:208} INFO - Processing /opt/airflow/dags/TransactionService/1.21.initial_Transaction_TransactionReceiverDetail.py took 0.179 seconds
[2025-02-10T05:51:08.577+0000] {processor.py:186} INFO - Started process (PID=2596) to work on /opt/airflow/dags/TransactionService/1.21.initial_Transaction_TransactionReceiverDetail.py
[2025-02-10T05:51:08.579+0000] {processor.py:914} INFO - Processing file /opt/airflow/dags/TransactionService/1.21.initial_Transaction_TransactionReceiverDetail.py for tasks to queue
[2025-02-10T05:51:08.582+0000] {logging_mixin.py:190} INFO - [2025-02-10T05:51:08.581+0000] {dagbag.py:588} INFO - Filling up the DagBag from /opt/airflow/dags/TransactionService/1.21.initial_Transaction_TransactionReceiverDetail.py
[2025-02-10T05:51:08.660+0000] {processor.py:925} INFO - DAG(s) '1.2.0.trans_TransactionReceiverDetailsdata' retrieved from /opt/airflow/dags/TransactionService/1.21.initial_Transaction_TransactionReceiverDetail.py
[2025-02-10T05:51:08.721+0000] {logging_mixin.py:190} INFO - [2025-02-10T05:51:08.721+0000] {dag.py:3239} INFO - Sync 1 DAGs
[2025-02-10T05:51:08.749+0000] {logging_mixin.py:190} INFO - [2025-02-10T05:51:08.748+0000] {dag.py:4180} INFO - Setting next_dagrun for 1.2.0.trans_TransactionReceiverDetailsdata to None, run_after=None
[2025-02-10T05:51:08.786+0000] {processor.py:208} INFO - Processing /opt/airflow/dags/TransactionService/1.21.initial_Transaction_TransactionReceiverDetail.py took 0.222 seconds
[2025-02-10T05:51:38.913+0000] {processor.py:186} INFO - Started process (PID=2615) to work on /opt/airflow/dags/TransactionService/1.21.initial_Transaction_TransactionReceiverDetail.py
[2025-02-10T05:51:38.915+0000] {processor.py:914} INFO - Processing file /opt/airflow/dags/TransactionService/1.21.initial_Transaction_TransactionReceiverDetail.py for tasks to queue
[2025-02-10T05:51:38.919+0000] {logging_mixin.py:190} INFO - [2025-02-10T05:51:38.918+0000] {dagbag.py:588} INFO - Filling up the DagBag from /opt/airflow/dags/TransactionService/1.21.initial_Transaction_TransactionReceiverDetail.py
[2025-02-10T05:51:38.993+0000] {processor.py:925} INFO - DAG(s) '1.2.0.trans_TransactionReceiverDetailsdata' retrieved from /opt/airflow/dags/TransactionService/1.21.initial_Transaction_TransactionReceiverDetail.py
[2025-02-10T05:51:39.037+0000] {logging_mixin.py:190} INFO - [2025-02-10T05:51:39.036+0000] {dag.py:3239} INFO - Sync 1 DAGs
[2025-02-10T05:51:39.064+0000] {logging_mixin.py:190} INFO - [2025-02-10T05:51:39.064+0000] {dag.py:4180} INFO - Setting next_dagrun for 1.2.0.trans_TransactionReceiverDetailsdata to None, run_after=None
[2025-02-10T05:51:39.098+0000] {processor.py:208} INFO - Processing /opt/airflow/dags/TransactionService/1.21.initial_Transaction_TransactionReceiverDetail.py took 0.197 seconds
[2025-02-10T05:52:09.577+0000] {processor.py:186} INFO - Started process (PID=2635) to work on /opt/airflow/dags/TransactionService/1.21.initial_Transaction_TransactionReceiverDetail.py
[2025-02-10T05:52:09.578+0000] {processor.py:914} INFO - Processing file /opt/airflow/dags/TransactionService/1.21.initial_Transaction_TransactionReceiverDetail.py for tasks to queue
[2025-02-10T05:52:09.581+0000] {logging_mixin.py:190} INFO - [2025-02-10T05:52:09.580+0000] {dagbag.py:588} INFO - Filling up the DagBag from /opt/airflow/dags/TransactionService/1.21.initial_Transaction_TransactionReceiverDetail.py
[2025-02-10T05:52:09.645+0000] {processor.py:925} INFO - DAG(s) '1.2.0.trans_TransactionReceiverDetailsdata' retrieved from /opt/airflow/dags/TransactionService/1.21.initial_Transaction_TransactionReceiverDetail.py
[2025-02-10T05:52:09.681+0000] {logging_mixin.py:190} INFO - [2025-02-10T05:52:09.681+0000] {dag.py:3239} INFO - Sync 1 DAGs
[2025-02-10T05:52:09.706+0000] {logging_mixin.py:190} INFO - [2025-02-10T05:52:09.706+0000] {dag.py:4180} INFO - Setting next_dagrun for 1.2.0.trans_TransactionReceiverDetailsdata to None, run_after=None
[2025-02-10T05:52:09.738+0000] {processor.py:208} INFO - Processing /opt/airflow/dags/TransactionService/1.21.initial_Transaction_TransactionReceiverDetail.py took 0.171 seconds
[2025-02-10T05:52:40.553+0000] {processor.py:186} INFO - Started process (PID=2656) to work on /opt/airflow/dags/TransactionService/1.21.initial_Transaction_TransactionReceiverDetail.py
[2025-02-10T05:52:40.556+0000] {processor.py:914} INFO - Processing file /opt/airflow/dags/TransactionService/1.21.initial_Transaction_TransactionReceiverDetail.py for tasks to queue
[2025-02-10T05:52:40.559+0000] {logging_mixin.py:190} INFO - [2025-02-10T05:52:40.558+0000] {dagbag.py:588} INFO - Filling up the DagBag from /opt/airflow/dags/TransactionService/1.21.initial_Transaction_TransactionReceiverDetail.py
[2025-02-10T05:52:40.643+0000] {processor.py:925} INFO - DAG(s) '1.2.0.trans_TransactionReceiverDetailsdata' retrieved from /opt/airflow/dags/TransactionService/1.21.initial_Transaction_TransactionReceiverDetail.py
[2025-02-10T05:52:40.687+0000] {logging_mixin.py:190} INFO - [2025-02-10T05:52:40.687+0000] {dag.py:3239} INFO - Sync 1 DAGs
[2025-02-10T05:52:40.740+0000] {logging_mixin.py:190} INFO - [2025-02-10T05:52:40.740+0000] {dag.py:4180} INFO - Setting next_dagrun for 1.2.0.trans_TransactionReceiverDetailsdata to None, run_after=None
[2025-02-10T05:52:40.792+0000] {processor.py:208} INFO - Processing /opt/airflow/dags/TransactionService/1.21.initial_Transaction_TransactionReceiverDetail.py took 0.256 seconds
[2025-02-10T05:53:11.039+0000] {processor.py:186} INFO - Started process (PID=2676) to work on /opt/airflow/dags/TransactionService/1.21.initial_Transaction_TransactionReceiverDetail.py
[2025-02-10T05:53:11.041+0000] {processor.py:914} INFO - Processing file /opt/airflow/dags/TransactionService/1.21.initial_Transaction_TransactionReceiverDetail.py for tasks to queue
[2025-02-10T05:53:11.044+0000] {logging_mixin.py:190} INFO - [2025-02-10T05:53:11.044+0000] {dagbag.py:588} INFO - Filling up the DagBag from /opt/airflow/dags/TransactionService/1.21.initial_Transaction_TransactionReceiverDetail.py
[2025-02-10T05:53:11.125+0000] {processor.py:925} INFO - DAG(s) '1.2.0.trans_TransactionReceiverDetailsdata' retrieved from /opt/airflow/dags/TransactionService/1.21.initial_Transaction_TransactionReceiverDetail.py
[2025-02-10T05:53:11.177+0000] {logging_mixin.py:190} INFO - [2025-02-10T05:53:11.176+0000] {dag.py:3239} INFO - Sync 1 DAGs
[2025-02-10T05:53:11.208+0000] {logging_mixin.py:190} INFO - [2025-02-10T05:53:11.208+0000] {dag.py:4180} INFO - Setting next_dagrun for 1.2.0.trans_TransactionReceiverDetailsdata to None, run_after=None
[2025-02-10T05:53:11.266+0000] {processor.py:208} INFO - Processing /opt/airflow/dags/TransactionService/1.21.initial_Transaction_TransactionReceiverDetail.py took 0.238 seconds
[2025-02-10T05:53:42.027+0000] {processor.py:186} INFO - Started process (PID=2696) to work on /opt/airflow/dags/TransactionService/1.21.initial_Transaction_TransactionReceiverDetail.py
[2025-02-10T05:53:42.029+0000] {processor.py:914} INFO - Processing file /opt/airflow/dags/TransactionService/1.21.initial_Transaction_TransactionReceiverDetail.py for tasks to queue
[2025-02-10T05:53:42.033+0000] {logging_mixin.py:190} INFO - [2025-02-10T05:53:42.032+0000] {dagbag.py:588} INFO - Filling up the DagBag from /opt/airflow/dags/TransactionService/1.21.initial_Transaction_TransactionReceiverDetail.py
[2025-02-10T05:53:42.108+0000] {processor.py:925} INFO - DAG(s) '1.2.0.trans_TransactionReceiverDetailsdata' retrieved from /opt/airflow/dags/TransactionService/1.21.initial_Transaction_TransactionReceiverDetail.py
[2025-02-10T05:53:42.154+0000] {logging_mixin.py:190} INFO - [2025-02-10T05:53:42.154+0000] {dag.py:3239} INFO - Sync 1 DAGs
[2025-02-10T05:53:42.192+0000] {logging_mixin.py:190} INFO - [2025-02-10T05:53:42.191+0000] {dag.py:4180} INFO - Setting next_dagrun for 1.2.0.trans_TransactionReceiverDetailsdata to None, run_after=None
[2025-02-10T05:53:42.237+0000] {processor.py:208} INFO - Processing /opt/airflow/dags/TransactionService/1.21.initial_Transaction_TransactionReceiverDetail.py took 0.221 seconds
[2025-02-10T05:54:12.404+0000] {processor.py:186} INFO - Started process (PID=2714) to work on /opt/airflow/dags/TransactionService/1.21.initial_Transaction_TransactionReceiverDetail.py
[2025-02-10T05:54:12.406+0000] {processor.py:914} INFO - Processing file /opt/airflow/dags/TransactionService/1.21.initial_Transaction_TransactionReceiverDetail.py for tasks to queue
[2025-02-10T05:54:12.410+0000] {logging_mixin.py:190} INFO - [2025-02-10T05:54:12.408+0000] {dagbag.py:588} INFO - Filling up the DagBag from /opt/airflow/dags/TransactionService/1.21.initial_Transaction_TransactionReceiverDetail.py
[2025-02-10T05:54:12.489+0000] {processor.py:925} INFO - DAG(s) '1.2.0.trans_TransactionReceiverDetailsdata' retrieved from /opt/airflow/dags/TransactionService/1.21.initial_Transaction_TransactionReceiverDetail.py
[2025-02-10T05:54:12.548+0000] {logging_mixin.py:190} INFO - [2025-02-10T05:54:12.547+0000] {dag.py:3239} INFO - Sync 1 DAGs
[2025-02-10T05:54:12.578+0000] {logging_mixin.py:190} INFO - [2025-02-10T05:54:12.578+0000] {dag.py:4180} INFO - Setting next_dagrun for 1.2.0.trans_TransactionReceiverDetailsdata to None, run_after=None
[2025-02-10T05:54:12.625+0000] {processor.py:208} INFO - Processing /opt/airflow/dags/TransactionService/1.21.initial_Transaction_TransactionReceiverDetail.py took 0.229 seconds
[2025-02-10T05:54:43.143+0000] {processor.py:186} INFO - Started process (PID=2731) to work on /opt/airflow/dags/TransactionService/1.21.initial_Transaction_TransactionReceiverDetail.py
[2025-02-10T05:54:43.145+0000] {processor.py:914} INFO - Processing file /opt/airflow/dags/TransactionService/1.21.initial_Transaction_TransactionReceiverDetail.py for tasks to queue
[2025-02-10T05:54:43.147+0000] {logging_mixin.py:190} INFO - [2025-02-10T05:54:43.147+0000] {dagbag.py:588} INFO - Filling up the DagBag from /opt/airflow/dags/TransactionService/1.21.initial_Transaction_TransactionReceiverDetail.py
[2025-02-10T05:54:43.263+0000] {processor.py:925} INFO - DAG(s) '1.2.0.trans_TransactionReceiverDetailsdata' retrieved from /opt/airflow/dags/TransactionService/1.21.initial_Transaction_TransactionReceiverDetail.py
[2025-02-10T05:54:43.337+0000] {logging_mixin.py:190} INFO - [2025-02-10T05:54:43.336+0000] {dag.py:3239} INFO - Sync 1 DAGs
[2025-02-10T05:54:43.396+0000] {logging_mixin.py:190} INFO - [2025-02-10T05:54:43.395+0000] {dag.py:4180} INFO - Setting next_dagrun for 1.2.0.trans_TransactionReceiverDetailsdata to None, run_after=None
[2025-02-10T05:54:43.463+0000] {processor.py:208} INFO - Processing /opt/airflow/dags/TransactionService/1.21.initial_Transaction_TransactionReceiverDetail.py took 0.328 seconds
[2025-02-10T05:55:13.683+0000] {processor.py:186} INFO - Started process (PID=2747) to work on /opt/airflow/dags/TransactionService/1.21.initial_Transaction_TransactionReceiverDetail.py
[2025-02-10T05:55:13.686+0000] {processor.py:914} INFO - Processing file /opt/airflow/dags/TransactionService/1.21.initial_Transaction_TransactionReceiverDetail.py for tasks to queue
[2025-02-10T05:55:13.689+0000] {logging_mixin.py:190} INFO - [2025-02-10T05:55:13.688+0000] {dagbag.py:588} INFO - Filling up the DagBag from /opt/airflow/dags/TransactionService/1.21.initial_Transaction_TransactionReceiverDetail.py
[2025-02-10T05:55:13.773+0000] {processor.py:925} INFO - DAG(s) '1.2.0.trans_TransactionReceiverDetailsdata' retrieved from /opt/airflow/dags/TransactionService/1.21.initial_Transaction_TransactionReceiverDetail.py
[2025-02-10T05:55:13.826+0000] {logging_mixin.py:190} INFO - [2025-02-10T05:55:13.825+0000] {dag.py:3239} INFO - Sync 1 DAGs
[2025-02-10T05:55:13.859+0000] {logging_mixin.py:190} INFO - [2025-02-10T05:55:13.859+0000] {dag.py:4180} INFO - Setting next_dagrun for 1.2.0.trans_TransactionReceiverDetailsdata to None, run_after=None
[2025-02-10T05:55:13.908+0000] {processor.py:208} INFO - Processing /opt/airflow/dags/TransactionService/1.21.initial_Transaction_TransactionReceiverDetail.py took 0.237 seconds
[2025-02-10T05:55:44.238+0000] {processor.py:186} INFO - Started process (PID=2768) to work on /opt/airflow/dags/TransactionService/1.21.initial_Transaction_TransactionReceiverDetail.py
[2025-02-10T05:55:44.239+0000] {processor.py:914} INFO - Processing file /opt/airflow/dags/TransactionService/1.21.initial_Transaction_TransactionReceiverDetail.py for tasks to queue
[2025-02-10T05:55:44.242+0000] {logging_mixin.py:190} INFO - [2025-02-10T05:55:44.241+0000] {dagbag.py:588} INFO - Filling up the DagBag from /opt/airflow/dags/TransactionService/1.21.initial_Transaction_TransactionReceiverDetail.py
[2025-02-10T05:55:44.328+0000] {processor.py:925} INFO - DAG(s) '1.2.0.trans_TransactionReceiverDetailsdata' retrieved from /opt/airflow/dags/TransactionService/1.21.initial_Transaction_TransactionReceiverDetail.py
[2025-02-10T05:55:44.373+0000] {logging_mixin.py:190} INFO - [2025-02-10T05:55:44.372+0000] {dag.py:3239} INFO - Sync 1 DAGs
[2025-02-10T05:55:44.405+0000] {logging_mixin.py:190} INFO - [2025-02-10T05:55:44.405+0000] {dag.py:4180} INFO - Setting next_dagrun for 1.2.0.trans_TransactionReceiverDetailsdata to None, run_after=None
[2025-02-10T05:55:44.448+0000] {processor.py:208} INFO - Processing /opt/airflow/dags/TransactionService/1.21.initial_Transaction_TransactionReceiverDetail.py took 0.220 seconds
[2025-02-10T05:56:14.947+0000] {processor.py:186} INFO - Started process (PID=2788) to work on /opt/airflow/dags/TransactionService/1.21.initial_Transaction_TransactionReceiverDetail.py
[2025-02-10T05:56:14.948+0000] {processor.py:914} INFO - Processing file /opt/airflow/dags/TransactionService/1.21.initial_Transaction_TransactionReceiverDetail.py for tasks to queue
[2025-02-10T05:56:14.951+0000] {logging_mixin.py:190} INFO - [2025-02-10T05:56:14.950+0000] {dagbag.py:588} INFO - Filling up the DagBag from /opt/airflow/dags/TransactionService/1.21.initial_Transaction_TransactionReceiverDetail.py
[2025-02-10T05:56:15.024+0000] {processor.py:925} INFO - DAG(s) '1.2.0.trans_TransactionReceiverDetailsdata' retrieved from /opt/airflow/dags/TransactionService/1.21.initial_Transaction_TransactionReceiverDetail.py
[2025-02-10T05:56:15.071+0000] {logging_mixin.py:190} INFO - [2025-02-10T05:56:15.071+0000] {dag.py:3239} INFO - Sync 1 DAGs
[2025-02-10T05:56:15.127+0000] {logging_mixin.py:190} INFO - [2025-02-10T05:56:15.125+0000] {dag.py:4180} INFO - Setting next_dagrun for 1.2.0.trans_TransactionReceiverDetailsdata to None, run_after=None
[2025-02-10T05:56:15.184+0000] {processor.py:208} INFO - Processing /opt/airflow/dags/TransactionService/1.21.initial_Transaction_TransactionReceiverDetail.py took 0.245 seconds
[2025-02-10T05:56:45.533+0000] {processor.py:186} INFO - Started process (PID=2808) to work on /opt/airflow/dags/TransactionService/1.21.initial_Transaction_TransactionReceiverDetail.py
[2025-02-10T05:56:45.535+0000] {processor.py:914} INFO - Processing file /opt/airflow/dags/TransactionService/1.21.initial_Transaction_TransactionReceiverDetail.py for tasks to queue
[2025-02-10T05:56:45.538+0000] {logging_mixin.py:190} INFO - [2025-02-10T05:56:45.537+0000] {dagbag.py:588} INFO - Filling up the DagBag from /opt/airflow/dags/TransactionService/1.21.initial_Transaction_TransactionReceiverDetail.py
[2025-02-10T05:56:45.614+0000] {processor.py:925} INFO - DAG(s) '1.2.0.trans_TransactionReceiverDetailsdata' retrieved from /opt/airflow/dags/TransactionService/1.21.initial_Transaction_TransactionReceiverDetail.py
[2025-02-10T05:56:45.656+0000] {logging_mixin.py:190} INFO - [2025-02-10T05:56:45.655+0000] {dag.py:3239} INFO - Sync 1 DAGs
[2025-02-10T05:56:45.684+0000] {logging_mixin.py:190} INFO - [2025-02-10T05:56:45.684+0000] {dag.py:4180} INFO - Setting next_dagrun for 1.2.0.trans_TransactionReceiverDetailsdata to None, run_after=None
[2025-02-10T05:56:45.729+0000] {processor.py:208} INFO - Processing /opt/airflow/dags/TransactionService/1.21.initial_Transaction_TransactionReceiverDetail.py took 0.205 seconds
[2025-02-10T05:57:16.009+0000] {processor.py:186} INFO - Started process (PID=2828) to work on /opt/airflow/dags/TransactionService/1.21.initial_Transaction_TransactionReceiverDetail.py
[2025-02-10T05:57:16.015+0000] {processor.py:914} INFO - Processing file /opt/airflow/dags/TransactionService/1.21.initial_Transaction_TransactionReceiverDetail.py for tasks to queue
[2025-02-10T05:57:16.020+0000] {logging_mixin.py:190} INFO - [2025-02-10T05:57:16.019+0000] {dagbag.py:588} INFO - Filling up the DagBag from /opt/airflow/dags/TransactionService/1.21.initial_Transaction_TransactionReceiverDetail.py
[2025-02-10T05:57:16.222+0000] {processor.py:925} INFO - DAG(s) '1.2.0.trans_TransactionReceiverDetailsdata' retrieved from /opt/airflow/dags/TransactionService/1.21.initial_Transaction_TransactionReceiverDetail.py
[2025-02-10T05:57:16.290+0000] {logging_mixin.py:190} INFO - [2025-02-10T05:57:16.290+0000] {dag.py:3239} INFO - Sync 1 DAGs
[2025-02-10T05:57:16.344+0000] {logging_mixin.py:190} INFO - [2025-02-10T05:57:16.343+0000] {dag.py:4180} INFO - Setting next_dagrun for 1.2.0.trans_TransactionReceiverDetailsdata to None, run_after=None
[2025-02-10T05:57:16.404+0000] {processor.py:208} INFO - Processing /opt/airflow/dags/TransactionService/1.21.initial_Transaction_TransactionReceiverDetail.py took 0.412 seconds
[2025-02-10T05:57:46.654+0000] {processor.py:186} INFO - Started process (PID=2848) to work on /opt/airflow/dags/TransactionService/1.21.initial_Transaction_TransactionReceiverDetail.py
[2025-02-10T05:57:46.656+0000] {processor.py:914} INFO - Processing file /opt/airflow/dags/TransactionService/1.21.initial_Transaction_TransactionReceiverDetail.py for tasks to queue
[2025-02-10T05:57:46.659+0000] {logging_mixin.py:190} INFO - [2025-02-10T05:57:46.658+0000] {dagbag.py:588} INFO - Filling up the DagBag from /opt/airflow/dags/TransactionService/1.21.initial_Transaction_TransactionReceiverDetail.py
[2025-02-10T05:57:46.730+0000] {processor.py:925} INFO - DAG(s) '1.2.0.trans_TransactionReceiverDetailsdata' retrieved from /opt/airflow/dags/TransactionService/1.21.initial_Transaction_TransactionReceiverDetail.py
[2025-02-10T05:57:46.771+0000] {logging_mixin.py:190} INFO - [2025-02-10T05:57:46.770+0000] {dag.py:3239} INFO - Sync 1 DAGs
[2025-02-10T05:57:46.795+0000] {logging_mixin.py:190} INFO - [2025-02-10T05:57:46.795+0000] {dag.py:4180} INFO - Setting next_dagrun for 1.2.0.trans_TransactionReceiverDetailsdata to None, run_after=None
[2025-02-10T05:57:46.833+0000] {processor.py:208} INFO - Processing /opt/airflow/dags/TransactionService/1.21.initial_Transaction_TransactionReceiverDetail.py took 0.192 seconds
[2025-02-10T05:58:17.258+0000] {processor.py:186} INFO - Started process (PID=2869) to work on /opt/airflow/dags/TransactionService/1.21.initial_Transaction_TransactionReceiverDetail.py
[2025-02-10T05:58:17.260+0000] {processor.py:914} INFO - Processing file /opt/airflow/dags/TransactionService/1.21.initial_Transaction_TransactionReceiverDetail.py for tasks to queue
[2025-02-10T05:58:17.263+0000] {logging_mixin.py:190} INFO - [2025-02-10T05:58:17.262+0000] {dagbag.py:588} INFO - Filling up the DagBag from /opt/airflow/dags/TransactionService/1.21.initial_Transaction_TransactionReceiverDetail.py
[2025-02-10T05:58:17.343+0000] {processor.py:925} INFO - DAG(s) '1.2.0.trans_TransactionReceiverDetailsdata' retrieved from /opt/airflow/dags/TransactionService/1.21.initial_Transaction_TransactionReceiverDetail.py
[2025-02-10T05:58:17.387+0000] {logging_mixin.py:190} INFO - [2025-02-10T05:58:17.387+0000] {dag.py:3239} INFO - Sync 1 DAGs
[2025-02-10T05:58:17.426+0000] {logging_mixin.py:190} INFO - [2025-02-10T05:58:17.426+0000] {dag.py:4180} INFO - Setting next_dagrun for 1.2.0.trans_TransactionReceiverDetailsdata to None, run_after=None
[2025-02-10T05:58:17.477+0000] {processor.py:208} INFO - Processing /opt/airflow/dags/TransactionService/1.21.initial_Transaction_TransactionReceiverDetail.py took 0.233 seconds
[2025-02-10T05:58:47.747+0000] {processor.py:186} INFO - Started process (PID=2891) to work on /opt/airflow/dags/TransactionService/1.21.initial_Transaction_TransactionReceiverDetail.py
[2025-02-10T05:58:47.749+0000] {processor.py:914} INFO - Processing file /opt/airflow/dags/TransactionService/1.21.initial_Transaction_TransactionReceiverDetail.py for tasks to queue
[2025-02-10T05:58:47.752+0000] {logging_mixin.py:190} INFO - [2025-02-10T05:58:47.751+0000] {dagbag.py:588} INFO - Filling up the DagBag from /opt/airflow/dags/TransactionService/1.21.initial_Transaction_TransactionReceiverDetail.py
[2025-02-10T05:58:47.849+0000] {processor.py:925} INFO - DAG(s) '1.2.0.trans_TransactionReceiverDetailsdata' retrieved from /opt/airflow/dags/TransactionService/1.21.initial_Transaction_TransactionReceiverDetail.py
[2025-02-10T05:58:47.895+0000] {logging_mixin.py:190} INFO - [2025-02-10T05:58:47.895+0000] {dag.py:3239} INFO - Sync 1 DAGs
[2025-02-10T05:58:47.921+0000] {logging_mixin.py:190} INFO - [2025-02-10T05:58:47.921+0000] {dag.py:4180} INFO - Setting next_dagrun for 1.2.0.trans_TransactionReceiverDetailsdata to None, run_after=None
[2025-02-10T05:58:47.966+0000] {processor.py:208} INFO - Processing /opt/airflow/dags/TransactionService/1.21.initial_Transaction_TransactionReceiverDetail.py took 0.227 seconds
[2025-02-10T05:59:18.142+0000] {processor.py:186} INFO - Started process (PID=2912) to work on /opt/airflow/dags/TransactionService/1.21.initial_Transaction_TransactionReceiverDetail.py
[2025-02-10T05:59:18.144+0000] {processor.py:914} INFO - Processing file /opt/airflow/dags/TransactionService/1.21.initial_Transaction_TransactionReceiverDetail.py for tasks to queue
[2025-02-10T05:59:18.148+0000] {logging_mixin.py:190} INFO - [2025-02-10T05:59:18.147+0000] {dagbag.py:588} INFO - Filling up the DagBag from /opt/airflow/dags/TransactionService/1.21.initial_Transaction_TransactionReceiverDetail.py
[2025-02-10T05:59:18.277+0000] {processor.py:925} INFO - DAG(s) '1.2.0.trans_TransactionReceiverDetailsdata' retrieved from /opt/airflow/dags/TransactionService/1.21.initial_Transaction_TransactionReceiverDetail.py
[2025-02-10T05:59:18.328+0000] {logging_mixin.py:190} INFO - [2025-02-10T05:59:18.328+0000] {dag.py:3239} INFO - Sync 1 DAGs
[2025-02-10T05:59:18.353+0000] {logging_mixin.py:190} INFO - [2025-02-10T05:59:18.353+0000] {dag.py:4180} INFO - Setting next_dagrun for 1.2.0.trans_TransactionReceiverDetailsdata to None, run_after=None
[2025-02-10T05:59:18.398+0000] {processor.py:208} INFO - Processing /opt/airflow/dags/TransactionService/1.21.initial_Transaction_TransactionReceiverDetail.py took 0.271 seconds
[2025-02-10T05:59:48.832+0000] {processor.py:186} INFO - Started process (PID=2931) to work on /opt/airflow/dags/TransactionService/1.21.initial_Transaction_TransactionReceiverDetail.py
[2025-02-10T05:59:48.834+0000] {processor.py:914} INFO - Processing file /opt/airflow/dags/TransactionService/1.21.initial_Transaction_TransactionReceiverDetail.py for tasks to queue
[2025-02-10T05:59:48.836+0000] {logging_mixin.py:190} INFO - [2025-02-10T05:59:48.836+0000] {dagbag.py:588} INFO - Filling up the DagBag from /opt/airflow/dags/TransactionService/1.21.initial_Transaction_TransactionReceiverDetail.py
[2025-02-10T05:59:48.922+0000] {processor.py:925} INFO - DAG(s) '1.2.0.trans_TransactionReceiverDetailsdata' retrieved from /opt/airflow/dags/TransactionService/1.21.initial_Transaction_TransactionReceiverDetail.py
[2025-02-10T05:59:48.972+0000] {logging_mixin.py:190} INFO - [2025-02-10T05:59:48.972+0000] {dag.py:3239} INFO - Sync 1 DAGs
[2025-02-10T05:59:49.000+0000] {logging_mixin.py:190} INFO - [2025-02-10T05:59:49.000+0000] {dag.py:4180} INFO - Setting next_dagrun for 1.2.0.trans_TransactionReceiverDetailsdata to None, run_after=None
[2025-02-10T05:59:49.040+0000] {processor.py:208} INFO - Processing /opt/airflow/dags/TransactionService/1.21.initial_Transaction_TransactionReceiverDetail.py took 0.218 seconds
[2025-02-10T05:59:53.365+0000] {processor.py:186} INFO - Started process (PID=2933) to work on /opt/airflow/dags/TransactionService/1.21.initial_Transaction_TransactionReceiverDetail.py
[2025-02-10T05:59:53.366+0000] {processor.py:914} INFO - Processing file /opt/airflow/dags/TransactionService/1.21.initial_Transaction_TransactionReceiverDetail.py for tasks to queue
[2025-02-10T05:59:53.370+0000] {logging_mixin.py:190} INFO - [2025-02-10T05:59:53.369+0000] {dagbag.py:588} INFO - Filling up the DagBag from /opt/airflow/dags/TransactionService/1.21.initial_Transaction_TransactionReceiverDetail.py
[2025-02-10T05:59:53.440+0000] {processor.py:925} INFO - DAG(s) '1.10.initial_TransactionPayingPartnerDetail' retrieved from /opt/airflow/dags/TransactionService/1.21.initial_Transaction_TransactionReceiverDetail.py
[2025-02-10T05:59:53.629+0000] {logging_mixin.py:190} INFO - [2025-02-10T05:59:53.629+0000] {dag.py:3239} INFO - Sync 1 DAGs
[2025-02-10T05:59:53.649+0000] {logging_mixin.py:190} INFO - [2025-02-10T05:59:53.649+0000] {dag.py:4180} INFO - Setting next_dagrun for 1.10.initial_TransactionPayingPartnerDetail to None, run_after=None
[2025-02-10T05:59:53.691+0000] {processor.py:208} INFO - Processing /opt/airflow/dags/TransactionService/1.21.initial_Transaction_TransactionReceiverDetail.py took 0.335 seconds
[2025-02-10T06:00:12.744+0000] {processor.py:186} INFO - Started process (PID=2947) to work on /opt/airflow/dags/TransactionService/1.21.initial_Transaction_TransactionReceiverDetail.py
[2025-02-10T06:00:12.746+0000] {processor.py:914} INFO - Processing file /opt/airflow/dags/TransactionService/1.21.initial_Transaction_TransactionReceiverDetail.py for tasks to queue
[2025-02-10T06:00:12.748+0000] {logging_mixin.py:190} INFO - [2025-02-10T06:00:12.748+0000] {dagbag.py:588} INFO - Filling up the DagBag from /opt/airflow/dags/TransactionService/1.21.initial_Transaction_TransactionReceiverDetail.py
[2025-02-10T06:00:12.819+0000] {processor.py:925} INFO - DAG(s) '1.10.initial_TransactionReceiverDetail' retrieved from /opt/airflow/dags/TransactionService/1.21.initial_Transaction_TransactionReceiverDetail.py
[2025-02-10T06:00:13.006+0000] {logging_mixin.py:190} INFO - [2025-02-10T06:00:13.005+0000] {override.py:1911} INFO - Created Permission View: can edit on DAG:1.10.initial_TransactionReceiverDetail
[2025-02-10T06:00:13.025+0000] {logging_mixin.py:190} INFO - [2025-02-10T06:00:13.024+0000] {override.py:1911} INFO - Created Permission View: can read on DAG:1.10.initial_TransactionReceiverDetail
[2025-02-10T06:00:13.037+0000] {logging_mixin.py:190} INFO - [2025-02-10T06:00:13.037+0000] {override.py:1911} INFO - Created Permission View: can delete on DAG:1.10.initial_TransactionReceiverDetail
[2025-02-10T06:00:13.052+0000] {logging_mixin.py:190} INFO - [2025-02-10T06:00:13.051+0000] {override.py:1911} INFO - Created Permission View: can create on DAG Run:1.10.initial_TransactionReceiverDetail
[2025-02-10T06:00:13.064+0000] {logging_mixin.py:190} INFO - [2025-02-10T06:00:13.064+0000] {override.py:1911} INFO - Created Permission View: menu access on DAG Run:1.10.initial_TransactionReceiverDetail
[2025-02-10T06:00:13.077+0000] {logging_mixin.py:190} INFO - [2025-02-10T06:00:13.076+0000] {override.py:1911} INFO - Created Permission View: can read on DAG Run:1.10.initial_TransactionReceiverDetail
[2025-02-10T06:00:13.089+0000] {logging_mixin.py:190} INFO - [2025-02-10T06:00:13.089+0000] {override.py:1911} INFO - Created Permission View: can delete on DAG Run:1.10.initial_TransactionReceiverDetail
[2025-02-10T06:00:13.091+0000] {logging_mixin.py:190} INFO - [2025-02-10T06:00:13.090+0000] {dag.py:3239} INFO - Sync 1 DAGs
[2025-02-10T06:00:13.111+0000] {logging_mixin.py:190} INFO - [2025-02-10T06:00:13.111+0000] {dag.py:3262} INFO - Creating ORM DAG for 1.10.initial_TransactionReceiverDetail
[2025-02-10T06:00:13.112+0000] {logging_mixin.py:190} INFO - [2025-02-10T06:00:13.112+0000] {dag.py:4180} INFO - Setting next_dagrun for 1.10.initial_TransactionReceiverDetail to None, run_after=None
[2025-02-10T06:00:13.150+0000] {processor.py:208} INFO - Processing /opt/airflow/dags/TransactionService/1.21.initial_Transaction_TransactionReceiverDetail.py took 0.414 seconds
[2025-02-10T06:00:20.771+0000] {processor.py:186} INFO - Started process (PID=2953) to work on /opt/airflow/dags/TransactionService/1.21.initial_Transaction_TransactionReceiverDetail.py
[2025-02-10T06:00:20.772+0000] {processor.py:914} INFO - Processing file /opt/airflow/dags/TransactionService/1.21.initial_Transaction_TransactionReceiverDetail.py for tasks to queue
[2025-02-10T06:00:20.775+0000] {logging_mixin.py:190} INFO - [2025-02-10T06:00:20.774+0000] {dagbag.py:588} INFO - Filling up the DagBag from /opt/airflow/dags/TransactionService/1.21.initial_Transaction_TransactionReceiverDetail.py
[2025-02-10T06:00:20.859+0000] {processor.py:925} INFO - DAG(s) '1.11.initial_TransactionReceiverDetail' retrieved from /opt/airflow/dags/TransactionService/1.21.initial_Transaction_TransactionReceiverDetail.py
[2025-02-10T06:00:21.078+0000] {logging_mixin.py:190} INFO - [2025-02-10T06:00:21.076+0000] {override.py:1911} INFO - Created Permission View: can edit on DAG:1.11.initial_TransactionReceiverDetail
[2025-02-10T06:00:21.096+0000] {logging_mixin.py:190} INFO - [2025-02-10T06:00:21.096+0000] {override.py:1911} INFO - Created Permission View: can read on DAG:1.11.initial_TransactionReceiverDetail
[2025-02-10T06:00:21.110+0000] {logging_mixin.py:190} INFO - [2025-02-10T06:00:21.110+0000] {override.py:1911} INFO - Created Permission View: can delete on DAG:1.11.initial_TransactionReceiverDetail
[2025-02-10T06:00:21.131+0000] {logging_mixin.py:190} INFO - [2025-02-10T06:00:21.130+0000] {override.py:1911} INFO - Created Permission View: can create on DAG Run:1.11.initial_TransactionReceiverDetail
[2025-02-10T06:00:21.152+0000] {logging_mixin.py:190} INFO - [2025-02-10T06:00:21.151+0000] {override.py:1911} INFO - Created Permission View: menu access on DAG Run:1.11.initial_TransactionReceiverDetail
[2025-02-10T06:00:21.178+0000] {logging_mixin.py:190} INFO - [2025-02-10T06:00:21.177+0000] {override.py:1911} INFO - Created Permission View: can read on DAG Run:1.11.initial_TransactionReceiverDetail
[2025-02-10T06:00:21.197+0000] {logging_mixin.py:190} INFO - [2025-02-10T06:00:21.197+0000] {override.py:1911} INFO - Created Permission View: can delete on DAG Run:1.11.initial_TransactionReceiverDetail
[2025-02-10T06:00:21.199+0000] {logging_mixin.py:190} INFO - [2025-02-10T06:00:21.199+0000] {dag.py:3239} INFO - Sync 1 DAGs
[2025-02-10T06:00:22.749+0000] {logging_mixin.py:190} INFO - [2025-02-10T06:00:22.748+0000] {dag.py:3262} INFO - Creating ORM DAG for 1.11.initial_TransactionReceiverDetail
[2025-02-10T06:00:22.752+0000] {logging_mixin.py:190} INFO - [2025-02-10T06:00:22.751+0000] {dag.py:4180} INFO - Setting next_dagrun for 1.11.initial_TransactionReceiverDetail to None, run_after=None
[2025-02-10T06:00:22.810+0000] {processor.py:208} INFO - Processing /opt/airflow/dags/TransactionService/1.21.initial_Transaction_TransactionReceiverDetail.py took 2.048 seconds
