[2025-02-10T05:50:32.374+0000] {processor.py:186} INFO - Started process (PID=2565) to work on /opt/airflow/dags/TransactionService/1.51.initial_Transaction_Reference.py
[2025-02-10T05:50:32.377+0000] {processor.py:914} INFO - Processing file /opt/airflow/dags/TransactionService/1.51.initial_Transaction_Reference.py for tasks to queue
[2025-02-10T05:50:32.381+0000] {logging_mixin.py:190} INFO - [2025-02-10T05:50:32.380+0000] {dagbag.py:588} INFO - Filling up the DagBag from /opt/airflow/dags/TransactionService/1.51.initial_Transaction_Reference.py
[2025-02-10T05:50:32.533+0000] {processor.py:925} INFO - DAG(s) '1.5.0.trans_Referencesdata' retrieved from /opt/airflow/dags/TransactionService/1.51.initial_Transaction_Reference.py
[2025-02-10T05:50:32.741+0000] {logging_mixin.py:190} INFO - [2025-02-10T05:50:32.741+0000] {dag.py:3239} INFO - Sync 1 DAGs
[2025-02-10T05:50:32.768+0000] {logging_mixin.py:190} INFO - [2025-02-10T05:50:32.767+0000] {dag.py:4180} INFO - Setting next_dagrun for 1.5.0.trans_Referencesdata to None, run_after=None
[2025-02-10T05:50:32.834+0000] {processor.py:208} INFO - Processing /opt/airflow/dags/TransactionService/1.51.initial_Transaction_Reference.py took 0.474 seconds
[2025-02-10T05:51:03.262+0000] {processor.py:186} INFO - Started process (PID=2584) to work on /opt/airflow/dags/TransactionService/1.51.initial_Transaction_Reference.py
[2025-02-10T05:51:03.264+0000] {processor.py:914} INFO - Processing file /opt/airflow/dags/TransactionService/1.51.initial_Transaction_Reference.py for tasks to queue
[2025-02-10T05:51:03.266+0000] {logging_mixin.py:190} INFO - [2025-02-10T05:51:03.265+0000] {dagbag.py:588} INFO - Filling up the DagBag from /opt/airflow/dags/TransactionService/1.51.initial_Transaction_Reference.py
[2025-02-10T05:51:03.340+0000] {processor.py:925} INFO - DAG(s) '1.5.0.trans_Referencesdata' retrieved from /opt/airflow/dags/TransactionService/1.51.initial_Transaction_Reference.py
[2025-02-10T05:51:03.384+0000] {logging_mixin.py:190} INFO - [2025-02-10T05:51:03.383+0000] {dag.py:3239} INFO - Sync 1 DAGs
[2025-02-10T05:51:03.410+0000] {logging_mixin.py:190} INFO - [2025-02-10T05:51:03.410+0000] {dag.py:4180} INFO - Setting next_dagrun for 1.5.0.trans_Referencesdata to None, run_after=None
[2025-02-10T05:51:03.442+0000] {processor.py:208} INFO - Processing /opt/airflow/dags/TransactionService/1.51.initial_Transaction_Reference.py took 0.191 seconds
[2025-02-10T05:51:33.846+0000] {processor.py:186} INFO - Started process (PID=2603) to work on /opt/airflow/dags/TransactionService/1.51.initial_Transaction_Reference.py
[2025-02-10T05:51:33.848+0000] {processor.py:914} INFO - Processing file /opt/airflow/dags/TransactionService/1.51.initial_Transaction_Reference.py for tasks to queue
[2025-02-10T05:51:33.851+0000] {logging_mixin.py:190} INFO - [2025-02-10T05:51:33.850+0000] {dagbag.py:588} INFO - Filling up the DagBag from /opt/airflow/dags/TransactionService/1.51.initial_Transaction_Reference.py
[2025-02-10T05:51:33.919+0000] {processor.py:925} INFO - DAG(s) '1.5.0.trans_Referencesdata' retrieved from /opt/airflow/dags/TransactionService/1.51.initial_Transaction_Reference.py
[2025-02-10T05:51:33.965+0000] {logging_mixin.py:190} INFO - [2025-02-10T05:51:33.964+0000] {dag.py:3239} INFO - Sync 1 DAGs
[2025-02-10T05:51:34.003+0000] {logging_mixin.py:190} INFO - [2025-02-10T05:51:34.003+0000] {dag.py:4180} INFO - Setting next_dagrun for 1.5.0.trans_Referencesdata to None, run_after=None
[2025-02-10T05:51:34.056+0000] {processor.py:208} INFO - Processing /opt/airflow/dags/TransactionService/1.51.initial_Transaction_Reference.py took 0.221 seconds
[2025-02-10T05:52:04.231+0000] {processor.py:186} INFO - Started process (PID=2622) to work on /opt/airflow/dags/TransactionService/1.51.initial_Transaction_Reference.py
[2025-02-10T05:52:04.232+0000] {processor.py:914} INFO - Processing file /opt/airflow/dags/TransactionService/1.51.initial_Transaction_Reference.py for tasks to queue
[2025-02-10T05:52:04.238+0000] {logging_mixin.py:190} INFO - [2025-02-10T05:52:04.234+0000] {dagbag.py:588} INFO - Filling up the DagBag from /opt/airflow/dags/TransactionService/1.51.initial_Transaction_Reference.py
[2025-02-10T05:52:04.312+0000] {processor.py:925} INFO - DAG(s) '1.5.0.trans_Referencesdata' retrieved from /opt/airflow/dags/TransactionService/1.51.initial_Transaction_Reference.py
[2025-02-10T05:52:04.404+0000] {logging_mixin.py:190} INFO - [2025-02-10T05:52:04.403+0000] {dag.py:3239} INFO - Sync 1 DAGs
[2025-02-10T05:52:04.491+0000] {logging_mixin.py:190} INFO - [2025-02-10T05:52:04.490+0000] {dag.py:4180} INFO - Setting next_dagrun for 1.5.0.trans_Referencesdata to None, run_after=None
[2025-02-10T05:52:04.532+0000] {processor.py:208} INFO - Processing /opt/airflow/dags/TransactionService/1.51.initial_Transaction_Reference.py took 0.318 seconds
[2025-02-10T05:52:34.827+0000] {processor.py:186} INFO - Started process (PID=2642) to work on /opt/airflow/dags/TransactionService/1.51.initial_Transaction_Reference.py
[2025-02-10T05:52:34.828+0000] {processor.py:914} INFO - Processing file /opt/airflow/dags/TransactionService/1.51.initial_Transaction_Reference.py for tasks to queue
[2025-02-10T05:52:34.831+0000] {logging_mixin.py:190} INFO - [2025-02-10T05:52:34.830+0000] {dagbag.py:588} INFO - Filling up the DagBag from /opt/airflow/dags/TransactionService/1.51.initial_Transaction_Reference.py
[2025-02-10T05:52:34.905+0000] {processor.py:925} INFO - DAG(s) '1.5.0.trans_Referencesdata' retrieved from /opt/airflow/dags/TransactionService/1.51.initial_Transaction_Reference.py
[2025-02-10T05:52:34.946+0000] {logging_mixin.py:190} INFO - [2025-02-10T05:52:34.945+0000] {dag.py:3239} INFO - Sync 1 DAGs
[2025-02-10T05:52:34.976+0000] {logging_mixin.py:190} INFO - [2025-02-10T05:52:34.975+0000] {dag.py:4180} INFO - Setting next_dagrun for 1.5.0.trans_Referencesdata to None, run_after=None
[2025-02-10T05:52:35.015+0000] {processor.py:208} INFO - Processing /opt/airflow/dags/TransactionService/1.51.initial_Transaction_Reference.py took 0.197 seconds
[2025-02-10T05:52:36.828+0000] {processor.py:186} INFO - Started process (PID=2653) to work on /opt/airflow/dags/TransactionService/1.51.initial_Transaction_Reference.py
[2025-02-10T05:52:36.830+0000] {processor.py:914} INFO - Processing file /opt/airflow/dags/TransactionService/1.51.initial_Transaction_Reference.py for tasks to queue
[2025-02-10T05:52:36.833+0000] {logging_mixin.py:190} INFO - [2025-02-10T05:52:36.833+0000] {dagbag.py:588} INFO - Filling up the DagBag from /opt/airflow/dags/TransactionService/1.51.initial_Transaction_Reference.py
[2025-02-10T05:52:36.906+0000] {processor.py:925} INFO - DAG(s) '1.05.initial_PayingMode' retrieved from /opt/airflow/dags/TransactionService/1.51.initial_Transaction_Reference.py
[2025-02-10T05:52:37.179+0000] {logging_mixin.py:190} INFO - [2025-02-10T05:52:37.178+0000] {dag.py:3239} INFO - Sync 1 DAGs
[2025-02-10T05:52:37.202+0000] {logging_mixin.py:190} INFO - [2025-02-10T05:52:37.202+0000] {dag.py:4180} INFO - Setting next_dagrun for 1.05.initial_PayingMode to None, run_after=None
[2025-02-10T05:52:37.251+0000] {processor.py:208} INFO - Processing /opt/airflow/dags/TransactionService/1.51.initial_Transaction_Reference.py took 0.436 seconds
[2025-02-10T05:52:45.116+0000] {processor.py:186} INFO - Started process (PID=2658) to work on /opt/airflow/dags/TransactionService/1.51.initial_Transaction_Reference.py
[2025-02-10T05:52:45.117+0000] {processor.py:914} INFO - Processing file /opt/airflow/dags/TransactionService/1.51.initial_Transaction_Reference.py for tasks to queue
[2025-02-10T05:52:45.120+0000] {logging_mixin.py:190} INFO - [2025-02-10T05:52:45.119+0000] {dagbag.py:588} INFO - Filling up the DagBag from /opt/airflow/dags/TransactionService/1.51.initial_Transaction_Reference.py
[2025-02-10T05:52:45.184+0000] {processor.py:925} INFO - DAG(s) '1.06.initial_PayingMode' retrieved from /opt/airflow/dags/TransactionService/1.51.initial_Transaction_Reference.py
[2025-02-10T05:52:45.431+0000] {logging_mixin.py:190} INFO - [2025-02-10T05:52:45.394+0000] {override.py:1911} INFO - Created Permission View: can edit on DAG:1.06.initial_PayingMode
[2025-02-10T05:52:45.483+0000] {logging_mixin.py:190} INFO - [2025-02-10T05:52:45.482+0000] {override.py:1911} INFO - Created Permission View: can read on DAG:1.06.initial_PayingMode
[2025-02-10T05:52:45.510+0000] {logging_mixin.py:190} INFO - [2025-02-10T05:52:45.509+0000] {override.py:1911} INFO - Created Permission View: can delete on DAG:1.06.initial_PayingMode
[2025-02-10T05:52:45.535+0000] {logging_mixin.py:190} INFO - [2025-02-10T05:52:45.534+0000] {override.py:1911} INFO - Created Permission View: can create on DAG Run:1.06.initial_PayingMode
[2025-02-10T05:52:45.560+0000] {logging_mixin.py:190} INFO - [2025-02-10T05:52:45.559+0000] {override.py:1911} INFO - Created Permission View: menu access on DAG Run:1.06.initial_PayingMode
[2025-02-10T05:52:45.581+0000] {logging_mixin.py:190} INFO - [2025-02-10T05:52:45.581+0000] {override.py:1911} INFO - Created Permission View: can read on DAG Run:1.06.initial_PayingMode
[2025-02-10T05:52:45.615+0000] {logging_mixin.py:190} INFO - [2025-02-10T05:52:45.614+0000] {override.py:1911} INFO - Created Permission View: can delete on DAG Run:1.06.initial_PayingMode
[2025-02-10T05:52:45.622+0000] {logging_mixin.py:190} INFO - [2025-02-10T05:52:45.619+0000] {dag.py:3239} INFO - Sync 1 DAGs
[2025-02-10T05:52:45.689+0000] {logging_mixin.py:190} INFO - [2025-02-10T05:52:45.688+0000] {dag.py:3262} INFO - Creating ORM DAG for 1.06.initial_PayingMode
[2025-02-10T05:52:45.694+0000] {logging_mixin.py:190} INFO - [2025-02-10T05:52:45.693+0000] {dag.py:4180} INFO - Setting next_dagrun for 1.06.initial_PayingMode to None, run_after=None
[2025-02-10T05:52:45.781+0000] {processor.py:208} INFO - Processing /opt/airflow/dags/TransactionService/1.51.initial_Transaction_Reference.py took 0.674 seconds
[2025-02-10T05:52:55.934+0000] {processor.py:186} INFO - Started process (PID=2662) to work on /opt/airflow/dags/TransactionService/1.51.initial_Transaction_Reference.py
[2025-02-10T05:52:55.936+0000] {processor.py:914} INFO - Processing file /opt/airflow/dags/TransactionService/1.51.initial_Transaction_Reference.py for tasks to queue
[2025-02-10T05:52:55.939+0000] {logging_mixin.py:190} INFO - [2025-02-10T05:52:55.938+0000] {dagbag.py:588} INFO - Filling up the DagBag from /opt/airflow/dags/TransactionService/1.51.initial_Transaction_Reference.py
[2025-02-10T05:52:56.015+0000] {processor.py:925} INFO - DAG(s) '1.06.initial_Reference' retrieved from /opt/airflow/dags/TransactionService/1.51.initial_Transaction_Reference.py
[2025-02-10T05:52:56.287+0000] {logging_mixin.py:190} INFO - [2025-02-10T05:52:56.285+0000] {override.py:1911} INFO - Created Permission View: can edit on DAG:1.06.initial_Reference
[2025-02-10T05:52:56.306+0000] {logging_mixin.py:190} INFO - [2025-02-10T05:52:56.306+0000] {override.py:1911} INFO - Created Permission View: can read on DAG:1.06.initial_Reference
[2025-02-10T05:52:56.318+0000] {logging_mixin.py:190} INFO - [2025-02-10T05:52:56.318+0000] {override.py:1911} INFO - Created Permission View: can delete on DAG:1.06.initial_Reference
[2025-02-10T05:52:56.334+0000] {logging_mixin.py:190} INFO - [2025-02-10T05:52:56.333+0000] {override.py:1911} INFO - Created Permission View: can create on DAG Run:1.06.initial_Reference
[2025-02-10T05:52:56.346+0000] {logging_mixin.py:190} INFO - [2025-02-10T05:52:56.345+0000] {override.py:1911} INFO - Created Permission View: menu access on DAG Run:1.06.initial_Reference
[2025-02-10T05:52:56.359+0000] {logging_mixin.py:190} INFO - [2025-02-10T05:52:56.359+0000] {override.py:1911} INFO - Created Permission View: can read on DAG Run:1.06.initial_Reference
[2025-02-10T05:52:56.372+0000] {logging_mixin.py:190} INFO - [2025-02-10T05:52:56.372+0000] {override.py:1911} INFO - Created Permission View: can delete on DAG Run:1.06.initial_Reference
[2025-02-10T05:52:56.374+0000] {logging_mixin.py:190} INFO - [2025-02-10T05:52:56.373+0000] {dag.py:3239} INFO - Sync 1 DAGs
[2025-02-10T05:52:56.394+0000] {logging_mixin.py:190} INFO - [2025-02-10T05:52:56.394+0000] {dag.py:3262} INFO - Creating ORM DAG for 1.06.initial_Reference
[2025-02-10T05:52:56.396+0000] {logging_mixin.py:190} INFO - [2025-02-10T05:52:56.395+0000] {dag.py:4180} INFO - Setting next_dagrun for 1.06.initial_Reference to None, run_after=None
[2025-02-10T05:52:56.446+0000] {processor.py:208} INFO - Processing /opt/airflow/dags/TransactionService/1.51.initial_Transaction_Reference.py took 0.523 seconds
