[2025-02-10T05:50:32.457+0000] {processor.py:186} INFO - Started process (PID=2566) to work on /opt/airflow/dags/TransactionService/1.61.initial_Transaction_TransactionHistory.py
[2025-02-10T05:50:32.460+0000] {processor.py:914} INFO - Processing file /opt/airflow/dags/TransactionService/1.61.initial_Transaction_TransactionHistory.py for tasks to queue
[2025-02-10T05:50:32.464+0000] {logging_mixin.py:190} INFO - [2025-02-10T05:50:32.463+0000] {dagbag.py:588} INFO - Filling up the DagBag from /opt/airflow/dags/TransactionService/1.61.initial_Transaction_TransactionHistory.py
[2025-02-10T05:50:32.562+0000] {processor.py:925} INFO - DAG(s) '1.6.0.trans_TransactionStatusHistorysdata' retrieved from /opt/airflow/dags/TransactionService/1.61.initial_Transaction_TransactionHistory.py
[2025-02-10T05:50:32.789+0000] {logging_mixin.py:190} INFO - [2025-02-10T05:50:32.788+0000] {dag.py:3239} INFO - Sync 1 DAGs
[2025-02-10T05:50:32.833+0000] {logging_mixin.py:190} INFO - [2025-02-10T05:50:32.832+0000] {dag.py:4180} INFO - Setting next_dagrun for 1.6.0.trans_TransactionStatusHistorysdata to None, run_after=None
[2025-02-10T05:50:32.902+0000] {processor.py:208} INFO - Processing /opt/airflow/dags/TransactionService/1.61.initial_Transaction_TransactionHistory.py took 0.465 seconds
[2025-02-10T05:51:03.315+0000] {processor.py:186} INFO - Started process (PID=2585) to work on /opt/airflow/dags/TransactionService/1.61.initial_Transaction_TransactionHistory.py
[2025-02-10T05:51:03.316+0000] {processor.py:914} INFO - Processing file /opt/airflow/dags/TransactionService/1.61.initial_Transaction_TransactionHistory.py for tasks to queue
[2025-02-10T05:51:03.319+0000] {logging_mixin.py:190} INFO - [2025-02-10T05:51:03.318+0000] {dagbag.py:588} INFO - Filling up the DagBag from /opt/airflow/dags/TransactionService/1.61.initial_Transaction_TransactionHistory.py
[2025-02-10T05:51:03.394+0000] {processor.py:925} INFO - DAG(s) '1.6.0.trans_TransactionStatusHistorysdata' retrieved from /opt/airflow/dags/TransactionService/1.61.initial_Transaction_TransactionHistory.py
[2025-02-10T05:51:03.434+0000] {logging_mixin.py:190} INFO - [2025-02-10T05:51:03.433+0000] {dag.py:3239} INFO - Sync 1 DAGs
[2025-02-10T05:51:03.458+0000] {logging_mixin.py:190} INFO - [2025-02-10T05:51:03.457+0000] {dag.py:4180} INFO - Setting next_dagrun for 1.6.0.trans_TransactionStatusHistorysdata to None, run_after=None
[2025-02-10T05:51:03.495+0000] {processor.py:208} INFO - Processing /opt/airflow/dags/TransactionService/1.61.initial_Transaction_TransactionHistory.py took 0.189 seconds
[2025-02-10T05:51:33.916+0000] {processor.py:186} INFO - Started process (PID=2604) to work on /opt/airflow/dags/TransactionService/1.61.initial_Transaction_TransactionHistory.py
[2025-02-10T05:51:33.918+0000] {processor.py:914} INFO - Processing file /opt/airflow/dags/TransactionService/1.61.initial_Transaction_TransactionHistory.py for tasks to queue
[2025-02-10T05:51:33.922+0000] {logging_mixin.py:190} INFO - [2025-02-10T05:51:33.921+0000] {dagbag.py:588} INFO - Filling up the DagBag from /opt/airflow/dags/TransactionService/1.61.initial_Transaction_TransactionHistory.py
[2025-02-10T05:51:33.999+0000] {processor.py:925} INFO - DAG(s) '1.6.0.trans_TransactionStatusHistorysdata' retrieved from /opt/airflow/dags/TransactionService/1.61.initial_Transaction_TransactionHistory.py
[2025-02-10T05:51:34.069+0000] {logging_mixin.py:190} INFO - [2025-02-10T05:51:34.069+0000] {dag.py:3239} INFO - Sync 1 DAGs
[2025-02-10T05:51:34.113+0000] {logging_mixin.py:190} INFO - [2025-02-10T05:51:34.112+0000] {dag.py:4180} INFO - Setting next_dagrun for 1.6.0.trans_TransactionStatusHistorysdata to None, run_after=None
[2025-02-10T05:51:34.163+0000] {processor.py:208} INFO - Processing /opt/airflow/dags/TransactionService/1.61.initial_Transaction_TransactionHistory.py took 0.261 seconds
[2025-02-10T05:52:04.605+0000] {processor.py:186} INFO - Started process (PID=2623) to work on /opt/airflow/dags/TransactionService/1.61.initial_Transaction_TransactionHistory.py
[2025-02-10T05:52:04.607+0000] {processor.py:914} INFO - Processing file /opt/airflow/dags/TransactionService/1.61.initial_Transaction_TransactionHistory.py for tasks to queue
[2025-02-10T05:52:04.615+0000] {logging_mixin.py:190} INFO - [2025-02-10T05:52:04.614+0000] {dagbag.py:588} INFO - Filling up the DagBag from /opt/airflow/dags/TransactionService/1.61.initial_Transaction_TransactionHistory.py
[2025-02-10T05:52:04.688+0000] {processor.py:925} INFO - DAG(s) '1.6.0.trans_TransactionStatusHistorysdata' retrieved from /opt/airflow/dags/TransactionService/1.61.initial_Transaction_TransactionHistory.py
[2025-02-10T05:52:04.784+0000] {logging_mixin.py:190} INFO - [2025-02-10T05:52:04.783+0000] {dag.py:3239} INFO - Sync 1 DAGs
[2025-02-10T05:52:04.843+0000] {logging_mixin.py:190} INFO - [2025-02-10T05:52:04.842+0000] {dag.py:4180} INFO - Setting next_dagrun for 1.6.0.trans_TransactionStatusHistorysdata to None, run_after=None
[2025-02-10T05:52:04.875+0000] {processor.py:208} INFO - Processing /opt/airflow/dags/TransactionService/1.61.initial_Transaction_TransactionHistory.py took 0.279 seconds
[2025-02-10T05:52:35.014+0000] {processor.py:186} INFO - Started process (PID=2643) to work on /opt/airflow/dags/TransactionService/1.61.initial_Transaction_TransactionHistory.py
[2025-02-10T05:52:35.016+0000] {processor.py:914} INFO - Processing file /opt/airflow/dags/TransactionService/1.61.initial_Transaction_TransactionHistory.py for tasks to queue
[2025-02-10T05:52:35.019+0000] {logging_mixin.py:190} INFO - [2025-02-10T05:52:35.018+0000] {dagbag.py:588} INFO - Filling up the DagBag from /opt/airflow/dags/TransactionService/1.61.initial_Transaction_TransactionHistory.py
[2025-02-10T05:52:35.087+0000] {processor.py:925} INFO - DAG(s) '1.6.0.trans_TransactionStatusHistorysdata' retrieved from /opt/airflow/dags/TransactionService/1.61.initial_Transaction_TransactionHistory.py
[2025-02-10T05:52:35.126+0000] {logging_mixin.py:190} INFO - [2025-02-10T05:52:35.126+0000] {dag.py:3239} INFO - Sync 1 DAGs
[2025-02-10T05:52:35.150+0000] {logging_mixin.py:190} INFO - [2025-02-10T05:52:35.150+0000] {dag.py:4180} INFO - Setting next_dagrun for 1.6.0.trans_TransactionStatusHistorysdata to None, run_after=None
[2025-02-10T05:52:35.200+0000] {processor.py:208} INFO - Processing /opt/airflow/dags/TransactionService/1.61.initial_Transaction_TransactionHistory.py took 0.196 seconds
[2025-02-10T05:53:05.678+0000] {processor.py:186} INFO - Started process (PID=2665) to work on /opt/airflow/dags/TransactionService/1.61.initial_Transaction_TransactionHistory.py
[2025-02-10T05:53:05.680+0000] {processor.py:914} INFO - Processing file /opt/airflow/dags/TransactionService/1.61.initial_Transaction_TransactionHistory.py for tasks to queue
[2025-02-10T05:53:05.683+0000] {logging_mixin.py:190} INFO - [2025-02-10T05:53:05.682+0000] {dagbag.py:588} INFO - Filling up the DagBag from /opt/airflow/dags/TransactionService/1.61.initial_Transaction_TransactionHistory.py
[2025-02-10T05:53:05.824+0000] {processor.py:925} INFO - DAG(s) '1.6.0.trans_TransactionStatusHistorysdata' retrieved from /opt/airflow/dags/TransactionService/1.61.initial_Transaction_TransactionHistory.py
[2025-02-10T05:53:05.894+0000] {logging_mixin.py:190} INFO - [2025-02-10T05:53:05.894+0000] {dag.py:3239} INFO - Sync 1 DAGs
[2025-02-10T05:53:05.932+0000] {logging_mixin.py:190} INFO - [2025-02-10T05:53:05.931+0000] {dag.py:4180} INFO - Setting next_dagrun for 1.6.0.trans_TransactionStatusHistorysdata to None, run_after=None
[2025-02-10T05:53:05.993+0000] {processor.py:208} INFO - Processing /opt/airflow/dags/TransactionService/1.61.initial_Transaction_TransactionHistory.py took 0.327 seconds
[2025-02-10T05:53:36.370+0000] {processor.py:186} INFO - Started process (PID=2692) to work on /opt/airflow/dags/TransactionService/1.61.initial_Transaction_TransactionHistory.py
[2025-02-10T05:53:36.372+0000] {processor.py:914} INFO - Processing file /opt/airflow/dags/TransactionService/1.61.initial_Transaction_TransactionHistory.py for tasks to queue
[2025-02-10T05:53:36.374+0000] {logging_mixin.py:190} INFO - [2025-02-10T05:53:36.374+0000] {dagbag.py:588} INFO - Filling up the DagBag from /opt/airflow/dags/TransactionService/1.61.initial_Transaction_TransactionHistory.py
[2025-02-10T05:53:36.443+0000] {processor.py:925} INFO - DAG(s) '1.6.0.trans_TransactionStatusHistorysdata' retrieved from /opt/airflow/dags/TransactionService/1.61.initial_Transaction_TransactionHistory.py
[2025-02-10T05:53:36.483+0000] {logging_mixin.py:190} INFO - [2025-02-10T05:53:36.483+0000] {dag.py:3239} INFO - Sync 1 DAGs
[2025-02-10T05:53:36.510+0000] {logging_mixin.py:190} INFO - [2025-02-10T05:53:36.510+0000] {dag.py:4180} INFO - Setting next_dagrun for 1.6.0.trans_TransactionStatusHistorysdata to None, run_after=None
[2025-02-10T05:53:36.555+0000] {processor.py:208} INFO - Processing /opt/airflow/dags/TransactionService/1.61.initial_Transaction_TransactionHistory.py took 0.195 seconds
[2025-02-10T05:54:07.203+0000] {processor.py:186} INFO - Started process (PID=2710) to work on /opt/airflow/dags/TransactionService/1.61.initial_Transaction_TransactionHistory.py
[2025-02-10T05:54:07.205+0000] {processor.py:914} INFO - Processing file /opt/airflow/dags/TransactionService/1.61.initial_Transaction_TransactionHistory.py for tasks to queue
[2025-02-10T05:54:07.209+0000] {logging_mixin.py:190} INFO - [2025-02-10T05:54:07.208+0000] {dagbag.py:588} INFO - Filling up the DagBag from /opt/airflow/dags/TransactionService/1.61.initial_Transaction_TransactionHistory.py
[2025-02-10T05:54:07.305+0000] {processor.py:925} INFO - DAG(s) '1.6.0.trans_TransactionStatusHistorysdata' retrieved from /opt/airflow/dags/TransactionService/1.61.initial_Transaction_TransactionHistory.py
[2025-02-10T05:54:07.350+0000] {logging_mixin.py:190} INFO - [2025-02-10T05:54:07.350+0000] {dag.py:3239} INFO - Sync 1 DAGs
[2025-02-10T05:54:07.379+0000] {logging_mixin.py:190} INFO - [2025-02-10T05:54:07.378+0000] {dag.py:4180} INFO - Setting next_dagrun for 1.6.0.trans_TransactionStatusHistorysdata to None, run_after=None
[2025-02-10T05:54:07.424+0000] {processor.py:208} INFO - Processing /opt/airflow/dags/TransactionService/1.61.initial_Transaction_TransactionHistory.py took 0.234 seconds
[2025-02-10T05:54:37.770+0000] {processor.py:186} INFO - Started process (PID=2728) to work on /opt/airflow/dags/TransactionService/1.61.initial_Transaction_TransactionHistory.py
[2025-02-10T05:54:37.771+0000] {processor.py:914} INFO - Processing file /opt/airflow/dags/TransactionService/1.61.initial_Transaction_TransactionHistory.py for tasks to queue
[2025-02-10T05:54:37.774+0000] {logging_mixin.py:190} INFO - [2025-02-10T05:54:37.773+0000] {dagbag.py:588} INFO - Filling up the DagBag from /opt/airflow/dags/TransactionService/1.61.initial_Transaction_TransactionHistory.py
[2025-02-10T05:54:37.848+0000] {processor.py:925} INFO - DAG(s) '1.6.0.trans_TransactionStatusHistorysdata' retrieved from /opt/airflow/dags/TransactionService/1.61.initial_Transaction_TransactionHistory.py
[2025-02-10T05:54:37.892+0000] {logging_mixin.py:190} INFO - [2025-02-10T05:54:37.892+0000] {dag.py:3239} INFO - Sync 1 DAGs
[2025-02-10T05:54:37.917+0000] {logging_mixin.py:190} INFO - [2025-02-10T05:54:37.916+0000] {dag.py:4180} INFO - Setting next_dagrun for 1.6.0.trans_TransactionStatusHistorysdata to None, run_after=None
[2025-02-10T05:54:37.959+0000] {processor.py:208} INFO - Processing /opt/airflow/dags/TransactionService/1.61.initial_Transaction_TransactionHistory.py took 0.198 seconds
[2025-02-10T05:55:08.135+0000] {processor.py:186} INFO - Started process (PID=2744) to work on /opt/airflow/dags/TransactionService/1.61.initial_Transaction_TransactionHistory.py
[2025-02-10T05:55:08.137+0000] {processor.py:914} INFO - Processing file /opt/airflow/dags/TransactionService/1.61.initial_Transaction_TransactionHistory.py for tasks to queue
[2025-02-10T05:55:08.140+0000] {logging_mixin.py:190} INFO - [2025-02-10T05:55:08.139+0000] {dagbag.py:588} INFO - Filling up the DagBag from /opt/airflow/dags/TransactionService/1.61.initial_Transaction_TransactionHistory.py
[2025-02-10T05:55:08.213+0000] {processor.py:925} INFO - DAG(s) '1.6.0.trans_TransactionStatusHistorysdata' retrieved from /opt/airflow/dags/TransactionService/1.61.initial_Transaction_TransactionHistory.py
[2025-02-10T05:55:08.251+0000] {logging_mixin.py:190} INFO - [2025-02-10T05:55:08.251+0000] {dag.py:3239} INFO - Sync 1 DAGs
[2025-02-10T05:55:08.277+0000] {logging_mixin.py:190} INFO - [2025-02-10T05:55:08.276+0000] {dag.py:4180} INFO - Setting next_dagrun for 1.6.0.trans_TransactionStatusHistorysdata to None, run_after=None
[2025-02-10T05:55:08.326+0000] {processor.py:208} INFO - Processing /opt/airflow/dags/TransactionService/1.61.initial_Transaction_TransactionHistory.py took 0.200 seconds
[2025-02-10T05:55:38.642+0000] {processor.py:186} INFO - Started process (PID=2764) to work on /opt/airflow/dags/TransactionService/1.61.initial_Transaction_TransactionHistory.py
[2025-02-10T05:55:38.644+0000] {processor.py:914} INFO - Processing file /opt/airflow/dags/TransactionService/1.61.initial_Transaction_TransactionHistory.py for tasks to queue
[2025-02-10T05:55:38.646+0000] {logging_mixin.py:190} INFO - [2025-02-10T05:55:38.646+0000] {dagbag.py:588} INFO - Filling up the DagBag from /opt/airflow/dags/TransactionService/1.61.initial_Transaction_TransactionHistory.py
[2025-02-10T05:55:38.719+0000] {processor.py:925} INFO - DAG(s) '1.6.0.trans_TransactionStatusHistorysdata' retrieved from /opt/airflow/dags/TransactionService/1.61.initial_Transaction_TransactionHistory.py
[2025-02-10T05:55:38.765+0000] {logging_mixin.py:190} INFO - [2025-02-10T05:55:38.765+0000] {dag.py:3239} INFO - Sync 1 DAGs
[2025-02-10T05:55:38.790+0000] {logging_mixin.py:190} INFO - [2025-02-10T05:55:38.789+0000] {dag.py:4180} INFO - Setting next_dagrun for 1.6.0.trans_TransactionStatusHistorysdata to None, run_after=None
[2025-02-10T05:55:38.823+0000] {processor.py:208} INFO - Processing /opt/airflow/dags/TransactionService/1.61.initial_Transaction_TransactionHistory.py took 0.190 seconds
[2025-02-10T05:56:09.380+0000] {processor.py:186} INFO - Started process (PID=2785) to work on /opt/airflow/dags/TransactionService/1.61.initial_Transaction_TransactionHistory.py
[2025-02-10T05:56:09.382+0000] {processor.py:914} INFO - Processing file /opt/airflow/dags/TransactionService/1.61.initial_Transaction_TransactionHistory.py for tasks to queue
[2025-02-10T05:56:09.386+0000] {logging_mixin.py:190} INFO - [2025-02-10T05:56:09.385+0000] {dagbag.py:588} INFO - Filling up the DagBag from /opt/airflow/dags/TransactionService/1.61.initial_Transaction_TransactionHistory.py
[2025-02-10T05:56:09.457+0000] {processor.py:925} INFO - DAG(s) '1.6.0.trans_TransactionStatusHistorysdata' retrieved from /opt/airflow/dags/TransactionService/1.61.initial_Transaction_TransactionHistory.py
[2025-02-10T05:56:09.498+0000] {logging_mixin.py:190} INFO - [2025-02-10T05:56:09.498+0000] {dag.py:3239} INFO - Sync 1 DAGs
[2025-02-10T05:56:09.535+0000] {logging_mixin.py:190} INFO - [2025-02-10T05:56:09.534+0000] {dag.py:4180} INFO - Setting next_dagrun for 1.6.0.trans_TransactionStatusHistorysdata to None, run_after=None
[2025-02-10T05:56:09.578+0000] {processor.py:208} INFO - Processing /opt/airflow/dags/TransactionService/1.61.initial_Transaction_TransactionHistory.py took 0.219 seconds
[2025-02-10T05:56:40.072+0000] {processor.py:186} INFO - Started process (PID=2805) to work on /opt/airflow/dags/TransactionService/1.61.initial_Transaction_TransactionHistory.py
[2025-02-10T05:56:40.074+0000] {processor.py:914} INFO - Processing file /opt/airflow/dags/TransactionService/1.61.initial_Transaction_TransactionHistory.py for tasks to queue
[2025-02-10T05:56:40.076+0000] {logging_mixin.py:190} INFO - [2025-02-10T05:56:40.076+0000] {dagbag.py:588} INFO - Filling up the DagBag from /opt/airflow/dags/TransactionService/1.61.initial_Transaction_TransactionHistory.py
[2025-02-10T05:56:40.151+0000] {processor.py:925} INFO - DAG(s) '1.6.0.trans_TransactionStatusHistorysdata' retrieved from /opt/airflow/dags/TransactionService/1.61.initial_Transaction_TransactionHistory.py
[2025-02-10T05:56:40.196+0000] {logging_mixin.py:190} INFO - [2025-02-10T05:56:40.195+0000] {dag.py:3239} INFO - Sync 1 DAGs
[2025-02-10T05:56:40.220+0000] {logging_mixin.py:190} INFO - [2025-02-10T05:56:40.220+0000] {dag.py:4180} INFO - Setting next_dagrun for 1.6.0.trans_TransactionStatusHistorysdata to None, run_after=None
[2025-02-10T05:56:40.261+0000] {processor.py:208} INFO - Processing /opt/airflow/dags/TransactionService/1.61.initial_Transaction_TransactionHistory.py took 0.197 seconds
[2025-02-10T05:57:10.519+0000] {processor.py:186} INFO - Started process (PID=2825) to work on /opt/airflow/dags/TransactionService/1.61.initial_Transaction_TransactionHistory.py
[2025-02-10T05:57:10.521+0000] {processor.py:914} INFO - Processing file /opt/airflow/dags/TransactionService/1.61.initial_Transaction_TransactionHistory.py for tasks to queue
[2025-02-10T05:57:10.524+0000] {logging_mixin.py:190} INFO - [2025-02-10T05:57:10.523+0000] {dagbag.py:588} INFO - Filling up the DagBag from /opt/airflow/dags/TransactionService/1.61.initial_Transaction_TransactionHistory.py
[2025-02-10T05:57:10.592+0000] {processor.py:925} INFO - DAG(s) '1.6.0.trans_TransactionStatusHistorysdata' retrieved from /opt/airflow/dags/TransactionService/1.61.initial_Transaction_TransactionHistory.py
[2025-02-10T05:57:10.631+0000] {logging_mixin.py:190} INFO - [2025-02-10T05:57:10.631+0000] {dag.py:3239} INFO - Sync 1 DAGs
[2025-02-10T05:57:10.661+0000] {logging_mixin.py:190} INFO - [2025-02-10T05:57:10.660+0000] {dag.py:4180} INFO - Setting next_dagrun for 1.6.0.trans_TransactionStatusHistorysdata to None, run_after=None
[2025-02-10T05:57:10.704+0000] {processor.py:208} INFO - Processing /opt/airflow/dags/TransactionService/1.61.initial_Transaction_TransactionHistory.py took 0.196 seconds
[2025-02-10T05:57:41.158+0000] {processor.py:186} INFO - Started process (PID=2845) to work on /opt/airflow/dags/TransactionService/1.61.initial_Transaction_TransactionHistory.py
[2025-02-10T05:57:41.160+0000] {processor.py:914} INFO - Processing file /opt/airflow/dags/TransactionService/1.61.initial_Transaction_TransactionHistory.py for tasks to queue
[2025-02-10T05:57:41.162+0000] {logging_mixin.py:190} INFO - [2025-02-10T05:57:41.162+0000] {dagbag.py:588} INFO - Filling up the DagBag from /opt/airflow/dags/TransactionService/1.61.initial_Transaction_TransactionHistory.py
[2025-02-10T05:57:41.242+0000] {processor.py:925} INFO - DAG(s) '1.6.0.trans_TransactionStatusHistorysdata' retrieved from /opt/airflow/dags/TransactionService/1.61.initial_Transaction_TransactionHistory.py
[2025-02-10T05:57:41.284+0000] {logging_mixin.py:190} INFO - [2025-02-10T05:57:41.283+0000] {dag.py:3239} INFO - Sync 1 DAGs
[2025-02-10T05:57:41.312+0000] {logging_mixin.py:190} INFO - [2025-02-10T05:57:41.312+0000] {dag.py:4180} INFO - Setting next_dagrun for 1.6.0.trans_TransactionStatusHistorysdata to None, run_after=None
[2025-02-10T05:57:41.359+0000] {processor.py:208} INFO - Processing /opt/airflow/dags/TransactionService/1.61.initial_Transaction_TransactionHistory.py took 0.213 seconds
[2025-02-10T05:58:11.510+0000] {processor.py:186} INFO - Started process (PID=2865) to work on /opt/airflow/dags/TransactionService/1.61.initial_Transaction_TransactionHistory.py
[2025-02-10T05:58:11.511+0000] {processor.py:914} INFO - Processing file /opt/airflow/dags/TransactionService/1.61.initial_Transaction_TransactionHistory.py for tasks to queue
[2025-02-10T05:58:11.514+0000] {logging_mixin.py:190} INFO - [2025-02-10T05:58:11.514+0000] {dagbag.py:588} INFO - Filling up the DagBag from /opt/airflow/dags/TransactionService/1.61.initial_Transaction_TransactionHistory.py
[2025-02-10T05:58:11.607+0000] {processor.py:925} INFO - DAG(s) '1.6.0.trans_TransactionStatusHistorysdata' retrieved from /opt/airflow/dags/TransactionService/1.61.initial_Transaction_TransactionHistory.py
[2025-02-10T05:58:11.667+0000] {logging_mixin.py:190} INFO - [2025-02-10T05:58:11.667+0000] {dag.py:3239} INFO - Sync 1 DAGs
[2025-02-10T05:58:11.698+0000] {logging_mixin.py:190} INFO - [2025-02-10T05:58:11.698+0000] {dag.py:4180} INFO - Setting next_dagrun for 1.6.0.trans_TransactionStatusHistorysdata to None, run_after=None
[2025-02-10T05:58:11.740+0000] {processor.py:208} INFO - Processing /opt/airflow/dags/TransactionService/1.61.initial_Transaction_TransactionHistory.py took 0.241 seconds
[2025-02-10T05:58:42.351+0000] {processor.py:186} INFO - Started process (PID=2887) to work on /opt/airflow/dags/TransactionService/1.61.initial_Transaction_TransactionHistory.py
[2025-02-10T05:58:42.353+0000] {processor.py:914} INFO - Processing file /opt/airflow/dags/TransactionService/1.61.initial_Transaction_TransactionHistory.py for tasks to queue
[2025-02-10T05:58:42.356+0000] {logging_mixin.py:190} INFO - [2025-02-10T05:58:42.355+0000] {dagbag.py:588} INFO - Filling up the DagBag from /opt/airflow/dags/TransactionService/1.61.initial_Transaction_TransactionHistory.py
[2025-02-10T05:58:42.448+0000] {processor.py:925} INFO - DAG(s) '1.6.0.trans_TransactionStatusHistorysdata' retrieved from /opt/airflow/dags/TransactionService/1.61.initial_Transaction_TransactionHistory.py
[2025-02-10T05:58:42.516+0000] {logging_mixin.py:190} INFO - [2025-02-10T05:58:42.515+0000] {dag.py:3239} INFO - Sync 1 DAGs
[2025-02-10T05:58:42.552+0000] {logging_mixin.py:190} INFO - [2025-02-10T05:58:42.551+0000] {dag.py:4180} INFO - Setting next_dagrun for 1.6.0.trans_TransactionStatusHistorysdata to None, run_after=None
[2025-02-10T05:58:42.600+0000] {processor.py:208} INFO - Processing /opt/airflow/dags/TransactionService/1.61.initial_Transaction_TransactionHistory.py took 0.261 seconds
[2025-02-10T05:59:12.717+0000] {processor.py:186} INFO - Started process (PID=2908) to work on /opt/airflow/dags/TransactionService/1.61.initial_Transaction_TransactionHistory.py
[2025-02-10T05:59:12.719+0000] {processor.py:914} INFO - Processing file /opt/airflow/dags/TransactionService/1.61.initial_Transaction_TransactionHistory.py for tasks to queue
[2025-02-10T05:59:12.721+0000] {logging_mixin.py:190} INFO - [2025-02-10T05:59:12.720+0000] {dagbag.py:588} INFO - Filling up the DagBag from /opt/airflow/dags/TransactionService/1.61.initial_Transaction_TransactionHistory.py
[2025-02-10T05:59:12.788+0000] {processor.py:925} INFO - DAG(s) '1.6.0.trans_TransactionStatusHistorysdata' retrieved from /opt/airflow/dags/TransactionService/1.61.initial_Transaction_TransactionHistory.py
[2025-02-10T05:59:12.827+0000] {logging_mixin.py:190} INFO - [2025-02-10T05:59:12.827+0000] {dag.py:3239} INFO - Sync 1 DAGs
[2025-02-10T05:59:12.858+0000] {logging_mixin.py:190} INFO - [2025-02-10T05:59:12.858+0000] {dag.py:4180} INFO - Setting next_dagrun for 1.6.0.trans_TransactionStatusHistorysdata to None, run_after=None
[2025-02-10T05:59:12.892+0000] {processor.py:208} INFO - Processing /opt/airflow/dags/TransactionService/1.61.initial_Transaction_TransactionHistory.py took 0.185 seconds
[2025-02-10T05:59:43.139+0000] {processor.py:186} INFO - Started process (PID=2928) to work on /opt/airflow/dags/TransactionService/1.61.initial_Transaction_TransactionHistory.py
[2025-02-10T05:59:43.141+0000] {processor.py:914} INFO - Processing file /opt/airflow/dags/TransactionService/1.61.initial_Transaction_TransactionHistory.py for tasks to queue
[2025-02-10T05:59:43.144+0000] {logging_mixin.py:190} INFO - [2025-02-10T05:59:43.143+0000] {dagbag.py:588} INFO - Filling up the DagBag from /opt/airflow/dags/TransactionService/1.61.initial_Transaction_TransactionHistory.py
[2025-02-10T05:59:43.231+0000] {processor.py:925} INFO - DAG(s) '1.6.0.trans_TransactionStatusHistorysdata' retrieved from /opt/airflow/dags/TransactionService/1.61.initial_Transaction_TransactionHistory.py
[2025-02-10T05:59:43.293+0000] {logging_mixin.py:190} INFO - [2025-02-10T05:59:43.292+0000] {dag.py:3239} INFO - Sync 1 DAGs
[2025-02-10T05:59:43.329+0000] {logging_mixin.py:190} INFO - [2025-02-10T05:59:43.328+0000] {dag.py:4180} INFO - Setting next_dagrun for 1.6.0.trans_TransactionStatusHistorysdata to None, run_after=None
[2025-02-10T05:59:43.384+0000] {processor.py:208} INFO - Processing /opt/airflow/dags/TransactionService/1.61.initial_Transaction_TransactionHistory.py took 0.258 seconds
[2025-02-10T06:00:13.868+0000] {processor.py:186} INFO - Started process (PID=2949) to work on /opt/airflow/dags/TransactionService/1.61.initial_Transaction_TransactionHistory.py
[2025-02-10T06:00:13.870+0000] {processor.py:914} INFO - Processing file /opt/airflow/dags/TransactionService/1.61.initial_Transaction_TransactionHistory.py for tasks to queue
[2025-02-10T06:00:13.873+0000] {logging_mixin.py:190} INFO - [2025-02-10T06:00:13.873+0000] {dagbag.py:588} INFO - Filling up the DagBag from /opt/airflow/dags/TransactionService/1.61.initial_Transaction_TransactionHistory.py
[2025-02-10T06:00:13.973+0000] {processor.py:925} INFO - DAG(s) '1.6.0.trans_TransactionStatusHistorysdata' retrieved from /opt/airflow/dags/TransactionService/1.61.initial_Transaction_TransactionHistory.py
[2025-02-10T06:00:14.025+0000] {logging_mixin.py:190} INFO - [2025-02-10T06:00:14.025+0000] {dag.py:3239} INFO - Sync 1 DAGs
[2025-02-10T06:00:14.056+0000] {logging_mixin.py:190} INFO - [2025-02-10T06:00:14.055+0000] {dag.py:4180} INFO - Setting next_dagrun for 1.6.0.trans_TransactionStatusHistorysdata to None, run_after=None
[2025-02-10T06:00:14.096+0000] {processor.py:208} INFO - Processing /opt/airflow/dags/TransactionService/1.61.initial_Transaction_TransactionHistory.py took 0.238 seconds
[2025-02-10T06:00:44.668+0000] {processor.py:186} INFO - Started process (PID=2970) to work on /opt/airflow/dags/TransactionService/1.61.initial_Transaction_TransactionHistory.py
[2025-02-10T06:00:44.669+0000] {processor.py:914} INFO - Processing file /opt/airflow/dags/TransactionService/1.61.initial_Transaction_TransactionHistory.py for tasks to queue
[2025-02-10T06:00:44.671+0000] {logging_mixin.py:190} INFO - [2025-02-10T06:00:44.671+0000] {dagbag.py:588} INFO - Filling up the DagBag from /opt/airflow/dags/TransactionService/1.61.initial_Transaction_TransactionHistory.py
[2025-02-10T06:00:44.728+0000] {processor.py:925} INFO - DAG(s) '1.6.0.trans_TransactionStatusHistorysdata' retrieved from /opt/airflow/dags/TransactionService/1.61.initial_Transaction_TransactionHistory.py
[2025-02-10T06:00:44.776+0000] {logging_mixin.py:190} INFO - [2025-02-10T06:00:44.776+0000] {dag.py:3239} INFO - Sync 1 DAGs
[2025-02-10T06:00:44.800+0000] {logging_mixin.py:190} INFO - [2025-02-10T06:00:44.800+0000] {dag.py:4180} INFO - Setting next_dagrun for 1.6.0.trans_TransactionStatusHistorysdata to None, run_after=None
[2025-02-10T06:00:44.833+0000] {processor.py:208} INFO - Processing /opt/airflow/dags/TransactionService/1.61.initial_Transaction_TransactionHistory.py took 0.178 seconds
[2025-02-10T06:01:15.343+0000] {processor.py:186} INFO - Started process (PID=2992) to work on /opt/airflow/dags/TransactionService/1.61.initial_Transaction_TransactionHistory.py
[2025-02-10T06:01:15.345+0000] {processor.py:914} INFO - Processing file /opt/airflow/dags/TransactionService/1.61.initial_Transaction_TransactionHistory.py for tasks to queue
[2025-02-10T06:01:15.348+0000] {logging_mixin.py:190} INFO - [2025-02-10T06:01:15.347+0000] {dagbag.py:588} INFO - Filling up the DagBag from /opt/airflow/dags/TransactionService/1.61.initial_Transaction_TransactionHistory.py
[2025-02-10T06:01:15.422+0000] {processor.py:925} INFO - DAG(s) '1.6.0.trans_TransactionStatusHistorysdata' retrieved from /opt/airflow/dags/TransactionService/1.61.initial_Transaction_TransactionHistory.py
[2025-02-10T06:01:15.469+0000] {logging_mixin.py:190} INFO - [2025-02-10T06:01:15.469+0000] {dag.py:3239} INFO - Sync 1 DAGs
[2025-02-10T06:01:15.502+0000] {logging_mixin.py:190} INFO - [2025-02-10T06:01:15.502+0000] {dag.py:4180} INFO - Setting next_dagrun for 1.6.0.trans_TransactionStatusHistorysdata to None, run_after=None
[2025-02-10T06:01:15.544+0000] {processor.py:208} INFO - Processing /opt/airflow/dags/TransactionService/1.61.initial_Transaction_TransactionHistory.py took 0.210 seconds
[2025-02-10T06:01:29.736+0000] {processor.py:186} INFO - Started process (PID=2998) to work on /opt/airflow/dags/TransactionService/1.61.initial_Transaction_TransactionHistory.py
[2025-02-10T06:01:29.738+0000] {processor.py:914} INFO - Processing file /opt/airflow/dags/TransactionService/1.61.initial_Transaction_TransactionHistory.py for tasks to queue
[2025-02-10T06:01:29.741+0000] {logging_mixin.py:190} INFO - [2025-02-10T06:01:29.740+0000] {dagbag.py:588} INFO - Filling up the DagBag from /opt/airflow/dags/TransactionService/1.61.initial_Transaction_TransactionHistory.py
[2025-02-10T06:01:29.819+0000] {processor.py:925} INFO - DAG(s) '1.12.initial_TransactionSenderDetail' retrieved from /opt/airflow/dags/TransactionService/1.61.initial_Transaction_TransactionHistory.py
[2025-02-10T06:01:29.840+0000] {logging_mixin.py:190} INFO - [2025-02-10T06:01:29.839+0000] {dag.py:3239} INFO - Sync 1 DAGs
[2025-02-10T06:01:29.868+0000] {logging_mixin.py:190} INFO - [2025-02-10T06:01:29.867+0000] {dag.py:4180} INFO - Setting next_dagrun for 1.12.initial_TransactionSenderDetail to None, run_after=None
[2025-02-10T06:01:29.921+0000] {processor.py:208} INFO - Processing /opt/airflow/dags/TransactionService/1.61.initial_Transaction_TransactionHistory.py took 0.194 seconds
[2025-02-10T06:01:41.108+0000] {processor.py:186} INFO - Started process (PID=3010) to work on /opt/airflow/dags/TransactionService/1.61.initial_Transaction_TransactionHistory.py
[2025-02-10T06:01:41.110+0000] {processor.py:914} INFO - Processing file /opt/airflow/dags/TransactionService/1.61.initial_Transaction_TransactionHistory.py for tasks to queue
[2025-02-10T06:01:41.113+0000] {logging_mixin.py:190} INFO - [2025-02-10T06:01:41.112+0000] {dagbag.py:588} INFO - Filling up the DagBag from /opt/airflow/dags/TransactionService/1.61.initial_Transaction_TransactionHistory.py
[2025-02-10T06:01:41.194+0000] {processor.py:925} INFO - DAG(s) '1.13.initial_TransactionSenderDetail' retrieved from /opt/airflow/dags/TransactionService/1.61.initial_Transaction_TransactionHistory.py
[2025-02-10T06:01:41.391+0000] {logging_mixin.py:190} INFO - [2025-02-10T06:01:41.389+0000] {override.py:1911} INFO - Created Permission View: can edit on DAG:1.13.initial_TransactionSenderDetail
[2025-02-10T06:01:41.415+0000] {logging_mixin.py:190} INFO - [2025-02-10T06:01:41.414+0000] {override.py:1911} INFO - Created Permission View: can read on DAG:1.13.initial_TransactionSenderDetail
[2025-02-10T06:01:41.427+0000] {logging_mixin.py:190} INFO - [2025-02-10T06:01:41.427+0000] {override.py:1911} INFO - Created Permission View: can delete on DAG:1.13.initial_TransactionSenderDetail
[2025-02-10T06:01:41.444+0000] {logging_mixin.py:190} INFO - [2025-02-10T06:01:41.443+0000] {override.py:1911} INFO - Created Permission View: can create on DAG Run:1.13.initial_TransactionSenderDetail
[2025-02-10T06:01:41.457+0000] {logging_mixin.py:190} INFO - [2025-02-10T06:01:41.457+0000] {override.py:1911} INFO - Created Permission View: menu access on DAG Run:1.13.initial_TransactionSenderDetail
[2025-02-10T06:01:41.472+0000] {logging_mixin.py:190} INFO - [2025-02-10T06:01:41.472+0000] {override.py:1911} INFO - Created Permission View: can read on DAG Run:1.13.initial_TransactionSenderDetail
[2025-02-10T06:01:41.485+0000] {logging_mixin.py:190} INFO - [2025-02-10T06:01:41.485+0000] {override.py:1911} INFO - Created Permission View: can delete on DAG Run:1.13.initial_TransactionSenderDetail
[2025-02-10T06:01:41.487+0000] {logging_mixin.py:190} INFO - [2025-02-10T06:01:41.487+0000] {dag.py:3239} INFO - Sync 1 DAGs
[2025-02-10T06:01:41.508+0000] {logging_mixin.py:190} INFO - [2025-02-10T06:01:41.507+0000] {dag.py:3262} INFO - Creating ORM DAG for 1.13.initial_TransactionSenderDetail
[2025-02-10T06:01:41.509+0000] {logging_mixin.py:190} INFO - [2025-02-10T06:01:41.509+0000] {dag.py:4180} INFO - Setting next_dagrun for 1.13.initial_TransactionSenderDetail to None, run_after=None
[2025-02-10T06:01:41.551+0000] {processor.py:208} INFO - Processing /opt/airflow/dags/TransactionService/1.61.initial_Transaction_TransactionHistory.py took 0.451 seconds
[2025-02-10T06:02:02.218+0000] {processor.py:186} INFO - Started process (PID=3019) to work on /opt/airflow/dags/TransactionService/1.61.initial_Transaction_TransactionHistory.py
[2025-02-10T06:02:02.220+0000] {processor.py:914} INFO - Processing file /opt/airflow/dags/TransactionService/1.61.initial_Transaction_TransactionHistory.py for tasks to queue
[2025-02-10T06:02:02.222+0000] {logging_mixin.py:190} INFO - [2025-02-10T06:02:02.221+0000] {dagbag.py:588} INFO - Filling up the DagBag from /opt/airflow/dags/TransactionService/1.61.initial_Transaction_TransactionHistory.py
[2025-02-10T06:02:02.294+0000] {processor.py:925} INFO - DAG(s) '1.13.initial_TransactionStatusHistory' retrieved from /opt/airflow/dags/TransactionService/1.61.initial_Transaction_TransactionHistory.py
[2025-02-10T06:02:02.543+0000] {logging_mixin.py:190} INFO - [2025-02-10T06:02:02.541+0000] {override.py:1911} INFO - Created Permission View: can edit on DAG:1.13.initial_TransactionStatusHistory
[2025-02-10T06:02:02.564+0000] {logging_mixin.py:190} INFO - [2025-02-10T06:02:02.563+0000] {override.py:1911} INFO - Created Permission View: can read on DAG:1.13.initial_TransactionStatusHistory
[2025-02-10T06:02:02.581+0000] {logging_mixin.py:190} INFO - [2025-02-10T06:02:02.580+0000] {override.py:1911} INFO - Created Permission View: can delete on DAG:1.13.initial_TransactionStatusHistory
[2025-02-10T06:02:02.598+0000] {logging_mixin.py:190} INFO - [2025-02-10T06:02:02.598+0000] {override.py:1911} INFO - Created Permission View: can create on DAG Run:1.13.initial_TransactionStatusHistory
[2025-02-10T06:02:02.610+0000] {logging_mixin.py:190} INFO - [2025-02-10T06:02:02.609+0000] {override.py:1911} INFO - Created Permission View: menu access on DAG Run:1.13.initial_TransactionStatusHistory
[2025-02-10T06:02:02.623+0000] {logging_mixin.py:190} INFO - [2025-02-10T06:02:02.622+0000] {override.py:1911} INFO - Created Permission View: can read on DAG Run:1.13.initial_TransactionStatusHistory
[2025-02-10T06:02:02.635+0000] {logging_mixin.py:190} INFO - [2025-02-10T06:02:02.634+0000] {override.py:1911} INFO - Created Permission View: can delete on DAG Run:1.13.initial_TransactionStatusHistory
[2025-02-10T06:02:02.636+0000] {logging_mixin.py:190} INFO - [2025-02-10T06:02:02.636+0000] {dag.py:3239} INFO - Sync 1 DAGs
[2025-02-10T06:02:02.957+0000] {logging_mixin.py:190} INFO - [2025-02-10T06:02:02.957+0000] {dag.py:3262} INFO - Creating ORM DAG for 1.13.initial_TransactionStatusHistory
[2025-02-10T06:02:02.959+0000] {logging_mixin.py:190} INFO - [2025-02-10T06:02:02.959+0000] {dag.py:4180} INFO - Setting next_dagrun for 1.13.initial_TransactionStatusHistory to None, run_after=None
[2025-02-10T06:02:03.019+0000] {processor.py:208} INFO - Processing /opt/airflow/dags/TransactionService/1.61.initial_Transaction_TransactionHistory.py took 0.815 seconds
