[2025-02-10T05:50:32.936+0000] {processor.py:186} INFO - Started process (PID=2567) to work on /opt/airflow/dags/TransactionService/1.71.initial_Transaction_TransactionCollectingPartnerDetails.py
[2025-02-10T05:50:32.938+0000] {processor.py:914} INFO - Processing file /opt/airflow/dags/TransactionService/1.71.initial_Transaction_TransactionCollectingPartnerDetails.py for tasks to queue
[2025-02-10T05:50:32.941+0000] {logging_mixin.py:190} INFO - [2025-02-10T05:50:32.940+0000] {dagbag.py:588} INFO - Filling up the DagBag from /opt/airflow/dags/TransactionService/1.71.initial_Transaction_TransactionCollectingPartnerDetails.py
[2025-02-10T05:50:33.031+0000] {processor.py:925} INFO - DAG(s) '1.7.0.trans_TransactionCollectingPartnerDetailsdata' retrieved from /opt/airflow/dags/TransactionService/1.71.initial_Transaction_TransactionCollectingPartnerDetails.py
[2025-02-10T05:50:33.298+0000] {logging_mixin.py:190} INFO - [2025-02-10T05:50:33.297+0000] {dag.py:3239} INFO - Sync 1 DAGs
[2025-02-10T05:50:33.338+0000] {logging_mixin.py:190} INFO - [2025-02-10T05:50:33.338+0000] {dag.py:4180} INFO - Setting next_dagrun for 1.7.0.trans_TransactionCollectingPartnerDetailsdata to None, run_after=None
[2025-02-10T05:50:33.382+0000] {processor.py:208} INFO - Processing /opt/airflow/dags/TransactionService/1.71.initial_Transaction_TransactionCollectingPartnerDetails.py took 0.456 seconds
[2025-02-10T05:51:03.542+0000] {processor.py:186} INFO - Started process (PID=2586) to work on /opt/airflow/dags/TransactionService/1.71.initial_Transaction_TransactionCollectingPartnerDetails.py
[2025-02-10T05:51:03.543+0000] {processor.py:914} INFO - Processing file /opt/airflow/dags/TransactionService/1.71.initial_Transaction_TransactionCollectingPartnerDetails.py for tasks to queue
[2025-02-10T05:51:03.546+0000] {logging_mixin.py:190} INFO - [2025-02-10T05:51:03.545+0000] {dagbag.py:588} INFO - Filling up the DagBag from /opt/airflow/dags/TransactionService/1.71.initial_Transaction_TransactionCollectingPartnerDetails.py
[2025-02-10T05:51:03.616+0000] {processor.py:925} INFO - DAG(s) '1.7.0.trans_TransactionCollectingPartnerDetailsdata' retrieved from /opt/airflow/dags/TransactionService/1.71.initial_Transaction_TransactionCollectingPartnerDetails.py
[2025-02-10T05:51:03.660+0000] {logging_mixin.py:190} INFO - [2025-02-10T05:51:03.660+0000] {dag.py:3239} INFO - Sync 1 DAGs
[2025-02-10T05:51:03.690+0000] {logging_mixin.py:190} INFO - [2025-02-10T05:51:03.689+0000] {dag.py:4180} INFO - Setting next_dagrun for 1.7.0.trans_TransactionCollectingPartnerDetailsdata to None, run_after=None
[2025-02-10T05:51:03.730+0000] {processor.py:208} INFO - Processing /opt/airflow/dags/TransactionService/1.71.initial_Transaction_TransactionCollectingPartnerDetails.py took 0.196 seconds
[2025-02-10T05:51:34.138+0000] {processor.py:186} INFO - Started process (PID=2605) to work on /opt/airflow/dags/TransactionService/1.71.initial_Transaction_TransactionCollectingPartnerDetails.py
[2025-02-10T05:51:34.140+0000] {processor.py:914} INFO - Processing file /opt/airflow/dags/TransactionService/1.71.initial_Transaction_TransactionCollectingPartnerDetails.py for tasks to queue
[2025-02-10T05:51:34.143+0000] {logging_mixin.py:190} INFO - [2025-02-10T05:51:34.142+0000] {dagbag.py:588} INFO - Filling up the DagBag from /opt/airflow/dags/TransactionService/1.71.initial_Transaction_TransactionCollectingPartnerDetails.py
[2025-02-10T05:51:34.214+0000] {processor.py:925} INFO - DAG(s) '1.7.0.trans_TransactionCollectingPartnerDetailsdata' retrieved from /opt/airflow/dags/TransactionService/1.71.initial_Transaction_TransactionCollectingPartnerDetails.py
[2025-02-10T05:51:34.270+0000] {logging_mixin.py:190} INFO - [2025-02-10T05:51:34.269+0000] {dag.py:3239} INFO - Sync 1 DAGs
[2025-02-10T05:51:34.319+0000] {logging_mixin.py:190} INFO - [2025-02-10T05:51:34.319+0000] {dag.py:4180} INFO - Setting next_dagrun for 1.7.0.trans_TransactionCollectingPartnerDetailsdata to None, run_after=None
[2025-02-10T05:51:34.369+0000] {processor.py:208} INFO - Processing /opt/airflow/dags/TransactionService/1.71.initial_Transaction_TransactionCollectingPartnerDetails.py took 0.243 seconds
[2025-02-10T05:52:04.946+0000] {processor.py:186} INFO - Started process (PID=2624) to work on /opt/airflow/dags/TransactionService/1.71.initial_Transaction_TransactionCollectingPartnerDetails.py
[2025-02-10T05:52:04.947+0000] {processor.py:914} INFO - Processing file /opt/airflow/dags/TransactionService/1.71.initial_Transaction_TransactionCollectingPartnerDetails.py for tasks to queue
[2025-02-10T05:52:04.948+0000] {logging_mixin.py:190} INFO - [2025-02-10T05:52:04.948+0000] {dagbag.py:588} INFO - Filling up the DagBag from /opt/airflow/dags/TransactionService/1.71.initial_Transaction_TransactionCollectingPartnerDetails.py
[2025-02-10T05:52:05.007+0000] {processor.py:925} INFO - DAG(s) '1.7.0.trans_TransactionCollectingPartnerDetailsdata' retrieved from /opt/airflow/dags/TransactionService/1.71.initial_Transaction_TransactionCollectingPartnerDetails.py
[2025-02-10T05:52:05.046+0000] {logging_mixin.py:190} INFO - [2025-02-10T05:52:05.046+0000] {dag.py:3239} INFO - Sync 1 DAGs
[2025-02-10T05:52:05.093+0000] {logging_mixin.py:190} INFO - [2025-02-10T05:52:05.092+0000] {dag.py:4180} INFO - Setting next_dagrun for 1.7.0.trans_TransactionCollectingPartnerDetailsdata to None, run_after=None
[2025-02-10T05:52:05.140+0000] {processor.py:208} INFO - Processing /opt/airflow/dags/TransactionService/1.71.initial_Transaction_TransactionCollectingPartnerDetails.py took 0.203 seconds
[2025-02-10T05:52:35.331+0000] {processor.py:186} INFO - Started process (PID=2644) to work on /opt/airflow/dags/TransactionService/1.71.initial_Transaction_TransactionCollectingPartnerDetails.py
[2025-02-10T05:52:35.333+0000] {processor.py:914} INFO - Processing file /opt/airflow/dags/TransactionService/1.71.initial_Transaction_TransactionCollectingPartnerDetails.py for tasks to queue
[2025-02-10T05:52:35.336+0000] {logging_mixin.py:190} INFO - [2025-02-10T05:52:35.335+0000] {dagbag.py:588} INFO - Filling up the DagBag from /opt/airflow/dags/TransactionService/1.71.initial_Transaction_TransactionCollectingPartnerDetails.py
[2025-02-10T05:52:35.426+0000] {processor.py:925} INFO - DAG(s) '1.7.0.trans_TransactionCollectingPartnerDetailsdata' retrieved from /opt/airflow/dags/TransactionService/1.71.initial_Transaction_TransactionCollectingPartnerDetails.py
[2025-02-10T05:52:35.484+0000] {logging_mixin.py:190} INFO - [2025-02-10T05:52:35.484+0000] {dag.py:3239} INFO - Sync 1 DAGs
[2025-02-10T05:52:35.522+0000] {logging_mixin.py:190} INFO - [2025-02-10T05:52:35.522+0000] {dag.py:4180} INFO - Setting next_dagrun for 1.7.0.trans_TransactionCollectingPartnerDetailsdata to None, run_after=None
[2025-02-10T05:52:35.561+0000] {processor.py:208} INFO - Processing /opt/airflow/dags/TransactionService/1.71.initial_Transaction_TransactionCollectingPartnerDetails.py took 0.242 seconds
[2025-02-10T05:53:06.249+0000] {processor.py:186} INFO - Started process (PID=2672) to work on /opt/airflow/dags/TransactionService/1.71.initial_Transaction_TransactionCollectingPartnerDetails.py
[2025-02-10T05:53:06.251+0000] {processor.py:914} INFO - Processing file /opt/airflow/dags/TransactionService/1.71.initial_Transaction_TransactionCollectingPartnerDetails.py for tasks to queue
[2025-02-10T05:53:06.257+0000] {logging_mixin.py:190} INFO - [2025-02-10T05:53:06.254+0000] {dagbag.py:588} INFO - Filling up the DagBag from /opt/airflow/dags/TransactionService/1.71.initial_Transaction_TransactionCollectingPartnerDetails.py
[2025-02-10T05:53:06.412+0000] {processor.py:925} INFO - DAG(s) '1.7.0.trans_TransactionCollectingPartnerDetailsdata' retrieved from /opt/airflow/dags/TransactionService/1.71.initial_Transaction_TransactionCollectingPartnerDetails.py
[2025-02-10T05:53:06.504+0000] {logging_mixin.py:190} INFO - [2025-02-10T05:53:06.504+0000] {dag.py:3239} INFO - Sync 1 DAGs
[2025-02-10T05:53:06.538+0000] {logging_mixin.py:190} INFO - [2025-02-10T05:53:06.537+0000] {dag.py:4180} INFO - Setting next_dagrun for 1.7.0.trans_TransactionCollectingPartnerDetailsdata to None, run_after=None
[2025-02-10T05:53:06.575+0000] {processor.py:208} INFO - Processing /opt/airflow/dags/TransactionService/1.71.initial_Transaction_TransactionCollectingPartnerDetails.py took 0.346 seconds
[2025-02-10T05:53:37.458+0000] {processor.py:186} INFO - Started process (PID=2693) to work on /opt/airflow/dags/TransactionService/1.71.initial_Transaction_TransactionCollectingPartnerDetails.py
[2025-02-10T05:53:37.460+0000] {processor.py:914} INFO - Processing file /opt/airflow/dags/TransactionService/1.71.initial_Transaction_TransactionCollectingPartnerDetails.py for tasks to queue
[2025-02-10T05:53:37.463+0000] {logging_mixin.py:190} INFO - [2025-02-10T05:53:37.462+0000] {dagbag.py:588} INFO - Filling up the DagBag from /opt/airflow/dags/TransactionService/1.71.initial_Transaction_TransactionCollectingPartnerDetails.py
[2025-02-10T05:53:37.563+0000] {processor.py:925} INFO - DAG(s) '1.7.0.trans_TransactionCollectingPartnerDetailsdata' retrieved from /opt/airflow/dags/TransactionService/1.71.initial_Transaction_TransactionCollectingPartnerDetails.py
[2025-02-10T05:53:37.612+0000] {logging_mixin.py:190} INFO - [2025-02-10T05:53:37.612+0000] {dag.py:3239} INFO - Sync 1 DAGs
[2025-02-10T05:53:37.644+0000] {logging_mixin.py:190} INFO - [2025-02-10T05:53:37.644+0000] {dag.py:4180} INFO - Setting next_dagrun for 1.7.0.trans_TransactionCollectingPartnerDetailsdata to None, run_after=None
[2025-02-10T05:53:37.683+0000] {processor.py:208} INFO - Processing /opt/airflow/dags/TransactionService/1.71.initial_Transaction_TransactionCollectingPartnerDetails.py took 0.235 seconds
[2025-02-10T05:53:54.103+0000] {processor.py:186} INFO - Started process (PID=2701) to work on /opt/airflow/dags/TransactionService/1.71.initial_Transaction_TransactionCollectingPartnerDetails.py
[2025-02-10T05:53:54.104+0000] {processor.py:914} INFO - Processing file /opt/airflow/dags/TransactionService/1.71.initial_Transaction_TransactionCollectingPartnerDetails.py for tasks to queue
[2025-02-10T05:53:54.106+0000] {logging_mixin.py:190} INFO - [2025-02-10T05:53:54.105+0000] {dagbag.py:588} INFO - Filling up the DagBag from /opt/airflow/dags/TransactionService/1.71.initial_Transaction_TransactionCollectingPartnerDetails.py
[2025-02-10T05:53:54.151+0000] {processor.py:925} INFO - DAG(s) '1.06.initial_Reference' retrieved from /opt/airflow/dags/TransactionService/1.71.initial_Transaction_TransactionCollectingPartnerDetails.py
[2025-02-10T05:53:54.292+0000] {logging_mixin.py:190} INFO - [2025-02-10T05:53:54.292+0000] {dag.py:3239} INFO - Sync 1 DAGs
[2025-02-10T05:53:54.307+0000] {logging_mixin.py:190} INFO - [2025-02-10T05:53:54.306+0000] {dag.py:4180} INFO - Setting next_dagrun for 1.06.initial_Reference to None, run_after=None
[2025-02-10T05:53:54.347+0000] {processor.py:208} INFO - Processing /opt/airflow/dags/TransactionService/1.71.initial_Transaction_TransactionCollectingPartnerDetails.py took 0.250 seconds
[2025-02-10T05:54:07.305+0000] {processor.py:186} INFO - Started process (PID=2711) to work on /opt/airflow/dags/TransactionService/1.71.initial_Transaction_TransactionCollectingPartnerDetails.py
[2025-02-10T05:54:07.307+0000] {processor.py:914} INFO - Processing file /opt/airflow/dags/TransactionService/1.71.initial_Transaction_TransactionCollectingPartnerDetails.py for tasks to queue
[2025-02-10T05:54:07.311+0000] {logging_mixin.py:190} INFO - [2025-02-10T05:54:07.310+0000] {dagbag.py:588} INFO - Filling up the DagBag from /opt/airflow/dags/TransactionService/1.71.initial_Transaction_TransactionCollectingPartnerDetails.py
[2025-02-10T05:54:07.370+0000] {processor.py:925} INFO - DAG(s) '1.08.initial_Reference' retrieved from /opt/airflow/dags/TransactionService/1.71.initial_Transaction_TransactionCollectingPartnerDetails.py
[2025-02-10T05:54:07.570+0000] {logging_mixin.py:190} INFO - [2025-02-10T05:54:07.569+0000] {override.py:1911} INFO - Created Permission View: can edit on DAG:1.08.initial_Reference
[2025-02-10T05:54:07.594+0000] {logging_mixin.py:190} INFO - [2025-02-10T05:54:07.593+0000] {override.py:1911} INFO - Created Permission View: can read on DAG:1.08.initial_Reference
[2025-02-10T05:54:07.610+0000] {logging_mixin.py:190} INFO - [2025-02-10T05:54:07.610+0000] {override.py:1911} INFO - Created Permission View: can delete on DAG:1.08.initial_Reference
[2025-02-10T05:54:07.626+0000] {logging_mixin.py:190} INFO - [2025-02-10T05:54:07.625+0000] {override.py:1911} INFO - Created Permission View: can create on DAG Run:1.08.initial_Reference
[2025-02-10T05:54:07.639+0000] {logging_mixin.py:190} INFO - [2025-02-10T05:54:07.638+0000] {override.py:1911} INFO - Created Permission View: menu access on DAG Run:1.08.initial_Reference
[2025-02-10T05:54:07.652+0000] {logging_mixin.py:190} INFO - [2025-02-10T05:54:07.652+0000] {override.py:1911} INFO - Created Permission View: can read on DAG Run:1.08.initial_Reference
[2025-02-10T05:54:07.669+0000] {logging_mixin.py:190} INFO - [2025-02-10T05:54:07.669+0000] {override.py:1911} INFO - Created Permission View: can delete on DAG Run:1.08.initial_Reference
[2025-02-10T05:54:07.671+0000] {logging_mixin.py:190} INFO - [2025-02-10T05:54:07.670+0000] {dag.py:3239} INFO - Sync 1 DAGs
[2025-02-10T05:54:07.692+0000] {logging_mixin.py:190} INFO - [2025-02-10T05:54:07.692+0000] {dag.py:3262} INFO - Creating ORM DAG for 1.08.initial_Reference
[2025-02-10T05:54:07.694+0000] {logging_mixin.py:190} INFO - [2025-02-10T05:54:07.694+0000] {dag.py:4180} INFO - Setting next_dagrun for 1.08.initial_Reference to None, run_after=None
[2025-02-10T05:54:07.746+0000] {processor.py:208} INFO - Processing /opt/airflow/dags/TransactionService/1.71.initial_Transaction_TransactionCollectingPartnerDetails.py took 0.452 seconds
[2025-02-10T05:54:20.775+0000] {processor.py:186} INFO - Started process (PID=2719) to work on /opt/airflow/dags/TransactionService/1.71.initial_Transaction_TransactionCollectingPartnerDetails.py
[2025-02-10T05:54:20.777+0000] {processor.py:914} INFO - Processing file /opt/airflow/dags/TransactionService/1.71.initial_Transaction_TransactionCollectingPartnerDetails.py for tasks to queue
[2025-02-10T05:54:20.780+0000] {logging_mixin.py:190} INFO - [2025-02-10T05:54:20.779+0000] {dagbag.py:588} INFO - Filling up the DagBag from /opt/airflow/dags/TransactionService/1.71.initial_Transaction_TransactionCollectingPartnerDetails.py
[2025-02-10T05:54:20.857+0000] {processor.py:925} INFO - DAG(s) '1.08.initial_TransactionCollectingPartnerDetails' retrieved from /opt/airflow/dags/TransactionService/1.71.initial_Transaction_TransactionCollectingPartnerDetails.py
[2025-02-10T05:54:21.061+0000] {logging_mixin.py:190} INFO - [2025-02-10T05:54:21.059+0000] {override.py:1911} INFO - Created Permission View: can edit on DAG:1.08.initial_TransactionCollectingPartnerDetails
[2025-02-10T05:54:21.081+0000] {logging_mixin.py:190} INFO - [2025-02-10T05:54:21.081+0000] {override.py:1911} INFO - Created Permission View: can read on DAG:1.08.initial_TransactionCollectingPartnerDetails
[2025-02-10T05:54:21.095+0000] {logging_mixin.py:190} INFO - [2025-02-10T05:54:21.095+0000] {override.py:1911} INFO - Created Permission View: can delete on DAG:1.08.initial_TransactionCollectingPartnerDetails
[2025-02-10T05:54:21.113+0000] {logging_mixin.py:190} INFO - [2025-02-10T05:54:21.112+0000] {override.py:1911} INFO - Created Permission View: can create on DAG Run:1.08.initial_TransactionCollectingPartnerDetails
[2025-02-10T05:54:21.128+0000] {logging_mixin.py:190} INFO - [2025-02-10T05:54:21.127+0000] {override.py:1911} INFO - Created Permission View: menu access on DAG Run:1.08.initial_TransactionCollectingPartnerDetails
[2025-02-10T05:54:21.143+0000] {logging_mixin.py:190} INFO - [2025-02-10T05:54:21.142+0000] {override.py:1911} INFO - Created Permission View: can read on DAG Run:1.08.initial_TransactionCollectingPartnerDetails
[2025-02-10T05:54:21.159+0000] {logging_mixin.py:190} INFO - [2025-02-10T05:54:21.158+0000] {override.py:1911} INFO - Created Permission View: can delete on DAG Run:1.08.initial_TransactionCollectingPartnerDetails
[2025-02-10T05:54:21.160+0000] {logging_mixin.py:190} INFO - [2025-02-10T05:54:21.160+0000] {dag.py:3239} INFO - Sync 1 DAGs
[2025-02-10T05:54:21.191+0000] {logging_mixin.py:190} INFO - [2025-02-10T05:54:21.190+0000] {dag.py:3262} INFO - Creating ORM DAG for 1.08.initial_TransactionCollectingPartnerDetails
[2025-02-10T05:54:21.193+0000] {logging_mixin.py:190} INFO - [2025-02-10T05:54:21.192+0000] {dag.py:4180} INFO - Setting next_dagrun for 1.08.initial_TransactionCollectingPartnerDetails to None, run_after=None
[2025-02-10T05:54:21.252+0000] {processor.py:208} INFO - Processing /opt/airflow/dags/TransactionService/1.71.initial_Transaction_TransactionCollectingPartnerDetails.py took 0.487 seconds
