[2025-02-10T05:50:31.813+0000] {processor.py:186} INFO - Started process (PID=2564) to work on /opt/airflow/dags/TransactionService/1.81.initial_Transaction_TransactionPayingPartnerDetail.py
[2025-02-10T05:50:31.814+0000] {processor.py:914} INFO - Processing file /opt/airflow/dags/TransactionService/1.81.initial_Transaction_TransactionPayingPartnerDetail.py for tasks to queue
[2025-02-10T05:50:31.816+0000] {logging_mixin.py:190} INFO - [2025-02-10T05:50:31.816+0000] {dagbag.py:588} INFO - Filling up the DagBag from /opt/airflow/dags/TransactionService/1.81.initial_Transaction_TransactionPayingPartnerDetail.py
[2025-02-10T05:50:31.917+0000] {processor.py:925} INFO - DAG(s) '1.8.0.trans_TransactionPayingPartnerDetail' retrieved from /opt/airflow/dags/TransactionService/1.81.initial_Transaction_TransactionPayingPartnerDetail.py
[2025-02-10T05:50:32.150+0000] {logging_mixin.py:190} INFO - [2025-02-10T05:50:32.149+0000] {dag.py:3239} INFO - Sync 1 DAGs
[2025-02-10T05:50:32.180+0000] {logging_mixin.py:190} INFO - [2025-02-10T05:50:32.179+0000] {dag.py:4180} INFO - Setting next_dagrun for 1.8.0.trans_TransactionPayingPartnerDetail to None, run_after=None
[2025-02-10T05:50:32.253+0000] {processor.py:208} INFO - Processing /opt/airflow/dags/TransactionService/1.81.initial_Transaction_TransactionPayingPartnerDetail.py took 0.447 seconds
[2025-02-10T05:51:03.038+0000] {processor.py:186} INFO - Started process (PID=2583) to work on /opt/airflow/dags/TransactionService/1.81.initial_Transaction_TransactionPayingPartnerDetail.py
[2025-02-10T05:51:03.040+0000] {processor.py:914} INFO - Processing file /opt/airflow/dags/TransactionService/1.81.initial_Transaction_TransactionPayingPartnerDetail.py for tasks to queue
[2025-02-10T05:51:03.044+0000] {logging_mixin.py:190} INFO - [2025-02-10T05:51:03.043+0000] {dagbag.py:588} INFO - Filling up the DagBag from /opt/airflow/dags/TransactionService/1.81.initial_Transaction_TransactionPayingPartnerDetail.py
[2025-02-10T05:51:03.123+0000] {processor.py:925} INFO - DAG(s) '1.8.0.trans_TransactionPayingPartnerDetail' retrieved from /opt/airflow/dags/TransactionService/1.81.initial_Transaction_TransactionPayingPartnerDetail.py
[2025-02-10T05:51:03.179+0000] {logging_mixin.py:190} INFO - [2025-02-10T05:51:03.178+0000] {dag.py:3239} INFO - Sync 1 DAGs
[2025-02-10T05:51:03.208+0000] {logging_mixin.py:190} INFO - [2025-02-10T05:51:03.207+0000] {dag.py:4180} INFO - Setting next_dagrun for 1.8.0.trans_TransactionPayingPartnerDetail to None, run_after=None
[2025-02-10T05:51:03.243+0000] {processor.py:208} INFO - Processing /opt/airflow/dags/TransactionService/1.81.initial_Transaction_TransactionPayingPartnerDetail.py took 0.219 seconds
[2025-02-10T05:51:33.598+0000] {processor.py:186} INFO - Started process (PID=2602) to work on /opt/airflow/dags/TransactionService/1.81.initial_Transaction_TransactionPayingPartnerDetail.py
[2025-02-10T05:51:33.600+0000] {processor.py:914} INFO - Processing file /opt/airflow/dags/TransactionService/1.81.initial_Transaction_TransactionPayingPartnerDetail.py for tasks to queue
[2025-02-10T05:51:33.604+0000] {logging_mixin.py:190} INFO - [2025-02-10T05:51:33.603+0000] {dagbag.py:588} INFO - Filling up the DagBag from /opt/airflow/dags/TransactionService/1.81.initial_Transaction_TransactionPayingPartnerDetail.py
[2025-02-10T05:51:33.683+0000] {processor.py:925} INFO - DAG(s) '1.8.0.trans_TransactionPayingPartnerDetail' retrieved from /opt/airflow/dags/TransactionService/1.81.initial_Transaction_TransactionPayingPartnerDetail.py
[2025-02-10T05:51:33.734+0000] {logging_mixin.py:190} INFO - [2025-02-10T05:51:33.734+0000] {dag.py:3239} INFO - Sync 1 DAGs
[2025-02-10T05:51:33.769+0000] {logging_mixin.py:190} INFO - [2025-02-10T05:51:33.769+0000] {dag.py:4180} INFO - Setting next_dagrun for 1.8.0.trans_TransactionPayingPartnerDetail to None, run_after=None
[2025-02-10T05:51:33.809+0000] {processor.py:208} INFO - Processing /opt/airflow/dags/TransactionService/1.81.initial_Transaction_TransactionPayingPartnerDetail.py took 0.223 seconds
[2025-02-10T05:52:04.206+0000] {processor.py:186} INFO - Started process (PID=2621) to work on /opt/airflow/dags/TransactionService/1.81.initial_Transaction_TransactionPayingPartnerDetail.py
[2025-02-10T05:52:04.209+0000] {processor.py:914} INFO - Processing file /opt/airflow/dags/TransactionService/1.81.initial_Transaction_TransactionPayingPartnerDetail.py for tasks to queue
[2025-02-10T05:52:04.217+0000] {logging_mixin.py:190} INFO - [2025-02-10T05:52:04.215+0000] {dagbag.py:588} INFO - Filling up the DagBag from /opt/airflow/dags/TransactionService/1.81.initial_Transaction_TransactionPayingPartnerDetail.py
[2025-02-10T05:52:04.292+0000] {processor.py:925} INFO - DAG(s) '1.8.0.trans_TransactionPayingPartnerDetail' retrieved from /opt/airflow/dags/TransactionService/1.81.initial_Transaction_TransactionPayingPartnerDetail.py
[2025-02-10T05:52:04.339+0000] {logging_mixin.py:190} INFO - [2025-02-10T05:52:04.338+0000] {dag.py:3239} INFO - Sync 1 DAGs
[2025-02-10T05:52:04.418+0000] {logging_mixin.py:190} INFO - [2025-02-10T05:52:04.417+0000] {dag.py:4180} INFO - Setting next_dagrun for 1.8.0.trans_TransactionPayingPartnerDetail to None, run_after=None
[2025-02-10T05:52:04.480+0000] {processor.py:208} INFO - Processing /opt/airflow/dags/TransactionService/1.81.initial_Transaction_TransactionPayingPartnerDetail.py took 0.287 seconds
[2025-02-10T05:52:34.708+0000] {processor.py:186} INFO - Started process (PID=2641) to work on /opt/airflow/dags/TransactionService/1.81.initial_Transaction_TransactionPayingPartnerDetail.py
[2025-02-10T05:52:34.710+0000] {processor.py:914} INFO - Processing file /opt/airflow/dags/TransactionService/1.81.initial_Transaction_TransactionPayingPartnerDetail.py for tasks to queue
[2025-02-10T05:52:34.713+0000] {logging_mixin.py:190} INFO - [2025-02-10T05:52:34.712+0000] {dagbag.py:588} INFO - Filling up the DagBag from /opt/airflow/dags/TransactionService/1.81.initial_Transaction_TransactionPayingPartnerDetail.py
[2025-02-10T05:52:34.792+0000] {processor.py:925} INFO - DAG(s) '1.8.0.trans_TransactionPayingPartnerDetail' retrieved from /opt/airflow/dags/TransactionService/1.81.initial_Transaction_TransactionPayingPartnerDetail.py
[2025-02-10T05:52:34.833+0000] {logging_mixin.py:190} INFO - [2025-02-10T05:52:34.832+0000] {dag.py:3239} INFO - Sync 1 DAGs
[2025-02-10T05:52:34.864+0000] {logging_mixin.py:190} INFO - [2025-02-10T05:52:34.863+0000] {dag.py:4180} INFO - Setting next_dagrun for 1.8.0.trans_TransactionPayingPartnerDetail to None, run_after=None
[2025-02-10T05:52:34.906+0000] {processor.py:208} INFO - Processing /opt/airflow/dags/TransactionService/1.81.initial_Transaction_TransactionPayingPartnerDetail.py took 0.209 seconds
[2025-02-10T05:53:05.265+0000] {processor.py:186} INFO - Started process (PID=2664) to work on /opt/airflow/dags/TransactionService/1.81.initial_Transaction_TransactionPayingPartnerDetail.py
[2025-02-10T05:53:05.267+0000] {processor.py:914} INFO - Processing file /opt/airflow/dags/TransactionService/1.81.initial_Transaction_TransactionPayingPartnerDetail.py for tasks to queue
[2025-02-10T05:53:05.270+0000] {logging_mixin.py:190} INFO - [2025-02-10T05:53:05.269+0000] {dagbag.py:588} INFO - Filling up the DagBag from /opt/airflow/dags/TransactionService/1.81.initial_Transaction_TransactionPayingPartnerDetail.py
[2025-02-10T05:53:05.356+0000] {processor.py:925} INFO - DAG(s) '1.8.0.trans_TransactionPayingPartnerDetail' retrieved from /opt/airflow/dags/TransactionService/1.81.initial_Transaction_TransactionPayingPartnerDetail.py
[2025-02-10T05:53:05.423+0000] {logging_mixin.py:190} INFO - [2025-02-10T05:53:05.423+0000] {dag.py:3239} INFO - Sync 1 DAGs
[2025-02-10T05:53:05.458+0000] {logging_mixin.py:190} INFO - [2025-02-10T05:53:05.458+0000] {dag.py:4180} INFO - Setting next_dagrun for 1.8.0.trans_TransactionPayingPartnerDetail to None, run_after=None
[2025-02-10T05:53:05.535+0000] {processor.py:208} INFO - Processing /opt/airflow/dags/TransactionService/1.81.initial_Transaction_TransactionPayingPartnerDetail.py took 0.283 seconds
[2025-02-10T05:53:36.015+0000] {processor.py:186} INFO - Started process (PID=2685) to work on /opt/airflow/dags/TransactionService/1.81.initial_Transaction_TransactionPayingPartnerDetail.py
[2025-02-10T05:53:36.016+0000] {processor.py:914} INFO - Processing file /opt/airflow/dags/TransactionService/1.81.initial_Transaction_TransactionPayingPartnerDetail.py for tasks to queue
[2025-02-10T05:53:36.019+0000] {logging_mixin.py:190} INFO - [2025-02-10T05:53:36.018+0000] {dagbag.py:588} INFO - Filling up the DagBag from /opt/airflow/dags/TransactionService/1.81.initial_Transaction_TransactionPayingPartnerDetail.py
[2025-02-10T05:53:36.101+0000] {processor.py:925} INFO - DAG(s) '1.8.0.trans_TransactionPayingPartnerDetail' retrieved from /opt/airflow/dags/TransactionService/1.81.initial_Transaction_TransactionPayingPartnerDetail.py
[2025-02-10T05:53:36.163+0000] {logging_mixin.py:190} INFO - [2025-02-10T05:53:36.163+0000] {dag.py:3239} INFO - Sync 1 DAGs
[2025-02-10T05:53:36.211+0000] {logging_mixin.py:190} INFO - [2025-02-10T05:53:36.210+0000] {dag.py:4180} INFO - Setting next_dagrun for 1.8.0.trans_TransactionPayingPartnerDetail to None, run_after=None
[2025-02-10T05:53:36.260+0000] {processor.py:208} INFO - Processing /opt/airflow/dags/TransactionService/1.81.initial_Transaction_TransactionPayingPartnerDetail.py took 0.255 seconds
[2025-02-10T05:54:06.934+0000] {processor.py:186} INFO - Started process (PID=2709) to work on /opt/airflow/dags/TransactionService/1.81.initial_Transaction_TransactionPayingPartnerDetail.py
[2025-02-10T05:54:06.936+0000] {processor.py:914} INFO - Processing file /opt/airflow/dags/TransactionService/1.81.initial_Transaction_TransactionPayingPartnerDetail.py for tasks to queue
[2025-02-10T05:54:06.940+0000] {logging_mixin.py:190} INFO - [2025-02-10T05:54:06.938+0000] {dagbag.py:588} INFO - Filling up the DagBag from /opt/airflow/dags/TransactionService/1.81.initial_Transaction_TransactionPayingPartnerDetail.py
[2025-02-10T05:54:07.024+0000] {processor.py:925} INFO - DAG(s) '1.8.0.trans_TransactionPayingPartnerDetail' retrieved from /opt/airflow/dags/TransactionService/1.81.initial_Transaction_TransactionPayingPartnerDetail.py
[2025-02-10T05:54:07.078+0000] {logging_mixin.py:190} INFO - [2025-02-10T05:54:07.077+0000] {dag.py:3239} INFO - Sync 1 DAGs
[2025-02-10T05:54:07.118+0000] {logging_mixin.py:190} INFO - [2025-02-10T05:54:07.118+0000] {dag.py:4180} INFO - Setting next_dagrun for 1.8.0.trans_TransactionPayingPartnerDetail to None, run_after=None
[2025-02-10T05:54:07.156+0000] {processor.py:208} INFO - Processing /opt/airflow/dags/TransactionService/1.81.initial_Transaction_TransactionPayingPartnerDetail.py took 0.235 seconds
[2025-02-10T05:54:37.482+0000] {processor.py:186} INFO - Started process (PID=2727) to work on /opt/airflow/dags/TransactionService/1.81.initial_Transaction_TransactionPayingPartnerDetail.py
[2025-02-10T05:54:37.485+0000] {processor.py:914} INFO - Processing file /opt/airflow/dags/TransactionService/1.81.initial_Transaction_TransactionPayingPartnerDetail.py for tasks to queue
[2025-02-10T05:54:37.488+0000] {logging_mixin.py:190} INFO - [2025-02-10T05:54:37.487+0000] {dagbag.py:588} INFO - Filling up the DagBag from /opt/airflow/dags/TransactionService/1.81.initial_Transaction_TransactionPayingPartnerDetail.py
[2025-02-10T05:54:37.593+0000] {processor.py:925} INFO - DAG(s) '1.8.0.trans_TransactionPayingPartnerDetail' retrieved from /opt/airflow/dags/TransactionService/1.81.initial_Transaction_TransactionPayingPartnerDetail.py
[2025-02-10T05:54:37.643+0000] {logging_mixin.py:190} INFO - [2025-02-10T05:54:37.643+0000] {dag.py:3239} INFO - Sync 1 DAGs
[2025-02-10T05:54:37.676+0000] {logging_mixin.py:190} INFO - [2025-02-10T05:54:37.676+0000] {dag.py:4180} INFO - Setting next_dagrun for 1.8.0.trans_TransactionPayingPartnerDetail to None, run_after=None
[2025-02-10T05:54:37.711+0000] {processor.py:208} INFO - Processing /opt/airflow/dags/TransactionService/1.81.initial_Transaction_TransactionPayingPartnerDetail.py took 0.244 seconds
[2025-02-10T05:55:07.864+0000] {processor.py:186} INFO - Started process (PID=2743) to work on /opt/airflow/dags/TransactionService/1.81.initial_Transaction_TransactionPayingPartnerDetail.py
[2025-02-10T05:55:07.866+0000] {processor.py:914} INFO - Processing file /opt/airflow/dags/TransactionService/1.81.initial_Transaction_TransactionPayingPartnerDetail.py for tasks to queue
[2025-02-10T05:55:07.871+0000] {logging_mixin.py:190} INFO - [2025-02-10T05:55:07.869+0000] {dagbag.py:588} INFO - Filling up the DagBag from /opt/airflow/dags/TransactionService/1.81.initial_Transaction_TransactionPayingPartnerDetail.py
[2025-02-10T05:55:07.966+0000] {processor.py:925} INFO - DAG(s) '1.8.0.trans_TransactionPayingPartnerDetail' retrieved from /opt/airflow/dags/TransactionService/1.81.initial_Transaction_TransactionPayingPartnerDetail.py
[2025-02-10T05:55:08.014+0000] {logging_mixin.py:190} INFO - [2025-02-10T05:55:08.013+0000] {dag.py:3239} INFO - Sync 1 DAGs
[2025-02-10T05:55:08.044+0000] {logging_mixin.py:190} INFO - [2025-02-10T05:55:08.043+0000] {dag.py:4180} INFO - Setting next_dagrun for 1.8.0.trans_TransactionPayingPartnerDetail to None, run_after=None
[2025-02-10T05:55:08.086+0000] {processor.py:208} INFO - Processing /opt/airflow/dags/TransactionService/1.81.initial_Transaction_TransactionPayingPartnerDetail.py took 0.234 seconds
[2025-02-10T05:55:38.423+0000] {processor.py:186} INFO - Started process (PID=2763) to work on /opt/airflow/dags/TransactionService/1.81.initial_Transaction_TransactionPayingPartnerDetail.py
[2025-02-10T05:55:38.425+0000] {processor.py:914} INFO - Processing file /opt/airflow/dags/TransactionService/1.81.initial_Transaction_TransactionPayingPartnerDetail.py for tasks to queue
[2025-02-10T05:55:38.428+0000] {logging_mixin.py:190} INFO - [2025-02-10T05:55:38.427+0000] {dagbag.py:588} INFO - Filling up the DagBag from /opt/airflow/dags/TransactionService/1.81.initial_Transaction_TransactionPayingPartnerDetail.py
[2025-02-10T05:55:38.497+0000] {processor.py:925} INFO - DAG(s) '1.8.0.trans_TransactionPayingPartnerDetail' retrieved from /opt/airflow/dags/TransactionService/1.81.initial_Transaction_TransactionPayingPartnerDetail.py
[2025-02-10T05:55:38.535+0000] {logging_mixin.py:190} INFO - [2025-02-10T05:55:38.535+0000] {dag.py:3239} INFO - Sync 1 DAGs
[2025-02-10T05:55:38.558+0000] {logging_mixin.py:190} INFO - [2025-02-10T05:55:38.558+0000] {dag.py:4180} INFO - Setting next_dagrun for 1.8.0.trans_TransactionPayingPartnerDetail to None, run_after=None
[2025-02-10T05:55:38.591+0000] {processor.py:208} INFO - Processing /opt/airflow/dags/TransactionService/1.81.initial_Transaction_TransactionPayingPartnerDetail.py took 0.176 seconds
[2025-02-10T05:56:09.016+0000] {processor.py:186} INFO - Started process (PID=2784) to work on /opt/airflow/dags/TransactionService/1.81.initial_Transaction_TransactionPayingPartnerDetail.py
[2025-02-10T05:56:09.018+0000] {processor.py:914} INFO - Processing file /opt/airflow/dags/TransactionService/1.81.initial_Transaction_TransactionPayingPartnerDetail.py for tasks to queue
[2025-02-10T05:56:09.020+0000] {logging_mixin.py:190} INFO - [2025-02-10T05:56:09.019+0000] {dagbag.py:588} INFO - Filling up the DagBag from /opt/airflow/dags/TransactionService/1.81.initial_Transaction_TransactionPayingPartnerDetail.py
[2025-02-10T05:56:09.128+0000] {processor.py:925} INFO - DAG(s) '1.8.0.trans_TransactionPayingPartnerDetail' retrieved from /opt/airflow/dags/TransactionService/1.81.initial_Transaction_TransactionPayingPartnerDetail.py
[2025-02-10T05:56:09.214+0000] {logging_mixin.py:190} INFO - [2025-02-10T05:56:09.213+0000] {dag.py:3239} INFO - Sync 1 DAGs
[2025-02-10T05:56:09.251+0000] {logging_mixin.py:190} INFO - [2025-02-10T05:56:09.250+0000] {dag.py:4180} INFO - Setting next_dagrun for 1.8.0.trans_TransactionPayingPartnerDetail to None, run_after=None
[2025-02-10T05:56:09.294+0000] {processor.py:208} INFO - Processing /opt/airflow/dags/TransactionService/1.81.initial_Transaction_TransactionPayingPartnerDetail.py took 0.286 seconds
[2025-02-10T05:56:39.725+0000] {processor.py:186} INFO - Started process (PID=2804) to work on /opt/airflow/dags/TransactionService/1.81.initial_Transaction_TransactionPayingPartnerDetail.py
[2025-02-10T05:56:39.727+0000] {processor.py:914} INFO - Processing file /opt/airflow/dags/TransactionService/1.81.initial_Transaction_TransactionPayingPartnerDetail.py for tasks to queue
[2025-02-10T05:56:39.730+0000] {logging_mixin.py:190} INFO - [2025-02-10T05:56:39.729+0000] {dagbag.py:588} INFO - Filling up the DagBag from /opt/airflow/dags/TransactionService/1.81.initial_Transaction_TransactionPayingPartnerDetail.py
[2025-02-10T05:56:39.810+0000] {processor.py:925} INFO - DAG(s) '1.8.0.trans_TransactionPayingPartnerDetail' retrieved from /opt/airflow/dags/TransactionService/1.81.initial_Transaction_TransactionPayingPartnerDetail.py
[2025-02-10T05:56:39.864+0000] {logging_mixin.py:190} INFO - [2025-02-10T05:56:39.863+0000] {dag.py:3239} INFO - Sync 1 DAGs
[2025-02-10T05:56:39.904+0000] {logging_mixin.py:190} INFO - [2025-02-10T05:56:39.903+0000] {dag.py:4180} INFO - Setting next_dagrun for 1.8.0.trans_TransactionPayingPartnerDetail to None, run_after=None
[2025-02-10T05:56:39.956+0000] {processor.py:208} INFO - Processing /opt/airflow/dags/TransactionService/1.81.initial_Transaction_TransactionPayingPartnerDetail.py took 0.241 seconds
[2025-02-10T05:57:10.500+0000] {processor.py:186} INFO - Started process (PID=2824) to work on /opt/airflow/dags/TransactionService/1.81.initial_Transaction_TransactionPayingPartnerDetail.py
[2025-02-10T05:57:10.502+0000] {processor.py:914} INFO - Processing file /opt/airflow/dags/TransactionService/1.81.initial_Transaction_TransactionPayingPartnerDetail.py for tasks to queue
[2025-02-10T05:57:10.505+0000] {logging_mixin.py:190} INFO - [2025-02-10T05:57:10.505+0000] {dagbag.py:588} INFO - Filling up the DagBag from /opt/airflow/dags/TransactionService/1.81.initial_Transaction_TransactionPayingPartnerDetail.py
[2025-02-10T05:57:10.573+0000] {processor.py:925} INFO - DAG(s) '1.8.0.trans_TransactionPayingPartnerDetail' retrieved from /opt/airflow/dags/TransactionService/1.81.initial_Transaction_TransactionPayingPartnerDetail.py
[2025-02-10T05:57:10.614+0000] {logging_mixin.py:190} INFO - [2025-02-10T05:57:10.613+0000] {dag.py:3239} INFO - Sync 1 DAGs
[2025-02-10T05:57:10.639+0000] {logging_mixin.py:190} INFO - [2025-02-10T05:57:10.639+0000] {dag.py:4180} INFO - Setting next_dagrun for 1.8.0.trans_TransactionPayingPartnerDetail to None, run_after=None
[2025-02-10T05:57:10.688+0000] {processor.py:208} INFO - Processing /opt/airflow/dags/TransactionService/1.81.initial_Transaction_TransactionPayingPartnerDetail.py took 0.197 seconds
[2025-02-10T05:57:40.856+0000] {processor.py:186} INFO - Started process (PID=2844) to work on /opt/airflow/dags/TransactionService/1.81.initial_Transaction_TransactionPayingPartnerDetail.py
[2025-02-10T05:57:40.858+0000] {processor.py:914} INFO - Processing file /opt/airflow/dags/TransactionService/1.81.initial_Transaction_TransactionPayingPartnerDetail.py for tasks to queue
[2025-02-10T05:57:40.860+0000] {logging_mixin.py:190} INFO - [2025-02-10T05:57:40.860+0000] {dagbag.py:588} INFO - Filling up the DagBag from /opt/airflow/dags/TransactionService/1.81.initial_Transaction_TransactionPayingPartnerDetail.py
[2025-02-10T05:57:40.937+0000] {processor.py:925} INFO - DAG(s) '1.8.0.trans_TransactionPayingPartnerDetail' retrieved from /opt/airflow/dags/TransactionService/1.81.initial_Transaction_TransactionPayingPartnerDetail.py
[2025-02-10T05:57:40.980+0000] {logging_mixin.py:190} INFO - [2025-02-10T05:57:40.980+0000] {dag.py:3239} INFO - Sync 1 DAGs
[2025-02-10T05:57:41.008+0000] {logging_mixin.py:190} INFO - [2025-02-10T05:57:41.008+0000] {dag.py:4180} INFO - Setting next_dagrun for 1.8.0.trans_TransactionPayingPartnerDetail to None, run_after=None
[2025-02-10T05:57:41.045+0000] {processor.py:208} INFO - Processing /opt/airflow/dags/TransactionService/1.81.initial_Transaction_TransactionPayingPartnerDetail.py took 0.198 seconds
[2025-02-10T05:58:11.232+0000] {processor.py:186} INFO - Started process (PID=2864) to work on /opt/airflow/dags/TransactionService/1.81.initial_Transaction_TransactionPayingPartnerDetail.py
[2025-02-10T05:58:11.235+0000] {processor.py:914} INFO - Processing file /opt/airflow/dags/TransactionService/1.81.initial_Transaction_TransactionPayingPartnerDetail.py for tasks to queue
[2025-02-10T05:58:11.238+0000] {logging_mixin.py:190} INFO - [2025-02-10T05:58:11.237+0000] {dagbag.py:588} INFO - Filling up the DagBag from /opt/airflow/dags/TransactionService/1.81.initial_Transaction_TransactionPayingPartnerDetail.py
[2025-02-10T05:58:11.321+0000] {processor.py:925} INFO - DAG(s) '1.8.0.trans_TransactionPayingPartnerDetail' retrieved from /opt/airflow/dags/TransactionService/1.81.initial_Transaction_TransactionPayingPartnerDetail.py
[2025-02-10T05:58:11.372+0000] {logging_mixin.py:190} INFO - [2025-02-10T05:58:11.372+0000] {dag.py:3239} INFO - Sync 1 DAGs
[2025-02-10T05:58:11.409+0000] {logging_mixin.py:190} INFO - [2025-02-10T05:58:11.409+0000] {dag.py:4180} INFO - Setting next_dagrun for 1.8.0.trans_TransactionPayingPartnerDetail to None, run_after=None
[2025-02-10T05:58:11.452+0000] {processor.py:208} INFO - Processing /opt/airflow/dags/TransactionService/1.81.initial_Transaction_TransactionPayingPartnerDetail.py took 0.234 seconds
[2025-02-10T05:58:42.078+0000] {processor.py:186} INFO - Started process (PID=2886) to work on /opt/airflow/dags/TransactionService/1.81.initial_Transaction_TransactionPayingPartnerDetail.py
[2025-02-10T05:58:42.082+0000] {processor.py:914} INFO - Processing file /opt/airflow/dags/TransactionService/1.81.initial_Transaction_TransactionPayingPartnerDetail.py for tasks to queue
[2025-02-10T05:58:42.085+0000] {logging_mixin.py:190} INFO - [2025-02-10T05:58:42.084+0000] {dagbag.py:588} INFO - Filling up the DagBag from /opt/airflow/dags/TransactionService/1.81.initial_Transaction_TransactionPayingPartnerDetail.py
[2025-02-10T05:58:42.165+0000] {processor.py:925} INFO - DAG(s) '1.8.0.trans_TransactionPayingPartnerDetail' retrieved from /opt/airflow/dags/TransactionService/1.81.initial_Transaction_TransactionPayingPartnerDetail.py
[2025-02-10T05:58:42.227+0000] {logging_mixin.py:190} INFO - [2025-02-10T05:58:42.227+0000] {dag.py:3239} INFO - Sync 1 DAGs
[2025-02-10T05:58:42.259+0000] {logging_mixin.py:190} INFO - [2025-02-10T05:58:42.259+0000] {dag.py:4180} INFO - Setting next_dagrun for 1.8.0.trans_TransactionPayingPartnerDetail to None, run_after=None
[2025-02-10T05:58:42.298+0000] {processor.py:208} INFO - Processing /opt/airflow/dags/TransactionService/1.81.initial_Transaction_TransactionPayingPartnerDetail.py took 0.236 seconds
[2025-02-10T05:58:46.671+0000] {processor.py:186} INFO - Started process (PID=2888) to work on /opt/airflow/dags/TransactionService/1.81.initial_Transaction_TransactionPayingPartnerDetail.py
[2025-02-10T05:58:46.673+0000] {processor.py:914} INFO - Processing file /opt/airflow/dags/TransactionService/1.81.initial_Transaction_TransactionPayingPartnerDetail.py for tasks to queue
[2025-02-10T05:58:46.678+0000] {logging_mixin.py:190} INFO - [2025-02-10T05:58:46.677+0000] {dagbag.py:588} INFO - Filling up the DagBag from /opt/airflow/dags/TransactionService/1.81.initial_Transaction_TransactionPayingPartnerDetail.py
[2025-02-10T05:58:46.762+0000] {processor.py:925} INFO - DAG(s) '1.09.initial_TransactionGstDetail' retrieved from /opt/airflow/dags/TransactionService/1.81.initial_Transaction_TransactionPayingPartnerDetail.py
[2025-02-10T05:58:46.997+0000] {logging_mixin.py:190} INFO - [2025-02-10T05:58:46.997+0000] {dag.py:3239} INFO - Sync 1 DAGs
[2025-02-10T05:58:47.022+0000] {logging_mixin.py:190} INFO - [2025-02-10T05:58:47.022+0000] {dag.py:4180} INFO - Setting next_dagrun for 1.09.initial_TransactionGstDetail to None, run_after=None
[2025-02-10T05:58:47.073+0000] {processor.py:208} INFO - Processing /opt/airflow/dags/TransactionService/1.81.initial_Transaction_TransactionPayingPartnerDetail.py took 0.414 seconds
[2025-02-10T05:58:56.196+0000] {processor.py:186} INFO - Started process (PID=2896) to work on /opt/airflow/dags/TransactionService/1.81.initial_Transaction_TransactionPayingPartnerDetail.py
[2025-02-10T05:58:56.198+0000] {processor.py:914} INFO - Processing file /opt/airflow/dags/TransactionService/1.81.initial_Transaction_TransactionPayingPartnerDetail.py for tasks to queue
[2025-02-10T05:58:56.203+0000] {logging_mixin.py:190} INFO - [2025-02-10T05:58:56.202+0000] {dagbag.py:588} INFO - Filling up the DagBag from /opt/airflow/dags/TransactionService/1.81.initial_Transaction_TransactionPayingPartnerDetail.py
[2025-02-10T05:58:56.295+0000] {processor.py:925} INFO - DAG(s) '1.10.initial_TransactionGstDetail' retrieved from /opt/airflow/dags/TransactionService/1.81.initial_Transaction_TransactionPayingPartnerDetail.py
[2025-02-10T05:58:56.582+0000] {logging_mixin.py:190} INFO - [2025-02-10T05:58:56.579+0000] {override.py:1911} INFO - Created Permission View: can edit on DAG:1.10.initial_TransactionGstDetail
[2025-02-10T05:58:56.603+0000] {logging_mixin.py:190} INFO - [2025-02-10T05:58:56.603+0000] {override.py:1911} INFO - Created Permission View: can read on DAG:1.10.initial_TransactionGstDetail
[2025-02-10T05:58:56.619+0000] {logging_mixin.py:190} INFO - [2025-02-10T05:58:56.618+0000] {override.py:1911} INFO - Created Permission View: can delete on DAG:1.10.initial_TransactionGstDetail
[2025-02-10T05:58:56.634+0000] {logging_mixin.py:190} INFO - [2025-02-10T05:58:56.634+0000] {override.py:1911} INFO - Created Permission View: can create on DAG Run:1.10.initial_TransactionGstDetail
[2025-02-10T05:58:56.650+0000] {logging_mixin.py:190} INFO - [2025-02-10T05:58:56.649+0000] {override.py:1911} INFO - Created Permission View: menu access on DAG Run:1.10.initial_TransactionGstDetail
[2025-02-10T05:58:56.664+0000] {logging_mixin.py:190} INFO - [2025-02-10T05:58:56.664+0000] {override.py:1911} INFO - Created Permission View: can read on DAG Run:1.10.initial_TransactionGstDetail
[2025-02-10T05:58:56.677+0000] {logging_mixin.py:190} INFO - [2025-02-10T05:58:56.676+0000] {override.py:1911} INFO - Created Permission View: can delete on DAG Run:1.10.initial_TransactionGstDetail
[2025-02-10T05:58:56.678+0000] {logging_mixin.py:190} INFO - [2025-02-10T05:58:56.678+0000] {dag.py:3239} INFO - Sync 1 DAGs
[2025-02-10T05:58:56.704+0000] {logging_mixin.py:190} INFO - [2025-02-10T05:58:56.703+0000] {dag.py:3262} INFO - Creating ORM DAG for 1.10.initial_TransactionGstDetail
[2025-02-10T05:58:56.705+0000] {logging_mixin.py:190} INFO - [2025-02-10T05:58:56.705+0000] {dag.py:4180} INFO - Setting next_dagrun for 1.10.initial_TransactionGstDetail to None, run_after=None
[2025-02-10T05:58:56.747+0000] {processor.py:208} INFO - Processing /opt/airflow/dags/TransactionService/1.81.initial_Transaction_TransactionPayingPartnerDetail.py took 0.563 seconds
[2025-02-10T05:59:13.891+0000] {processor.py:186} INFO - Started process (PID=2909) to work on /opt/airflow/dags/TransactionService/1.81.initial_Transaction_TransactionPayingPartnerDetail.py
[2025-02-10T05:59:13.893+0000] {processor.py:914} INFO - Processing file /opt/airflow/dags/TransactionService/1.81.initial_Transaction_TransactionPayingPartnerDetail.py for tasks to queue
[2025-02-10T05:59:13.896+0000] {logging_mixin.py:190} INFO - [2025-02-10T05:59:13.895+0000] {dagbag.py:588} INFO - Filling up the DagBag from /opt/airflow/dags/TransactionService/1.81.initial_Transaction_TransactionPayingPartnerDetail.py
[2025-02-10T05:59:13.973+0000] {processor.py:925} INFO - DAG(s) '1.10.initial_TransactionPayingPartnerDetail' retrieved from /opt/airflow/dags/TransactionService/1.81.initial_Transaction_TransactionPayingPartnerDetail.py
[2025-02-10T05:59:14.168+0000] {logging_mixin.py:190} INFO - [2025-02-10T05:59:14.166+0000] {override.py:1911} INFO - Created Permission View: can edit on DAG:1.10.initial_TransactionPayingPartnerDetail
[2025-02-10T05:59:14.192+0000] {logging_mixin.py:190} INFO - [2025-02-10T05:59:14.191+0000] {override.py:1911} INFO - Created Permission View: can read on DAG:1.10.initial_TransactionPayingPartnerDetail
[2025-02-10T05:59:14.210+0000] {logging_mixin.py:190} INFO - [2025-02-10T05:59:14.209+0000] {override.py:1911} INFO - Created Permission View: can delete on DAG:1.10.initial_TransactionPayingPartnerDetail
[2025-02-10T05:59:14.227+0000] {logging_mixin.py:190} INFO - [2025-02-10T05:59:14.226+0000] {override.py:1911} INFO - Created Permission View: can create on DAG Run:1.10.initial_TransactionPayingPartnerDetail
[2025-02-10T05:59:14.241+0000] {logging_mixin.py:190} INFO - [2025-02-10T05:59:14.240+0000] {override.py:1911} INFO - Created Permission View: menu access on DAG Run:1.10.initial_TransactionPayingPartnerDetail
[2025-02-10T05:59:14.254+0000] {logging_mixin.py:190} INFO - [2025-02-10T05:59:14.253+0000] {override.py:1911} INFO - Created Permission View: can read on DAG Run:1.10.initial_TransactionPayingPartnerDetail
[2025-02-10T05:59:14.267+0000] {logging_mixin.py:190} INFO - [2025-02-10T05:59:14.267+0000] {override.py:1911} INFO - Created Permission View: can delete on DAG Run:1.10.initial_TransactionPayingPartnerDetail
[2025-02-10T05:59:14.269+0000] {logging_mixin.py:190} INFO - [2025-02-10T05:59:14.268+0000] {dag.py:3239} INFO - Sync 1 DAGs
[2025-02-10T05:59:14.306+0000] {logging_mixin.py:190} INFO - [2025-02-10T05:59:14.306+0000] {dag.py:3262} INFO - Creating ORM DAG for 1.10.initial_TransactionPayingPartnerDetail
[2025-02-10T05:59:14.309+0000] {logging_mixin.py:190} INFO - [2025-02-10T05:59:14.308+0000] {dag.py:4180} INFO - Setting next_dagrun for 1.10.initial_TransactionPayingPartnerDetail to None, run_after=None
[2025-02-10T05:59:14.376+0000] {processor.py:208} INFO - Processing /opt/airflow/dags/TransactionService/1.81.initial_Transaction_TransactionPayingPartnerDetail.py took 0.496 seconds
