[2025-02-10T05:24:30.177+0000] {local_task_job_runner.py:123} INFO - ::group::Pre task execution logs
[2025-02-10T05:24:30.214+0000] {taskinstance.py:2613} INFO - Dependencies all met for dep_context=non-requeueable deps ti=<TaskInstance: 1.01.initial_bank.1.01.initial_bank manual__2025-02-10T05:24:28.732941+00:00 [queued]>
[2025-02-10T05:24:30.233+0000] {taskinstance.py:2613} INFO - Dependencies all met for dep_context=requeueable deps ti=<TaskInstance: 1.01.initial_bank.1.01.initial_bank manual__2025-02-10T05:24:28.732941+00:00 [queued]>
[2025-02-10T05:24:30.234+0000] {taskinstance.py:2866} INFO - Starting attempt 1 of 1
[2025-02-10T05:24:30.263+0000] {taskinstance.py:2889} INFO - Executing <Task(PythonOperator): 1.01.initial_bank> on 2025-02-10 05:24:28.732941+00:00
[2025-02-10T05:24:30.275+0000] {warnings.py:112} WARNING - /home/***/.local/lib/python3.12/site-packages/***/task/task_runner/standard_task_runner.py:70: DeprecationWarning: This process (pid=680) is multi-threaded, use of fork() may lead to deadlocks in the child.
  pid = os.fork()

[2025-02-10T05:24:30.279+0000] {standard_task_runner.py:72} INFO - Started process 681 to run task
[2025-02-10T05:24:30.278+0000] {standard_task_runner.py:104} INFO - Running: ['***', 'tasks', 'run', '1.01.initial_bank', '1.01.initial_bank', 'manual__2025-02-10T05:24:28.732941+00:00', '--job-id', '13', '--raw', '--subdir', 'DAGS_FOLDER/TransactionService/1.11.initial_Transaction_Bank.py', '--cfg-path', '/tmp/tmprj2zvw66']
[2025-02-10T05:24:30.280+0000] {standard_task_runner.py:105} INFO - Job 13: Subtask 1.01.initial_bank
[2025-02-10T05:24:30.374+0000] {task_command.py:467} INFO - Running <TaskInstance: 1.01.initial_bank.1.01.initial_bank manual__2025-02-10T05:24:28.732941+00:00 [running]> on host f8e600115ac1
[2025-02-10T05:24:30.525+0000] {taskinstance.py:3132} INFO - Exporting env vars: AIRFLOW_CTX_DAG_OWNER='***' AIRFLOW_CTX_DAG_ID='1.01.initial_bank' AIRFLOW_CTX_TASK_ID='1.01.initial_bank' AIRFLOW_CTX_EXECUTION_DATE='2025-02-10T05:24:28.732941+00:00' AIRFLOW_CTX_TRY_NUMBER='1' AIRFLOW_CTX_DAG_RUN_ID='manual__2025-02-10T05:24:28.732941+00:00'
[2025-02-10T05:24:30.527+0000] {taskinstance.py:731} INFO - ::endgroup::
[2025-02-10T05:24:30.570+0000] {base.py:84} INFO - Retrieving connection 'TransactionDB_MSSQL'
[2025-02-10T05:24:30.585+0000] {base.py:84} INFO - Retrieving connection 'ReportDB_Postgres'
[2025-02-10T05:24:33.763+0000] {1.11.initial_Transaction_Bank.py:60} INFO - Connected to source database.
[2025-02-10T05:24:35.094+0000] {1.11.initial_Transaction_Bank.py:64} INFO - Connected to destination database.
[2025-02-10T05:24:35.708+0000] {1.11.initial_Transaction_Bank.py:43} INFO - Destination columns: ['"Code"', '"Name"', '"CountryCode"', '"PayingPartnerCode"', '"IsDeleted"', '"CollectingPartnerCodes"', '"ReceiverTypes"', '"AllowedPayingModeCodes"', '"CreatedAt"', '"UpdatedAt"', '"CreatedBy"', '"CreatedByName"', '"UpdatedBy"', '"UpdatedByName"']
[2025-02-10T05:24:35.964+0000] {1.11.initial_Transaction_Bank.py:73} INFO - Destination table truncated.
[2025-02-10T05:24:36.938+0000] {1.11.initial_Transaction_Bank.py:100} INFO - Batchs inserted into Bank table. Rows inserted: 19
[2025-02-10T05:24:37.983+0000] {1.11.initial_Transaction_Bank.py:112} INFO - Data transfer completed successfully and sync details updated.
[2025-02-10T05:24:38.198+0000] {python.py:240} INFO - Done. Returned value was: None
[2025-02-10T05:24:38.214+0000] {taskinstance.py:340} INFO - ::group::Post task execution logs
[2025-02-10T05:24:38.215+0000] {taskinstance.py:352} INFO - Marking task as SUCCESS. dag_id=1.01.initial_bank, task_id=1.01.initial_bank, run_id=manual__2025-02-10T05:24:28.732941+00:00, execution_date=20250210T052428, start_date=20250210T052430, end_date=20250210T052438
[2025-02-10T05:24:38.281+0000] {local_task_job_runner.py:266} INFO - Task exited with return code 0
[2025-02-10T05:24:38.304+0000] {taskinstance.py:3895} INFO - 0 downstream tasks scheduled from follow-on schedule check
[2025-02-10T05:24:38.308+0000] {local_task_job_runner.py:245} INFO - ::endgroup::
