[2025-02-10T05:35:06.532+0000] {local_task_job_runner.py:123} INFO - ::group::Pre task execution logs
[2025-02-10T05:35:06.569+0000] {taskinstance.py:2613} INFO - Dependencies all met for dep_context=non-requeueable deps ti=<TaskInstance: 1.02.initial_country.1.02.initial_Country manual__2025-02-10T05:35:04.713414+00:00 [queued]>
[2025-02-10T05:35:06.589+0000] {taskinstance.py:2613} INFO - Dependencies all met for dep_context=requeueable deps ti=<TaskInstance: 1.02.initial_country.1.02.initial_Country manual__2025-02-10T05:35:04.713414+00:00 [queued]>
[2025-02-10T05:35:06.591+0000] {taskinstance.py:2866} INFO - Starting attempt 1 of 1
[2025-02-10T05:35:06.631+0000] {taskinstance.py:2889} INFO - Executing <Task(PythonOperator): 1.02.initial_Country> on 2025-02-10 05:35:04.713414+00:00
[2025-02-10T05:35:06.645+0000] {warnings.py:112} WARNING - /home/***/.local/lib/python3.12/site-packages/***/task/task_runner/standard_task_runner.py:70: DeprecationWarning: This process (pid=820) is multi-threaded, use of fork() may lead to deadlocks in the child.
  pid = os.fork()

[2025-02-10T05:35:06.648+0000] {standard_task_runner.py:72} INFO - Started process 821 to run task
[2025-02-10T05:35:06.649+0000] {standard_task_runner.py:104} INFO - Running: ['***', 'tasks', 'run', '1.02.initial_country', '1.02.initial_Country', 'manual__2025-02-10T05:35:04.713414+00:00', '--job-id', '18', '--raw', '--subdir', 'DAGS_FOLDER/TransactionService/1.1.initial_Transaction_Country.py', '--cfg-path', '/tmp/tmpnd_08tt7']
[2025-02-10T05:35:06.652+0000] {standard_task_runner.py:105} INFO - Job 18: Subtask 1.02.initial_Country
[2025-02-10T05:35:06.742+0000] {task_command.py:467} INFO - Running <TaskInstance: 1.02.initial_country.1.02.initial_Country manual__2025-02-10T05:35:04.713414+00:00 [running]> on host f8e600115ac1
[2025-02-10T05:35:06.887+0000] {taskinstance.py:3132} INFO - Exporting env vars: AIRFLOW_CTX_DAG_OWNER='***' AIRFLOW_CTX_DAG_ID='1.02.initial_country' AIRFLOW_CTX_TASK_ID='1.02.initial_Country' AIRFLOW_CTX_EXECUTION_DATE='2025-02-10T05:35:04.713414+00:00' AIRFLOW_CTX_TRY_NUMBER='1' AIRFLOW_CTX_DAG_RUN_ID='manual__2025-02-10T05:35:04.713414+00:00'
[2025-02-10T05:35:06.888+0000] {taskinstance.py:731} INFO - ::endgroup::
[2025-02-10T05:35:06.933+0000] {base.py:84} INFO - Retrieving connection 'TransactionDB_MSSQL'
[2025-02-10T05:35:06.946+0000] {base.py:84} INFO - Retrieving connection 'ReportDB_Postgres'
[2025-02-10T05:35:10.010+0000] {1.1.initial_Transaction_Country.py:60} INFO - Connected to source database.
[2025-02-10T05:35:11.539+0000] {1.1.initial_Transaction_Country.py:64} INFO - Connected to destination database.
[2025-02-10T05:35:12.157+0000] {1.1.initial_Transaction_Country.py:43} INFO - Destination columns: ['"Code"', '"Name"', '"Nationality"', '"NationalityCode"', '"DialCode"', '"IsNationalityDeleted"', '"CreatedAt"', '"UpdatedAt"', '"CreatedBy"', '"CreatedByName"', '"UpdatedBy"', '"UpdatedByName"', '"Configuration"']
[2025-02-10T05:35:12.463+0000] {1.1.initial_Transaction_Country.py:73} INFO - Destination table truncated.
[2025-02-10T05:35:13.398+0000] {1.1.initial_Transaction_Country.py:100} INFO - Batchs inserted into country table. Rows inserted: 9
[2025-02-10T05:35:14.611+0000] {1.1.initial_Transaction_Country.py:112} INFO - Data transfer completed successfully and sync details updated.
[2025-02-10T05:35:14.918+0000] {python.py:240} INFO - Done. Returned value was: None
[2025-02-10T05:35:14.947+0000] {taskinstance.py:340} INFO - ::group::Post task execution logs
[2025-02-10T05:35:14.951+0000] {taskinstance.py:352} INFO - Marking task as SUCCESS. dag_id=1.02.initial_country, task_id=1.02.initial_Country, run_id=manual__2025-02-10T05:35:04.713414+00:00, execution_date=20250210T053504, start_date=20250210T053506, end_date=20250210T053514
[2025-02-10T05:35:15.022+0000] {local_task_job_runner.py:266} INFO - Task exited with return code 0
[2025-02-10T05:35:15.073+0000] {taskinstance.py:3895} INFO - 0 downstream tasks scheduled from follow-on schedule check
[2025-02-10T05:35:15.081+0000] {local_task_job_runner.py:245} INFO - ::endgroup::
