[2025-02-10T07:25:56.516+0000] {local_task_job_runner.py:123} INFO - ::group::Pre task execution logs
[2025-02-10T07:25:56.549+0000] {taskinstance.py:2613} INFO - Dependencies all met for dep_context=non-requeueable deps ti=<TaskInstance: 1.11.initial_TransactionReceiverDetail.1.11.initial_TransactionReceiverDetail manual__2025-02-10T07:25:55.288121+00:00 [queued]>
[2025-02-10T07:25:56.571+0000] {taskinstance.py:2613} INFO - Dependencies all met for dep_context=requeueable deps ti=<TaskInstance: 1.11.initial_TransactionReceiverDetail.1.11.initial_TransactionReceiverDetail manual__2025-02-10T07:25:55.288121+00:00 [queued]>
[2025-02-10T07:25:56.573+0000] {taskinstance.py:2866} INFO - Starting attempt 1 of 1
[2025-02-10T07:25:56.608+0000] {taskinstance.py:2889} INFO - Executing <Task(PythonOperator): 1.11.initial_TransactionReceiverDetail> on 2025-02-10 07:25:55.288121+00:00
[2025-02-10T07:25:56.633+0000] {warnings.py:112} WARNING - /home/***/.local/lib/python3.12/site-packages/***/task/task_runner/standard_task_runner.py:70: DeprecationWarning: This process (pid=1600) is multi-threaded, use of fork() may lead to deadlocks in the child.
  pid = os.fork()

[2025-02-10T07:25:56.637+0000] {standard_task_runner.py:72} INFO - Started process 1601 to run task
[2025-02-10T07:25:56.635+0000] {standard_task_runner.py:104} INFO - Running: ['***', 'tasks', 'run', '1.11.initial_TransactionReceiverDetail', '1.11.initial_TransactionReceiverDetail', 'manual__2025-02-10T07:25:55.288121+00:00', '--job-id', '36', '--raw', '--subdir', 'DAGS_FOLDER/TransactionService/1.11.initial_Transaction_TransactionReceiverDetail.py', '--cfg-path', '/tmp/tmpn2zptx2b']
[2025-02-10T07:25:56.638+0000] {standard_task_runner.py:105} INFO - Job 36: Subtask 1.11.initial_TransactionReceiverDetail
[2025-02-10T07:25:56.741+0000] {task_command.py:467} INFO - Running <TaskInstance: 1.11.initial_TransactionReceiverDetail.1.11.initial_TransactionReceiverDetail manual__2025-02-10T07:25:55.288121+00:00 [running]> on host f8e600115ac1
[2025-02-10T07:25:56.887+0000] {taskinstance.py:3132} INFO - Exporting env vars: AIRFLOW_CTX_DAG_OWNER='***' AIRFLOW_CTX_DAG_ID='1.11.initial_TransactionReceiverDetail' AIRFLOW_CTX_TASK_ID='1.11.initial_TransactionReceiverDetail' AIRFLOW_CTX_EXECUTION_DATE='2025-02-10T07:25:55.288121+00:00' AIRFLOW_CTX_TRY_NUMBER='1' AIRFLOW_CTX_DAG_RUN_ID='manual__2025-02-10T07:25:55.288121+00:00'
[2025-02-10T07:25:56.890+0000] {taskinstance.py:731} INFO - ::endgroup::
[2025-02-10T07:25:56.938+0000] {base.py:84} INFO - Retrieving connection 'TransactionDB_MSSQL'
[2025-02-10T07:25:56.951+0000] {base.py:84} INFO - Retrieving connection 'ReportDB_Postgres'
[2025-02-10T07:25:58.868+0000] {1.11.initial_Transaction_TransactionReceiverDetail.py:60} INFO - Connected to source database.
[2025-02-10T07:25:59.819+0000] {1.11.initial_Transaction_TransactionReceiverDetail.py:64} INFO - Connected to destination database.
[2025-02-10T07:26:00.205+0000] {1.11.initial_Transaction_TransactionReceiverDetail.py:43} INFO - Destination columns: ['"TransactionId"', '"MobileNumber"', '"AdditionalInfo"', '"CountryCode"', '"NationalityCode"', '"ReceiverId"', '"ReceiverType"', '"RelationshipCode"', '"CreatedAt"', '"CreatedBy"', '"CreatedByName"', '"UpdatedAt"', '"UpdatedBy"', '"UpdatedByName"']
[2025-02-10T07:26:00.410+0000] {1.11.initial_Transaction_TransactionReceiverDetail.py:73} INFO - Destination table truncated.
[2025-02-10T07:26:01.419+0000] {1.11.initial_Transaction_TransactionReceiverDetail.py:100} INFO - Batchs inserted into TransactionReceiverDetail table. Rows inserted: 12
[2025-02-10T07:26:02.192+0000] {1.11.initial_Transaction_TransactionReceiverDetail.py:112} INFO - Data transfer completed successfully and sync details updated.
[2025-02-10T07:26:02.390+0000] {python.py:240} INFO - Done. Returned value was: None
[2025-02-10T07:26:02.403+0000] {taskinstance.py:340} INFO - ::group::Post task execution logs
[2025-02-10T07:26:02.404+0000] {taskinstance.py:352} INFO - Marking task as SUCCESS. dag_id=1.11.initial_TransactionReceiverDetail, task_id=1.11.initial_TransactionReceiverDetail, run_id=manual__2025-02-10T07:25:55.288121+00:00, execution_date=20250210T072555, start_date=20250210T072556, end_date=20250210T072602
[2025-02-10T07:26:02.483+0000] {local_task_job_runner.py:266} INFO - Task exited with return code 0
[2025-02-10T07:26:02.501+0000] {taskinstance.py:3895} INFO - 0 downstream tasks scheduled from follow-on schedule check
[2025-02-10T07:26:02.504+0000] {local_task_job_runner.py:245} INFO - ::endgroup::
